Seq	Host	Starttime	JobRuntime	Send	Receive	Exitval	Signal	Command
57	:	1596657166.580	     4.376	0	35	0	0	python main_script.py 5 4 20
53	:	1596657166.569	     4.392	0	35	0	0	python main_script.py 5 4 40
22	:	1596657166.501	     4.472	0	35	0	0	python main_script.py 4 4 45
15	:	1596657166.483	     4.496	0	35	0	0	python main_script.py 4 3 30
59	:	1596657166.585	     4.399	0	35	0	0	python main_script.py 5 4 10
23	:	1596657166.504	     4.486	0	35	0	0	python main_script.py 4 4 40
55	:	1596657166.575	     4.419	0	35	0	0	python main_script.py 5 4 30
11	:	1596657166.473	     4.521	0	35	0	0	python main_script.py 4 3 50
14	:	1596657166.480	     4.519	0	35	0	0	python main_script.py 4 3 35
21	:	1596657166.499	     4.500	0	35	0	0	python main_script.py 4 4 50
45	:	1596657166.550	     4.450	0	35	0	0	python main_script.py 5 3 30
28	:	1596657166.514	     4.491	0	35	0	0	python main_script.py 4 4 15
30	:	1596657166.517	     4.489	0	35	0	0	python main_script.py 4 4 5
42	:	1596657166.544	     4.462	0	35	0	0	python main_script.py 5 3 45
44	:	1596657166.548	     4.458	0	35	0	0	python main_script.py 5 3 35
18	:	1596657166.491	     4.531	0	35	0	0	python main_script.py 4 3 15
25	:	1596657166.507	     4.526	0	35	0	0	python main_script.py 4 4 30
41	:	1596657166.542	     4.493	0	35	0	0	python main_script.py 5 3 50
51	:	1596657166.564	     4.471	0	35	0	0	python main_script.py 5 4 50
16	:	1596657166.486	     4.559	0	35	0	0	python main_script.py 4 3 25
60	:	1596657166.587	     4.460	0	35	0	0	python main_script.py 5 4 5
19	:	1596657166.494	     4.557	0	35	0	0	python main_script.py 4 3 10
56	:	1596657166.578	     4.473	0	35	0	0	python main_script.py 5 4 25
43	:	1596657166.546	     4.525	0	35	0	0	python main_script.py 5 3 40
29	:	1596657166.516	     4.592	0	35	0	0	python main_script.py 4 4 10
50	:	1596657166.562	     4.550	0	35	0	0	python main_script.py 5 3 5
52	:	1596657166.567	     4.567	0	35	0	0	python main_script.py 5 4 45
48	:	1596657166.556	     4.588	0	35	0	0	python main_script.py 5 3 15
13	:	1596657166.478	     4.671	0	35	0	0	python main_script.py 4 3 40
24	:	1596657166.505	     4.648	0	35	0	0	python main_script.py 4 4 35
17	:	1596657166.489	     4.680	0	35	0	0	python main_script.py 4 3 20
20	:	1596657166.496	     4.680	0	35	0	0	python main_script.py 4 3 5
26	:	1596657166.509	     4.668	0	35	0	0	python main_script.py 4 4 25
58	:	1596657166.582	     4.629	0	35	0	0	python main_script.py 5 4 15
54	:	1596657166.572	     4.793	0	35	0	0	python main_script.py 5 4 35
49	:	1596657166.559	     4.848	0	35	0	0	python main_script.py 5 3 10
46	:	1596657166.552	     4.896	0	35	0	0	python main_script.py 5 3 25
12	:	1596657166.475	     6.136	0	35	0	0	python main_script.py 4 3 45
27	:	1596657166.511	     6.309	0	35	0	0	python main_script.py 4 4 20
47	:	1596657166.554	     6.291	0	35	0	0	python main_script.py 5 3 20
81	:	1596657170.961	     4.003	0	35	0	0	python main_script.py 6 4 50
90	:	1596657171.015	     4.016	0	35	0	0	python main_script.py 6 4 5
89	:	1596657171.010	     4.051	0	35	0	0	python main_script.py 6 4 10
87	:	1596657170.999	     4.080	0	35	0	0	python main_script.py 6 4 20
83	:	1596657170.978	     4.125	0	35	0	0	python main_script.py 6 4 40
82	:	1596657170.968	     4.187	0	35	0	0	python main_script.py 6 4 45
85	:	1596657170.989	     4.205	0	35	0	0	python main_script.py 6 4 30
113	:	1596657171.186	     4.023	0	35	0	0	python main_script.py 7 4 40
88	:	1596657171.005	     4.210	0	35	0	0	python main_script.py 6 4 15
112	:	1596657171.182	     4.055	0	35	0	0	python main_script.py 7 4 45
111	:	1596657171.176	     4.144	0	35	0	0	python main_script.py 7 4 50
84	:	1596657170.985	     4.361	0	35	0	0	python main_script.py 6 4 35
116	:	1596657171.411	     4.049	0	35	0	0	python main_script.py 7 4 25
117	:	1596657171.453	     4.018	0	35	0	0	python main_script.py 7 4 20
115	:	1596657171.371	     4.108	0	35	0	0	python main_script.py 7 4 30
114	:	1596657171.217	     4.392	0	35	0	0	python main_script.py 7 4 35
86	:	1596657170.994	     4.766	0	35	0	0	python main_script.py 6 4 25
118	:	1596657172.629	     4.090	0	35	0	0	python main_script.py 7 4 15
120	:	1596657172.849	     3.982	0	35	0	0	python main_script.py 7 4 5
119	:	1596657172.824	     4.141	0	35	0	0	python main_script.py 7 4 10
9	:	1596657166.468	    40.503	0	356	0	0	python main_script.py 4 2 10
8	:	1596657166.465	    40.526	0	369	0	0	python main_script.py 4 2 15
7	:	1596657166.463	    41.671	0	355	0	0	python main_script.py 4 2 20
10	:	1596657166.470	    42.690	0	368	0	0	python main_script.py 4 2 5
6	:	1596657166.460	    51.269	0	369	0	0	python main_script.py 4 2 25
40	:	1596657166.539	    52.417	0	369	0	0	python main_script.py 5 2 5
5	:	1596657166.458	    52.718	0	370	0	0	python main_script.py 4 2 30
39	:	1596657166.537	    53.930	0	357	0	0	python main_script.py 5 2 10
38	:	1596657166.535	    54.280	0	370	0	0	python main_script.py 5 2 15
37	:	1596657166.533	    54.897	0	356	0	0	python main_script.py 5 2 20
4	:	1596657166.456	    57.424	0	356	0	0	python main_script.py 4 2 35
36	:	1596657166.530	    58.427	0	355	0	0	python main_script.py 5 2 25
3	:	1596657166.454	    59.650	0	369	0	0	python main_script.py 4 2 40
70	:	1596657166.614	    62.965	0	369	0	0	python main_script.py 6 2 5
79	:	1596657166.640	    63.872	0	372	0	0	python main_script.py 6 3 10
77	:	1596657166.633	    64.639	0	370	0	0	python main_script.py 6 3 20
35	:	1596657166.528	    65.311	0	355	0	0	python main_script.py 5 2 30
68	:	1596657166.609	    65.516	0	370	0	0	python main_script.py 6 2 15
78	:	1596657166.637	    66.677	0	370	0	0	python main_script.py 6 3 15
69	:	1596657166.612	    66.861	0	371	0	0	python main_script.py 6 2 10
67	:	1596657166.606	    66.949	0	371	0	0	python main_script.py 6 2 20
80	:	1596657166.646	    67.888	0	371	0	0	python main_script.py 6 3 5
76	:	1596657166.630	    69.251	0	355	0	0	python main_script.py 6 3 25
1	:	1596657166.450	    70.157	0	368	0	0	python main_script.py 4 2 50
2	:	1596657166.452	    70.229	0	354	0	0	python main_script.py 4 2 45
66	:	1596657166.603	    71.591	0	354	0	0	python main_script.py 6 2 25
34	:	1596657166.526	    71.862	0	352	0	0	python main_script.py 5 2 35
33	:	1596657166.524	    76.292	0	370	0	0	python main_script.py 5 2 40
65	:	1596657166.600	    77.222	0	370	0	0	python main_script.py 6 2 30
75	:	1596657166.627	    78.198	0	370	0	0	python main_script.py 6 3 30
32	:	1596657166.522	    78.641	0	369	0	0	python main_script.py 5 2 45
64	:	1596657166.597	    81.485	0	355	0	0	python main_script.py 6 2 35
74	:	1596657166.624	    82.408	0	368	0	0	python main_script.py 6 3 35
63	:	1596657166.594	    84.398	0	370	0	0	python main_script.py 6 2 40
31	:	1596657166.519	    85.361	0	367	0	0	python main_script.py 5 2 50
73	:	1596657166.622	    87.851	0	369	0	0	python main_script.py 6 3 40
62	:	1596657166.591	    91.557	0	355	0	0	python main_script.py 6 2 45
72	:	1596657166.619	    96.730	0	356	0	0	python main_script.py 6 3 45
109	:	1596657171.153	    92.226	0	371	0	0	python main_script.py 7 3 10
97	:	1596657171.058	    92.399	0	370	0	0	python main_script.py 7 2 20
108	:	1596657171.149	    92.647	0	363	0	0	python main_script.py 7 3 15
110	:	1596657171.158	    92.956	0	371	0	0	python main_script.py 7 3 5
107	:	1596657171.139	    93.483	0	370	0	0	python main_script.py 7 3 20
100	:	1596657171.071	    94.396	0	371	0	0	python main_script.py 7 2 5
99	:	1596657171.066	    95.275	0	371	0	0	python main_script.py 7 2 10
98	:	1596657171.062	    95.282	0	370	0	0	python main_script.py 7 2 15
96	:	1596657171.050	   102.209	0	370	0	0	python main_script.py 7 2 25
106	:	1596657171.118	   102.165	0	370	0	0	python main_script.py 7 3 25
130	:	1596657175.242	   101.177	0	371	0	0	python main_script.py 8 2 5
137	:	1596657175.778	   103.089	0	357	0	0	python main_script.py 8 3 20
127	:	1596657175.209	   104.334	0	370	0	0	python main_script.py 8 2 20
139	:	1596657176.849	   103.243	0	354	0	0	python main_script.py 8 3 10
128	:	1596657175.215	   106.278	0	371	0	0	python main_script.py 8 2 15
138	:	1596657176.724	   104.944	0	371	0	0	python main_script.py 8 3 15
129	:	1596657175.221	   107.182	0	357	0	0	python main_script.py 8 2 10
140	:	1596657176.970	   105.833	0	372	0	0	python main_script.py 8 3 5
105	:	1596657171.113	   114.256	0	369	0	0	python main_script.py 7 3 30
95	:	1596657171.045	   114.748	0	368	0	0	python main_script.py 7 2 30
126	:	1596657175.175	   115.424	0	371	0	0	python main_script.py 8 2 25
136	:	1596657175.616	   115.210	0	369	0	0	python main_script.py 8 3 25
94	:	1596657171.040	   121.121	0	369	0	0	python main_script.py 7 2 35
104	:	1596657171.089	   122.003	0	355	0	0	python main_script.py 7 3 35
125	:	1596657175.117	   124.676	0	372	0	0	python main_script.py 8 2 30
135	:	1596657175.486	   124.952	0	357	0	0	python main_script.py 8 3 30
148	:	1596657220.473	    99.784	0	355	0	0	python main_script.py 8 4 15
147	:	1596657219.189	   101.299	0	368	0	0	python main_script.py 8 4 20
149	:	1596657220.821	    99.717	0	370	0	0	python main_script.py 8 4 10
150	:	1596657221.451	   100.072	0	368	0	0	python main_script.py 8 4 5
146	:	1596657218.966	   111.787	0	353	0	0	python main_script.py 8 4 25
145	:	1596657217.735	   119.345	0	356	0	0	python main_script.py 8 4 30
157	:	1596657231.868	   109.339	0	372	0	0	python main_script.py 9 2 20
158	:	1596657232.134	   109.087	0	369	0	0	python main_script.py 9 2 15
160	:	1596657233.490	   108.898	0	372	0	0	python main_script.py 9 2 5
159	:	1596657233.333	   110.812	0	357	0	0	python main_script.py 9 2 10
168	:	1596657242.835	   102.659	0	355	0	0	python main_script.py 9 3 15
169	:	1596657243.840	   103.662	0	370	0	0	python main_script.py 9 3 10
167	:	1596657238.406	   109.494	0	371	0	0	python main_script.py 9 3 20
170	:	1596657244.830	   105.361	0	369	0	0	python main_script.py 9 3 5
156	:	1596657231.276	   118.938	0	355	0	0	python main_script.py 9 2 25
166	:	1596657238.212	   116.503	0	371	0	0	python main_script.py 9 3 25
177	:	1596657258.168	   100.595	0	370	0	0	python main_script.py 9 4 20
180	:	1596657263.476	    98.023	0	371	0	0	python main_script.py 9 4 5
179	:	1596657263.385	    98.621	0	371	0	0	python main_script.py 9 4 10
178	:	1596657263.368	    99.622	0	353	0	0	python main_script.py 9 4 15
176	:	1596657254.492	   110.278	0	371	0	0	python main_script.py 9 4 25
155	:	1596657230.531	  1411.291	0	390	0	0	python main_script.py 9 2 30
