Restoring modules from user's confine_module
'confining_string_solver'  0.01 ms
'confining_string_solver'  0.01 ms
'confining_string_solver'  0.01 ms
'confining_string_solver'  0.01 ms
'confining_string_solver'  0.01 ms
'confining_string_solver'  0.01 ms
'confining_string_solver'  0.01 ms
'confining_string_solver'  0.01 ms
'confining_string_solver'  0.01 ms
'confining_string_solver'  0.01 ms
'confining_string_solver'  0.01 ms
'confining_string_solver'  0.01 ms
'confining_string_solver'  0.01 ms
'confining_string_solver'  0.01 ms
'confining_string_solver'  0.01 ms
'confining_string_solver'  0.01 ms
'confining_string_solver'  0.01 ms
'confining_string_solver'  0.01 ms
'confining_string_solver'  0.01 ms
'confining_string_solver'  0.01 ms
'confining_string_solver'  0.01 ms
'confining_string_solver'  0.01 ms
'confining_string_solver'  0.01 ms
'confining_string_solver'  0.01 ms
'confining_string_solver'  0.01 ms
'confining_string_solver'  0.01 ms
'confining_string_solver'  0.01 ms
'confining_string_solver'  0.01 ms
'confining_string_solver'  0.01 ms
'confining_string_solver'  0.01 ms
'confining_string_solver'  0.01 ms
'confining_string_solver'  0.01 ms
'confining_string_solver'  0.01 ms
'confining_string_solver'  0.01 ms
'confining_string_solver'  0.01 ms
'confining_string_solver'  0.01 ms
'confining_string_solver'  0.01 ms
'confining_string_solver'  0.02 ms
'confining_string_solver'  0.01 ms
'confining_string_solver'  0.01 ms
'confining_string_solver'  0.01 ms
'confining_string_solver'  0.01 ms
'confining_string_solver'  0.01 ms
'confining_string_solver'  0.01 ms
'confining_string_solver'  0.01 ms
'confining_string_solver'  0.01 ms
'confining_string_solver'  0.01 ms
'confining_string_solver'  0.01 ms
'confining_string_solver'  0.02 ms
'confining_string_solver'  0.01 ms
'confining_string_solver'  0.01 ms
'confining_string_solver'  0.01 ms
'confining_string_solver'  0.01 ms
'confining_string_solver'  0.01 ms
'confining_string_solver'  0.01 ms
'confining_string_solver'  0.02 ms
'confining_string_solver'  0.01 ms
'confining_string_solver'  0.01 ms
'confining_string_solver'  0.01 ms
'confining_string_solver'  0.01 ms

Attributes:
N = 4
charge_arg = w2
bound_arg = x1
L = 30
w = 25
h = 0.1
R = 20
use_half_grid = True
sor = 1.96
tolerance = 1e-09
error = 9.99252766229831e-10
max loop = 2904
initial keyword = BPS
gradient energy = 174.75228345678832
potential energy = 108.61872160958315
energy = 283.3710050663715
separation = 4.9

'confining_string_solver'  42747.59 ms

Attributes:
N = 4
charge_arg = w2
bound_arg = x1
L = 30
w = 25
h = 0.1
R = 15
use_half_grid = True
sor = 1.96
tolerance = 1e-09
error = 9.986712436076266e-10
max loop = 1947
initial keyword = BPS
gradient energy = 143.94671515744304
potential energy = 80.7358511832973
energy = 224.68256634074032
separation = 4.300000000000001

'confining_string_solver'  43555.98 ms

Attributes:
N = 4
charge_arg = w2
bound_arg = x1
L = 30
w = 25
h = 0.1
R = 10
use_half_grid = True
sor = 1.96
tolerance = 1e-09
error = 9.874369138291447e-10
max loop = 1127
initial keyword = BPS
gradient energy = 114.7512042029219
potential energy = 53.096602168293295
energy = 167.84780637121514
separation = 3.5

'confining_string_solver'  43446.88 ms

Attributes:
N = 4
charge_arg = w2
bound_arg = x1
L = 30
w = 25
h = 0.1
R = 5
use_half_grid = True
sor = 1.96
tolerance = 1e-09
error = 8.876348337293632e-10
max loop = 841
initial keyword = BPS
gradient energy = 79.46844631361117
potential energy = 26.34779837714075
energy = 105.81624469075192
separation = 2.3000000000000007

'confining_string_solver'  44501.78 ms

Attributes:
N = 4
charge_arg = w2
bound_arg = x1
L = 35
w = 25
h = 0.1
R = 25
use_half_grid = True
sor = 1.96
tolerance = 1e-09
error = 9.994140145280934e-10
max loop = 3969
initial keyword = BPS
gradient energy = 203.7670989762636
potential energy = 136.65471083602029
energy = 340.4218098122839
separation = 5.300000000000001

'confining_string_solver'  47281.83 ms

Attributes:
N = 5
charge_arg = w2
bound_arg = x1
L = 30
w = 25
h = 0.1
R = 5
use_half_grid = True
sor = 1.96
tolerance = 1e-09
error = 8.848107104877201e-10
max loop = 754
initial keyword = BPS
gradient energy = 90.13991290974798
potential energy = 28.600853924919928
energy = 118.74076683466788
separation = 1.6999999999999993

'confining_string_solver'  51015.89 ms

Attributes:
N = 4
charge_arg = w2
bound_arg = x1
L = 40
w = 25
h = 0.1
R = 30
use_half_grid = True
sor = 1.96
tolerance = 1e-09
error = 9.980595611535173e-10
max loop = 5120
initial keyword = BPS
gradient energy = 232.54103762977547
potential energy = 164.7623013796282
energy = 397.30333900940366
separation = 5.699999999999999

'confining_string_solver'  52533.27 ms

Attributes:
N = 5
charge_arg = w2
bound_arg = x1
L = 30
w = 25
h = 0.1
R = 15
use_half_grid = True
sor = 1.96
tolerance = 1e-09
error = 9.963605722630922e-10
max loop = 2104
initial keyword = BPS
gradient energy = 162.13373481056968
potential energy = 84.31089150390069
energy = 246.44462631447044
separation = 4.699999999999999

'confining_string_solver'  52189.10 ms

Attributes:
N = 5
charge_arg = w2
bound_arg = x1
L = 30
w = 25
h = 0.1
R = 20
use_half_grid = True
sor = 1.96
tolerance = 1e-09
error = 9.981826693074032e-10
max loop = 3136
initial keyword = BPS
gradient energy = 195.46408190971448
potential energy = 113.01120848070569
energy = 308.4752903904201
separation = 5.5

'confining_string_solver'  54134.30 ms

Attributes:
N = 5
charge_arg = w2
bound_arg = x1
L = 30
w = 25
h = 0.1
R = 10
use_half_grid = True
sor = 1.96
tolerance = 1e-09
error = 9.964612398830532e-10
max loop = 1213
initial keyword = BPS
gradient energy = 130.34197189173784
potential energy = 56.005402629686905
energy = 186.34737452142483
separation = 3.5

'confining_string_solver'  55153.58 ms

Attributes:
N = 4
charge_arg = w2
bound_arg = x1
L = 45
w = 25
h = 0.1
R = 35
use_half_grid = True
sor = 1.96
tolerance = 1e-09
error = 9.987986868909024e-10
max loop = 6311
initial keyword = BPS
gradient energy = 261.17310006304126
potential energy = 192.91296086978844
energy = 454.0860609328297
separation = 6.1

'confining_string_solver'  56976.57 ms

Attributes:
N = 5
charge_arg = w2
bound_arg = x1
L = 35
w = 25
h = 0.1
R = 25
use_half_grid = True
sor = 1.96
tolerance = 1e-09
error = 9.983762175104067e-10
max loop = 4295
initial keyword = BPS
gradient energy = 226.2798973421331
potential energy = 141.96356945360182
energy = 368.2434667957349
separation = 6.1

'confining_string_solver'  59594.19 ms

Attributes:
N = 6
charge_arg = w3
bound_arg = x1
L = 30
w = 25
h = 0.1
R = 15
use_half_grid = True
sor = 1.96
tolerance = 1e-09
error = 9.955431071362057e-10
max loop = 2302
initial keyword = BPS
gradient energy = 188.67826912071683
potential energy = 86.57570450232281
energy = 275.25397362303966
separation = 5.300000000000001

'confining_string_solver'  61637.07 ms

Attributes:
N = 6
charge_arg = w3
bound_arg = x1
L = 30
w = 25
h = 0.1
R = 10
use_half_grid = True
sor = 1.96
tolerance = 1e-09
error = 9.950816090431501e-10
max loop = 1334
initial keyword = BPS
gradient energy = 153.91642969279766
potential energy = 58.378731684363146
energy = 212.29516137716084
separation = 3.9000000000000004

'confining_string_solver'  63509.84 ms

Attributes:
N = 6
charge_arg = w2
bound_arg = x1
L = 30
w = 25
h = 0.1
R = 20
use_half_grid = True
sor = 1.96
tolerance = 1e-09
error = 9.968881291248886e-10
max loop = 3256
initial keyword = BPS
gradient energy = 205.96023237047083
potential energy = 116.10059142565572
energy = 322.06082379612656
separation = 5.300000000000001

'confining_string_solver'  64854.98 ms

Attributes:
N = 6
charge_arg = w3
bound_arg = x1
L = 30
w = 25
h = 0.1
R = 20
use_half_grid = True
sor = 1.96
tolerance = 1e-09
error = 9.993872240825216e-10
max loop = 3401
initial keyword = BPS
gradient energy = 224.87243507568328
potential energy = 115.41712882320589
energy = 340.2895638988891
separation = 6.300000000000001

'confining_string_solver'  64640.15 ms

Attributes:
N = 6
charge_arg = w2
bound_arg = x1
L = 30
w = 25
h = 0.1
R = 15
use_half_grid = True
sor = 1.96
tolerance = 1e-09
error = 9.994573850685737e-10
max loop = 2160
initial keyword = BPS
gradient energy = 170.64453010558051
potential energy = 86.98768790663101
energy = 257.63221801221147
separation = 4.300000000000001

'confining_string_solver'  65543.06 ms

Attributes:
N = 6
charge_arg = w2
bound_arg = x1
L = 30
w = 25
h = 0.1
R = 10
use_half_grid = True
sor = 1.96
tolerance = 1e-09
error = 9.90737182604442e-10
max loop = 1231
initial keyword = BPS
gradient energy = 137.31127848220513
potential energy = 57.906894403912396
energy = 195.21817288611757
separation = 3.0999999999999996

'confining_string_solver'  65820.19 ms

Attributes:
N = 6
charge_arg = w3
bound_arg = x1
L = 30
w = 25
h = 0.1
R = 5
use_half_grid = True
sor = 1.96
tolerance = 1e-09
error = 9.981864031508012e-10
max loop = 2769
initial keyword = BPS
gradient energy = 104.52989746573743
potential energy = 32.89652628921533
energy = 137.42642375495276
separation = 0.09999999999999964

'confining_string_solver'  66075.32 ms

Attributes:
N = 6
charge_arg = w2
bound_arg = x1
L = 30
w = 25
h = 0.1
R = 5
use_half_grid = True
sor = 1.96
tolerance = 1e-09
error = 9.315032730339746e-10
max loop = 828
initial keyword = BPS
gradient energy = 96.08902500617225
potential energy = 28.778094374144683
energy = 124.86711938031696
separation = 1.0999999999999996

'confining_string_solver'  66360.77 ms

Attributes:
N = 6
charge_arg = w3
bound_arg = x1
L = 35
w = 25
h = 0.1
R = 25
use_half_grid = True
sor = 1.96
tolerance = 1e-09
error = 9.989832368146486e-10
max loop = 4636
initial keyword = BPS
gradient energy = 257.43253404358694
potential energy = 144.6594967054822
energy = 402.0920307490692
separation = 7.1

'confining_string_solver'  68357.27 ms

Attributes:
N = 6
charge_arg = w2
bound_arg = x1
L = 35
w = 25
h = 0.1
R = 25
use_half_grid = True
sor = 1.96
tolerance = 1e-09
error = 9.98585922286324e-10
max loop = 4500
initial keyword = BPS
gradient energy = 238.2353524644863
potential energy = 145.47285430314938
energy = 383.7082067676358
separation = 5.9

'confining_string_solver'  69478.95 ms

Attributes:
N = 7
charge_arg = w3
bound_arg = x1
L = 30
w = 35
h = 0.1
R = 10
use_half_grid = True
sor = 1.96
tolerance = 1e-09
error = 9.938890947202415e-10
max loop = 1400
initial keyword = BPS
gradient energy = 166.56214057863238
potential energy = 61.31716603487024
energy = 227.87930661350268
separation = 3.3000000000000007

'confining_string_solver'  95833.39 ms

Attributes:
N = 7
charge_arg = w2
bound_arg = x1
L = 30
w = 35
h = 0.1
R = 10
use_half_grid = True
sor = 1.96
tolerance = 1e-09
error = 9.900868405471947e-10
max loop = 1302
initial keyword = BPS
gradient energy = 141.56293178099702
potential energy = 57.38729885474362
energy = 198.95023063574064
separation = 2.6999999999999993

'confining_string_solver'  96985.70 ms

Attributes:
N = 7
charge_arg = w3
bound_arg = x1
L = 30
w = 35
h = 0.1
R = 15
use_half_grid = True
sor = 1.96
tolerance = 1e-09
error = 9.9729558552341e-10
max loop = 2466
initial keyword = BPS
gradient energy = 204.51106659125
potential energy = 89.3293494141556
energy = 293.8404160054056
separation = 5.300000000000001

'confining_string_solver'  98210.66 ms

Attributes:
N = 7
charge_arg = w3
bound_arg = x1
L = 30
w = 35
h = 0.1
R = 5
use_half_grid = True
sor = 1.96
tolerance = 1e-09
error = 9.890670695239623e-10
max loop = 1009
initial keyword = BPS
gradient energy = 115.88915257162071
potential energy = 31.704904177767705
energy = 147.5940567493884
separation = 0.09999999999999787

'confining_string_solver'  98004.82 ms

Attributes:
N = 7
charge_arg = w2
bound_arg = x1
L = 30
w = 35
h = 0.1
R = 5
use_half_grid = True
sor = 1.96
tolerance = 1e-09
error = 9.921229817766838e-10
max loop = 804
initial keyword = BPS
gradient energy = 100.87925982501046
potential energy = 27.874324620471633
energy = 128.75358444548215
separation = 0.09999999999999787

'confining_string_solver'  99397.60 ms

Attributes:
N = 7
charge_arg = w2
bound_arg = x1
L = 30
w = 35
h = 0.1
R = 15
use_half_grid = True
sor = 1.96
tolerance = 1e-09
error = 9.938428602525447e-10
max loop = 2230
initial keyword = BPS
gradient energy = 174.16439805853125
potential energy = 87.47326807336809
energy = 261.6376661318994
separation = 3.6999999999999993

'confining_string_solver'  100150.56 ms

Attributes:
N = 8
charge_arg = w2
bound_arg = x1
L = 30
w = 35
h = 0.1
R = 15
use_half_grid = True
sor = 1.96
tolerance = 1e-09
error = 9.984802577795608e-10
max loop = 2251
initial keyword = BPS
gradient energy = 177.02543979407358
potential energy = 85.66727236867277
energy = 262.6927121627464
separation = 3.3000000000000007

'confining_string_solver'  111881.72 ms

Attributes:
N = 8
charge_arg = w3
bound_arg = x1
L = 30
w = 35
h = 0.1
R = 5
use_half_grid = True
sor = 1.96
tolerance = 1e-09
error = 9.633824080166887e-10
max loop = 865
initial keyword = BPS
gradient energy = 125.07884969525452
potential energy = 30.173434500405346
energy = 155.25228419565983
separation = 0.09999999999999787

'confining_string_solver'  112293.66 ms

Attributes:
N = 8
charge_arg = w3
bound_arg = x1
L = 30
w = 35
h = 0.1
R = 15
use_half_grid = True
sor = 1.96
tolerance = 1e-09
error = 9.956359618914743e-10
max loop = 2446
initial keyword = BPS
gradient energy = 213.23000225330327
potential energy = 91.44774177364064
energy = 304.67774402694397
separation = 4.699999999999999

'confining_string_solver'  114477.87 ms

Attributes:
N = 8
charge_arg = w2
bound_arg = x1
L = 30
w = 35
h = 0.1
R = 10
use_half_grid = True
sor = 1.96
tolerance = 1e-09
error = 9.973254990159102e-10
max loop = 1364
initial keyword = BPS
gradient energy = 145.34442607397332
potential energy = 55.76863158791666
energy = 201.11305766188994
separation = 2.5

'confining_string_solver'  116257.87 ms

Attributes:
N = 8
charge_arg = w2
bound_arg = x1
L = 30
w = 35
h = 0.1
R = 5
use_half_grid = True
sor = 1.96
tolerance = 1e-09
error = 9.909352275360857e-10
max loop = 844
initial keyword = BPS
gradient energy = 104.83920607253398
potential energy = 27.009654802051728
energy = 131.84886087458574
separation = 0.09999999999999787

'confining_string_solver'  116179.96 ms

Attributes:
N = 8
charge_arg = w3
bound_arg = x1
L = 30
w = 35
h = 0.1
R = 10
use_half_grid = True
sor = 1.96
tolerance = 1e-09
error = 9.96642054331308e-10
max loop = 1395
initial keyword = BPS
gradient energy = 174.10288496001206
potential energy = 62.62151708659214
energy = 236.7244020466042
separation = 2.5

'confining_string_solver'  119654.23 ms

Attributes:
N = 8
charge_arg = w4
bound_arg = x1
L = 30
w = 35
h = 0.1
R = 5
use_half_grid = True
sor = 1.96
tolerance = 1e-09
error = 9.66991286998273e-10
max loop = 851
initial keyword = BPS
gradient energy = 131.9503397686093
potential energy = 30.507247197707656
energy = 162.4575869663169
separation = 0.09999999999999787

'confining_string_solver'  118321.35 ms

Attributes:
N = 9
charge_arg = w2
bound_arg = x1
L = 30
w = 35
h = 0.1
R = 5
use_half_grid = True
sor = 1.96
tolerance = 1e-09
error = 9.965945977927138e-10
max loop = 1028
initial keyword = BPS
gradient energy = 108.07574753962909
potential energy = 26.400124871906804
energy = 134.4758724115359
separation = 0.09999999999999787

'confining_string_solver'  134404.81 ms

Attributes:
N = 9
charge_arg = w2
bound_arg = x1
L = 30
w = 35
h = 0.1
R = 10
use_half_grid = True
sor = 1.96
tolerance = 1e-09
error = 9.904637959381022e-10
max loop = 1449
initial keyword = BPS
gradient energy = 148.80266059876664
potential energy = 54.14271859975979
energy = 202.94537919852644
separation = 2.5

'confining_string_solver'  136877.18 ms
restore checkpoint

Attributes:
N = 5
charge_arg = w2
bound_arg = x1
L = 40
w = 25
h = 0.1
R = 30
use_half_grid = True
sor = 1.96
tolerance = 1e-09
error = 9.988789747139554e-10
max loop = 5467
initial keyword = BPS
gradient energy = 256.6513210070532
potential energy = 171.04016808119948
energy = 427.6914890882527
separation = 6.5

'confining_string_solver'  1171412.95 ms
restore checkpoint
save checkpoint
restore checkpoint

Attributes:
N = 8
charge_arg = w4
bound_arg = x1
L = 30
w = 35
h = 0.1
R = 15
use_half_grid = True
sor = 1.96
tolerance = 1e-09
error = 9.978697830461297e-10
max loop = 2522
initial keyword = BPS
gradient energy = 225.58782267809158
potential energy = 92.75233774790209
energy = 318.3401604259937
separation = 5.1

'confining_string_solver'  241337.21 ms

Attributes:
N = 8
charge_arg = w4
bound_arg = x1
L = 30
w = 35
h = 0.1
R = 15
use_half_grid = True
sor = 1.96
tolerance = 1e-09
error = 9.978697830461297e-10
max loop = 2522
initial keyword = BPS
gradient energy = 225.58782267809158
potential energy = 92.75233774790209
energy = 318.3401604259937
separation = 5.1

'confining_string_solver'  2438500.15 ms
restore checkpoint
save checkpoint
restore checkpoint
save checkpoint
restore checkpoint

Attributes:
N = 4
charge_arg = w2
bound_arg = x1
L = 50
w = 25
h = 0.1
R = 40
use_half_grid = True
sor = 1.96
tolerance = 1e-09
error = 9.989378357043458e-10
max loop = 7562
initial keyword = BPS
gradient energy = 289.7146374729847
potential energy = 221.09149914657726
energy = 510.8061366195619
separation = 6.300000000000001

'confining_string_solver'  237918.12 ms

Attributes:
N = 4
charge_arg = w2
bound_arg = x1
L = 50
w = 25
h = 0.1
R = 40
use_half_grid = True
sor = 1.96
tolerance = 1e-09
error = 9.989378357043458e-10
max loop = 7562
initial keyword = BPS
gradient energy = 289.7146374729847
potential energy = 221.09149914657726
energy = 510.8061366195619
separation = 6.300000000000001

'confining_string_solver'  1380228.26 ms

Attributes:
N = 4
charge_arg = w2
bound_arg = x1
L = 50
w = 25
h = 0.1
R = 40
use_half_grid = True
sor = 1.96
tolerance = 1e-09
error = 9.989378357043458e-10
max loop = 7562
initial keyword = BPS
gradient energy = 289.7146374729847
potential energy = 221.09149914657726
energy = 510.8061366195619
separation = 6.300000000000001

'confining_string_solver'  2501322.19 ms
restore checkpoint
save checkpoint
restore checkpoint

Attributes:
N = 6
charge_arg = w2
bound_arg = x1
L = 40
w = 25
h = 0.1
R = 30
use_half_grid = True
sor = 1.96
tolerance = 1e-09
error = 9.988070747950597e-10
max loop = 5871
initial keyword = BPS
gradient energy = 269.8774154021059
potential energy = 174.98556871759556
energy = 444.86298411970154
separation = 6.700000000000001

'confining_string_solver'  1161052.30 ms

Attributes:
N = 6
charge_arg = w2
bound_arg = x1
L = 40
w = 25
h = 0.1
R = 30
use_half_grid = True
sor = 1.96
tolerance = 1e-09
error = 9.988070747950597e-10
max loop = 5871
initial keyword = BPS
gradient energy = 269.8774154021059
potential energy = 174.98556871759556
energy = 444.86298411970154
separation = 6.700000000000001

'confining_string_solver'  2685320.88 ms
restore checkpoint
save checkpoint
restore checkpoint

Attributes:
N = 9
charge_arg = w3
bound_arg = x1
L = 30
w = 35
h = 0.1
R = 5
use_half_grid = True
sor = 1.96
tolerance = 1e-09
error = 9.85680348867924e-10
max loop = 1014
initial keyword = BPS
gradient energy = 132.4195135328294
potential energy = 29.096513096555135
energy = 161.5160266293845
separation = 0.09999999999999787

'confining_string_solver'  222992.90 ms

Attributes:
N = 9
charge_arg = w3
bound_arg = x1
L = 30
w = 35
h = 0.1
R = 5
use_half_grid = True
sor = 1.96
tolerance = 1e-09
error = 9.85680348867924e-10
max loop = 1014
initial keyword = BPS
gradient energy = 132.4195135328294
potential energy = 29.096513096555135
energy = 161.5160266293845
separation = 0.09999999999999787

'confining_string_solver'  2705149.16 ms
restore checkpoint
save checkpoint
restore checkpoint

Attributes:
N = 6
charge_arg = w3
bound_arg = x1
L = 40
w = 25
h = 0.1
R = 30
use_half_grid = True
sor = 1.96
tolerance = 1e-09
error = 9.996376043475467e-10
max loop = 5984
initial keyword = BPS
gradient energy = 289.26316024179795
potential energy = 174.08006543024896
energy = 463.3432256720469
separation = 7.900000000000002

'confining_string_solver'  1439697.47 ms

Attributes:
N = 6
charge_arg = w3
bound_arg = x1
L = 40
w = 25
h = 0.1
R = 30
use_half_grid = True
sor = 1.96
tolerance = 1e-09
error = 9.996376043475467e-10
max loop = 5984
initial keyword = BPS
gradient energy = 289.26316024179795
potential energy = 174.08006543024896
energy = 463.3432256720469
separation = 7.900000000000002

'confining_string_solver'  2922015.03 ms
restore checkpoint
save checkpoint
restore checkpoint

Attributes:
N = 7
charge_arg = w2
bound_arg = x1
L = 30
w = 35
h = 0.1
R = 20
use_half_grid = True
sor = 1.96
tolerance = 1e-09
error = 9.994744083966087e-10
max loop = 3348
initial keyword = BPS
gradient energy = 209.8187906398141
potential energy = 117.33004394441767
energy = 327.14883458423174
separation = 4.500000000000002

'confining_string_solver'  1335539.53 ms

Attributes:
N = 7
charge_arg = w2
bound_arg = x1
L = 30
w = 35
h = 0.1
R = 20
use_half_grid = True
sor = 1.96
tolerance = 1e-09
error = 9.994744083966087e-10
max loop = 3348
initial keyword = BPS
gradient energy = 209.8187906398141
potential energy = 117.33004394441767
energy = 327.14883458423174
separation = 4.500000000000002

'confining_string_solver'  3215610.82 ms
Pseudo-terminal will not be allocated because stdin is not a terminal.
Submitted batch job 3873123

scontrol show jobid 3872720
JobId=3872720 JobName=CS_all
   UserId=wongsun4(3095934) GroupId=epoppitz(6003021) MCS_label=N/A
   Priority=1647819 Nice=0 Account=def-epoppitz QOS=normal
   JobState=COMPLETING Reason=None Dependency=(null)
   Requeue=0 Restarts=0 BatchFlag=1 Reboot=0 ExitCode=0:0
   RunTime=00:58:03 TimeLimit=01:00:00 TimeMin=N/A
   SubmitTime=2020-08-05T07:06:59 EligibleTime=2020-08-05T07:06:59
   AccrueTime=2020-08-05T07:06:59
   StartTime=2020-08-05T07:07:01 EndTime=2020-08-05T08:05:04 Deadline=N/A
   SuspendTime=None SecsPreSuspend=0 LastSchedEval=2020-08-05T07:07:01
   Partition=compute AllocNode:Sid=nia-login01:67042
   ReqNodeList=(null) ExcNodeList=(null)
   NodeList=nia0230
   BatchHost=nia0230
   NumNodes=1 NumCPUs=80 NumTasks=80 CPUs/Task=1 ReqB:S:C:T=0:0:*:*
   TRES=cpu=80,node=1,billing=40
   Socks/Node=* NtasksPerN:B:S:C=80:0:*:* CoreSpec=*
   MinCPUsNode=80 MinMemoryNode=0 MinTmpDiskNode=0
   Features=[skylake|cascade] DelayBoot=00:00:00
   OverSubscribe=NO Contiguous=0 Licenses=(null) Network=(null)
   Command=/gpfs/fs0/scratch/e/epoppitz/wongsun4/Confining-String/Niagara/run_all_Aug_4/run_all_aug_4.sh
   WorkDir=/gpfs/fs0/scratch/e/epoppitz/wongsun4/Confining-String/Niagara/run_all_Aug_4
   StdErr=/gpfs/fs0/scratch/e/epoppitz/wongsun4/Confining-String/Niagara/run_all_Aug_4/slurm-3872720.out
   StdIn=/dev/null
   StdOut=/gpfs/fs0/scratch/e/epoppitz/wongsun4/Confining-String/Niagara/run_all_Aug_4/slurm-3872720.out
   Power=
   MailUser=samuelsy.wong@mail.utoronto.ca MailType=BEGIN,END,FAIL,REQUEUE,STAGE_OUT

sacct -j 3872720
       JobID    JobName    Account    Elapsed  MaxVMSize     MaxRSS  SystemCPU    UserCPU ExitCode 
------------ ---------- ---------- ---------- ---------- ---------- ---------- ---------- -------- 
3872720          CS_all def-epopp+   00:58:04                         02:36:32 3-01:48:44      0:0 
3872720.bat+      batch def-epopp+   00:58:03 302191308K  29007880K   02:36:32 3-01:48:44      0:0 
3872720.ext+     extern def-epopp+   00:58:04                         00:00:00   00:00:00      0:0 
