Seq	Host	Starttime	JobRuntime	Send	Receive	Exitval	Signal	Command
14	:	1596242672.130	    26.916	0	36	0	0	python trial_run.py 2 1 24
23	:	1596242672.148	    26.934	0	36	0	0	python trial_run.py 2 1 6
44	:	1596242672.204	    26.891	0	36	0	0	python trial_run.py 3 1 12
58	:	1596242672.242	    26.854	0	37	0	0	python trial_run.py 4 1 32
12	:	1596242672.127	    26.976	0	36	0	0	python trial_run.py 2 1 28
21	:	1596242672.143	    26.988	0	36	0	0	python trial_run.py 2 1 10
9	:	1596242672.121	    27.016	0	36	0	0	python trial_run.py 2 1 34
28	:	1596242672.162	    26.975	0	37	0	0	python trial_run.py 3 1 44
80	:	1596242672.312	    26.825	0	37	0	0	python trial_run.py 5 1 36
40	:	1596242672.192	    26.950	0	36	0	0	python trial_run.py 3 1 20
10	:	1596242672.123	    27.023	0	36	0	0	python trial_run.py 2 1 32
43	:	1596242672.201	    26.946	0	36	0	0	python trial_run.py 3 1 14
46	:	1596242672.209	    26.941	0	37	0	0	python trial_run.py 3 1 8
67	:	1596242672.267	    26.888	0	36	0	0	python trial_run.py 4 1 14
71	:	1596242672.279	    26.881	0	36	0	0	python trial_run.py 4 1 6
47	:	1596242672.212	    26.948	0	36	0	0	python trial_run.py 3 1 6
15	:	1596242672.132	    27.041	0	36	0	0	python trial_run.py 2 1 22
66	:	1596242672.264	    26.910	0	37	0	0	python trial_run.py 4 1 16
64	:	1596242672.258	    26.924	0	36	0	0	python trial_run.py 4 1 20
68	:	1596242672.270	    26.918	0	36	0	0	python trial_run.py 4 1 12
3	:	1596242672.110	    27.088	0	36	0	0	python trial_run.py 2 1 46
45	:	1596242672.206	    26.991	0	36	0	0	python trial_run.py 3 1 10
5	:	1596242672.114	    27.087	0	36	0	0	python trial_run.py 2 1 42
19	:	1596242672.140	    27.066	0	36	0	0	python trial_run.py 2 1 14
26	:	1596242672.157	    27.060	0	36	0	0	python trial_run.py 3 1 48
25	:	1596242672.154	    27.069	0	37	0	0	python trial_run.py 3 1 50
2	:	1596242672.108	    27.122	0	36	0	0	python trial_run.py 2 1 48
29	:	1596242672.164	    27.068	0	36	0	0	python trial_run.py 3 1 42
22	:	1596242672.145	    27.098	0	36	0	0	python trial_run.py 2 1 8
65	:	1596242672.261	    26.983	0	37	0	0	python trial_run.py 4 1 18
8	:	1596242672.119	    27.128	0	36	0	0	python trial_run.py 2 1 36
20	:	1596242672.142	    27.108	0	36	0	0	python trial_run.py 2 1 12
61	:	1596242672.250	    27.000	0	37	0	0	python trial_run.py 4 1 26
17	:	1596242672.136	    27.124	0	36	0	0	python trial_run.py 2 1 18
7	:	1596242672.118	    27.141	0	37	0	0	python trial_run.py 2 1 38
72	:	1596242672.282	    26.978	0	36	0	0	python trial_run.py 4 1 4
62	:	1596242672.253	    27.023	0	36	0	0	python trial_run.py 4 1 24
13	:	1596242672.129	    27.151	0	36	0	0	python trial_run.py 2 1 26
27	:	1596242672.159	    27.126	0	37	0	0	python trial_run.py 3 1 46
36	:	1596242672.182	    27.103	0	37	0	0	python trial_run.py 3 1 28
30	:	1596242672.167	    27.121	0	37	0	0	python trial_run.py 3 1 40
38	:	1596242672.187	    27.102	0	36	0	0	python trial_run.py 3 1 24
39	:	1596242672.190	    27.099	0	37	0	0	python trial_run.py 3 1 22
79	:	1596242672.302	    26.987	0	37	0	0	python trial_run.py 5 1 38
41	:	1596242672.196	    27.100	0	37	0	0	python trial_run.py 3 1 18
54	:	1596242672.231	    27.067	0	37	0	0	python trial_run.py 4 1 40
24	:	1596242672.151	    27.151	0	36	0	0	python trial_run.py 2 1 4
31	:	1596242672.169	    27.138	0	37	0	0	python trial_run.py 3 1 38
63	:	1596242672.255	    27.052	0	37	0	0	python trial_run.py 4 1 22
6	:	1596242672.116	    27.196	0	36	0	0	python trial_run.py 2 1 40
32	:	1596242672.172	    27.140	0	37	0	0	python trial_run.py 3 1 36
56	:	1596242672.236	    27.083	0	37	0	0	python trial_run.py 4 1 36
4	:	1596242672.112	    27.214	0	36	0	0	python trial_run.py 2 1 44
18	:	1596242672.138	    27.188	0	36	0	0	python trial_run.py 2 1 16
33	:	1596242672.174	    27.152	0	37	0	0	python trial_run.py 3 1 34
11	:	1596242672.125	    27.207	0	36	0	0	python trial_run.py 2 1 30
35	:	1596242672.179	    27.154	0	36	0	0	python trial_run.py 3 1 30
42	:	1596242672.198	    27.134	0	36	0	0	python trial_run.py 3 1 16
48	:	1596242672.215	    27.118	0	36	0	0	python trial_run.py 3 1 4
1	:	1596242672.107	    27.230	0	36	0	0	python trial_run.py 2 1 50
37	:	1596242672.185	    27.153	0	37	0	0	python trial_run.py 3 1 26
69	:	1596242672.274	    27.064	0	37	0	0	python trial_run.py 4 1 10
16	:	1596242672.134	    27.210	0	36	0	0	python trial_run.py 2 1 20
57	:	1596242672.239	    27.109	0	37	0	0	python trial_run.py 4 1 34
59	:	1596242672.244	    27.105	0	37	0	0	python trial_run.py 4 1 30
70	:	1596242672.276	    27.073	0	36	0	0	python trial_run.py 4 1 8
60	:	1596242672.247	    27.105	0	37	0	0	python trial_run.py 4 1 28
55	:	1596242672.234	    27.151	0	36	0	0	python trial_run.py 4 1 38
34	:	1596242672.177	    27.228	0	37	0	0	python trial_run.py 3 1 32
85	:	1596242699.119	     4.275	0	36	0	0	python trial_run.py 5 1 26
86	:	1596242699.136	     4.298	0	36	0	0	python trial_run.py 5 1 24
94	:	1596242699.173	     4.286	0	36	0	0	python trial_run.py 5 1 8
83	:	1596242699.103	     4.363	0	37	0	0	python trial_run.py 5 1 30
91	:	1596242699.159	     4.330	0	36	0	0	python trial_run.py 5 1 14
82	:	1596242699.096	     4.398	0	36	0	0	python trial_run.py 5 1 32
89	:	1596242699.150	     4.367	0	36	0	0	python trial_run.py 5 1 18
93	:	1596242699.168	     4.355	0	36	0	0	python trial_run.py 5 1 10
108	:	1596242699.239	     4.345	0	36	0	0	python trial_run.py 6 1 28
95	:	1596242699.177	     4.407	0	36	0	0	python trial_run.py 5 1 6
84	:	1596242699.109	     4.487	0	36	0	0	python trial_run.py 5 1 28
90	:	1596242699.155	     4.447	0	36	0	0	python trial_run.py 5 1 16
112	:	1596242699.264	     4.345	0	36	0	0	python trial_run.py 6 1 20
119	:	1596242699.292	     4.330	0	36	0	0	python trial_run.py 6 1 6
117	:	1596242699.285	     4.357	0	36	0	0	python trial_run.py 6 1 10
92	:	1596242699.164	     4.484	0	36	0	0	python trial_run.py 5 1 12
106	:	1596242699.226	     4.424	0	36	0	0	python trial_run.py 6 1 32
81	:	1596242699.053	     4.651	0	36	0	0	python trial_run.py 5 1 34
107	:	1596242699.235	     4.502	0	36	0	0	python trial_run.py 6 1 30
96	:	1596242699.181	     4.565	0	36	0	0	python trial_run.py 5 1 4
111	:	1596242699.259	     4.493	0	36	0	0	python trial_run.py 6 1 22
144	:	1596242699.402	     4.367	0	37	0	0	python trial_run.py 7 1 4
120	:	1596242699.297	     4.478	0	36	0	0	python trial_run.py 6 1 4
110	:	1596242699.254	     4.534	0	36	0	0	python trial_run.py 6 1 24
113	:	1596242699.268	     4.532	0	36	0	0	python trial_run.py 6 1 18
116	:	1596242699.281	     4.524	0	36	0	0	python trial_run.py 6 1 12
118	:	1596242699.289	     4.569	0	36	0	0	python trial_run.py 6 1 8
114	:	1596242699.272	     4.641	0	36	0	0	python trial_run.py 6 1 16
143	:	1596242699.398	     4.549	0	36	0	0	python trial_run.py 7 1 6
115	:	1596242699.276	     4.698	0	36	0	0	python trial_run.py 6 1 14
88	:	1596242699.146	     4.942	0	36	0	0	python trial_run.py 5 1 20
87	:	1596242699.142	     5.049	0	36	0	0	python trial_run.py 5 1 22
109	:	1596242699.247	     5.321	0	36	0	0	python trial_run.py 6 1 26
167	:	1596242703.708	     4.206	0	37	0	0	python trial_run.py 8 1 6
164	:	1596242703.648	     4.381	0	37	0	0	python trial_run.py 8 1 12
165	:	1596242703.654	     4.776	0	37	0	0	python trial_run.py 8 1 10
166	:	1596242703.658	     4.960	0	37	0	0	python trial_run.py 8 1 8
168	:	1596242703.741	     5.838	0	36	0	0	python trial_run.py 8 1 4
78	:	1596242672.299	  1022.928	0	59	0	0	python trial_run.py 5 1 40
53	:	1596242672.228	  1543.521	0	135	0	0	python trial_run.py 4 1 42
163	:	1596242703.628	  1683.930	0	60	0	0	python trial_run.py 8 1 14
105	:	1596242699.222	  2282.280	0	135	0	0	python trial_run.py 6 1 34
77	:	1596242672.295	  2982.664	0	209	0	0	python trial_run.py 5 1 42
52	:	1596242672.226	  3001.531	0	211	0	0	python trial_run.py 4 1 44
162	:	1596242703.615	  3220.602	0	136	0	0	python trial_run.py 8 1 16
