Seq	Host	Starttime	JobRuntime	Send	Receive	Exitval	Signal	Command
6	:	1596334244.427	     4.467	0	36	0	0	python trial_run.py 2 1 40
33	:	1596334244.478	     4.427	0	36	0	0	python trial_run.py 3 1 34
18	:	1596334244.449	     4.478	0	36	0	0	python trial_run.py 2 1 16
11	:	1596334244.436	     4.516	0	36	0	0	python trial_run.py 2 1 30
42	:	1596334244.497	     4.490	0	36	0	0	python trial_run.py 3 1 16
2	:	1596334244.419	     4.581	0	36	0	0	python trial_run.py 2 1 48
17	:	1596334244.447	     4.604	0	36	0	0	python trial_run.py 2 1 18
3	:	1596334244.422	     4.634	0	36	0	0	python trial_run.py 2 1 46
7	:	1596334244.429	     4.651	0	36	0	0	python trial_run.py 2 1 38
22	:	1596334244.457	     4.628	0	36	0	0	python trial_run.py 2 1 8
13	:	1596334244.440	     4.655	0	36	0	0	python trial_run.py 2 1 26
1	:	1596334244.418	     4.696	0	36	0	0	python trial_run.py 2 1 50
24	:	1596334244.460	     4.654	0	36	0	0	python trial_run.py 2 1 4
38	:	1596334244.489	     4.652	0	36	0	0	python trial_run.py 3 1 24
9	:	1596334244.433	     4.709	0	36	0	0	python trial_run.py 2 1 34
14	:	1596334244.442	     4.706	0	36	0	0	python trial_run.py 2 1 24
32	:	1596334244.476	     4.672	0	36	0	0	python trial_run.py 3 1 36
43	:	1596334244.499	     4.654	0	36	0	0	python trial_run.py 3 1 14
47	:	1596334244.508	     4.646	0	36	0	0	python trial_run.py 3 1 6
26	:	1596334244.464	     4.694	0	36	0	0	python trial_run.py 3 1 48
35	:	1596334244.482	     4.677	0	36	0	0	python trial_run.py 3 1 30
10	:	1596334244.434	     4.731	0	36	0	0	python trial_run.py 2 1 32
12	:	1596334244.438	     4.727	0	36	0	0	python trial_run.py 2 1 28
27	:	1596334244.466	     4.700	0	36	0	0	python trial_run.py 3 1 46
34	:	1596334244.480	     4.687	0	36	0	0	python trial_run.py 3 1 32
37	:	1596334244.486	     4.690	0	36	0	0	python trial_run.py 3 1 26
60	:	1596334244.543	     4.643	0	36	0	0	python trial_run.py 4 1 28
69	:	1596334244.568	     4.618	0	36	0	0	python trial_run.py 4 1 10
46	:	1596334244.505	     4.685	0	36	0	0	python trial_run.py 3 1 8
19	:	1596334244.451	     4.750	0	36	0	0	python trial_run.py 2 1 14
31	:	1596334244.474	     4.726	0	36	0	0	python trial_run.py 3 1 38
73	:	1596334244.579	     4.622	0	36	0	0	python trial_run.py 5 1 50
71	:	1596334244.574	     4.633	0	36	0	0	python trial_run.py 4 1 6
72	:	1596334244.576	     4.631	0	36	0	0	python trial_run.py 4 1 4
74	:	1596334244.582	     4.625	0	36	0	0	python trial_run.py 5 1 48
15	:	1596334244.443	     4.768	0	36	0	0	python trial_run.py 2 1 22
8	:	1596334244.431	     4.796	0	36	0	0	python trial_run.py 2 1 36
55	:	1596334244.529	     4.697	0	36	0	0	python trial_run.py 4 1 38
75	:	1596334244.585	     4.642	0	36	0	0	python trial_run.py 5 1 46
61	:	1596334244.545	     4.687	0	36	0	0	python trial_run.py 4 1 26
64	:	1596334244.554	     4.678	0	36	0	0	python trial_run.py 4 1 20
80	:	1596334244.599	     4.641	0	37	0	0	python trial_run.py 5 1 36
36	:	1596334244.485	     4.762	0	36	0	0	python trial_run.py 3 1 28
78	:	1596334244.593	     4.669	0	36	0	0	python trial_run.py 5 1 40
28	:	1596334244.468	     4.794	0	36	0	0	python trial_run.py 3 1 44
30	:	1596334244.472	     4.795	0	36	0	0	python trial_run.py 3 1 40
44	:	1596334244.501	     4.766	0	36	0	0	python trial_run.py 3 1 12
51	:	1596334244.519	     4.751	0	36	0	0	python trial_run.py 4 1 46
77	:	1596334244.590	     4.682	0	36	0	0	python trial_run.py 5 1 42
62	:	1596334244.548	     4.731	0	36	0	0	python trial_run.py 4 1 24
56	:	1596334244.531	     4.754	0	36	0	0	python trial_run.py 4 1 36
53	:	1596334244.524	     4.766	0	36	0	0	python trial_run.py 4 1 42
4	:	1596334244.423	     4.868	0	36	0	0	python trial_run.py 2 1 44
16	:	1596334244.445	     4.861	0	36	0	0	python trial_run.py 2 1 20
29	:	1596334244.470	     4.838	0	36	0	0	python trial_run.py 3 1 42
50	:	1596334244.516	     4.792	0	36	0	0	python trial_run.py 4 1 48
54	:	1596334244.527	     4.781	0	36	0	0	python trial_run.py 4 1 40
39	:	1596334244.491	     4.828	0	36	0	0	python trial_run.py 3 1 22
63	:	1596334244.551	     4.772	0	36	0	0	python trial_run.py 4 1 22
68	:	1596334244.565	     4.763	0	36	0	0	python trial_run.py 4 1 12
45	:	1596334244.503	     4.831	0	36	0	0	python trial_run.py 3 1 10
76	:	1596334244.587	     4.757	0	36	0	0	python trial_run.py 5 1 44
23	:	1596334244.458	     4.894	0	36	0	0	python trial_run.py 2 1 6
48	:	1596334244.512	     4.839	0	36	0	0	python trial_run.py 3 1 4
58	:	1596334244.537	     4.815	0	36	0	0	python trial_run.py 4 1 32
5	:	1596334244.425	     4.934	0	36	0	0	python trial_run.py 2 1 42
41	:	1596334244.495	     4.865	0	36	0	0	python trial_run.py 3 1 18
70	:	1596334244.571	     4.788	0	36	0	0	python trial_run.py 4 1 8
21	:	1596334244.454	     4.917	0	36	0	0	python trial_run.py 2 1 10
66	:	1596334244.560	     4.831	0	36	0	0	python trial_run.py 4 1 16
79	:	1596334244.597	     4.795	0	36	0	0	python trial_run.py 5 1 38
40	:	1596334244.493	     4.940	0	36	0	0	python trial_run.py 3 1 20
49	:	1596334244.514	     4.919	0	36	0	0	python trial_run.py 4 1 50
67	:	1596334244.562	     4.914	0	36	0	0	python trial_run.py 4 1 14
65	:	1596334244.557	     4.933	0	36	0	0	python trial_run.py 4 1 18
52	:	1596334244.522	     5.059	0	36	0	0	python trial_run.py 4 1 44
20	:	1596334244.452	     5.230	0	36	0	0	python trial_run.py 2 1 12
25	:	1596334244.462	     5.578	0	36	0	0	python trial_run.py 3 1 50
59	:	1596334244.540	     5.526	0	36	0	0	python trial_run.py 4 1 30
57	:	1596334244.534	     5.666	0	36	0	0	python trial_run.py 4 1 34
81	:	1596334248.899	     4.226	0	36	0	0	python trial_run.py 5 1 34
83	:	1596334248.932	     4.256	0	36	0	0	python trial_run.py 5 1 30
84	:	1596334248.956	     4.241	0	36	0	0	python trial_run.py 5 1 28
85	:	1596334248.993	     4.264	0	36	0	0	python trial_run.py 5 1 26
88	:	1596334249.062	     4.253	0	36	0	0	python trial_run.py 5 1 20
87	:	1596334249.056	     4.263	0	36	0	0	python trial_run.py 5 1 22
103	:	1596334249.196	     4.139	0	36	0	0	python trial_run.py 6 1 38
91	:	1596334249.101	     4.296	0	36	0	0	python trial_run.py 5 1 14
109	:	1596334249.226	     4.256	0	36	0	0	python trial_run.py 6 1 26
102	:	1596334249.191	     4.299	0	36	0	0	python trial_run.py 6 1 40
104	:	1596334249.200	     4.296	0	36	0	0	python trial_run.py 6 1 36
89	:	1596334249.085	     4.427	0	36	0	0	python trial_run.py 5 1 18
92	:	1596334249.119	     4.398	0	36	0	0	python trial_run.py 5 1 12
97	:	1596334249.165	     4.354	0	36	0	0	python trial_run.py 6 1 50
110	:	1596334249.231	     4.305	0	36	0	0	python trial_run.py 6 1 24
100	:	1596334249.181	     4.371	0	36	0	0	python trial_run.py 6 1 44
116	:	1596334249.261	     4.335	0	36	0	0	python trial_run.py 6 1 12
95	:	1596334249.153	     4.447	0	36	0	0	python trial_run.py 5 1 6
94	:	1596334249.148	     4.483	0	36	0	0	python trial_run.py 5 1 8
113	:	1596334249.247	     4.390	0	36	0	0	python trial_run.py 6 1 18
112	:	1596334249.241	     4.424	0	36	0	0	python trial_run.py 6 1 20
96	:	1596334249.159	     4.512	0	36	0	0	python trial_run.py 5 1 4
107	:	1596334249.216	     4.455	0	36	0	0	python trial_run.py 6 1 30
124	:	1596334249.302	     4.374	0	37	0	0	python trial_run.py 7 1 44
117	:	1596334249.266	     4.434	0	36	0	0	python trial_run.py 6 1 10
127	:	1596334249.318	     4.389	0	37	0	0	python trial_run.py 7 1 38
105	:	1596334249.206	     4.506	0	36	0	0	python trial_run.py 6 1 34
98	:	1596334249.171	     4.548	0	36	0	0	python trial_run.py 6 1 48
99	:	1596334249.176	     4.549	0	36	0	0	python trial_run.py 6 1 46
128	:	1596334249.324	     4.406	0	37	0	0	python trial_run.py 7 1 36
122	:	1596334249.290	     4.444	0	37	0	0	python trial_run.py 7 1 48
125	:	1596334249.307	     4.439	0	37	0	0	python trial_run.py 7 1 42
132	:	1596334249.348	     4.407	0	37	0	0	python trial_run.py 7 1 28
114	:	1596334249.252	     4.526	0	36	0	0	python trial_run.py 6 1 16
118	:	1596334249.271	     4.509	0	36	0	0	python trial_run.py 6 1 8
126	:	1596334249.313	     4.469	0	37	0	0	python trial_run.py 7 1 40
156	:	1596334249.586	     4.210	0	36	0	0	python trial_run.py 8 1 28
155	:	1596334249.495	     4.316	0	36	0	0	python trial_run.py 8 1 30
120	:	1596334249.279	     4.537	0	36	0	0	python trial_run.py 6 1 4
108	:	1596334249.221	     4.607	0	37	0	0	python trial_run.py 6 1 28
143	:	1596334249.395	     4.437	0	36	0	0	python trial_run.py 7 1 6
121	:	1596334249.285	     4.561	0	37	0	0	python trial_run.py 7 1 50
115	:	1596334249.256	     4.596	0	36	0	0	python trial_run.py 6 1 14
135	:	1596334249.359	     4.495	0	36	0	0	python trial_run.py 7 1 22
150	:	1596334249.428	     4.453	0	37	0	0	python trial_run.py 8 1 40
146	:	1596334249.409	     4.481	0	37	0	0	python trial_run.py 8 1 48
152	:	1596334249.437	     4.453	0	37	0	0	python trial_run.py 8 1 36
136	:	1596334249.363	     4.536	0	36	0	0	python trial_run.py 7 1 20
151	:	1596334249.432	     4.473	0	37	0	0	python trial_run.py 8 1 38
141	:	1596334249.387	     4.531	0	36	0	0	python trial_run.py 7 1 10
86	:	1596334249.008	     4.917	0	36	0	0	python trial_run.py 5 1 24
157	:	1596334249.687	     4.240	0	36	0	0	python trial_run.py 8 1 26
148	:	1596334249.418	     4.526	0	37	0	0	python trial_run.py 8 1 44
133	:	1596334249.351	     4.595	0	37	0	0	python trial_run.py 7 1 26
147	:	1596334249.414	     4.546	0	37	0	0	python trial_run.py 8 1 46
82	:	1596334248.912	     5.049	0	36	0	0	python trial_run.py 5 1 32
106	:	1596334249.211	     4.759	0	36	0	0	python trial_run.py 6 1 32
129	:	1596334249.334	     4.641	0	37	0	0	python trial_run.py 7 1 34
149	:	1596334249.423	     4.580	0	37	0	0	python trial_run.py 8 1 42
134	:	1596334249.356	     4.656	0	36	0	0	python trial_run.py 7 1 24
131	:	1596334249.343	     4.705	0	36	0	0	python trial_run.py 7 1 30
142	:	1596334249.391	     4.698	0	36	0	0	python trial_run.py 7 1 8
130	:	1596334249.339	     4.825	0	36	0	0	python trial_run.py 7 1 32
144	:	1596334249.399	     4.782	0	36	0	0	python trial_run.py 7 1 4
119	:	1596334249.275	     4.932	0	36	0	0	python trial_run.py 6 1 6
159	:	1596334250.072	     4.161	0	37	0	0	python trial_run.py 8 1 22
123	:	1596334249.298	     4.939	0	37	0	0	python trial_run.py 7 1 46
158	:	1596334250.046	     4.214	0	37	0	0	python trial_run.py 8 1 24
145	:	1596334249.405	     4.907	0	37	0	0	python trial_run.py 8 1 50
160	:	1596334250.205	     4.136	0	36	0	0	python trial_run.py 8 1 20
154	:	1596334249.482	     4.862	0	36	0	0	python trial_run.py 8 1 32
153	:	1596334249.440	     4.953	0	36	0	0	python trial_run.py 8 1 34
93	:	1596334249.125	     5.920	0	36	0	0	python trial_run.py 5 1 10
90	:	1596334249.090	     5.973	0	36	0	0	python trial_run.py 5 1 16
101	:	1596334249.186	     5.944	0	36	0	0	python trial_run.py 6 1 42
111	:	1596334249.235	     5.900	0	36	0	0	python trial_run.py 6 1 22
163	:	1596334253.203	     2.892	0	36	0	0	python trial_run.py 8 1 14
161	:	1596334253.130	     2.975	0	36	0	0	python trial_run.py 8 1 18
165	:	1596334253.320	     2.834	0	36	0	0	python trial_run.py 8 1 10
162	:	1596334253.193	     3.041	0	36	0	0	python trial_run.py 8 1 16
171	:	1596334253.502	     2.805	0	37	0	0	python trial_run.py 9 1 46
192	:	1596334253.750	     2.591	0	36	0	0	python trial_run.py 9 1 4
167	:	1596334253.340	     3.031	0	36	0	0	python trial_run.py 8 1 6
166	:	1596334253.325	     3.052	0	36	0	0	python trial_run.py 8 1 8
164	:	1596334253.262	     3.121	0	36	0	0	python trial_run.py 8 1 12
174	:	1596334253.530	     2.884	0	37	0	0	python trial_run.py 9 1 40
168	:	1596334253.403	     3.020	0	36	0	0	python trial_run.py 8 1 4
179	:	1596334253.637	     2.820	0	36	0	0	python trial_run.py 9 1 30
183	:	1596334253.681	     2.789	0	36	0	0	python trial_run.py 9 1 22
187	:	1596334253.719	     2.768	0	36	0	0	python trial_run.py 9 1 14
185	:	1596334253.705	     2.791	0	36	0	0	python trial_run.py 9 1 18
186	:	1596334253.713	     2.799	0	36	0	0	python trial_run.py 9 1 16
175	:	1596334253.545	     2.968	0	37	0	0	python trial_run.py 9 1 38
184	:	1596334253.688	     2.829	0	36	0	0	python trial_run.py 9 1 20
172	:	1596334253.518	     3.027	0	37	0	0	python trial_run.py 9 1 44
190	:	1596334253.740	     2.812	0	36	0	0	python trial_run.py 9 1 8
182	:	1596334253.676	     2.890	0	36	0	0	python trial_run.py 9 1 24
178	:	1596334253.606	     2.963	0	37	0	0	python trial_run.py 9 1 32
176	:	1596334253.558	     3.013	0	37	0	0	python trial_run.py 9 1 36
188	:	1596334253.725	     2.870	0	36	0	0	python trial_run.py 9 1 12
170	:	1596334253.496	     3.103	0	37	0	0	python trial_run.py 9 1 48
180	:	1596334253.642	     2.960	0	37	0	0	python trial_run.py 9 1 28
169	:	1596334253.488	     3.127	0	37	0	0	python trial_run.py 9 1 50
189	:	1596334253.735	     2.884	0	36	0	0	python trial_run.py 9 1 10
177	:	1596334253.601	     3.026	0	37	0	0	python trial_run.py 9 1 34
173	:	1596334253.524	     3.126	0	37	0	0	python trial_run.py 9 1 42
191	:	1596334253.745	     2.912	0	36	0	0	python trial_run.py 9 1 6
181	:	1596334253.671	     3.052	0	36	0	0	python trial_run.py 9 1 26
