Seq	Host	Starttime	JobRuntime	Send	Receive	Exitval	Signal	Command
4	:	1596355235.381	     4.184	0	36	0	0	python trial_run.py 2 1 44
21	:	1596355235.415	     4.202	0	36	0	0	python trial_run.py 2 1 10
9	:	1596355235.391	     4.305	0	36	0	0	python trial_run.py 2 1 34
13	:	1596355235.398	     4.305	0	36	0	0	python trial_run.py 2 1 26
5	:	1596355235.383	     4.392	0	36	0	0	python trial_run.py 2 1 42
55	:	1596355235.495	     4.291	0	36	0	0	python trial_run.py 4 1 38
8	:	1596355235.389	     4.401	0	36	0	0	python trial_run.py 2 1 36
6	:	1596355235.385	     4.411	0	36	0	0	python trial_run.py 2 1 40
16	:	1596355235.403	     4.411	0	36	0	0	python trial_run.py 2 1 20
12	:	1596355235.397	     4.437	0	36	0	0	python trial_run.py 2 1 28
18	:	1596355235.407	     4.434	0	36	0	0	python trial_run.py 2 1 16
23	:	1596355235.419	     4.422	0	36	0	0	python trial_run.py 2 1 6
41	:	1596355235.458	     4.384	0	36	0	0	python trial_run.py 3 1 18
10	:	1596355235.393	     4.463	0	36	0	0	python trial_run.py 2 1 32
35	:	1596355235.445	     4.417	0	36	0	0	python trial_run.py 3 1 30
76	:	1596355235.553	     4.315	0	36	0	0	python trial_run.py 5 1 44
30	:	1596355235.433	     4.462	0	36	0	0	python trial_run.py 3 1 40
19	:	1596355235.410	     4.505	0	36	0	0	python trial_run.py 2 1 14
40	:	1596355235.456	     4.465	0	36	0	0	python trial_run.py 3 1 20
50	:	1596355235.480	     4.453	0	36	0	0	python trial_run.py 4 1 48
29	:	1596355235.431	     4.506	0	36	0	0	python trial_run.py 3 1 42
49	:	1596355235.478	     4.460	0	36	0	0	python trial_run.py 4 1 50
26	:	1596355235.425	     4.523	0	36	0	0	python trial_run.py 3 1 48
47	:	1596355235.473	     4.480	0	36	0	0	python trial_run.py 3 1 6
53	:	1596355235.488	     4.470	0	36	0	0	python trial_run.py 4 1 42
64	:	1596355235.517	     4.447	0	36	0	0	python trial_run.py 4 1 20
43	:	1596355235.463	     4.506	0	36	0	0	python trial_run.py 3 1 14
46	:	1596355235.471	     4.502	0	36	0	0	python trial_run.py 3 1 8
61	:	1596355235.510	     4.463	0	36	0	0	python trial_run.py 4 1 26
63	:	1596355235.515	     4.458	0	36	0	0	python trial_run.py 4 1 22
44	:	1596355235.467	     4.512	0	36	0	0	python trial_run.py 3 1 12
62	:	1596355235.513	     4.466	0	36	0	0	python trial_run.py 4 1 24
32	:	1596355235.438	     4.546	0	36	0	0	python trial_run.py 3 1 36
73	:	1596355235.544	     4.444	0	36	0	0	python trial_run.py 5 1 50
66	:	1596355235.524	     4.463	0	36	0	0	python trial_run.py 4 1 16
42	:	1596355235.461	     4.531	0	36	0	0	python trial_run.py 3 1 16
52	:	1596355235.486	     4.514	0	36	0	0	python trial_run.py 4 1 44
28	:	1596355235.430	     4.578	0	36	0	0	python trial_run.py 3 1 44
69	:	1596355235.532	     4.477	0	36	0	0	python trial_run.py 4 1 10
22	:	1596355235.417	     4.600	0	36	0	0	python trial_run.py 2 1 8
77	:	1596355235.557	     4.462	0	36	0	0	python trial_run.py 5 1 42
51	:	1596355235.483	     4.550	0	36	0	0	python trial_run.py 4 1 46
70	:	1596355235.535	     4.500	0	36	0	0	python trial_run.py 4 1 8
36	:	1596355235.447	     4.592	0	36	0	0	python trial_run.py 3 1 28
78	:	1596355235.561	     4.478	0	36	0	0	python trial_run.py 5 1 40
79	:	1596355235.565	     4.475	0	36	0	0	python trial_run.py 5 1 38
25	:	1596355235.423	     4.626	0	36	0	0	python trial_run.py 3 1 50
45	:	1596355235.469	     4.583	0	36	0	0	python trial_run.py 3 1 10
39	:	1596355235.454	     4.602	0	36	0	0	python trial_run.py 3 1 22
20	:	1596355235.412	     4.646	0	36	0	0	python trial_run.py 2 1 12
31	:	1596355235.436	     4.637	0	36	0	0	python trial_run.py 3 1 38
56	:	1596355235.497	     4.578	0	36	0	0	python trial_run.py 4 1 36
15	:	1596355235.402	     4.692	0	36	0	0	python trial_run.py 2 1 22
37	:	1596355235.449	     4.656	0	36	0	0	python trial_run.py 3 1 26
11	:	1596355235.395	     4.714	0	36	0	0	python trial_run.py 2 1 30
60	:	1596355235.508	     4.603	0	36	0	0	python trial_run.py 4 1 28
38	:	1596355235.452	     4.664	0	36	0	0	python trial_run.py 3 1 24
33	:	1596355235.440	     4.680	0	36	0	0	python trial_run.py 3 1 34
71	:	1596355235.538	     4.583	0	36	0	0	python trial_run.py 4 1 6
74	:	1596355235.548	     4.593	0	36	0	0	python trial_run.py 5 1 48
72	:	1596355235.541	     4.601	0	36	0	0	python trial_run.py 4 1 4
34	:	1596355235.442	     4.712	0	36	0	0	python trial_run.py 3 1 32
48	:	1596355235.476	     4.684	0	36	0	0	python trial_run.py 3 1 4
65	:	1596355235.521	     4.644	0	36	0	0	python trial_run.py 4 1 18
17	:	1596355235.406	     4.780	0	36	0	0	python trial_run.py 2 1 18
58	:	1596355235.503	     4.700	0	36	0	0	python trial_run.py 4 1 32
80	:	1596355235.568	     4.642	0	36	0	0	python trial_run.py 5 1 36
68	:	1596355235.529	     4.698	0	36	0	0	python trial_run.py 4 1 12
14	:	1596355235.400	     4.834	0	36	0	0	python trial_run.py 2 1 24
67	:	1596355235.527	     4.715	0	36	0	0	python trial_run.py 4 1 14
59	:	1596355235.506	     4.741	0	36	0	0	python trial_run.py 4 1 30
57	:	1596355235.500	     4.753	0	36	0	0	python trial_run.py 4 1 34
27	:	1596355235.428	     4.842	0	36	0	0	python trial_run.py 3 1 46
3	:	1596355235.379	     5.029	0	36	0	0	python trial_run.py 2 1 46
24	:	1596355235.421	     5.128	0	36	0	0	python trial_run.py 2 1 4
54	:	1596355235.491	     5.274	0	36	0	0	python trial_run.py 4 1 40
2	:	1596355235.377	     7.037	0	36	0	0	python trial_run.py 2 1 48
7	:	1596355235.387	     7.118	0	36	0	0	python trial_run.py 2 1 38
75	:	1596355235.550	     6.957	0	36	0	0	python trial_run.py 5 1 46
1	:	1596355235.375	     7.168	0	36	0	0	python trial_run.py 2 1 50
81	:	1596355239.571	     4.139	0	36	0	0	python trial_run.py 5 1 34
104	:	1596355239.958	     3.824	0	36	0	0	python trial_run.py 6 1 36
83	:	1596355239.702	     4.144	0	36	0	0	python trial_run.py 5 1 30
93	:	1596355239.856	     4.018	0	36	0	0	python trial_run.py 5 1 10
99	:	1596355239.926	     4.053	0	36	0	0	python trial_run.py 6 1 46
88	:	1596355239.801	     4.204	0	36	0	0	python trial_run.py 5 1 20
96	:	1596355239.872	     4.166	0	36	0	0	python trial_run.py 5 1 4
86	:	1596355239.790	     4.279	0	36	0	0	python trial_run.py 5 1 24
89	:	1596355239.820	     4.279	0	36	0	0	python trial_run.py 5 1 18
142	:	1596355240.158	     3.973	0	36	0	0	python trial_run.py 7 1 8
97	:	1596355239.901	     4.244	0	36	0	0	python trial_run.py 6 1 50
84	:	1596355239.708	     4.468	0	36	0	0	python trial_run.py 5 1 28
101	:	1596355239.943	     4.245	0	36	0	0	python trial_run.py 6 1 42
95	:	1596355239.867	     4.337	0	36	0	0	python trial_run.py 5 1 6
94	:	1596355239.861	     4.355	0	36	0	0	python trial_run.py 5 1 8
91	:	1596355239.846	     4.391	0	36	0	0	python trial_run.py 5 1 14
92	:	1596355239.851	     4.391	0	36	0	0	python trial_run.py 5 1 12
102	:	1596355239.947	     4.345	0	36	0	0	python trial_run.py 6 1 40
110	:	1596355239.987	     4.306	0	36	0	0	python trial_run.py 6 1 24
132	:	1596355240.099	     4.213	0	36	0	0	python trial_run.py 7 1 28
82	:	1596355239.622	     4.697	0	36	0	0	python trial_run.py 5 1 32
117	:	1596355240.022	     4.299	0	36	0	0	python trial_run.py 6 1 10
119	:	1596355240.034	     4.307	0	36	0	0	python trial_run.py 6 1 6
105	:	1596355239.963	     4.382	0	36	0	0	python trial_run.py 6 1 34
90	:	1596355239.840	     4.515	0	36	0	0	python trial_run.py 5 1 16
136	:	1596355240.121	     4.238	0	36	0	0	python trial_run.py 7 1 20
111	:	1596355239.992	     4.372	0	36	0	0	python trial_run.py 6 1 22
85	:	1596355239.780	     4.601	0	36	0	0	python trial_run.py 5 1 26
124	:	1596355240.057	     4.338	0	37	0	0	python trial_run.py 7 1 44
125	:	1596355240.062	     4.338	0	37	0	0	python trial_run.py 7 1 42
118	:	1596355240.026	     4.385	0	36	0	0	python trial_run.py 6 1 8
121	:	1596355240.046	     4.367	0	37	0	0	python trial_run.py 7 1 50
148	:	1596355240.233	     4.180	0	37	0	0	python trial_run.py 8 1 44
109	:	1596355239.983	     4.440	0	36	0	0	python trial_run.py 6 1 26
131	:	1596355240.094	     4.344	0	36	0	0	python trial_run.py 7 1 30
120	:	1596355240.039	     4.402	0	36	0	0	python trial_run.py 6 1 4
144	:	1596355240.170	     4.283	0	37	0	0	python trial_run.py 7 1 4
106	:	1596355239.968	     4.516	0	36	0	0	python trial_run.py 6 1 32
116	:	1596355240.018	     4.479	0	36	0	0	python trial_run.py 6 1 12
122	:	1596355240.050	     4.447	0	37	0	0	python trial_run.py 7 1 48
115	:	1596355240.014	     4.486	0	36	0	0	python trial_run.py 6 1 14
134	:	1596355240.110	     4.409	0	36	0	0	python trial_run.py 7 1 24
152	:	1596355240.259	     4.260	0	37	0	0	python trial_run.py 8 1 36
98	:	1596355239.922	     4.603	0	36	0	0	python trial_run.py 6 1 48
145	:	1596355240.191	     4.348	0	37	0	0	python trial_run.py 8 1 50
133	:	1596355240.104	     4.444	0	37	0	0	python trial_run.py 7 1 26
103	:	1596355239.953	     4.598	0	36	0	0	python trial_run.py 6 1 38
128	:	1596355240.080	     4.479	0	36	0	0	python trial_run.py 7 1 36
127	:	1596355240.074	     4.486	0	37	0	0	python trial_run.py 7 1 38
147	:	1596355240.216	     4.351	0	37	0	0	python trial_run.py 8 1 46
153	:	1596355240.277	     4.301	0	37	0	0	python trial_run.py 8 1 34
149	:	1596355240.239	     4.338	0	37	0	0	python trial_run.py 8 1 42
123	:	1596355240.053	     4.532	0	37	0	0	python trial_run.py 7 1 46
113	:	1596355240.000	     4.591	0	36	0	0	python trial_run.py 6 1 18
100	:	1596355239.938	     4.676	0	36	0	0	python trial_run.py 6 1 44
126	:	1596355240.067	     4.555	0	37	0	0	python trial_run.py 7 1 40
135	:	1596355240.115	     4.516	0	36	0	0	python trial_run.py 7 1 22
108	:	1596355239.978	     4.663	0	36	0	0	python trial_run.py 6 1 28
129	:	1596355240.085	     4.575	0	36	0	0	python trial_run.py 7 1 34
154	:	1596355240.414	     4.274	0	36	0	0	python trial_run.py 8 1 32
141	:	1596355240.150	     4.542	0	36	0	0	python trial_run.py 7 1 10
150	:	1596355240.247	     4.462	0	36	0	0	python trial_run.py 8 1 40
151	:	1596355240.253	     4.467	0	37	0	0	python trial_run.py 8 1 38
155	:	1596355240.555	     4.175	0	36	0	0	python trial_run.py 8 1 30
146	:	1596355240.207	     4.532	0	37	0	0	python trial_run.py 8 1 48
107	:	1596355239.973	     4.963	0	36	0	0	python trial_run.py 6 1 30
156	:	1596355240.770	     4.167	0	37	0	0	python trial_run.py 8 1 28
112	:	1596355239.996	     4.973	0	36	0	0	python trial_run.py 6 1 20
143	:	1596355240.166	     4.816	0	36	0	0	python trial_run.py 7 1 6
87	:	1596355239.795	     5.389	0	36	0	0	python trial_run.py 5 1 22
114	:	1596355240.009	     5.610	0	36	0	0	python trial_run.py 6 1 16
130	:	1596355240.088	     5.644	0	36	0	0	python trial_run.py 7 1 32
160	:	1596355242.550	     3.374	0	36	0	0	python trial_run.py 8 1 20
158	:	1596355242.512	     3.480	0	36	0	0	python trial_run.py 8 1 24
157	:	1596355242.421	     3.744	0	36	0	0	python trial_run.py 8 1 26
159	:	1596355242.530	     3.977	0	36	0	0	python trial_run.py 8 1 22
166	:	1596355244.010	     2.801	0	36	0	0	python trial_run.py 8 1 8
165	:	1596355243.984	     2.838	0	36	0	0	python trial_run.py 8 1 10
163	:	1596355243.851	     3.010	0	36	0	0	python trial_run.py 8 1 14
168	:	1596355244.076	     2.793	0	36	0	0	python trial_run.py 8 1 4
164	:	1596355243.879	     3.003	0	36	0	0	python trial_run.py 8 1 12
162	:	1596355243.787	     3.131	0	36	0	0	python trial_run.py 8 1 16
161	:	1596355243.716	     3.215	0	36	0	0	python trial_run.py 8 1 18
169	:	1596355244.107	     2.883	0	37	0	0	python trial_run.py 9 1 50
179	:	1596355244.306	     2.720	0	36	0	0	python trial_run.py 9 1 30
176	:	1596355244.242	     2.789	0	37	0	0	python trial_run.py 9 1 36
177	:	1596355244.249	     2.782	0	36	0	0	python trial_run.py 9 1 34
174	:	1596355244.209	     2.830	0	37	0	0	python trial_run.py 9 1 40
173	:	1596355244.195	     2.851	0	37	0	0	python trial_run.py 9 1 42
183	:	1596355244.346	     2.707	0	36	0	0	python trial_run.py 9 1 22
178	:	1596355244.299	     2.756	0	36	0	0	python trial_run.py 9 1 32
170	:	1596355244.136	     2.921	0	37	0	0	python trial_run.py 9 1 48
184	:	1596355244.352	     2.704	0	36	0	0	python trial_run.py 9 1 20
171	:	1596355244.150	     2.908	0	37	0	0	python trial_run.py 9 1 46
192	:	1596355244.422	     2.643	0	37	0	0	python trial_run.py 9 1 4
175	:	1596355244.225	     2.842	0	37	0	0	python trial_run.py 9 1 38
167	:	1596355244.043	     3.064	0	36	0	0	python trial_run.py 8 1 6
189	:	1596355244.405	     2.706	0	36	0	0	python trial_run.py 9 1 10
172	:	1596355244.180	     2.937	0	37	0	0	python trial_run.py 9 1 44
187	:	1596355244.371	     2.756	0	36	0	0	python trial_run.py 9 1 14
186	:	1596355244.365	     2.783	0	36	0	0	python trial_run.py 9 1 16
180	:	1596355244.320	     2.864	0	37	0	0	python trial_run.py 9 1 28
191	:	1596355244.418	     2.769	0	36	0	0	python trial_run.py 9 1 6
190	:	1596355244.411	     2.826	0	36	0	0	python trial_run.py 9 1 8
188	:	1596355244.387	     2.860	0	36	0	0	python trial_run.py 9 1 12
182	:	1596355244.330	     2.933	0	36	0	0	python trial_run.py 9 1 24
185	:	1596355244.359	     2.927	0	36	0	0	python trial_run.py 9 1 18
181	:	1596355244.325	     2.967	0	36	0	0	python trial_run.py 9 1 26
