Restoring modules from user's confine_module
'confining_string_solver'  22.96 ms
'confining_string_solver'  22.98 ms
'confining_string_solver'  21.94 ms
'confining_string_solver'  54.01 ms
'confining_string_solver'  23.82 ms
'confining_string_solver'  49.02 ms
'confining_string_solver'  15.53 ms
'confining_string_solver'  20.64 ms
'confining_string_solver'  37.70 ms
'confining_string_solver'  20.60 ms
'confining_string_solver'  17.84 ms
'confining_string_solver'  33.22 ms
'confining_string_solver'  33.99 ms
'confining_string_solver'  51.93 ms
'confining_string_solver'  20.08 ms
'confining_string_solver'  70.55 ms
'confining_string_solver'  14.54 ms
'confining_string_solver'  59.52 ms
'confining_string_solver'  15.90 ms
'confining_string_solver'  43.53 ms
'confining_string_solver'  17.03 ms
'confining_string_solver'  104.38 ms
'confining_string_solver'  12.57 ms
'confining_string_solver'  12.28 ms
'confining_string_solver'  51.44 ms
'confining_string_solver'  49.98 ms
'confining_string_solver'  27.48 ms
'confining_string_solver'  54.58 ms
'confining_string_solver'  31.57 ms
'confining_string_solver'  39.28 ms
'confining_string_solver'  20.30 ms
'confining_string_solver'  49.91 ms
'confining_string_solver'  40.43 ms
'confining_string_solver'  74.60 ms
'confining_string_solver'  12.46 ms
'confining_string_solver'  65.69 ms
'confining_string_solver'  87.42 ms
'confining_string_solver'  22.43 ms
'confining_string_solver'  12.07 ms
'confining_string_solver'  19.88 ms
'confining_string_solver'  48.27 ms
'confining_string_solver'  62.54 ms
'confining_string_solver'  16.04 ms
'confining_string_solver'  17.37 ms
'confining_string_solver'  25.63 ms
'confining_string_solver'  59.17 ms
'confining_string_solver'  14.41 ms
'confining_string_solver'  28.33 ms
'confining_string_solver'  65.65 ms
'confining_string_solver'  24.47 ms
'confining_string_solver'  18.62 ms
'confining_string_solver'  17.84 ms
'confining_string_solver'  51.13 ms
'confining_string_solver'  11.50 ms
'confining_string_solver'  27.25 ms
'confining_string_solver'  37.10 ms
'confining_string_solver'  21.20 ms
'confining_string_solver'  12.39 ms
'confining_string_solver'  59.77 ms
'confining_string_solver'  47.76 ms
'confining_string_solver'  22.66 ms
'confining_string_solver'  56.49 ms
'confining_string_solver'  34.93 ms
'confining_string_solver'  61.36 ms
'confining_string_solver'  37.01 ms
'confining_string_solver'  12.58 ms
'confining_string_solver'  60.07 ms
'confining_string_solver'  21.94 ms
'confining_string_solver'  47.96 ms
'confining_string_solver'  66.79 ms
'confining_string_solver'  32.48 ms
'confining_string_solver'  34.75 ms
'confining_string_solver'  50.35 ms
'confining_string_solver'  22.04 ms
'confining_string_solver'  37.47 ms
'confining_string_solver'  29.13 ms
'confining_string_solver'  32.86 ms
'confining_string_solver'  16.82 ms
'confining_string_solver'  62.37 ms
'confining_string_solver'  16.75 ms
'confining_string_solver'  28.77 ms
'confining_string_solver'  30.65 ms
'confining_string_solver'  22.60 ms
'confining_string_solver'  66.33 ms
'confining_string_solver'  25.59 ms
'confining_string_solver'  26.38 ms
'confining_string_solver'  73.95 ms
'confining_string_solver'  40.04 ms
'confining_string_solver'  27.36 ms
'confining_string_solver'  42.44 ms
'confining_string_solver'  74.67 ms
'confining_string_solver'  24.35 ms
'confining_string_solver'  77.19 ms
'confining_string_solver'  47.87 ms
'confining_string_solver'  23.79 ms
'confining_string_solver'  24.12 ms
'confining_string_solver'  39.09 ms
'confining_string_solver'  84.37 ms
'confining_string_solver'  94.00 ms
'confining_string_solver'  27.47 ms
'confining_string_solver'  109.70 ms
'confining_string_solver'  102.85 ms
'confining_string_solver'  26.50 ms
'confining_string_solver'  92.49 ms
'confining_string_solver'  28.13 ms
'confining_string_solver'  28.19 ms
'confining_string_solver'  35.25 ms
'confining_string_solver'  30.85 ms
'confining_string_solver'  96.13 ms
'confining_string_solver'  38.79 ms
'confining_string_solver'  42.84 ms
'confining_string_solver'  38.92 ms
'confining_string_solver'  72.44 ms
'confining_string_solver'  38.72 ms
'confining_string_solver'  91.56 ms
'confining_string_solver'  77.07 ms
'confining_string_solver'  90.17 ms
'confining_string_solver'  75.71 ms
'confining_string_solver'  118.43 ms
'confining_string_solver'  36.03 ms
'confining_string_solver'  124.58 ms
'confining_string_solver'  30.96 ms
'confining_string_solver'  69.99 ms
'confining_string_solver'  57.73 ms
'confining_string_solver'  131.76 ms
'confining_string_solver'  85.44 ms
'confining_string_solver'  74.27 ms
'confining_string_solver'  46.39 ms
'confining_string_solver'  26.01 ms
'confining_string_solver'  98.72 ms
'confining_string_solver'  136.82 ms
'confining_string_solver'  42.58 ms
'confining_string_solver'  59.45 ms
'confining_string_solver'  111.54 ms
'confining_string_solver'  110.69 ms
'confining_string_solver'  132.20 ms
'confining_string_solver'  99.92 ms
'confining_string_solver'  29.65 ms
'confining_string_solver'  123.18 ms
'confining_string_solver'  96.13 ms
'confining_string_solver'  40.56 ms
'confining_string_solver'  44.78 ms
'confining_string_solver'  101.71 ms
'confining_string_solver'  98.28 ms
'confining_string_solver'  26.82 ms
'confining_string_solver'  82.05 ms
'confining_string_solver'  46.37 ms
'confining_string_solver'  106.01 ms
'confining_string_solver'  59.87 ms
'confining_string_solver'  59.68 ms
'confining_string_solver'  85.23 ms
'confining_string_solver'  99.47 ms
'confining_string_solver'  75.70 ms
'confining_string_solver'  89.08 ms
'confining_string_solver'  82.41 ms
'confining_string_solver'  90.77 ms
'confining_string_solver'  72.18 ms
'confining_string_solver'  82.47 ms
'confining_string_solver'  71.45 ms
'confining_string_solver'  100.84 ms
'confining_string_solver'  81.63 ms
'confining_string_solver'  115.50 ms
'confining_string_solver'  64.47 ms
'confining_string_solver'  86.76 ms
'confining_string_solver'  110.15 ms
'confining_string_solver'  93.64 ms
'confining_string_solver'  95.81 ms
'confining_string_solver'  36.96 ms
'confining_string_solver'  75.02 ms
'confining_string_solver'  104.93 ms
'confining_string_solver'  83.98 ms
'confining_string_solver'  98.36 ms
'confining_string_solver'  39.30 ms
'confining_string_solver'  96.85 ms
'confining_string_solver'  81.37 ms
'confining_string_solver'  54.76 ms
'confining_string_solver'  41.92 ms
'confining_string_solver'  101.49 ms
'confining_string_solver'  74.87 ms
'confining_string_solver'  69.18 ms
'confining_string_solver'  90.47 ms
'confining_string_solver'  96.27 ms
'confining_string_solver'  67.58 ms
'confining_string_solver'  102.00 ms
'confining_string_solver'  71.22 ms
'confining_string_solver'  66.43 ms
'confining_string_solver'  89.47 ms
'confining_string_solver'  102.87 ms
Pseudo-terminal will not be allocated because stdin is not a terminal.
Submitted batch job 3842676

scontrol show jobid 3842651
JobId=3842651 JobName=CS_k_1
   UserId=wongsun4(3095934) GroupId=epoppitz(6003021) MCS_label=N/A
   Priority=1580545 Nice=0 Account=def-epoppitz QOS=normal
   JobState=COMPLETING Reason=None Dependency=(null)
   Requeue=0 Restarts=0 BatchFlag=1 Reboot=0 ExitCode=0:0
   RunTime=00:58:03 TimeLimit=01:00:00 TimeMin=N/A
   SubmitTime=2020-08-02T04:58:42 EligibleTime=2020-08-02T04:58:42
   AccrueTime=2020-08-02T04:58:42
   StartTime=2020-08-02T04:58:44 EndTime=2020-08-02T05:56:47 Deadline=N/A
   SuspendTime=None SecsPreSuspend=0 LastSchedEval=2020-08-02T04:58:44
   Partition=compute AllocNode:Sid=nia-login01:34454
   ReqNodeList=(null) ExcNodeList=(null)
   NodeList=nia0029
   BatchHost=nia0029
   NumNodes=1 NumCPUs=80 NumTasks=80 CPUs/Task=1 ReqB:S:C:T=0:0:*:*
   TRES=cpu=80,node=1,billing=40
   Socks/Node=* NtasksPerN:B:S:C=80:0:*:* CoreSpec=*
   MinCPUsNode=80 MinMemoryNode=0 MinTmpDiskNode=0
   Features=[skylake|cascade] DelayBoot=00:00:00
   OverSubscribe=NO Contiguous=0 Licenses=(null) Network=(null)
   Command=/gpfs/fs0/scratch/e/epoppitz/wongsun4/Confining-String/Niagara/trial_run_july_31/trial_run_script.sh
   WorkDir=/gpfs/fs0/scratch/e/epoppitz/wongsun4/Confining-String/Niagara/trial_run_july_31
   StdErr=/gpfs/fs0/scratch/e/epoppitz/wongsun4/Confining-String/Niagara/trial_run_july_31/slurm-3842651.out
   StdIn=/dev/null
   StdOut=/gpfs/fs0/scratch/e/epoppitz/wongsun4/Confining-String/Niagara/trial_run_july_31/slurm-3842651.out
   Power=
   MailUser=samuelsy.wong@mail.utoronto.ca MailType=BEGIN,END,FAIL,REQUEUE,STAGE_OUT

sacct -j 3842651
       JobID    JobName    Account    Elapsed  MaxVMSize     MaxRSS  SystemCPU    UserCPU ExitCode 
------------ ---------- ---------- ---------- ---------- ---------- ---------- ---------- -------- 
3842651          CS_k_1 def-epopp+   00:58:03                         01:00:27 1-03:40:20      0:0 
3842651.bat+      batch def-epopp+   00:58:03  16026144K   2036980K   01:00:27 1-03:40:20      0:0 
3842651.ext+     extern def-epopp+   00:58:03    137232K       856K   00:00:00   00:00:00      0:0 
