Restoring modules from user's confine_module
'confining_string_solver'  15.33 ms
'confining_string_solver'  11.99 ms
'confining_string_solver'  16.89 ms
'confining_string_solver'  11.72 ms
'confining_string_solver'  15.06 ms
'confining_string_solver'  11.26 ms
'confining_string_solver'  17.22 ms
'confining_string_solver'  12.98 ms
'confining_string_solver'  11.85 ms
'confining_string_solver'  17.42 ms
'confining_string_solver'  10.74 ms
'confining_string_solver'  13.62 ms
'confining_string_solver'  11.99 ms
'confining_string_solver'  16.80 ms
'confining_string_solver'  56.81 ms
'confining_string_solver'  16.41 ms
'confining_string_solver'  21.11 ms
'confining_string_solver'  11.53 ms
'confining_string_solver'  83.80 ms
'confining_string_solver'  33.98 ms
'confining_string_solver'  46.76 ms
'confining_string_solver'  17.30 ms
'confining_string_solver'  20.71 ms
'confining_string_solver'  21.02 ms
'confining_string_solver'  19.44 ms
'confining_string_solver'  19.31 ms
'confining_string_solver'  83.75 ms
'confining_string_solver'  24.20 ms
'confining_string_solver'  20.83 ms
'confining_string_solver'  11.99 ms
'confining_string_solver'  20.91 ms
'confining_string_solver'  17.35 ms
'confining_string_solver'  66.78 ms
'confining_string_solver'  33.86 ms
'confining_string_solver'  16.82 ms
'confining_string_solver'  20.96 ms
'confining_string_solver'  22.18 ms
'confining_string_solver'  49.46 ms
'confining_string_solver'  31.80 ms
'confining_string_solver'  36.08 ms
'confining_string_solver'  17.76 ms
'confining_string_solver'  84.09 ms
'confining_string_solver'  16.12 ms
'confining_string_solver'  16.42 ms
'confining_string_solver'  27.73 ms
'confining_string_solver'  18.57 ms
'confining_string_solver'  40.04 ms
'confining_string_solver'  54.73 ms
'confining_string_solver'  32.21 ms
'confining_string_solver'  24.75 ms
'confining_string_solver'  21.00 ms
'confining_string_solver'  30.40 ms
'confining_string_solver'  21.55 ms
'confining_string_solver'  33.96 ms
'confining_string_solver'  17.81 ms
'confining_string_solver'  27.33 ms
'confining_string_solver'  16.97 ms
'confining_string_solver'  28.91 ms
'confining_string_solver'  12.24 ms
'confining_string_solver'  19.24 ms
'confining_string_solver'  33.51 ms
'confining_string_solver'  27.01 ms
'confining_string_solver'  47.61 ms
'confining_string_solver'  68.60 ms
'confining_string_solver'  21.58 ms
'confining_string_solver'  25.68 ms
'confining_string_solver'  12.56 ms
'confining_string_solver'  23.75 ms
'confining_string_solver'  19.14 ms
'confining_string_solver'  50.34 ms
'confining_string_solver'  29.17 ms
'confining_string_solver'  36.17 ms
'confining_string_solver'  17.86 ms
'confining_string_solver'  93.85 ms
'confining_string_solver'  15.72 ms
'confining_string_solver'  20.38 ms
'confining_string_solver'  12.48 ms
'confining_string_solver'  24.88 ms
'confining_string_solver'  21.73 ms
'confining_string_solver'  22.72 ms
'confining_string_solver'  31.42 ms
'confining_string_solver'  22.73 ms
'confining_string_solver'  95.63 ms
'confining_string_solver'  24.19 ms
'confining_string_solver'  22.87 ms
'confining_string_solver'  30.11 ms
'confining_string_solver'  23.51 ms
'confining_string_solver'  26.92 ms
'confining_string_solver'  22.44 ms
'confining_string_solver'  63.16 ms
'confining_string_solver'  35.25 ms
'confining_string_solver'  42.43 ms
'confining_string_solver'  37.65 ms
'confining_string_solver'  23.20 ms
'confining_string_solver'  64.67 ms
'confining_string_solver'  31.62 ms
'confining_string_solver'  73.26 ms
'confining_string_solver'  26.84 ms
'confining_string_solver'  71.63 ms
'confining_string_solver'  49.02 ms
'confining_string_solver'  26.52 ms
'confining_string_solver'  70.34 ms
'confining_string_solver'  33.61 ms
'confining_string_solver'  61.99 ms
'confining_string_solver'  26.73 ms
'confining_string_solver'  29.99 ms
'confining_string_solver'  42.04 ms
'confining_string_solver'  27.56 ms
'confining_string_solver'  36.76 ms
'confining_string_solver'  50.47 ms
'confining_string_solver'  41.76 ms
'confining_string_solver'  52.67 ms
'confining_string_solver'  50.43 ms
'confining_string_solver'  47.10 ms
'confining_string_solver'  29.53 ms
'confining_string_solver'  49.03 ms
'confining_string_solver'  71.22 ms
'confining_string_solver'  65.53 ms
'confining_string_solver'  68.10 ms
'confining_string_solver'  28.90 ms
'confining_string_solver'  45.36 ms
'confining_string_solver'  68.60 ms
'confining_string_solver'  35.36 ms
'confining_string_solver'  43.78 ms
'confining_string_solver'  80.19 ms
'confining_string_solver'  94.93 ms
'confining_string_solver'  42.88 ms
'confining_string_solver'  39.55 ms
'confining_string_solver'  131.51 ms
'confining_string_solver'  34.45 ms
'confining_string_solver'  80.98 ms
'confining_string_solver'  85.46 ms
'confining_string_solver'  40.77 ms
'confining_string_solver'  88.13 ms
'confining_string_solver'  42.40 ms
'confining_string_solver'  116.98 ms
'confining_string_solver'  109.35 ms
'confining_string_solver'  39.86 ms
'confining_string_solver'  87.81 ms
'confining_string_solver'  92.56 ms
'confining_string_solver'  43.87 ms
'confining_string_solver'  40.51 ms
'confining_string_solver'  62.45 ms
'confining_string_solver'  110.36 ms
'confining_string_solver'  26.31 ms
'confining_string_solver'  48.11 ms
'confining_string_solver'  42.09 ms
'confining_string_solver'  89.34 ms
'confining_string_solver'  78.59 ms
'confining_string_solver'  22.13 ms
'confining_string_solver'  21.74 ms
'confining_string_solver'  37.22 ms
'confining_string_solver'  33.06 ms
'confining_string_solver'  99.31 ms
'confining_string_solver'  115.57 ms
'confining_string_solver'  37.09 ms
'confining_string_solver'  66.73 ms
'confining_string_solver'  38.29 ms
'confining_string_solver'  80.51 ms
'confining_string_solver'  72.06 ms
'confining_string_solver'  43.19 ms
'confining_string_solver'  61.23 ms
'confining_string_solver'  106.33 ms
'confining_string_solver'  53.14 ms
'confining_string_solver'  46.03 ms
'confining_string_solver'  78.36 ms
'confining_string_solver'  80.89 ms
'confining_string_solver'  62.40 ms
'confining_string_solver'  36.71 ms
'confining_string_solver'  40.63 ms
'confining_string_solver'  40.49 ms
'confining_string_solver'  94.46 ms
'confining_string_solver'  42.01 ms
'confining_string_solver'  54.63 ms
'confining_string_solver'  107.14 ms
'confining_string_solver'  43.52 ms
'confining_string_solver'  38.77 ms
'confining_string_solver'  41.05 ms
'confining_string_solver'  108.39 ms
'confining_string_solver'  41.27 ms
'confining_string_solver'  38.68 ms
'confining_string_solver'  36.48 ms
restore checkpoint
'confining_string_solver'  979216.73 ms
restore checkpoint
save checkpoint
restore checkpoint
save checkpoint
restore checkpoint
'confining_string_solver'  131050.34 ms
'confining_string_solver'  1492708.23 ms
'confining_string_solver'  2889179.19 ms
Pseudo-terminal will not be allocated because stdin is not a terminal.
Submitted batch job 3838636

scontrol show jobid 3837573
JobId=3837573 JobName=CS_k_1
   UserId=wongsun4(3095934) GroupId=epoppitz(6003021) MCS_label=N/A
   Priority=1587311 Nice=0 Account=def-epoppitz QOS=normal
   JobState=COMPLETING Reason=None Dependency=(null)
   Requeue=0 Restarts=0 BatchFlag=1 Reboot=0 ExitCode=0:0
   RunTime=00:58:04 TimeLimit=01:00:00 TimeMin=N/A
   SubmitTime=2020-08-01T14:15:06 EligibleTime=2020-08-01T14:15:06
   AccrueTime=2020-08-01T14:15:06
   StartTime=2020-08-01T14:15:08 EndTime=2020-08-01T15:13:12 Deadline=N/A
   SuspendTime=None SecsPreSuspend=0 LastSchedEval=2020-08-01T14:15:08
   Partition=compute AllocNode:Sid=nia-login01:431950
   ReqNodeList=(null) ExcNodeList=(null)
   NodeList=nia0023
   BatchHost=nia0023
   NumNodes=1 NumCPUs=80 NumTasks=80 CPUs/Task=1 ReqB:S:C:T=0:0:*:*
   TRES=cpu=80,node=1,billing=40
   Socks/Node=* NtasksPerN:B:S:C=80:0:*:* CoreSpec=*
   MinCPUsNode=80 MinMemoryNode=0 MinTmpDiskNode=0
   Features=[skylake|cascade] DelayBoot=00:00:00
   OverSubscribe=NO Contiguous=0 Licenses=(null) Network=(null)
   Command=/gpfs/fs0/scratch/e/epoppitz/wongsun4/Confining-String/Niagara/trial_run_july_31/trial_run_script.sh
   WorkDir=/gpfs/fs0/scratch/e/epoppitz/wongsun4/Confining-String/Niagara/trial_run_july_31
   StdErr=/gpfs/fs0/scratch/e/epoppitz/wongsun4/Confining-String/Niagara/trial_run_july_31/slurm-3837573.out
   StdIn=/dev/null
   StdOut=/gpfs/fs0/scratch/e/epoppitz/wongsun4/Confining-String/Niagara/trial_run_july_31/slurm-3837573.out
   Power=
   MailUser=samuelsy.wong@mail.utoronto.ca MailType=BEGIN,END,FAIL,REQUEUE,STAGE_OUT

sacct -j 3837573
       JobID    JobName    Account    Elapsed  MaxVMSize     MaxRSS  SystemCPU    UserCPU ExitCode 
------------ ---------- ---------- ---------- ---------- ---------- ---------- ---------- -------- 
3837573          CS_k_1 def-epopp+   00:58:04                         01:24:37 1-15:26:10      0:0 
3837573.bat+      batch def-epopp+   00:58:04  37655720K   4205268K   01:24:37 1-15:26:10      0:0 
3837573.ext+     extern def-epopp+   00:58:04    137232K      1044K   00:00:00   00:00:00      0:0 
