Restoring modules from user's confine_module
'confining_string_solver'  15.65 ms
'confining_string_solver'  14.56 ms
'confining_string_solver'  11.73 ms
'confining_string_solver'  11.52 ms
'confining_string_solver'  17.29 ms
'confining_string_solver'  11.55 ms
'confining_string_solver'  16.65 ms
'confining_string_solver'  11.33 ms
'confining_string_solver'  15.92 ms
'confining_string_solver'  16.89 ms
'confining_string_solver'  11.50 ms
'confining_string_solver'  15.99 ms
'confining_string_solver'  11.30 ms
'confining_string_solver'  19.15 ms
'confining_string_solver'  12.76 ms
'confining_string_solver'  22.71 ms
'confining_string_solver'  16.90 ms
'confining_string_solver'  21.94 ms
'confining_string_solver'  16.13 ms
'confining_string_solver'  18.63 ms
'confining_string_solver'  15.61 ms
'confining_string_solver'  15.50 ms
'confining_string_solver'  16.34 ms
'confining_string_solver'  10.91 ms
'confining_string_solver'  69.88 ms
'confining_string_solver'  19.40 ms
'confining_string_solver'  20.12 ms
'confining_string_solver'  16.00 ms
'confining_string_solver'  59.12 ms
'confining_string_solver'  20.19 ms
'confining_string_solver'  20.65 ms
'confining_string_solver'  12.24 ms
'confining_string_solver'  20.57 ms
'confining_string_solver'  35.66 ms
'confining_string_solver'  32.34 ms
'confining_string_solver'  26.97 ms
'confining_string_solver'  30.69 ms
'confining_string_solver'  77.69 ms
'confining_string_solver'  22.57 ms
'confining_string_solver'  72.85 ms
'confining_string_solver'  24.67 ms
'confining_string_solver'  13.17 ms
'confining_string_solver'  22.30 ms
'confining_string_solver'  21.54 ms
'confining_string_solver'  13.48 ms
'confining_string_solver'  27.43 ms
'confining_string_solver'  17.63 ms
'confining_string_solver'  16.77 ms
'confining_string_solver'  66.68 ms
'confining_string_solver'  59.39 ms
'confining_string_solver'  59.56 ms
'confining_string_solver'  81.29 ms
'confining_string_solver'  23.13 ms
'confining_string_solver'  88.46 ms
'confining_string_solver'  17.52 ms
'confining_string_solver'  31.11 ms
'confining_string_solver'  32.25 ms
'confining_string_solver'  30.51 ms
'confining_string_solver'  27.36 ms
'confining_string_solver'  34.60 ms
'confining_string_solver'  11.07 ms
'confining_string_solver'  35.77 ms
'confining_string_solver'  24.41 ms
'confining_string_solver'  62.81 ms
'confining_string_solver'  35.87 ms
'confining_string_solver'  17.15 ms
'confining_string_solver'  48.71 ms
'confining_string_solver'  21.23 ms
'confining_string_solver'  22.61 ms
'confining_string_solver'  25.49 ms
'confining_string_solver'  36.56 ms
'confining_string_solver'  19.69 ms
'confining_string_solver'  18.38 ms
'confining_string_solver'  20.14 ms
'confining_string_solver'  14.30 ms
'confining_string_solver'  19.86 ms
'confining_string_solver'  16.48 ms
'confining_string_solver'  59.12 ms
'confining_string_solver'  31.13 ms
'confining_string_solver'  17.46 ms
'confining_string_solver'  31.66 ms
'confining_string_solver'  22.15 ms
'confining_string_solver'  26.40 ms
'confining_string_solver'  23.61 ms
'confining_string_solver'  28.61 ms
'confining_string_solver'  26.91 ms
'confining_string_solver'  29.52 ms
'confining_string_solver'  23.02 ms
'confining_string_solver'  25.09 ms
'confining_string_solver'  22.27 ms
'confining_string_solver'  36.47 ms
'confining_string_solver'  32.35 ms
'confining_string_solver'  68.15 ms
'confining_string_solver'  23.15 ms
'confining_string_solver'  23.38 ms
'confining_string_solver'  66.45 ms
'confining_string_solver'  69.70 ms
'confining_string_solver'  28.43 ms
'confining_string_solver'  121.59 ms
'confining_string_solver'  37.54 ms
'confining_string_solver'  26.79 ms
'confining_string_solver'  28.14 ms
'confining_string_solver'  27.44 ms
'confining_string_solver'  60.28 ms
'confining_string_solver'  28.88 ms
'confining_string_solver'  28.07 ms
'confining_string_solver'  58.96 ms
'confining_string_solver'  77.73 ms
'confining_string_solver'  68.20 ms
'confining_string_solver'  40.20 ms
'confining_string_solver'  26.52 ms
'confining_string_solver'  67.59 ms
'confining_string_solver'  37.32 ms
'confining_string_solver'  63.70 ms
'confining_string_solver'  41.23 ms
'confining_string_solver'  69.31 ms
'confining_string_solver'  126.99 ms
'confining_string_solver'  36.01 ms
'confining_string_solver'  49.82 ms
'confining_string_solver'  41.44 ms
'confining_string_solver'  27.82 ms
'confining_string_solver'  81.55 ms
'confining_string_solver'  52.21 ms
'confining_string_solver'  26.00 ms
'confining_string_solver'  88.61 ms
'confining_string_solver'  68.03 ms
'confining_string_solver'  54.71 ms
'confining_string_solver'  43.12 ms
'confining_string_solver'  47.30 ms
'confining_string_solver'  42.65 ms
'confining_string_solver'  66.78 ms
'confining_string_solver'  51.35 ms
'confining_string_solver'  37.31 ms
'confining_string_solver'  93.62 ms
'confining_string_solver'  89.33 ms
'confining_string_solver'  39.32 ms
'confining_string_solver'  23.75 ms
'confining_string_solver'  44.22 ms
'confining_string_solver'  61.63 ms
'confining_string_solver'  46.65 ms
'confining_string_solver'  24.68 ms
'confining_string_solver'  64.24 ms
'confining_string_solver'  27.90 ms
'confining_string_solver'  99.37 ms
'confining_string_solver'  45.97 ms
'confining_string_solver'  44.37 ms
'confining_string_solver'  70.74 ms
'confining_string_solver'  78.67 ms
'confining_string_solver'  79.62 ms
'confining_string_solver'  41.21 ms
'confining_string_solver'  36.24 ms
'confining_string_solver'  43.17 ms
'confining_string_solver'  75.32 ms
'confining_string_solver'  81.21 ms
'confining_string_solver'  51.72 ms
'confining_string_solver'  41.34 ms
'confining_string_solver'  36.01 ms
'confining_string_solver'  35.74 ms
'confining_string_solver'  68.42 ms
'confining_string_solver'  36.59 ms
'confining_string_solver'  36.26 ms
'confining_string_solver'  36.78 ms
'confining_string_solver'  42.68 ms
'confining_string_solver'  100.94 ms
'confining_string_solver'  103.72 ms
'confining_string_solver'  98.98 ms
'confining_string_solver'  42.75 ms
'confining_string_solver'  65.66 ms
'confining_string_solver'  82.35 ms
'confining_string_solver'  81.58 ms
'confining_string_solver'  95.13 ms
'confining_string_solver'  95.91 ms
'confining_string_solver'  40.23 ms
'confining_string_solver'  74.12 ms
'confining_string_solver'  39.21 ms
'confining_string_solver'  109.02 ms
'confining_string_solver'  53.99 ms
'confining_string_solver'  39.20 ms
'confining_string_solver'  39.51 ms
'confining_string_solver'  92.06 ms
'confining_string_solver'  39.73 ms
'confining_string_solver'  123.48 ms
'confining_string_solver'  55.92 ms
'confining_string_solver'  79.68 ms
'confining_string_solver'  108.87 ms
'confining_string_solver'  95.78 ms
'confining_string_solver'  33.86 ms
'confining_string_solver'  40.60 ms
Pseudo-terminal will not be allocated because stdin is not a terminal.
Submitted batch job 3843023

scontrol show jobid 3842885
JobId=3842885 JobName=CS_k_1
   UserId=wongsun4(3095934) GroupId=epoppitz(6003021) MCS_label=N/A
   Priority=1584604 Nice=0 Account=def-epoppitz QOS=normal
   JobState=COMPLETING Reason=None Dependency=(null)
   Requeue=0 Restarts=0 BatchFlag=1 Reboot=0 ExitCode=0:0
   RunTime=00:58:02 TimeLimit=01:00:00 TimeMin=N/A
   SubmitTime=2020-08-02T09:50:02 EligibleTime=2020-08-02T09:50:02
   AccrueTime=2020-08-02T09:50:02
   StartTime=2020-08-02T09:50:03 EndTime=2020-08-02T10:48:05 Deadline=N/A
   SuspendTime=None SecsPreSuspend=0 LastSchedEval=2020-08-02T09:50:03
   Partition=compute AllocNode:Sid=nia-login01:376568
   ReqNodeList=(null) ExcNodeList=(null)
   NodeList=nia0029
   BatchHost=nia0029
   NumNodes=1 NumCPUs=80 NumTasks=80 CPUs/Task=1 ReqB:S:C:T=0:0:*:*
   TRES=cpu=80,node=1,billing=40
   Socks/Node=* NtasksPerN:B:S:C=80:0:*:* CoreSpec=*
   MinCPUsNode=80 MinMemoryNode=0 MinTmpDiskNode=0
   Features=[skylake|cascade] DelayBoot=00:00:00
   OverSubscribe=NO Contiguous=0 Licenses=(null) Network=(null)
   Command=/gpfs/fs0/scratch/e/epoppitz/wongsun4/Confining-String/Niagara/trial_run_july_31/trial_run_script.sh
   WorkDir=/gpfs/fs0/scratch/e/epoppitz/wongsun4/Confining-String/Niagara/trial_run_july_31
   StdErr=/gpfs/fs0/scratch/e/epoppitz/wongsun4/Confining-String/Niagara/trial_run_july_31/slurm-3842885.out
   StdIn=/dev/null
   StdOut=/gpfs/fs0/scratch/e/epoppitz/wongsun4/Confining-String/Niagara/trial_run_july_31/slurm-3842885.out
   Power=
   MailUser=samuelsy.wong@mail.utoronto.ca MailType=BEGIN,END,FAIL,REQUEUE,STAGE_OUT

sacct -j 3842885
       JobID    JobName    Account    Elapsed  MaxVMSize     MaxRSS  SystemCPU    UserCPU ExitCode 
------------ ---------- ---------- ---------- ---------- ---------- ---------- ---------- -------- 
3842885          CS_k_1 def-epopp+   00:58:02                        58:00.100 1-03:11:01      0:0 
3842885.bat+      batch def-epopp+   00:58:02  16024272K   2049848K  58:00.100 1-03:11:01      0:0 
3842885.ext+     extern def-epopp+   00:58:02    137232K       856K   00:00:00   00:00:00      0:0 
