Restoring modules from user's confine_module
'confining_string_solver'  21.91 ms
'confining_string_solver'  9.10 ms
'confining_string_solver'  19.24 ms
'confining_string_solver'  15.92 ms
'confining_string_solver'  20.78 ms
'confining_string_solver'  10.76 ms
'confining_string_solver'  22.99 ms
'confining_string_solver'  31.72 ms
'confining_string_solver'  16.33 ms
'confining_string_solver'  16.03 ms
'confining_string_solver'  11.94 ms
'confining_string_solver'  18.95 ms
'confining_string_solver'  27.20 ms
'confining_string_solver'  20.14 ms
'confining_string_solver'  13.64 ms
'confining_string_solver'  20.69 ms
'confining_string_solver'  15.94 ms
'confining_string_solver'  39.81 ms
'confining_string_solver'  31.33 ms
'confining_string_solver'  50.40 ms
'confining_string_solver'  11.62 ms
'confining_string_solver'  17.20 ms
'confining_string_solver'  21.81 ms
'confining_string_solver'  14.35 ms
'confining_string_solver'  35.91 ms
'confining_string_solver'  16.29 ms
'confining_string_solver'  36.75 ms
'confining_string_solver'  23.49 ms
'confining_string_solver'  14.49 ms
'confining_string_solver'  30.92 ms
'confining_string_solver'  20.42 ms
'confining_string_solver'  21.07 ms
'confining_string_solver'  17.22 ms
'confining_string_solver'  39.15 ms
'confining_string_solver'  11.80 ms
'confining_string_solver'  34.53 ms
'confining_string_solver'  11.63 ms
'confining_string_solver'  46.31 ms
'confining_string_solver'  34.45 ms
'confining_string_solver'  64.73 ms
'confining_string_solver'  20.69 ms
'confining_string_solver'  22.23 ms
'confining_string_solver'  27.32 ms
'confining_string_solver'  25.14 ms
'confining_string_solver'  21.42 ms
'confining_string_solver'  22.85 ms
'confining_string_solver'  11.01 ms
'confining_string_solver'  47.09 ms
'confining_string_solver'  10.89 ms
'confining_string_solver'  33.35 ms
'confining_string_solver'  23.66 ms
'confining_string_solver'  15.82 ms
'confining_string_solver'  38.63 ms
'confining_string_solver'  22.93 ms
'confining_string_solver'  26.10 ms
'confining_string_solver'  16.61 ms
'confining_string_solver'  22.94 ms
'confining_string_solver'  60.01 ms
'confining_string_solver'  69.93 ms
'confining_string_solver'  22.65 ms
'confining_string_solver'  14.05 ms
'confining_string_solver'  27.96 ms
'confining_string_solver'  54.41 ms
'confining_string_solver'  19.45 ms
'confining_string_solver'  32.92 ms
'confining_string_solver'  59.97 ms
'confining_string_solver'  32.18 ms
'confining_string_solver'  15.71 ms
'confining_string_solver'  24.13 ms
'confining_string_solver'  55.53 ms
'confining_string_solver'  17.23 ms
'confining_string_solver'  51.09 ms
'confining_string_solver'  19.81 ms
'confining_string_solver'  16.59 ms
'confining_string_solver'  21.19 ms
'confining_string_solver'  61.99 ms
'confining_string_solver'  20.17 ms
'confining_string_solver'  89.61 ms
'confining_string_solver'  25.30 ms
'confining_string_solver'  11.55 ms
'confining_string_solver'  28.88 ms
'confining_string_solver'  25.73 ms
'confining_string_solver'  24.55 ms
'confining_string_solver'  22.89 ms
'confining_string_solver'  26.86 ms
'confining_string_solver'  22.37 ms
'confining_string_solver'  26.72 ms
'confining_string_solver'  36.65 ms
'confining_string_solver'  39.23 ms
'confining_string_solver'  33.96 ms
'confining_string_solver'  30.71 ms
'confining_string_solver'  26.31 ms
'confining_string_solver'  23.66 ms
'confining_string_solver'  28.10 ms
'confining_string_solver'  24.64 ms
'confining_string_solver'  23.50 ms
'confining_string_solver'  30.27 ms
'confining_string_solver'  32.02 ms
'confining_string_solver'  26.06 ms
'confining_string_solver'  30.15 ms
'confining_string_solver'  27.74 ms
'confining_string_solver'  26.28 ms
'confining_string_solver'  36.08 ms
'confining_string_solver'  29.32 ms
'confining_string_solver'  47.44 ms
'confining_string_solver'  32.59 ms
'confining_string_solver'  28.24 ms
'confining_string_solver'  49.62 ms
'confining_string_solver'  38.08 ms
'confining_string_solver'  60.69 ms
'confining_string_solver'  40.34 ms
'confining_string_solver'  27.72 ms
'confining_string_solver'  24.15 ms
'confining_string_solver'  39.74 ms
'confining_string_solver'  52.70 ms
'confining_string_solver'  24.85 ms
'confining_string_solver'  24.70 ms
'confining_string_solver'  42.11 ms
'confining_string_solver'  36.12 ms
'confining_string_solver'  39.38 ms
'confining_string_solver'  51.89 ms
'confining_string_solver'  50.39 ms
'confining_string_solver'  26.92 ms
'confining_string_solver'  34.26 ms
'confining_string_solver'  47.05 ms
'confining_string_solver'  44.37 ms
'confining_string_solver'  40.03 ms
'confining_string_solver'  39.32 ms
'confining_string_solver'  46.32 ms
'confining_string_solver'  42.49 ms
'confining_string_solver'  36.85 ms
'confining_string_solver'  57.37 ms
'confining_string_solver'  51.28 ms
'confining_string_solver'  47.16 ms
'confining_string_solver'  38.05 ms
'confining_string_solver'  40.17 ms
'confining_string_solver'  52.59 ms
'confining_string_solver'  43.78 ms
'confining_string_solver'  38.52 ms
'confining_string_solver'  36.67 ms
'confining_string_solver'  46.16 ms
'confining_string_solver'  42.81 ms
'confining_string_solver'  43.34 ms
'confining_string_solver'  36.54 ms
'confining_string_solver'  41.02 ms
'confining_string_solver'  41.78 ms
'confining_string_solver'  44.91 ms
'confining_string_solver'  41.33 ms
'confining_string_solver'  41.81 ms
'confining_string_solver'  41.59 ms
'confining_string_solver'  44.93 ms
'confining_string_solver'  50.99 ms
'confining_string_solver'  52.51 ms
'confining_string_solver'  47.92 ms
'confining_string_solver'  39.04 ms
'confining_string_solver'  42.26 ms
'confining_string_solver'  44.94 ms
restore checkpoint
'confining_string_solver'  167409.31 ms
restore checkpoint
'confining_string_solver'  431243.46 ms
restore checkpoint
'confining_string_solver'  597025.01 ms
restore checkpoint
'confining_string_solver'  685327.90 ms
restore checkpoint
'confining_string_solver'  724089.47 ms
restore checkpoint
save checkpoint
restore checkpoint
save checkpoint
restore checkpoint
'confining_string_solver'  206796.28 ms
'confining_string_solver'  1205489.81 ms
'confining_string_solver'  2247361.46 ms
Pseudo-terminal will not be allocated because stdin is not a terminal.
Submitted batch job 3835261

scontrol show jobid 3835236
JobId=3835236 JobName=CS_k_1
   UserId=wongsun4(3095934) GroupId=epoppitz(6003021) MCS_label=N/A
   Priority=1607608 Nice=0 Account=def-epoppitz QOS=normal
   JobState=COMPLETING Reason=None Dependency=(null)
   Requeue=0 Restarts=0 BatchFlag=1 Reboot=0 ExitCode=0:0
   RunTime=00:58:02 TimeLimit=01:00:00 TimeMin=N/A
   SubmitTime=2020-08-01T04:34:02 EligibleTime=2020-08-01T04:34:02
   AccrueTime=2020-08-01T04:34:02
   StartTime=2020-08-01T04:34:04 EndTime=2020-08-01T05:32:06 Deadline=N/A
   SuspendTime=None SecsPreSuspend=0 LastSchedEval=2020-08-01T04:34:04
   Partition=compute AllocNode:Sid=nia-login01:129442
   ReqNodeList=(null) ExcNodeList=(null)
   NodeList=nia0162
   BatchHost=nia0162
   NumNodes=1 NumCPUs=80 NumTasks=80 CPUs/Task=1 ReqB:S:C:T=0:0:*:*
   TRES=cpu=80,node=1,billing=40
   Socks/Node=* NtasksPerN:B:S:C=80:0:*:* CoreSpec=*
   MinCPUsNode=80 MinMemoryNode=0 MinTmpDiskNode=0
   Features=[skylake|cascade] DelayBoot=00:00:00
   OverSubscribe=NO Contiguous=0 Licenses=(null) Network=(null)
   Command=/gpfs/fs0/scratch/e/epoppitz/wongsun4/Confining-String/Niagara/trial_run_july_31/trial_run_script.sh
   WorkDir=/gpfs/fs0/scratch/e/epoppitz/wongsun4/Confining-String/Niagara/trial_run_july_31
   StdErr=/gpfs/fs0/scratch/e/epoppitz/wongsun4/Confining-String/Niagara/trial_run_july_31/slurm-3835236.out
   StdIn=/dev/null
   StdOut=/gpfs/fs0/scratch/e/epoppitz/wongsun4/Confining-String/Niagara/trial_run_july_31/slurm-3835236.out
   Power=
   MailUser=samuelsy.wong@mail.utoronto.ca MailType=BEGIN,END,FAIL,REQUEUE,STAGE_OUT

sacct -j 3835236
       JobID    JobName    Account    Elapsed  MaxVMSize     MaxRSS  SystemCPU    UserCPU ExitCode 
------------ ---------- ---------- ---------- ---------- ---------- ---------- ---------- -------- 
3835236          CS_k_1 def-epopp+   00:58:03                         02:34:55 2-18:02:16      0:0 
3835236.bat+      batch def-epopp+   00:58:02 130136992K  12611848K   02:34:55 2-18:02:16      0:0 
3835236.ext+     extern def-epopp+   00:58:03                         00:00:00   00:00:00      0:0 
