Restoring modules from user's confine_module
'confining_string_solver'  78.00 ms
'confining_string_solver'  67.40 ms
'confining_string_solver'  101.61 ms
'confining_string_solver'  122.01 ms
'confining_string_solver'  77.31 ms
'confining_string_solver'  64.32 ms
'confining_string_solver'  64.36 ms
'confining_string_solver'  90.91 ms
'confining_string_solver'  72.00 ms
'confining_string_solver'  91.96 ms
'confining_string_solver'  76.59 ms
'confining_string_solver'  57.03 ms
'confining_string_solver'  83.02 ms
'confining_string_solver'  80.57 ms
'confining_string_solver'  107.22 ms
'confining_string_solver'  86.31 ms
'confining_string_solver'  88.50 ms
'confining_string_solver'  73.96 ms
'confining_string_solver'  111.71 ms
'confining_string_solver'  91.52 ms
'confining_string_solver'  80.28 ms
'confining_string_solver'  95.10 ms
'confining_string_solver'  91.14 ms
'confining_string_solver'  58.57 ms
'confining_string_solver'  92.02 ms
'confining_string_solver'  135.95 ms
'confining_string_solver'  142.23 ms
'confining_string_solver'  83.93 ms
'confining_string_solver'  102.89 ms
'confining_string_solver'  79.66 ms
'confining_string_solver'  64.25 ms
'confining_string_solver'  85.54 ms
'confining_string_solver'  108.07 ms
'confining_string_solver'  121.78 ms
'confining_string_solver'  107.92 ms
'confining_string_solver'  75.51 ms
'confining_string_solver'  118.49 ms
'confining_string_solver'  112.08 ms
'confining_string_solver'  106.31 ms
'confining_string_solver'  109.54 ms
'confining_string_solver'  90.68 ms
'confining_string_solver'  115.61 ms
'confining_string_solver'  116.14 ms
'confining_string_solver'  79.04 ms
'confining_string_solver'  98.35 ms
'confining_string_solver'  92.53 ms
'confining_string_solver'  116.19 ms
'confining_string_solver'  183.23 ms
'confining_string_solver'  151.10 ms
'confining_string_solver'  100.70 ms
'confining_string_solver'  124.96 ms
'confining_string_solver'  112.53 ms
'confining_string_solver'  114.44 ms
'confining_string_solver'  70.54 ms
'confining_string_solver'  77.73 ms
'confining_string_solver'  79.01 ms
'confining_string_solver'  97.41 ms
'confining_string_solver'  100.54 ms
'confining_string_solver'  138.96 ms
'confining_string_solver'  134.76 ms
'confining_string_solver'  86.32 ms
'confining_string_solver'  176.83 ms
'confining_string_solver'  76.95 ms
'confining_string_solver'  112.75 ms
'confining_string_solver'  151.73 ms
'confining_string_solver'  107.96 ms
'confining_string_solver'  89.56 ms
'confining_string_solver'  134.18 ms
'confining_string_solver'  145.16 ms
'confining_string_solver'  108.27 ms
'confining_string_solver'  83.24 ms
'confining_string_solver'  142.02 ms
'confining_string_solver'  125.63 ms
'confining_string_solver'  90.49 ms
'confining_string_solver'  187.37 ms
'confining_string_solver'  186.88 ms
'confining_string_solver'  137.91 ms
'confining_string_solver'  147.42 ms
'confining_string_solver'  91.93 ms
'confining_string_solver'  120.57 ms
'confining_string_solver'  61.15 ms
'confining_string_solver'  80.50 ms
'confining_string_solver'  75.07 ms
'confining_string_solver'  69.15 ms
'confining_string_solver'  67.66 ms
'confining_string_solver'  80.24 ms
'confining_string_solver'  72.10 ms
'confining_string_solver'  79.69 ms
'confining_string_solver'  93.97 ms
'confining_string_solver'  67.50 ms
'confining_string_solver'  79.02 ms
'confining_string_solver'  54.96 ms
'confining_string_solver'  86.57 ms
'confining_string_solver'  80.43 ms
'confining_string_solver'  71.85 ms
'confining_string_solver'  62.93 ms
'confining_string_solver'  91.67 ms
'confining_string_solver'  73.83 ms
'confining_string_solver'  71.37 ms
'confining_string_solver'  84.52 ms
'confining_string_solver'  81.17 ms
'confining_string_solver'  81.08 ms
'confining_string_solver'  84.87 ms
'confining_string_solver'  116.49 ms
'confining_string_solver'  104.86 ms
'confining_string_solver'  92.93 ms
'confining_string_solver'  84.08 ms
'confining_string_solver'  71.28 ms
'confining_string_solver'  80.31 ms
'confining_string_solver'  79.66 ms
'confining_string_solver'  95.21 ms
'confining_string_solver'  86.15 ms
'confining_string_solver'  84.61 ms
'confining_string_solver'  64.70 ms
'confining_string_solver'  104.26 ms
'confining_string_solver'  67.05 ms
'confining_string_solver'  117.82 ms
'confining_string_solver'  99.98 ms
'confining_string_solver'  85.01 ms
'confining_string_solver'  83.98 ms
'confining_string_solver'  112.17 ms
'confining_string_solver'  89.95 ms
'confining_string_solver'  131.97 ms
'confining_string_solver'  106.31 ms
'confining_string_solver'  101.00 ms
'confining_string_solver'  133.26 ms
'confining_string_solver'  117.62 ms
'confining_string_solver'  89.18 ms
'confining_string_solver'  103.53 ms
'confining_string_solver'  108.14 ms
'confining_string_solver'  103.00 ms
'confining_string_solver'  117.00 ms
'confining_string_solver'  89.61 ms
'confining_string_solver'  103.00 ms
'confining_string_solver'  79.56 ms
'confining_string_solver'  89.34 ms
'confining_string_solver'  103.97 ms
'confining_string_solver'  121.15 ms
'confining_string_solver'  110.32 ms
'confining_string_solver'  137.01 ms
'confining_string_solver'  100.66 ms
'confining_string_solver'  89.02 ms
'confining_string_solver'  143.88 ms
'confining_string_solver'  87.63 ms
'confining_string_solver'  84.27 ms
'confining_string_solver'  81.67 ms
'confining_string_solver'  78.70 ms
'confining_string_solver'  66.29 ms
'confining_string_solver'  87.39 ms
'confining_string_solver'  86.80 ms
'confining_string_solver'  81.94 ms
'confining_string_solver'  100.40 ms
'confining_string_solver'  111.02 ms
'confining_string_solver'  125.01 ms
'confining_string_solver'  100.00 ms
'confining_string_solver'  102.68 ms
'confining_string_solver'  114.77 ms
'confining_string_solver'  96.39 ms
'confining_string_solver'  73.38 ms
'confining_string_solver'  104.39 ms
'confining_string_solver'  80.21 ms
'confining_string_solver'  79.46 ms
'confining_string_solver'  95.53 ms
'confining_string_solver'  82.44 ms
'confining_string_solver'  93.13 ms
'confining_string_solver'  90.83 ms
'confining_string_solver'  97.65 ms
'confining_string_solver'  80.19 ms
'confining_string_solver'  112.82 ms
'confining_string_solver'  101.26 ms
'confining_string_solver'  92.63 ms
'confining_string_solver'  94.94 ms
'confining_string_solver'  84.84 ms
'confining_string_solver'  90.25 ms
restore checkpoint
save checkpoint
restore checkpoint
'confining_string_solver'  141823.17 ms
'confining_string_solver'  1508808.70 ms
restore checkpoint
save checkpoint
restore checkpoint
'confining_string_solver'  271969.78 ms
'confining_string_solver'  1686379.58 ms
Pseudo-terminal will not be allocated because stdin is not a terminal.
Submitted batch job 3837022

scontrol show jobid 3835469
JobId=3835469 JobName=CS_k_1
   UserId=wongsun4(3095934) GroupId=epoppitz(6003021) MCS_label=N/A
   Priority=1604902 Nice=0 Account=def-epoppitz QOS=normal
   JobState=COMPLETING Reason=None Dependency=(null)
   Requeue=0 Restarts=0 BatchFlag=1 Reboot=0 ExitCode=0:0
   RunTime=00:58:06 TimeLimit=01:00:00 TimeMin=N/A
   SubmitTime=2020-08-01T09:24:29 EligibleTime=2020-08-01T09:24:29
   AccrueTime=2020-08-01T09:24:29
   StartTime=2020-08-01T09:24:37 EndTime=2020-08-01T10:22:43 Deadline=N/A
   SuspendTime=None SecsPreSuspend=0 LastSchedEval=2020-08-01T09:24:37
   Partition=compute AllocNode:Sid=nia-login01:23005
   ReqNodeList=(null) ExcNodeList=(null)
   NodeList=nia0889
   BatchHost=nia0889
   NumNodes=1 NumCPUs=80 NumTasks=80 CPUs/Task=1 ReqB:S:C:T=0:0:*:*
   TRES=cpu=80,node=1,billing=40
   Socks/Node=* NtasksPerN:B:S:C=80:0:*:* CoreSpec=*
   MinCPUsNode=80 MinMemoryNode=0 MinTmpDiskNode=0
   Features=[skylake|cascade] DelayBoot=00:00:00
   OverSubscribe=NO Contiguous=0 Licenses=(null) Network=(null)
   Command=/gpfs/fs0/scratch/e/epoppitz/wongsun4/Confining-String/Niagara/trial_run_july_31/trial_run_script.sh
   WorkDir=/gpfs/fs0/scratch/e/epoppitz/wongsun4/Confining-String/Niagara/trial_run_july_31
   StdErr=/gpfs/fs0/scratch/e/epoppitz/wongsun4/Confining-String/Niagara/trial_run_july_31/slurm-3835469.out
   StdIn=/dev/null
   StdOut=/gpfs/fs0/scratch/e/epoppitz/wongsun4/Confining-String/Niagara/trial_run_july_31/slurm-3835469.out
   Power=
   MailUser=samuelsy.wong@mail.utoronto.ca MailType=BEGIN,END,FAIL,REQUEUE,STAGE_OUT

sacct -j 3835469
       JobID    JobName    Account    Elapsed  MaxVMSize     MaxRSS  SystemCPU    UserCPU ExitCode 
------------ ---------- ---------- ---------- ---------- ---------- ---------- ---------- -------- 
3835469          CS_k_1 def-epopp+   00:58:07                         00:00:00   00:00:00      0:0 
3835469.bat+      batch def-epopp+   00:58:07                         00:00:00   00:00:00      0:0 
3835469.ext+     extern def-epopp+   00:58:07                         00:00:00   00:00:00      0:0 
