Restoring modules from user's confine_module
'confining_string_solver'  62.84 ms
'confining_string_solver'  64.36 ms
'confining_string_solver'  78.49 ms
'confining_string_solver'  66.24 ms
'confining_string_solver'  64.71 ms
'confining_string_solver'  86.62 ms
'confining_string_solver'  77.03 ms
'confining_string_solver'  102.18 ms
'confining_string_solver'  54.37 ms
'confining_string_solver'  86.60 ms
'confining_string_solver'  65.68 ms
'confining_string_solver'  84.54 ms
'confining_string_solver'  66.91 ms
'confining_string_solver'  75.79 ms
'confining_string_solver'  87.65 ms
'confining_string_solver'  48.42 ms
'confining_string_solver'  84.82 ms
'confining_string_solver'  71.30 ms
'confining_string_solver'  81.51 ms
'confining_string_solver'  105.99 ms
'confining_string_solver'  85.76 ms
'confining_string_solver'  73.65 ms
'confining_string_solver'  115.61 ms
'confining_string_solver'  89.11 ms
'confining_string_solver'  59.66 ms
'confining_string_solver'  102.21 ms
'confining_string_solver'  68.48 ms
'confining_string_solver'  76.54 ms
'confining_string_solver'  62.00 ms
'confining_string_solver'  102.59 ms
'confining_string_solver'  126.33 ms
'confining_string_solver'  150.45 ms
'confining_string_solver'  153.68 ms
'confining_string_solver'  112.50 ms
'confining_string_solver'  117.15 ms
'confining_string_solver'  113.95 ms
'confining_string_solver'  133.48 ms
'confining_string_solver'  91.58 ms
'confining_string_solver'  143.04 ms
'confining_string_solver'  167.96 ms
'confining_string_solver'  135.98 ms
'confining_string_solver'  97.63 ms
'confining_string_solver'  99.85 ms
'confining_string_solver'  95.60 ms
'confining_string_solver'  88.23 ms
'confining_string_solver'  72.91 ms
'confining_string_solver'  86.41 ms
'confining_string_solver'  45.01 ms
'confining_string_solver'  77.74 ms
'confining_string_solver'  111.18 ms
'confining_string_solver'  44.86 ms
'confining_string_solver'  147.79 ms
'confining_string_solver'  104.44 ms
'confining_string_solver'  92.66 ms
'confining_string_solver'  122.88 ms
'confining_string_solver'  63.55 ms
'confining_string_solver'  105.74 ms
'confining_string_solver'  85.70 ms
'confining_string_solver'  151.40 ms
'confining_string_solver'  139.16 ms
'confining_string_solver'  101.76 ms
'confining_string_solver'  110.88 ms
'confining_string_solver'  102.87 ms
'confining_string_solver'  78.38 ms
'confining_string_solver'  90.20 ms
'confining_string_solver'  107.53 ms
'confining_string_solver'  101.52 ms
'confining_string_solver'  139.07 ms
'confining_string_solver'  139.32 ms
'confining_string_solver'  79.72 ms
'confining_string_solver'  72.92 ms
'confining_string_solver'  149.50 ms
'confining_string_solver'  72.18 ms
'confining_string_solver'  72.89 ms
'confining_string_solver'  198.62 ms
'confining_string_solver'  72.10 ms
'confining_string_solver'  108.03 ms
'confining_string_solver'  79.84 ms
'confining_string_solver'  71.74 ms
'confining_string_solver'  183.04 ms
'confining_string_solver'  73.63 ms
'confining_string_solver'  83.85 ms
'confining_string_solver'  74.62 ms
'confining_string_solver'  61.14 ms
'confining_string_solver'  117.41 ms
'confining_string_solver'  140.76 ms
'confining_string_solver'  61.09 ms
'confining_string_solver'  95.56 ms
'confining_string_solver'  82.98 ms
'confining_string_solver'  58.73 ms
'confining_string_solver'  92.68 ms
'confining_string_solver'  78.88 ms
'confining_string_solver'  93.13 ms
'confining_string_solver'  78.40 ms
'confining_string_solver'  71.48 ms
'confining_string_solver'  94.57 ms
'confining_string_solver'  88.06 ms
'confining_string_solver'  81.10 ms
'confining_string_solver'  82.68 ms
'confining_string_solver'  82.75 ms
'confining_string_solver'  78.17 ms
'confining_string_solver'  76.62 ms
'confining_string_solver'  82.55 ms
'confining_string_solver'  73.81 ms
'confining_string_solver'  102.14 ms
'confining_string_solver'  87.96 ms
'confining_string_solver'  109.32 ms
'confining_string_solver'  144.01 ms
'confining_string_solver'  95.04 ms
'confining_string_solver'  102.21 ms
'confining_string_solver'  94.61 ms
'confining_string_solver'  118.55 ms
'confining_string_solver'  82.78 ms
'confining_string_solver'  102.43 ms
'confining_string_solver'  128.95 ms
'confining_string_solver'  141.41 ms
'confining_string_solver'  121.06 ms
'confining_string_solver'  138.68 ms
'confining_string_solver'  117.44 ms
'confining_string_solver'  148.39 ms
'confining_string_solver'  95.88 ms
'confining_string_solver'  106.85 ms
'confining_string_solver'  115.78 ms
'confining_string_solver'  100.95 ms
'confining_string_solver'  102.38 ms
'confining_string_solver'  107.62 ms
'confining_string_solver'  137.24 ms
'confining_string_solver'  141.13 ms
'confining_string_solver'  92.21 ms
'confining_string_solver'  118.40 ms
'confining_string_solver'  87.75 ms
'confining_string_solver'  113.93 ms
'confining_string_solver'  96.84 ms
'confining_string_solver'  113.96 ms
'confining_string_solver'  94.68 ms
'confining_string_solver'  135.52 ms
'confining_string_solver'  147.06 ms
'confining_string_solver'  122.45 ms
'confining_string_solver'  116.62 ms
'confining_string_solver'  134.74 ms
'confining_string_solver'  122.03 ms
'confining_string_solver'  75.52 ms
'confining_string_solver'  133.41 ms
'confining_string_solver'  97.81 ms
'confining_string_solver'  117.47 ms
'confining_string_solver'  104.94 ms
'confining_string_solver'  105.15 ms
'confining_string_solver'  114.07 ms
'confining_string_solver'  100.33 ms
'confining_string_solver'  126.65 ms
'confining_string_solver'  70.30 ms
'confining_string_solver'  115.88 ms
'confining_string_solver'  72.61 ms
'confining_string_solver'  87.65 ms
'confining_string_solver'  125.57 ms
'confining_string_solver'  99.34 ms
'confining_string_solver'  78.02 ms
'confining_string_solver'  73.59 ms
'confining_string_solver'  120.15 ms
'confining_string_solver'  69.04 ms
'confining_string_solver'  100.13 ms
'confining_string_solver'  81.28 ms
'confining_string_solver'  121.57 ms
'confining_string_solver'  93.75 ms
'confining_string_solver'  119.25 ms
'confining_string_solver'  132.18 ms
'confining_string_solver'  115.11 ms
'confining_string_solver'  100.20 ms
'confining_string_solver'  86.62 ms
'confining_string_solver'  116.02 ms
'confining_string_solver'  82.91 ms
'confining_string_solver'  93.39 ms
'confining_string_solver'  106.74 ms
'confining_string_solver'  113.92 ms
'confining_string_solver'  107.90 ms
'confining_string_solver'  94.70 ms
'confining_string_solver'  96.33 ms
'confining_string_solver'  92.35 ms
'confining_string_solver'  97.02 ms
'confining_string_solver'  97.80 ms
'confining_string_solver'  114.45 ms
'confining_string_solver'  94.24 ms
'confining_string_solver'  116.99 ms
'confining_string_solver'  106.83 ms
'confining_string_solver'  197.58 ms
'confining_string_solver'  114.24 ms
'confining_string_solver'  108.53 ms
'confining_string_solver'  129.38 ms
Pseudo-terminal will not be allocated because stdin is not a terminal.
Submitted batch job 3839448

scontrol show jobid 3839361
JobId=3839361 JobName=CS_k_1
   UserId=wongsun4(3095934) GroupId=epoppitz(6003021) MCS_label=N/A
   Priority=1591370 Nice=0 Account=def-epoppitz QOS=normal
   JobState=COMPLETING Reason=None Dependency=(null)
   Requeue=0 Restarts=0 BatchFlag=1 Reboot=0 ExitCode=0:0
   RunTime=00:58:04 TimeLimit=01:00:00 TimeMin=N/A
   SubmitTime=2020-08-01T21:12:32 EligibleTime=2020-08-01T21:12:32
   AccrueTime=2020-08-01T21:12:32
   StartTime=2020-08-01T21:12:34 EndTime=2020-08-01T22:10:38 Deadline=N/A
   SuspendTime=None SecsPreSuspend=0 LastSchedEval=2020-08-01T21:12:34
   Partition=compute AllocNode:Sid=nia-login01:360971
   ReqNodeList=(null) ExcNodeList=(null)
   NodeList=nia0129
   BatchHost=nia0129
   NumNodes=1 NumCPUs=80 NumTasks=80 CPUs/Task=1 ReqB:S:C:T=0:0:*:*
   TRES=cpu=80,node=1,billing=40
   Socks/Node=* NtasksPerN:B:S:C=80:0:*:* CoreSpec=*
   MinCPUsNode=80 MinMemoryNode=0 MinTmpDiskNode=0
   Features=[skylake|cascade] DelayBoot=00:00:00
   OverSubscribe=NO Contiguous=0 Licenses=(null) Network=(null)
   Command=/gpfs/fs0/scratch/e/epoppitz/wongsun4/Confining-String/Niagara/trial_run_july_31/trial_run_script.sh
   WorkDir=/gpfs/fs0/scratch/e/epoppitz/wongsun4/Confining-String/Niagara/trial_run_july_31
   StdErr=/gpfs/fs0/scratch/e/epoppitz/wongsun4/Confining-String/Niagara/trial_run_july_31/slurm-3839361.out
   StdIn=/dev/null
   StdOut=/gpfs/fs0/scratch/e/epoppitz/wongsun4/Confining-String/Niagara/trial_run_july_31/slurm-3839361.out
   Power=
   MailUser=samuelsy.wong@mail.utoronto.ca MailType=BEGIN,END,FAIL,REQUEUE,STAGE_OUT

sacct -j 3839361
       JobID    JobName    Account    Elapsed  MaxVMSize     MaxRSS  SystemCPU    UserCPU ExitCode 
------------ ---------- ---------- ---------- ---------- ---------- ---------- ---------- -------- 
3839361          CS_k_1 def-epopp+   00:58:04                         01:01:22 1-02:58:24      0:0 
3839361.bat+      batch def-epopp+   00:58:04  69025596K   7564904K   01:01:22 1-02:58:24      0:0 
3839361.ext+     extern def-epopp+   00:58:04    137232K       856K   00:00:00   00:00:00      0:0 
