Restoring modules from user's confine_module
'confining_string_solver'  64.80 ms
'confining_string_solver'  40.58 ms
'confining_string_solver'  37.96 ms
'confining_string_solver'  35.41 ms
'confining_string_solver'  45.24 ms
'confining_string_solver'  56.22 ms
'confining_string_solver'  69.13 ms
'confining_string_solver'  65.59 ms
'confining_string_solver'  52.30 ms
'confining_string_solver'  52.64 ms
'confining_string_solver'  62.54 ms
'confining_string_solver'  66.30 ms
'confining_string_solver'  48.15 ms
'confining_string_solver'  98.94 ms
'confining_string_solver'  83.63 ms
'confining_string_solver'  108.17 ms
'confining_string_solver'  71.18 ms
'confining_string_solver'  98.08 ms
'confining_string_solver'  49.92 ms
'confining_string_solver'  47.93 ms
'confining_string_solver'  83.62 ms
'confining_string_solver'  49.55 ms
'confining_string_solver'  95.53 ms
'confining_string_solver'  53.40 ms
'confining_string_solver'  86.94 ms
'confining_string_solver'  69.72 ms
'confining_string_solver'  90.86 ms
'confining_string_solver'  112.06 ms
'confining_string_solver'  56.72 ms
'confining_string_solver'  62.19 ms
'confining_string_solver'  68.94 ms
'confining_string_solver'  52.17 ms
'confining_string_solver'  93.46 ms
'confining_string_solver'  106.71 ms
'confining_string_solver'  103.48 ms
'confining_string_solver'  42.80 ms
'confining_string_solver'  75.16 ms
'confining_string_solver'  92.15 ms
'confining_string_solver'  102.32 ms
'confining_string_solver'  72.26 ms
'confining_string_solver'  110.15 ms
'confining_string_solver'  106.80 ms
'confining_string_solver'  60.48 ms
'confining_string_solver'  53.59 ms
'confining_string_solver'  48.06 ms
'confining_string_solver'  66.53 ms
'confining_string_solver'  107.32 ms
'confining_string_solver'  84.46 ms
'confining_string_solver'  94.49 ms
'confining_string_solver'  106.10 ms
'confining_string_solver'  60.28 ms
'confining_string_solver'  87.09 ms
'confining_string_solver'  115.30 ms
'confining_string_solver'  95.87 ms
'confining_string_solver'  71.45 ms
'confining_string_solver'  85.48 ms
'confining_string_solver'  105.82 ms
'confining_string_solver'  52.51 ms
'confining_string_solver'  74.17 ms
'confining_string_solver'  70.38 ms
'confining_string_solver'  83.44 ms
'confining_string_solver'  64.62 ms
'confining_string_solver'  42.72 ms
'confining_string_solver'  66.93 ms
'confining_string_solver'  82.02 ms
'confining_string_solver'  113.96 ms
'confining_string_solver'  59.98 ms
'confining_string_solver'  85.64 ms
'confining_string_solver'  96.67 ms
'confining_string_solver'  38.95 ms
'confining_string_solver'  86.30 ms
'confining_string_solver'  132.69 ms
'confining_string_solver'  80.40 ms
'confining_string_solver'  54.34 ms
'confining_string_solver'  129.17 ms
'confining_string_solver'  50.64 ms
'confining_string_solver'  64.70 ms
'confining_string_solver'  96.64 ms
'confining_string_solver'  102.20 ms
'confining_string_solver'  101.25 ms
'confining_string_solver'  75.34 ms
'confining_string_solver'  121.26 ms
'confining_string_solver'  66.98 ms
'confining_string_solver'  66.80 ms
'confining_string_solver'  57.38 ms
'confining_string_solver'  79.31 ms
'confining_string_solver'  64.96 ms
'confining_string_solver'  90.81 ms
'confining_string_solver'  94.84 ms
'confining_string_solver'  70.57 ms
'confining_string_solver'  61.86 ms
'confining_string_solver'  76.16 ms
'confining_string_solver'  81.92 ms
'confining_string_solver'  83.65 ms
'confining_string_solver'  53.24 ms
'confining_string_solver'  77.59 ms
'confining_string_solver'  113.58 ms
'confining_string_solver'  86.15 ms
'confining_string_solver'  72.37 ms
'confining_string_solver'  119.53 ms
'confining_string_solver'  99.43 ms
'confining_string_solver'  73.04 ms
'confining_string_solver'  77.27 ms
'confining_string_solver'  69.49 ms
'confining_string_solver'  72.28 ms
'confining_string_solver'  86.12 ms
'confining_string_solver'  99.59 ms
'confining_string_solver'  80.69 ms
'confining_string_solver'  99.45 ms
'confining_string_solver'  81.70 ms
'confining_string_solver'  89.41 ms
'confining_string_solver'  66.13 ms
'confining_string_solver'  103.94 ms
'confining_string_solver'  135.23 ms
'confining_string_solver'  72.05 ms
'confining_string_solver'  102.48 ms
'confining_string_solver'  93.93 ms
'confining_string_solver'  97.60 ms
'confining_string_solver'  91.49 ms
'confining_string_solver'  105.05 ms
'confining_string_solver'  114.64 ms
'confining_string_solver'  139.22 ms
'confining_string_solver'  105.52 ms
'confining_string_solver'  112.49 ms
'confining_string_solver'  139.19 ms
'confining_string_solver'  106.35 ms
'confining_string_solver'  148.17 ms
'confining_string_solver'  111.33 ms
'confining_string_solver'  116.77 ms
'confining_string_solver'  104.04 ms
'confining_string_solver'  116.26 ms
'confining_string_solver'  143.89 ms
'confining_string_solver'  87.78 ms
'confining_string_solver'  89.87 ms
'confining_string_solver'  131.35 ms
'confining_string_solver'  104.34 ms
'confining_string_solver'  144.43 ms
'confining_string_solver'  109.08 ms
'confining_string_solver'  107.14 ms
'confining_string_solver'  96.96 ms
'confining_string_solver'  91.82 ms
'confining_string_solver'  121.90 ms
'confining_string_solver'  133.23 ms
'confining_string_solver'  65.20 ms
'confining_string_solver'  139.24 ms
'confining_string_solver'  135.64 ms
'confining_string_solver'  109.73 ms
'confining_string_solver'  146.73 ms
'confining_string_solver'  95.89 ms
'confining_string_solver'  89.10 ms
'confining_string_solver'  65.23 ms
'confining_string_solver'  79.84 ms
'confining_string_solver'  75.73 ms
'confining_string_solver'  91.92 ms
'confining_string_solver'  76.51 ms
'confining_string_solver'  88.10 ms
'confining_string_solver'  83.62 ms
'confining_string_solver'  100.29 ms
'confining_string_solver'  121.58 ms
'confining_string_solver'  87.15 ms
'confining_string_solver'  108.86 ms
'confining_string_solver'  105.82 ms
'confining_string_solver'  140.88 ms
'confining_string_solver'  106.09 ms
'confining_string_solver'  81.26 ms
'confining_string_solver'  91.31 ms
'confining_string_solver'  147.93 ms
'confining_string_solver'  89.59 ms
'confining_string_solver'  78.19 ms
'confining_string_solver'  98.82 ms
'confining_string_solver'  109.59 ms
'confining_string_solver'  96.12 ms
'confining_string_solver'  111.58 ms
'confining_string_solver'  84.10 ms
'confining_string_solver'  95.53 ms
'confining_string_solver'  104.58 ms
'confining_string_solver'  85.62 ms
'confining_string_solver'  93.70 ms
'confining_string_solver'  92.82 ms
'confining_string_solver'  106.94 ms
'confining_string_solver'  93.59 ms
'confining_string_solver'  118.74 ms
'confining_string_solver'  109.25 ms
'confining_string_solver'  90.10 ms
'confining_string_solver'  73.21 ms
restore checkpoint
'confining_string_solver'  916648.76 ms
Pseudo-terminal will not be allocated because stdin is not a terminal.
Submitted batch job 3838844

scontrol show jobid 3838736
JobId=3838736 JobName=CS_k_1
   UserId=wongsun4(3095934) GroupId=epoppitz(6003021) MCS_label=N/A
   Priority=1572434 Nice=0 Account=def-epoppitz QOS=normal
   JobState=COMPLETING Reason=None Dependency=(null)
   Requeue=0 Restarts=1 BatchFlag=2 Reboot=0 ExitCode=0:0
   RunTime=00:58:05 TimeLimit=01:00:00 TimeMin=N/A
   SubmitTime=2020-08-01T16:12:58 EligibleTime=2020-08-01T16:12:58
   AccrueTime=2020-08-01T16:12:58
   StartTime=2020-08-01T16:21:04 EndTime=2020-08-01T17:19:09 Deadline=N/A
   SuspendTime=None SecsPreSuspend=0 LastSchedEval=2020-08-01T16:21:04
   Partition=compute AllocNode:Sid=nia-login01:86624
   ReqNodeList=(null) ExcNodeList=(null)
   NodeList=nia0448
   BatchHost=nia0448
   NumNodes=1 NumCPUs=80 NumTasks=80 CPUs/Task=1 ReqB:S:C:T=0:0:*:*
   TRES=cpu=80,node=1,billing=40
   Socks/Node=* NtasksPerN:B:S:C=80:0:*:* CoreSpec=*
   MinCPUsNode=80 MinMemoryNode=0 MinTmpDiskNode=0
   Features=[skylake|cascade] DelayBoot=00:00:00
   OverSubscribe=NO Contiguous=0 Licenses=(null) Network=(null)
   Command=/gpfs/fs0/scratch/e/epoppitz/wongsun4/Confining-String/Niagara/trial_run_july_31/trial_run_script.sh
   WorkDir=/gpfs/fs0/scratch/e/epoppitz/wongsun4/Confining-String/Niagara/trial_run_july_31
   StdErr=/gpfs/fs0/scratch/e/epoppitz/wongsun4/Confining-String/Niagara/trial_run_july_31/slurm-3838736.out
   StdIn=/dev/null
   StdOut=/gpfs/fs0/scratch/e/epoppitz/wongsun4/Confining-String/Niagara/trial_run_july_31/slurm-3838736.out
   Power=
   MailUser=samuelsy.wong@mail.utoronto.ca MailType=BEGIN,END,FAIL,REQUEUE,STAGE_OUT

sacct -j 3838736
       JobID    JobName    Account    Elapsed  MaxVMSize     MaxRSS  SystemCPU    UserCPU ExitCode 
------------ ---------- ---------- ---------- ---------- ---------- ---------- ---------- -------- 
3838736          CS_k_1 def-epopp+   00:58:05                         01:10:23 1-08:12:40      0:0 
3838736.bat+      batch def-epopp+   01:05:28  69822844K   8360476K   01:10:23 1-08:12:40      0:0 
3838736.ext+     extern def-epopp+   01:05:28    137232K       856K   00:00:00   00:00:00      0:0 
