Restoring modules from user's confine_module
'confining_string_solver'  50.26 ms
'confining_string_solver'  23.79 ms
'confining_string_solver'  72.26 ms
'confining_string_solver'  15.12 ms
'confining_string_solver'  17.30 ms
'confining_string_solver'  11.12 ms
'confining_string_solver'  16.40 ms
'confining_string_solver'  11.36 ms
'confining_string_solver'  51.53 ms
'confining_string_solver'  53.14 ms
'confining_string_solver'  33.11 ms
'confining_string_solver'  14.37 ms
'confining_string_solver'  58.98 ms
'confining_string_solver'  20.92 ms
'confining_string_solver'  51.32 ms
'confining_string_solver'  49.94 ms
'confining_string_solver'  71.40 ms
'confining_string_solver'  51.87 ms
'confining_string_solver'  59.39 ms
'confining_string_solver'  16.89 ms
'confining_string_solver'  11.61 ms
'confining_string_solver'  65.59 ms
'confining_string_solver'  12.72 ms
'confining_string_solver'  58.21 ms
'confining_string_solver'  58.35 ms
'confining_string_solver'  66.90 ms
'confining_string_solver'  40.90 ms
'confining_string_solver'  60.16 ms
'confining_string_solver'  86.17 ms
'confining_string_solver'  56.52 ms
'confining_string_solver'  13.61 ms
'confining_string_solver'  52.14 ms
'confining_string_solver'  60.64 ms
'confining_string_solver'  67.57 ms
'confining_string_solver'  22.56 ms
'confining_string_solver'  17.76 ms
'confining_string_solver'  28.50 ms
'confining_string_solver'  34.11 ms
'confining_string_solver'  11.82 ms
'confining_string_solver'  50.11 ms
'confining_string_solver'  54.90 ms
'confining_string_solver'  31.16 ms
'confining_string_solver'  13.54 ms
'confining_string_solver'  49.41 ms
'confining_string_solver'  81.37 ms
'confining_string_solver'  50.45 ms
'confining_string_solver'  36.96 ms
'confining_string_solver'  56.87 ms
'confining_string_solver'  27.22 ms
'confining_string_solver'  12.07 ms
'confining_string_solver'  66.40 ms
'confining_string_solver'  13.02 ms
'confining_string_solver'  24.62 ms
'confining_string_solver'  20.74 ms
'confining_string_solver'  12.58 ms
'confining_string_solver'  53.54 ms
'confining_string_solver'  66.69 ms
'confining_string_solver'  61.96 ms
'confining_string_solver'  19.96 ms
'confining_string_solver'  71.17 ms
'confining_string_solver'  94.60 ms
'confining_string_solver'  56.23 ms
'confining_string_solver'  66.17 ms
'confining_string_solver'  56.62 ms
'confining_string_solver'  80.45 ms
'confining_string_solver'  66.50 ms
'confining_string_solver'  93.78 ms
'confining_string_solver'  34.07 ms
'confining_string_solver'  76.39 ms
'confining_string_solver'  51.96 ms
'confining_string_solver'  59.20 ms
'confining_string_solver'  80.07 ms
'confining_string_solver'  47.87 ms
'confining_string_solver'  41.65 ms
'confining_string_solver'  89.99 ms
'confining_string_solver'  68.15 ms
'confining_string_solver'  58.13 ms
'confining_string_solver'  17.45 ms
'confining_string_solver'  61.10 ms
'confining_string_solver'  74.53 ms
'confining_string_solver'  66.36 ms
'confining_string_solver'  22.46 ms
'confining_string_solver'  73.97 ms
'confining_string_solver'  73.72 ms
'confining_string_solver'  41.48 ms
'confining_string_solver'  66.49 ms
'confining_string_solver'  72.03 ms
'confining_string_solver'  88.23 ms
'confining_string_solver'  75.66 ms
'confining_string_solver'  32.02 ms
'confining_string_solver'  22.47 ms
'confining_string_solver'  56.55 ms
'confining_string_solver'  31.11 ms
'confining_string_solver'  56.30 ms
'confining_string_solver'  26.69 ms
'confining_string_solver'  56.54 ms
'confining_string_solver'  33.45 ms
'confining_string_solver'  28.20 ms
'confining_string_solver'  78.02 ms
'confining_string_solver'  54.89 ms
'confining_string_solver'  74.35 ms
'confining_string_solver'  73.40 ms
'confining_string_solver'  89.66 ms
'confining_string_solver'  79.89 ms
'confining_string_solver'  26.53 ms
'confining_string_solver'  104.93 ms
'confining_string_solver'  24.98 ms
'confining_string_solver'  64.92 ms
'confining_string_solver'  51.70 ms
'confining_string_solver'  75.99 ms
'confining_string_solver'  81.34 ms
'confining_string_solver'  79.61 ms
'confining_string_solver'  75.80 ms
'confining_string_solver'  89.78 ms
'confining_string_solver'  107.16 ms
'confining_string_solver'  41.88 ms
'confining_string_solver'  41.76 ms
'confining_string_solver'  101.03 ms
'confining_string_solver'  120.41 ms
'confining_string_solver'  23.26 ms
'confining_string_solver'  31.13 ms
'confining_string_solver'  93.64 ms
'confining_string_solver'  29.08 ms
'confining_string_solver'  123.98 ms
'confining_string_solver'  119.92 ms
'confining_string_solver'  106.69 ms
'confining_string_solver'  88.35 ms
'confining_string_solver'  67.84 ms
'confining_string_solver'  122.41 ms
'confining_string_solver'  114.06 ms
'confining_string_solver'  29.28 ms
'confining_string_solver'  106.97 ms
'confining_string_solver'  74.67 ms
'confining_string_solver'  94.40 ms
'confining_string_solver'  130.39 ms
'confining_string_solver'  140.70 ms
'confining_string_solver'  100.97 ms
'confining_string_solver'  118.12 ms
'confining_string_solver'  84.87 ms
'confining_string_solver'  94.68 ms
'confining_string_solver'  95.89 ms
'confining_string_solver'  44.83 ms
'confining_string_solver'  116.40 ms
'confining_string_solver'  102.91 ms
'confining_string_solver'  131.77 ms
'confining_string_solver'  76.94 ms
'confining_string_solver'  75.49 ms
'confining_string_solver'  99.96 ms
'confining_string_solver'  48.84 ms
'confining_string_solver'  89.97 ms
'confining_string_solver'  103.81 ms
'confining_string_solver'  85.41 ms
'confining_string_solver'  88.37 ms
'confining_string_solver'  91.03 ms
'confining_string_solver'  100.74 ms
'confining_string_solver'  100.88 ms
'confining_string_solver'  78.73 ms
'confining_string_solver'  76.62 ms
'confining_string_solver'  68.24 ms
'confining_string_solver'  63.37 ms
'confining_string_solver'  107.01 ms
'confining_string_solver'  117.59 ms
'confining_string_solver'  69.88 ms
'confining_string_solver'  125.27 ms
'confining_string_solver'  128.78 ms
'confining_string_solver'  90.69 ms
'confining_string_solver'  86.53 ms
'confining_string_solver'  82.45 ms
'confining_string_solver'  85.08 ms
'confining_string_solver'  83.53 ms
'confining_string_solver'  125.28 ms
'confining_string_solver'  91.42 ms
'confining_string_solver'  48.77 ms
'confining_string_solver'  94.84 ms
'confining_string_solver'  82.22 ms
'confining_string_solver'  84.29 ms
'confining_string_solver'  76.95 ms
'confining_string_solver'  121.58 ms
'confining_string_solver'  87.89 ms
'confining_string_solver'  39.61 ms
'confining_string_solver'  85.81 ms
'confining_string_solver'  91.73 ms
'confining_string_solver'  125.61 ms
'confining_string_solver'  97.85 ms
'confining_string_solver'  120.17 ms
'confining_string_solver'  106.94 ms
'confining_string_solver'  85.92 ms
'confining_string_solver'  40.55 ms
Pseudo-terminal will not be allocated because stdin is not a terminal.
Submitted batch job 3841533

scontrol show jobid 3841292
JobId=3841292 JobName=CS_k_1
   UserId=wongsun4(3095934) GroupId=epoppitz(6003021) MCS_label=N/A
   Priority=1592723 Nice=0 Account=def-epoppitz QOS=normal
   JobState=COMPLETING Reason=None Dependency=(null)
   Requeue=0 Restarts=0 BatchFlag=1 Reboot=0 ExitCode=0:0
   RunTime=00:58:04 TimeLimit=01:00:00 TimeMin=N/A
   SubmitTime=2020-08-02T00:06:51 EligibleTime=2020-08-02T00:06:51
   AccrueTime=2020-08-02T00:06:51
   StartTime=2020-08-02T00:06:54 EndTime=2020-08-02T01:04:58 Deadline=N/A
   SuspendTime=None SecsPreSuspend=0 LastSchedEval=2020-08-02T00:06:54
   Partition=compute AllocNode:Sid=nia-login01:79834
   ReqNodeList=(null) ExcNodeList=(null)
   NodeList=nia0129
   BatchHost=nia0129
   NumNodes=1 NumCPUs=80 NumTasks=80 CPUs/Task=1 ReqB:S:C:T=0:0:*:*
   TRES=cpu=80,node=1,billing=40
   Socks/Node=* NtasksPerN:B:S:C=80:0:*:* CoreSpec=*
   MinCPUsNode=80 MinMemoryNode=0 MinTmpDiskNode=0
   Features=[skylake|cascade] DelayBoot=00:00:00
   OverSubscribe=NO Contiguous=0 Licenses=(null) Network=(null)
   Command=/gpfs/fs0/scratch/e/epoppitz/wongsun4/Confining-String/Niagara/trial_run_july_31/trial_run_script.sh
   WorkDir=/gpfs/fs0/scratch/e/epoppitz/wongsun4/Confining-String/Niagara/trial_run_july_31
   StdErr=/gpfs/fs0/scratch/e/epoppitz/wongsun4/Confining-String/Niagara/trial_run_july_31/slurm-3841292.out
   StdIn=/dev/null
   StdOut=/gpfs/fs0/scratch/e/epoppitz/wongsun4/Confining-String/Niagara/trial_run_july_31/slurm-3841292.out
   Power=
   MailUser=samuelsy.wong@mail.utoronto.ca MailType=BEGIN,END,FAIL,REQUEUE,STAGE_OUT

sacct -j 3841292
       JobID    JobName    Account    Elapsed  MaxVMSize     MaxRSS  SystemCPU    UserCPU ExitCode 
------------ ---------- ---------- ---------- ---------- ---------- ---------- ---------- -------- 
3841292          CS_k_1 def-epopp+   00:58:04                         01:00:30 1-03:56:01      0:0 
3841292.bat+      batch def-epopp+   00:58:04  16028924K   2047908K   01:00:30 1-03:56:01      0:0 
3841292.ext+     extern def-epopp+   00:58:04    137232K       852K   00:00:00   00:00:00      0:0 
