Restoring modules from user's confine_module
'confining_string_solver'  14.52 ms
'confining_string_solver'  15.92 ms
'confining_string_solver'  11.06 ms
'confining_string_solver'  14.81 ms
'confining_string_solver'  16.44 ms
'confining_string_solver'  16.93 ms
'confining_string_solver'  14.10 ms
'confining_string_solver'  19.96 ms
'confining_string_solver'  10.19 ms
'confining_string_solver'  14.24 ms
'confining_string_solver'  16.11 ms
'confining_string_solver'  20.92 ms
'confining_string_solver'  38.20 ms
'confining_string_solver'  17.43 ms
'confining_string_solver'  12.22 ms
'confining_string_solver'  11.74 ms
'confining_string_solver'  11.47 ms
'confining_string_solver'  28.87 ms
'confining_string_solver'  13.41 ms
'confining_string_solver'  13.39 ms
'confining_string_solver'  20.24 ms
'confining_string_solver'  23.74 ms
'confining_string_solver'  18.98 ms
'confining_string_solver'  27.97 ms
'confining_string_solver'  17.39 ms
'confining_string_solver'  20.21 ms
'confining_string_solver'  36.47 ms
'confining_string_solver'  21.54 ms
'confining_string_solver'  11.74 ms
'confining_string_solver'  23.41 ms
'confining_string_solver'  24.33 ms
'confining_string_solver'  37.17 ms
'confining_string_solver'  16.62 ms
'confining_string_solver'  35.68 ms
'confining_string_solver'  21.05 ms
'confining_string_solver'  38.57 ms
'confining_string_solver'  24.22 ms
'confining_string_solver'  15.94 ms
'confining_string_solver'  24.91 ms
'confining_string_solver'  10.78 ms
'confining_string_solver'  34.39 ms
'confining_string_solver'  20.52 ms
'confining_string_solver'  21.73 ms
'confining_string_solver'  31.08 ms
'confining_string_solver'  23.11 ms
'confining_string_solver'  15.52 ms
'confining_string_solver'  17.23 ms
'confining_string_solver'  35.16 ms
'confining_string_solver'  28.44 ms
'confining_string_solver'  26.78 ms
'confining_string_solver'  26.66 ms
'confining_string_solver'  21.70 ms
'confining_string_solver'  21.90 ms
'confining_string_solver'  18.30 ms
'confining_string_solver'  11.40 ms
'confining_string_solver'  28.59 ms
'confining_string_solver'  18.43 ms
'confining_string_solver'  20.79 ms
'confining_string_solver'  29.83 ms
'confining_string_solver'  16.71 ms
'confining_string_solver'  23.70 ms
'confining_string_solver'  15.83 ms
'confining_string_solver'  16.01 ms
'confining_string_solver'  17.83 ms
'confining_string_solver'  42.72 ms
'confining_string_solver'  21.44 ms
'confining_string_solver'  17.03 ms
'confining_string_solver'  20.85 ms
'confining_string_solver'  11.76 ms
'confining_string_solver'  43.26 ms
'confining_string_solver'  19.76 ms
'confining_string_solver'  33.23 ms
'confining_string_solver'  25.85 ms
'confining_string_solver'  19.19 ms
'confining_string_solver'  23.35 ms
'confining_string_solver'  16.86 ms
'confining_string_solver'  16.20 ms
'confining_string_solver'  10.84 ms
'confining_string_solver'  11.55 ms
'confining_string_solver'  32.25 ms
'confining_string_solver'  29.41 ms
'confining_string_solver'  27.05 ms
'confining_string_solver'  27.87 ms
'confining_string_solver'  30.01 ms
'confining_string_solver'  23.28 ms
'confining_string_solver'  22.70 ms
'confining_string_solver'  26.95 ms
'confining_string_solver'  22.05 ms
'confining_string_solver'  24.99 ms
'confining_string_solver'  23.48 ms
'confining_string_solver'  25.37 ms
'confining_string_solver'  41.98 ms
'confining_string_solver'  22.98 ms
'confining_string_solver'  40.41 ms
'confining_string_solver'  26.80 ms
'confining_string_solver'  29.17 ms
'confining_string_solver'  38.33 ms
'confining_string_solver'  27.71 ms
'confining_string_solver'  45.89 ms
'confining_string_solver'  23.16 ms
'confining_string_solver'  26.53 ms
'confining_string_solver'  23.24 ms
'confining_string_solver'  30.94 ms
'confining_string_solver'  40.37 ms
'confining_string_solver'  39.29 ms
'confining_string_solver'  34.57 ms
'confining_string_solver'  64.54 ms
'confining_string_solver'  50.59 ms
'confining_string_solver'  47.77 ms
'confining_string_solver'  41.67 ms
'confining_string_solver'  23.93 ms
'confining_string_solver'  62.53 ms
'confining_string_solver'  39.77 ms
'confining_string_solver'  48.33 ms
'confining_string_solver'  27.92 ms
'confining_string_solver'  62.48 ms
'confining_string_solver'  67.19 ms
'confining_string_solver'  28.30 ms
'confining_string_solver'  40.90 ms
'confining_string_solver'  43.04 ms
'confining_string_solver'  46.55 ms
'confining_string_solver'  41.30 ms
'confining_string_solver'  32.55 ms
'confining_string_solver'  67.42 ms
'confining_string_solver'  32.46 ms
'confining_string_solver'  43.89 ms
'confining_string_solver'  78.17 ms
'confining_string_solver'  70.51 ms
'confining_string_solver'  48.85 ms
'confining_string_solver'  69.48 ms
'confining_string_solver'  56.14 ms
'confining_string_solver'  57.43 ms
'confining_string_solver'  28.64 ms
'confining_string_solver'  28.76 ms
'confining_string_solver'  48.52 ms
'confining_string_solver'  33.15 ms
'confining_string_solver'  72.17 ms
'confining_string_solver'  45.00 ms
'confining_string_solver'  50.59 ms
'confining_string_solver'  55.32 ms
'confining_string_solver'  79.75 ms
'confining_string_solver'  81.35 ms
'confining_string_solver'  35.72 ms
'confining_string_solver'  76.06 ms
'confining_string_solver'  28.76 ms
'confining_string_solver'  63.58 ms
'confining_string_solver'  68.21 ms
'confining_string_solver'  68.48 ms
'confining_string_solver'  29.00 ms
'confining_string_solver'  35.51 ms
'confining_string_solver'  31.52 ms
'confining_string_solver'  40.79 ms
'confining_string_solver'  38.20 ms
'confining_string_solver'  32.03 ms
'confining_string_solver'  36.77 ms
'confining_string_solver'  38.01 ms
'confining_string_solver'  36.49 ms
'confining_string_solver'  36.60 ms
'confining_string_solver'  34.99 ms
'confining_string_solver'  35.90 ms
'confining_string_solver'  62.70 ms
'confining_string_solver'  60.25 ms
'confining_string_solver'  61.31 ms
'confining_string_solver'  60.84 ms
'confining_string_solver'  37.30 ms
'confining_string_solver'  52.38 ms
'confining_string_solver'  44.20 ms
'confining_string_solver'  37.04 ms
'confining_string_solver'  37.71 ms
'confining_string_solver'  55.52 ms
'confining_string_solver'  40.92 ms
'confining_string_solver'  39.45 ms
'confining_string_solver'  63.13 ms
'confining_string_solver'  39.85 ms
'confining_string_solver'  65.66 ms
'confining_string_solver'  60.87 ms
'confining_string_solver'  41.71 ms
'confining_string_solver'  40.61 ms
'confining_string_solver'  39.37 ms
'confining_string_solver'  40.70 ms
'confining_string_solver'  38.18 ms
'confining_string_solver'  60.90 ms
'confining_string_solver'  40.75 ms
'confining_string_solver'  58.77 ms
'confining_string_solver'  47.70 ms
'confining_string_solver'  39.86 ms
'confining_string_solver'  55.88 ms
'confining_string_solver'  41.58 ms
Pseudo-terminal will not be allocated because stdin is not a terminal.
Submitted batch job 3839361

scontrol show jobid 3839297
JobId=3839297 JobName=CS_k_1
   UserId=wongsun4(3095934) GroupId=epoppitz(6003021) MCS_label=N/A
   Priority=1591370 Nice=0 Account=def-epoppitz QOS=normal
   JobState=COMPLETING Reason=None Dependency=(null)
   Requeue=0 Restarts=0 BatchFlag=1 Reboot=0 ExitCode=0:0
   RunTime=00:58:01 TimeLimit=01:00:00 TimeMin=N/A
   SubmitTime=2020-08-01T20:14:29 EligibleTime=2020-08-01T20:14:29
   AccrueTime=2020-08-01T20:14:29
   StartTime=2020-08-01T20:14:31 EndTime=2020-08-01T21:12:32 Deadline=N/A
   SuspendTime=None SecsPreSuspend=0 LastSchedEval=2020-08-01T20:14:31
   Partition=compute AllocNode:Sid=nia-login01:339588
   ReqNodeList=(null) ExcNodeList=(null)
   NodeList=nia0430
   BatchHost=nia0430
   NumNodes=1 NumCPUs=80 NumTasks=80 CPUs/Task=1 ReqB:S:C:T=0:0:*:*
   TRES=cpu=80,node=1,billing=40
   Socks/Node=* NtasksPerN:B:S:C=80:0:*:* CoreSpec=*
   MinCPUsNode=80 MinMemoryNode=0 MinTmpDiskNode=0
   Features=[skylake|cascade] DelayBoot=00:00:00
   OverSubscribe=NO Contiguous=0 Licenses=(null) Network=(null)
   Command=/gpfs/fs0/scratch/e/epoppitz/wongsun4/Confining-String/Niagara/trial_run_july_31/trial_run_script.sh
   WorkDir=/gpfs/fs0/scratch/e/epoppitz/wongsun4/Confining-String/Niagara/trial_run_july_31
   StdErr=/gpfs/fs0/scratch/e/epoppitz/wongsun4/Confining-String/Niagara/trial_run_july_31/slurm-3839297.out
   StdIn=/dev/null
   StdOut=/gpfs/fs0/scratch/e/epoppitz/wongsun4/Confining-String/Niagara/trial_run_july_31/slurm-3839297.out
   Power=
   MailUser=samuelsy.wong@mail.utoronto.ca MailType=BEGIN,END,FAIL,REQUEUE,STAGE_OUT

sacct -j 3839297
       JobID    JobName    Account    Elapsed  MaxVMSize     MaxRSS  SystemCPU    UserCPU ExitCode 
------------ ---------- ---------- ---------- ---------- ---------- ---------- ---------- -------- 
3839297          CS_k_1 def-epopp+   00:58:01                         01:00:48 1-04:07:20      0:0 
3839297.bat+      batch def-epopp+   00:58:01  16032928K   2058720K   01:00:48 1-04:07:20      0:0 
3839297.ext+     extern def-epopp+   00:58:01    137232K       856K   00:00:00   00:00:00      0:0 
