Restoring modules from user's confine_module
'confining_string_solver'  92.37 ms
'confining_string_solver'  70.41 ms
'confining_string_solver'  74.61 ms
'confining_string_solver'  85.03 ms
'confining_string_solver'  83.62 ms
'confining_string_solver'  85.02 ms
'confining_string_solver'  71.25 ms
'confining_string_solver'  101.87 ms
'confining_string_solver'  95.20 ms
'confining_string_solver'  92.15 ms
'confining_string_solver'  112.78 ms
'confining_string_solver'  91.59 ms
'confining_string_solver'  81.94 ms
'confining_string_solver'  78.97 ms
'confining_string_solver'  79.92 ms
'confining_string_solver'  123.16 ms
'confining_string_solver'  92.85 ms
'confining_string_solver'  110.40 ms
'confining_string_solver'  103.25 ms
'confining_string_solver'  77.72 ms
'confining_string_solver'  66.04 ms
'confining_string_solver'  112.12 ms
'confining_string_solver'  144.09 ms
'confining_string_solver'  101.89 ms
'confining_string_solver'  88.73 ms
'confining_string_solver'  69.06 ms
'confining_string_solver'  80.42 ms
'confining_string_solver'  129.99 ms
'confining_string_solver'  124.98 ms
'confining_string_solver'  61.28 ms
'confining_string_solver'  104.25 ms
'confining_string_solver'  73.24 ms
'confining_string_solver'  160.06 ms
'confining_string_solver'  125.81 ms
'confining_string_solver'  123.29 ms
'confining_string_solver'  90.91 ms
'confining_string_solver'  112.03 ms
'confining_string_solver'  129.01 ms
'confining_string_solver'  109.44 ms
'confining_string_solver'  146.21 ms
'confining_string_solver'  94.37 ms
'confining_string_solver'  66.53 ms
'confining_string_solver'  104.65 ms
'confining_string_solver'  64.40 ms
'confining_string_solver'  87.13 ms
'confining_string_solver'  76.96 ms
'confining_string_solver'  86.82 ms
'confining_string_solver'  113.44 ms
'confining_string_solver'  76.16 ms
'confining_string_solver'  51.58 ms
'confining_string_solver'  118.22 ms
'confining_string_solver'  105.10 ms
'confining_string_solver'  131.56 ms
'confining_string_solver'  85.34 ms
'confining_string_solver'  77.81 ms
'confining_string_solver'  144.83 ms
'confining_string_solver'  81.73 ms
'confining_string_solver'  142.27 ms
'confining_string_solver'  122.04 ms
'confining_string_solver'  199.28 ms
'confining_string_solver'  170.13 ms
'confining_string_solver'  108.81 ms
'confining_string_solver'  113.64 ms
'confining_string_solver'  103.86 ms
'confining_string_solver'  85.58 ms
'confining_string_solver'  112.04 ms
'confining_string_solver'  117.61 ms
'confining_string_solver'  75.10 ms
'confining_string_solver'  138.84 ms
'confining_string_solver'  162.39 ms
'confining_string_solver'  147.17 ms
'confining_string_solver'  116.31 ms
'confining_string_solver'  164.66 ms
'confining_string_solver'  72.18 ms
'confining_string_solver'  98.59 ms
'confining_string_solver'  114.26 ms
'confining_string_solver'  92.58 ms
'confining_string_solver'  110.99 ms
'confining_string_solver'  169.93 ms
'confining_string_solver'  144.28 ms
'confining_string_solver'  80.66 ms
'confining_string_solver'  78.38 ms
'confining_string_solver'  67.13 ms
'confining_string_solver'  74.22 ms
'confining_string_solver'  63.71 ms
'confining_string_solver'  69.01 ms
'confining_string_solver'  66.98 ms
'confining_string_solver'  73.08 ms
'confining_string_solver'  68.49 ms
'confining_string_solver'  55.50 ms
'confining_string_solver'  70.53 ms
'confining_string_solver'  66.96 ms
'confining_string_solver'  69.26 ms
'confining_string_solver'  62.88 ms
'confining_string_solver'  84.74 ms
'confining_string_solver'  73.62 ms
'confining_string_solver'  69.57 ms
'confining_string_solver'  82.74 ms
'confining_string_solver'  83.22 ms
'confining_string_solver'  64.93 ms
'confining_string_solver'  117.57 ms
'confining_string_solver'  72.79 ms
'confining_string_solver'  79.40 ms
'confining_string_solver'  100.13 ms
'confining_string_solver'  86.02 ms
'confining_string_solver'  89.16 ms
'confining_string_solver'  87.33 ms
'confining_string_solver'  91.27 ms
'confining_string_solver'  111.19 ms
'confining_string_solver'  110.14 ms
'confining_string_solver'  81.09 ms
'confining_string_solver'  93.75 ms
'confining_string_solver'  99.72 ms
'confining_string_solver'  120.43 ms
'confining_string_solver'  122.94 ms
'confining_string_solver'  105.43 ms
'confining_string_solver'  98.96 ms
'confining_string_solver'  77.32 ms
'confining_string_solver'  98.35 ms
'confining_string_solver'  77.48 ms
'confining_string_solver'  101.25 ms
'confining_string_solver'  76.36 ms
'confining_string_solver'  101.35 ms
'confining_string_solver'  101.76 ms
'confining_string_solver'  100.01 ms
'confining_string_solver'  91.02 ms
'confining_string_solver'  80.38 ms
'confining_string_solver'  112.99 ms
'confining_string_solver'  131.83 ms
'confining_string_solver'  123.08 ms
'confining_string_solver'  107.28 ms
'confining_string_solver'  137.84 ms
'confining_string_solver'  110.31 ms
'confining_string_solver'  122.22 ms
'confining_string_solver'  131.67 ms
'confining_string_solver'  83.26 ms
'confining_string_solver'  92.41 ms
'confining_string_solver'  99.63 ms
'confining_string_solver'  90.94 ms
'confining_string_solver'  113.78 ms
'confining_string_solver'  91.36 ms
'confining_string_solver'  109.05 ms
'confining_string_solver'  148.82 ms
'confining_string_solver'  74.65 ms
'confining_string_solver'  85.44 ms
'confining_string_solver'  84.14 ms
'confining_string_solver'  67.61 ms
'confining_string_solver'  97.92 ms
'confining_string_solver'  91.76 ms
'confining_string_solver'  75.78 ms
'confining_string_solver'  102.20 ms
'confining_string_solver'  85.19 ms
'confining_string_solver'  92.27 ms
'confining_string_solver'  81.51 ms
'confining_string_solver'  105.73 ms
'confining_string_solver'  99.76 ms
'confining_string_solver'  87.38 ms
'confining_string_solver'  99.55 ms
'confining_string_solver'  89.12 ms
'confining_string_solver'  74.09 ms
'confining_string_solver'  101.02 ms
'confining_string_solver'  121.92 ms
'confining_string_solver'  96.22 ms
'confining_string_solver'  92.75 ms
'confining_string_solver'  109.06 ms
'confining_string_solver'  112.15 ms
'confining_string_solver'  99.91 ms
'confining_string_solver'  84.98 ms
'confining_string_solver'  96.62 ms
'confining_string_solver'  97.63 ms
'confining_string_solver'  86.02 ms
'confining_string_solver'  127.56 ms
restore checkpoint
'confining_string_solver'  1302861.33 ms
restore checkpoint
save checkpoint
restore checkpoint
'confining_string_solver'  927021.39 ms
'confining_string_solver'  2278647.40 ms
Pseudo-terminal will not be allocated because stdin is not a terminal.
Submitted batch job 3835469

scontrol show jobid 3835425
JobId=3835425 JobName=CS_k_1
   UserId=wongsun4(3095934) GroupId=epoppitz(6003021) MCS_label=N/A
   Priority=1604902 Nice=0 Account=def-epoppitz QOS=normal
   JobState=COMPLETING Reason=None Dependency=(null)
   Requeue=0 Restarts=0 BatchFlag=1 Reboot=0 ExitCode=0:0
   RunTime=00:58:04 TimeLimit=01:00:00 TimeMin=N/A
   SubmitTime=2020-08-01T08:26:23 EligibleTime=2020-08-01T08:26:23
   AccrueTime=2020-08-01T08:26:23
   StartTime=2020-08-01T08:26:25 EndTime=2020-08-01T09:24:29 Deadline=N/A
   SuspendTime=None SecsPreSuspend=0 LastSchedEval=2020-08-01T08:26:25
   Partition=compute AllocNode:Sid=nia-login01:397473
   ReqNodeList=(null) ExcNodeList=(null)
   NodeList=nia0007
   BatchHost=nia0007
   NumNodes=1 NumCPUs=80 NumTasks=80 CPUs/Task=1 ReqB:S:C:T=0:0:*:*
   TRES=cpu=80,node=1,billing=40
   Socks/Node=* NtasksPerN:B:S:C=80:0:*:* CoreSpec=*
   MinCPUsNode=80 MinMemoryNode=0 MinTmpDiskNode=0
   Features=[skylake|cascade] DelayBoot=00:00:00
   OverSubscribe=NO Contiguous=0 Licenses=(null) Network=(null)
   Command=/gpfs/fs0/scratch/e/epoppitz/wongsun4/Confining-String/Niagara/trial_run_july_31/trial_run_script.sh
   WorkDir=/gpfs/fs0/scratch/e/epoppitz/wongsun4/Confining-String/Niagara/trial_run_july_31
   StdErr=/gpfs/fs0/scratch/e/epoppitz/wongsun4/Confining-String/Niagara/trial_run_july_31/slurm-3835425.out
   StdIn=/dev/null
   StdOut=/gpfs/fs0/scratch/e/epoppitz/wongsun4/Confining-String/Niagara/trial_run_july_31/slurm-3835425.out
   Power=
   MailUser=samuelsy.wong@mail.utoronto.ca MailType=BEGIN,END,FAIL,REQUEUE,STAGE_OUT

sacct -j 3835425
       JobID    JobName    Account    Elapsed  MaxVMSize     MaxRSS  SystemCPU    UserCPU ExitCode 
------------ ---------- ---------- ---------- ---------- ---------- ---------- ---------- -------- 
3835425          CS_k_1 def-epopp+   00:58:04                         02:04:11 2-06:40:07      0:0 
3835425.bat+      batch def-epopp+   00:58:04  74909112K   8574792K   02:04:11 2-06:40:07      0:0 
3835425.ext+     extern def-epopp+   00:58:04    137232K      1052K   00:00:00   00:00:00      0:0 
