Restoring modules from user's confine_module
'confining_string_solver'  48.67 ms
'confining_string_solver'  15.74 ms
'confining_string_solver'  13.92 ms
'confining_string_solver'  14.05 ms
'confining_string_solver'  68.66 ms
'confining_string_solver'  17.21 ms
'confining_string_solver'  16.04 ms
'confining_string_solver'  17.99 ms
'confining_string_solver'  53.14 ms
'confining_string_solver'  11.87 ms
'confining_string_solver'  11.46 ms
'confining_string_solver'  11.51 ms
'confining_string_solver'  15.52 ms
'confining_string_solver'  53.17 ms
'confining_string_solver'  10.12 ms
'confining_string_solver'  14.00 ms
'confining_string_solver'  60.80 ms
'confining_string_solver'  18.63 ms
'confining_string_solver'  15.66 ms
'confining_string_solver'  11.40 ms
'confining_string_solver'  11.26 ms
'confining_string_solver'  19.75 ms
'confining_string_solver'  11.69 ms
'confining_string_solver'  20.54 ms
'confining_string_solver'  12.89 ms
'confining_string_solver'  47.87 ms
'confining_string_solver'  17.46 ms
'confining_string_solver'  68.79 ms
'confining_string_solver'  28.50 ms
'confining_string_solver'  30.90 ms
'confining_string_solver'  16.25 ms
'confining_string_solver'  32.22 ms
'confining_string_solver'  27.00 ms
'confining_string_solver'  41.04 ms
'confining_string_solver'  21.45 ms
'confining_string_solver'  23.31 ms
'confining_string_solver'  95.83 ms
'confining_string_solver'  34.38 ms
'confining_string_solver'  24.33 ms
'confining_string_solver'  19.42 ms
'confining_string_solver'  33.63 ms
'confining_string_solver'  20.80 ms
'confining_string_solver'  17.75 ms
'confining_string_solver'  22.91 ms
'confining_string_solver'  26.17 ms
'confining_string_solver'  62.35 ms
'confining_string_solver'  21.30 ms
'confining_string_solver'  20.35 ms
'confining_string_solver'  58.24 ms
'confining_string_solver'  40.96 ms
'confining_string_solver'  12.64 ms
'confining_string_solver'  10.54 ms
'confining_string_solver'  17.25 ms
'confining_string_solver'  24.52 ms
'confining_string_solver'  21.13 ms
'confining_string_solver'  17.13 ms
'confining_string_solver'  65.09 ms
'confining_string_solver'  29.30 ms
'confining_string_solver'  26.02 ms
'confining_string_solver'  21.97 ms
'confining_string_solver'  11.47 ms
'confining_string_solver'  80.22 ms
'confining_string_solver'  52.12 ms
'confining_string_solver'  34.14 ms
'confining_string_solver'  56.75 ms
'confining_string_solver'  22.15 ms
'confining_string_solver'  73.55 ms
'confining_string_solver'  38.01 ms
'confining_string_solver'  21.43 ms
'confining_string_solver'  46.54 ms
'confining_string_solver'  17.46 ms
'confining_string_solver'  61.14 ms
'confining_string_solver'  49.20 ms
'confining_string_solver'  41.31 ms
'confining_string_solver'  87.91 ms
'confining_string_solver'  51.71 ms
'confining_string_solver'  44.08 ms
'confining_string_solver'  51.14 ms
'confining_string_solver'  28.41 ms
'confining_string_solver'  29.40 ms
'confining_string_solver'  29.20 ms
'confining_string_solver'  20.90 ms
'confining_string_solver'  71.88 ms
'confining_string_solver'  26.69 ms
'confining_string_solver'  38.97 ms
'confining_string_solver'  27.01 ms
'confining_string_solver'  26.89 ms
'confining_string_solver'  23.78 ms
'confining_string_solver'  38.17 ms
'confining_string_solver'  22.77 ms
'confining_string_solver'  38.69 ms
'confining_string_solver'  22.20 ms
'confining_string_solver'  23.82 ms
'confining_string_solver'  37.50 ms
'confining_string_solver'  27.10 ms
'confining_string_solver'  28.94 ms
'confining_string_solver'  48.15 ms
'confining_string_solver'  26.10 ms
'confining_string_solver'  23.70 ms
'confining_string_solver'  61.70 ms
'confining_string_solver'  28.86 ms
'confining_string_solver'  33.00 ms
'confining_string_solver'  24.07 ms
'confining_string_solver'  27.91 ms
'confining_string_solver'  35.38 ms
'confining_string_solver'  36.00 ms
'confining_string_solver'  28.89 ms
'confining_string_solver'  24.01 ms
'confining_string_solver'  65.92 ms
'confining_string_solver'  40.85 ms
'confining_string_solver'  32.50 ms
'confining_string_solver'  51.52 ms
'confining_string_solver'  48.35 ms
'confining_string_solver'  31.53 ms
'confining_string_solver'  40.83 ms
'confining_string_solver'  40.60 ms
'confining_string_solver'  44.08 ms
'confining_string_solver'  55.23 ms
'confining_string_solver'  40.16 ms
'confining_string_solver'  51.98 ms
'confining_string_solver'  44.54 ms
'confining_string_solver'  46.40 ms
'confining_string_solver'  29.24 ms
'confining_string_solver'  23.41 ms
'confining_string_solver'  27.14 ms
'confining_string_solver'  33.36 ms
'confining_string_solver'  33.24 ms
'confining_string_solver'  22.34 ms
'confining_string_solver'  47.92 ms
'confining_string_solver'  24.50 ms
'confining_string_solver'  19.71 ms
'confining_string_solver'  42.15 ms
'confining_string_solver'  42.09 ms
'confining_string_solver'  40.71 ms
'confining_string_solver'  41.51 ms
'confining_string_solver'  38.81 ms
'confining_string_solver'  36.79 ms
'confining_string_solver'  39.97 ms
'confining_string_solver'  41.69 ms
'confining_string_solver'  43.91 ms
'confining_string_solver'  38.56 ms
'confining_string_solver'  46.62 ms
'confining_string_solver'  42.09 ms
'confining_string_solver'  42.85 ms
'confining_string_solver'  35.11 ms
'confining_string_solver'  45.85 ms
'confining_string_solver'  40.90 ms
'confining_string_solver'  39.21 ms
'confining_string_solver'  39.59 ms
'confining_string_solver'  43.67 ms
'confining_string_solver'  39.48 ms
'confining_string_solver'  42.64 ms
'confining_string_solver'  45.66 ms
'confining_string_solver'  43.23 ms
restore checkpoint
'confining_string_solver'  355589.83 ms
restore checkpoint
save checkpoint
restore checkpoint
'confining_string_solver'  219876.41 ms
'confining_string_solver'  1293591.61 ms
restore checkpoint
save checkpoint
restore checkpoint
'confining_string_solver'  1264417.49 ms
'confining_string_solver'  2905470.84 ms
Pseudo-terminal will not be allocated because stdin is not a terminal.
Submitted batch job 3835236

scontrol show jobid 3835214
JobId=3835214 JobName=CS_k_1
   UserId=wongsun4(3095934) GroupId=epoppitz(6003021) MCS_label=N/A
   Priority=1613021 Nice=0 Account=def-epoppitz QOS=normal
   JobState=COMPLETING Reason=None Dependency=(null)
   Requeue=0 Restarts=0 BatchFlag=1 Reboot=0 ExitCode=0:0
   RunTime=00:58:03 TimeLimit=01:00:00 TimeMin=N/A
   SubmitTime=2020-08-01T03:35:57 EligibleTime=2020-08-01T03:35:57
   AccrueTime=2020-08-01T03:35:57
   StartTime=2020-08-01T03:35:59 EndTime=2020-08-01T04:34:02 Deadline=N/A
   SuspendTime=None SecsPreSuspend=0 LastSchedEval=2020-08-01T03:35:59
   Partition=compute AllocNode:Sid=nia-login01:110398
   ReqNodeList=(null) ExcNodeList=(null)
   NodeList=nia0162
   BatchHost=nia0162
   NumNodes=1 NumCPUs=80 NumTasks=80 CPUs/Task=1 ReqB:S:C:T=0:0:*:*
   TRES=cpu=80,node=1,billing=40
   Socks/Node=* NtasksPerN:B:S:C=80:0:*:* CoreSpec=*
   MinCPUsNode=80 MinMemoryNode=0 MinTmpDiskNode=0
   Features=[skylake|cascade] DelayBoot=00:00:00
   OverSubscribe=NO Contiguous=0 Licenses=(null) Network=(null)
   Command=/gpfs/fs0/scratch/e/epoppitz/wongsun4/Confining-String/Niagara/trial_run_july_31/trial_run_script.sh
   WorkDir=/gpfs/fs0/scratch/e/epoppitz/wongsun4/Confining-String/Niagara/trial_run_july_31
   StdErr=/gpfs/fs0/scratch/e/epoppitz/wongsun4/Confining-String/Niagara/trial_run_july_31/slurm-3835214.out
   StdIn=/dev/null
   StdOut=/gpfs/fs0/scratch/e/epoppitz/wongsun4/Confining-String/Niagara/trial_run_july_31/slurm-3835214.out
   Power=
   MailUser=samuelsy.wong@mail.utoronto.ca MailType=BEGIN,END,FAIL,REQUEUE,STAGE_OUT

sacct -j 3835214
       JobID    JobName    Account    Elapsed  MaxVMSize     MaxRSS  SystemCPU    UserCPU ExitCode 
------------ ---------- ---------- ---------- ---------- ---------- ---------- ---------- -------- 
3835214          CS_k_1 def-epopp+   00:58:03                         02:41:55 2-21:04:35      0:0 
3835214.bat+      batch def-epopp+   00:58:03 141218228K  14266152K   02:41:55 2-21:04:35      0:0 
3835214.ext+     extern def-epopp+   00:58:03    137232K       856K   00:00:00   00:00:00      0:0 
