Restoring modules from user's confine_module
'confining_string_solver'  46.51 ms
'confining_string_solver'  50.80 ms
'confining_string_solver'  37.57 ms
'confining_string_solver'  60.63 ms
'confining_string_solver'  64.76 ms
'confining_string_solver'  56.43 ms
'confining_string_solver'  40.21 ms
'confining_string_solver'  41.87 ms
'confining_string_solver'  55.26 ms
'confining_string_solver'  59.96 ms
'confining_string_solver'  43.54 ms
'confining_string_solver'  52.32 ms
'confining_string_solver'  43.77 ms
'confining_string_solver'  57.83 ms
'confining_string_solver'  46.88 ms
'confining_string_solver'  34.75 ms
'confining_string_solver'  60.84 ms
'confining_string_solver'  56.45 ms
'confining_string_solver'  47.50 ms
'confining_string_solver'  52.08 ms
'confining_string_solver'  60.66 ms
'confining_string_solver'  68.29 ms
'confining_string_solver'  41.89 ms
'confining_string_solver'  70.88 ms
'confining_string_solver'  57.69 ms
'confining_string_solver'  56.01 ms
'confining_string_solver'  64.83 ms
'confining_string_solver'  52.28 ms
'confining_string_solver'  64.17 ms
'confining_string_solver'  32.18 ms
'confining_string_solver'  72.63 ms
'confining_string_solver'  77.20 ms
'confining_string_solver'  75.29 ms
'confining_string_solver'  61.16 ms
'confining_string_solver'  78.76 ms
'confining_string_solver'  46.74 ms
'confining_string_solver'  55.39 ms
'confining_string_solver'  64.87 ms
'confining_string_solver'  85.30 ms
'confining_string_solver'  85.10 ms
'confining_string_solver'  66.14 ms
'confining_string_solver'  101.40 ms
'confining_string_solver'  62.62 ms
'confining_string_solver'  94.73 ms
'confining_string_solver'  72.63 ms
'confining_string_solver'  71.30 ms
'confining_string_solver'  44.88 ms
'confining_string_solver'  71.40 ms
'confining_string_solver'  92.00 ms
'confining_string_solver'  58.90 ms
'confining_string_solver'  70.67 ms
'confining_string_solver'  75.71 ms
'confining_string_solver'  56.12 ms
'confining_string_solver'  50.18 ms
'confining_string_solver'  70.67 ms
'confining_string_solver'  77.88 ms
'confining_string_solver'  76.95 ms
'confining_string_solver'  46.00 ms
'confining_string_solver'  53.43 ms
'confining_string_solver'  63.75 ms
'confining_string_solver'  43.74 ms
'confining_string_solver'  87.23 ms
'confining_string_solver'  49.87 ms
'confining_string_solver'  62.92 ms
'confining_string_solver'  61.25 ms
'confining_string_solver'  46.15 ms
'confining_string_solver'  63.03 ms
'confining_string_solver'  59.31 ms
'confining_string_solver'  43.31 ms
'confining_string_solver'  54.14 ms
'confining_string_solver'  82.85 ms
'confining_string_solver'  60.97 ms
'confining_string_solver'  80.53 ms
'confining_string_solver'  55.84 ms
'confining_string_solver'  55.92 ms
'confining_string_solver'  70.21 ms
'confining_string_solver'  50.68 ms
'confining_string_solver'  67.48 ms
'confining_string_solver'  60.20 ms
'confining_string_solver'  75.41 ms
'confining_string_solver'  67.19 ms
'confining_string_solver'  79.53 ms
'confining_string_solver'  70.11 ms
'confining_string_solver'  69.77 ms
'confining_string_solver'  72.72 ms
'confining_string_solver'  68.13 ms
'confining_string_solver'  85.61 ms
'confining_string_solver'  64.08 ms
'confining_string_solver'  94.40 ms
'confining_string_solver'  79.23 ms
'confining_string_solver'  89.37 ms
'confining_string_solver'  61.02 ms
'confining_string_solver'  59.69 ms
'confining_string_solver'  85.81 ms
'confining_string_solver'  62.35 ms
'confining_string_solver'  77.77 ms
'confining_string_solver'  80.09 ms
'confining_string_solver'  53.15 ms
'confining_string_solver'  55.99 ms
'confining_string_solver'  78.47 ms
'confining_string_solver'  66.41 ms
'confining_string_solver'  58.21 ms
'confining_string_solver'  69.80 ms
'confining_string_solver'  105.32 ms
'confining_string_solver'  79.55 ms
'confining_string_solver'  103.32 ms
'confining_string_solver'  77.45 ms
'confining_string_solver'  92.24 ms
'confining_string_solver'  83.27 ms
'confining_string_solver'  100.95 ms
'confining_string_solver'  113.71 ms
'confining_string_solver'  115.74 ms
'confining_string_solver'  107.11 ms
'confining_string_solver'  70.00 ms
'confining_string_solver'  82.25 ms
'confining_string_solver'  109.07 ms
'confining_string_solver'  97.19 ms
'confining_string_solver'  90.98 ms
'confining_string_solver'  79.39 ms
'confining_string_solver'  104.70 ms
'confining_string_solver'  91.09 ms
'confining_string_solver'  116.28 ms
'confining_string_solver'  78.26 ms
'confining_string_solver'  98.36 ms
'confining_string_solver'  120.38 ms
'confining_string_solver'  126.67 ms
'confining_string_solver'  127.87 ms
'confining_string_solver'  97.26 ms
'confining_string_solver'  138.27 ms
'confining_string_solver'  87.48 ms
'confining_string_solver'  66.24 ms
'confining_string_solver'  84.54 ms
'confining_string_solver'  121.58 ms
'confining_string_solver'  113.70 ms
'confining_string_solver'  124.33 ms
'confining_string_solver'  79.24 ms
'confining_string_solver'  89.49 ms
'confining_string_solver'  101.81 ms
'confining_string_solver'  121.65 ms
'confining_string_solver'  84.14 ms
'confining_string_solver'  98.29 ms
'confining_string_solver'  84.57 ms
'confining_string_solver'  95.28 ms
'confining_string_solver'  85.14 ms
'confining_string_solver'  73.97 ms
'confining_string_solver'  101.22 ms
'confining_string_solver'  108.75 ms
'confining_string_solver'  100.01 ms
'confining_string_solver'  138.97 ms
'confining_string_solver'  81.94 ms
'confining_string_solver'  84.26 ms
'confining_string_solver'  95.13 ms
'confining_string_solver'  51.96 ms
'confining_string_solver'  70.13 ms
'confining_string_solver'  76.41 ms
'confining_string_solver'  71.87 ms
'confining_string_solver'  73.43 ms
'confining_string_solver'  76.40 ms
'confining_string_solver'  82.58 ms
'confining_string_solver'  71.13 ms
'confining_string_solver'  129.60 ms
'confining_string_solver'  85.86 ms
'confining_string_solver'  81.85 ms
'confining_string_solver'  83.27 ms
'confining_string_solver'  72.12 ms
'confining_string_solver'  124.62 ms
'confining_string_solver'  83.30 ms
'confining_string_solver'  98.93 ms
'confining_string_solver'  87.04 ms
'confining_string_solver'  79.06 ms
'confining_string_solver'  86.33 ms
'confining_string_solver'  95.84 ms
'confining_string_solver'  109.71 ms
'confining_string_solver'  94.67 ms
'confining_string_solver'  115.95 ms
'confining_string_solver'  88.22 ms
'confining_string_solver'  80.59 ms
'confining_string_solver'  100.24 ms
'confining_string_solver'  110.12 ms
'confining_string_solver'  79.22 ms
'confining_string_solver'  122.26 ms
'confining_string_solver'  105.36 ms
'confining_string_solver'  118.37 ms
'confining_string_solver'  82.89 ms
'confining_string_solver'  100.94 ms
'confining_string_solver'  112.79 ms
'confining_string_solver'  92.80 ms
'confining_string_solver'  93.81 ms
Pseudo-terminal will not be allocated because stdin is not a terminal.
Submitted batch job 3839665

scontrol show jobid 3839448
JobId=3839448 JobName=CS_k_1
   UserId=wongsun4(3095934) GroupId=epoppitz(6003021) MCS_label=N/A
   Priority=1595430 Nice=0 Account=def-epoppitz QOS=normal
   JobState=COMPLETING Reason=None Dependency=(null)
   Requeue=0 Restarts=0 BatchFlag=1 Reboot=0 ExitCode=0:0
   RunTime=00:58:04 TimeLimit=01:00:00 TimeMin=N/A
   SubmitTime=2020-08-01T22:10:38 EligibleTime=2020-08-01T22:10:38
   AccrueTime=2020-08-01T22:10:38
   StartTime=2020-08-01T22:10:40 EndTime=2020-08-01T23:08:44 Deadline=N/A
   SuspendTime=None SecsPreSuspend=0 LastSchedEval=2020-08-01T22:10:40
   Partition=compute AllocNode:Sid=nia-login01:218523
   ReqNodeList=(null) ExcNodeList=(null)
   NodeList=nia0129
   BatchHost=nia0129
   NumNodes=1 NumCPUs=80 NumTasks=80 CPUs/Task=1 ReqB:S:C:T=0:0:*:*
   TRES=cpu=80,node=1,billing=40
   Socks/Node=* NtasksPerN:B:S:C=80:0:*:* CoreSpec=*
   MinCPUsNode=80 MinMemoryNode=0 MinTmpDiskNode=0
   Features=[skylake|cascade] DelayBoot=00:00:00
   OverSubscribe=NO Contiguous=0 Licenses=(null) Network=(null)
   Command=/gpfs/fs0/scratch/e/epoppitz/wongsun4/Confining-String/Niagara/trial_run_july_31/trial_run_script.sh
   WorkDir=/gpfs/fs0/scratch/e/epoppitz/wongsun4/Confining-String/Niagara/trial_run_july_31
   StdErr=/gpfs/fs0/scratch/e/epoppitz/wongsun4/Confining-String/Niagara/trial_run_july_31/slurm-3839448.out
   StdIn=/dev/null
   StdOut=/gpfs/fs0/scratch/e/epoppitz/wongsun4/Confining-String/Niagara/trial_run_july_31/slurm-3839448.out
   Power=
   MailUser=samuelsy.wong@mail.utoronto.ca MailType=BEGIN,END,FAIL,REQUEUE,STAGE_OUT

sacct -j 3839448
       JobID    JobName    Account    Elapsed  MaxVMSize     MaxRSS  SystemCPU    UserCPU ExitCode 
------------ ---------- ---------- ---------- ---------- ---------- ---------- ---------- -------- 
3839448          CS_k_1 def-epopp+   00:58:04                         01:01:04 1-04:06:33      0:0 
3839448.bat+      batch def-epopp+   00:58:04  16024568K   2048864K   01:01:04 1-04:06:33      0:0 
3839448.ext+     extern def-epopp+   00:58:04    137232K       852K   00:00:00   00:00:00      0:0 
