Restoring modules from user's confine_module
'confining_string_solver'  15.92 ms
'confining_string_solver'  34.68 ms
'confining_string_solver'  13.20 ms
'confining_string_solver'  10.86 ms
'confining_string_solver'  47.14 ms
'confining_string_solver'  25.72 ms
'confining_string_solver'  13.72 ms
'confining_string_solver'  40.71 ms
'confining_string_solver'  43.76 ms
'confining_string_solver'  48.31 ms
'confining_string_solver'  35.96 ms
'confining_string_solver'  43.77 ms
'confining_string_solver'  16.50 ms
'confining_string_solver'  44.93 ms
'confining_string_solver'  41.85 ms
'confining_string_solver'  59.43 ms
'confining_string_solver'  59.09 ms
'confining_string_solver'  11.82 ms
'confining_string_solver'  44.79 ms
'confining_string_solver'  32.36 ms
'confining_string_solver'  62.30 ms
'confining_string_solver'  32.77 ms
'confining_string_solver'  52.02 ms
'confining_string_solver'  15.67 ms
'confining_string_solver'  29.76 ms
'confining_string_solver'  20.21 ms
'confining_string_solver'  15.98 ms
'confining_string_solver'  58.21 ms
'confining_string_solver'  19.19 ms
'confining_string_solver'  20.44 ms
'confining_string_solver'  46.47 ms
'confining_string_solver'  21.69 ms
'confining_string_solver'  56.41 ms
'confining_string_solver'  36.92 ms
'confining_string_solver'  19.85 ms
'confining_string_solver'  16.71 ms
'confining_string_solver'  68.63 ms
'confining_string_solver'  63.79 ms
'confining_string_solver'  51.82 ms
'confining_string_solver'  12.63 ms
'confining_string_solver'  85.85 ms
'confining_string_solver'  85.18 ms
'confining_string_solver'  56.61 ms
'confining_string_solver'  17.00 ms
'confining_string_solver'  94.76 ms
'confining_string_solver'  35.64 ms
'confining_string_solver'  67.02 ms
'confining_string_solver'  64.85 ms
'confining_string_solver'  46.73 ms
'confining_string_solver'  66.16 ms
'confining_string_solver'  23.79 ms
'confining_string_solver'  72.74 ms
'confining_string_solver'  39.66 ms
'confining_string_solver'  58.40 ms
'confining_string_solver'  57.06 ms
'confining_string_solver'  25.58 ms
'confining_string_solver'  17.86 ms
'confining_string_solver'  53.88 ms
'confining_string_solver'  21.51 ms
'confining_string_solver'  40.37 ms
'confining_string_solver'  23.93 ms
'confining_string_solver'  55.00 ms
'confining_string_solver'  62.55 ms
'confining_string_solver'  54.51 ms
'confining_string_solver'  41.90 ms
'confining_string_solver'  68.80 ms
'confining_string_solver'  82.99 ms
'confining_string_solver'  64.65 ms
'confining_string_solver'  46.10 ms
'confining_string_solver'  60.51 ms
'confining_string_solver'  27.13 ms
'confining_string_solver'  28.57 ms
'confining_string_solver'  63.24 ms
'confining_string_solver'  46.39 ms
'confining_string_solver'  61.98 ms
'confining_string_solver'  66.44 ms
'confining_string_solver'  52.23 ms
'confining_string_solver'  50.21 ms
'confining_string_solver'  36.81 ms
'confining_string_solver'  53.68 ms
'confining_string_solver'  29.40 ms
'confining_string_solver'  79.41 ms
'confining_string_solver'  77.81 ms
'confining_string_solver'  49.18 ms
'confining_string_solver'  90.10 ms
'confining_string_solver'  23.68 ms
'confining_string_solver'  52.99 ms
'confining_string_solver'  62.48 ms
'confining_string_solver'  68.55 ms
'confining_string_solver'  37.54 ms
'confining_string_solver'  84.71 ms
'confining_string_solver'  70.74 ms
'confining_string_solver'  81.68 ms
'confining_string_solver'  66.18 ms
'confining_string_solver'  51.31 ms
'confining_string_solver'  21.55 ms
'confining_string_solver'  63.27 ms
'confining_string_solver'  81.73 ms
'confining_string_solver'  30.33 ms
'confining_string_solver'  97.31 ms
'confining_string_solver'  73.54 ms
'confining_string_solver'  66.73 ms
'confining_string_solver'  26.26 ms
'confining_string_solver'  70.17 ms
'confining_string_solver'  24.12 ms
'confining_string_solver'  89.13 ms
'confining_string_solver'  77.59 ms
'confining_string_solver'  80.19 ms
'confining_string_solver'  101.91 ms
'confining_string_solver'  111.76 ms
'confining_string_solver'  81.49 ms
'confining_string_solver'  114.07 ms
'confining_string_solver'  121.09 ms
'confining_string_solver'  75.28 ms
'confining_string_solver'  99.78 ms
'confining_string_solver'  72.02 ms
'confining_string_solver'  100.78 ms
'confining_string_solver'  38.66 ms
'confining_string_solver'  80.27 ms
'confining_string_solver'  109.68 ms
'confining_string_solver'  72.21 ms
'confining_string_solver'  48.47 ms
'confining_string_solver'  100.82 ms
'confining_string_solver'  95.52 ms
'confining_string_solver'  133.76 ms
'confining_string_solver'  103.27 ms
'confining_string_solver'  83.50 ms
'confining_string_solver'  71.71 ms
'confining_string_solver'  120.78 ms
'confining_string_solver'  132.92 ms
'confining_string_solver'  117.96 ms
'confining_string_solver'  128.98 ms
'confining_string_solver'  122.82 ms
'confining_string_solver'  29.91 ms
'confining_string_solver'  47.13 ms
'confining_string_solver'  109.01 ms
'confining_string_solver'  54.28 ms
'confining_string_solver'  78.49 ms
'confining_string_solver'  51.34 ms
'confining_string_solver'  87.35 ms
'confining_string_solver'  39.30 ms
'confining_string_solver'  82.87 ms
'confining_string_solver'  115.28 ms
'confining_string_solver'  51.19 ms
'confining_string_solver'  123.63 ms
'confining_string_solver'  67.43 ms
'confining_string_solver'  111.82 ms
'confining_string_solver'  25.86 ms
'confining_string_solver'  81.07 ms
'confining_string_solver'  22.27 ms
'confining_string_solver'  63.68 ms
'confining_string_solver'  90.36 ms
'confining_string_solver'  84.98 ms
'confining_string_solver'  93.33 ms
'confining_string_solver'  80.24 ms
'confining_string_solver'  75.76 ms
'confining_string_solver'  34.94 ms
'confining_string_solver'  90.36 ms
'confining_string_solver'  76.11 ms
'confining_string_solver'  82.81 ms
'confining_string_solver'  70.62 ms
'confining_string_solver'  73.21 ms
'confining_string_solver'  77.35 ms
'confining_string_solver'  132.37 ms
'confining_string_solver'  96.13 ms
'confining_string_solver'  103.42 ms
'confining_string_solver'  92.66 ms
'confining_string_solver'  108.33 ms
'confining_string_solver'  102.27 ms
'confining_string_solver'  83.99 ms
'confining_string_solver'  97.21 ms
'confining_string_solver'  110.06 ms
'confining_string_solver'  82.09 ms
'confining_string_solver'  116.96 ms
'confining_string_solver'  103.26 ms
'confining_string_solver'  102.07 ms
'confining_string_solver'  84.37 ms
'confining_string_solver'  95.77 ms
'confining_string_solver'  111.01 ms
'confining_string_solver'  77.15 ms
'confining_string_solver'  74.88 ms
'confining_string_solver'  107.54 ms
'confining_string_solver'  96.44 ms
'confining_string_solver'  89.78 ms
'confining_string_solver'  73.91 ms
'confining_string_solver'  82.52 ms
'confining_string_solver'  39.05 ms
'confining_string_solver'  87.76 ms
Pseudo-terminal will not be allocated because stdin is not a terminal.
Submitted batch job 3842651

scontrol show jobid 3842550
JobId=3842550 JobName=CS_k_1
   UserId=wongsun4(3095934) GroupId=epoppitz(6003021) MCS_label=N/A
   Priority=1580545 Nice=0 Account=def-epoppitz QOS=normal
   JobState=COMPLETING Reason=None Dependency=(null)
   Requeue=0 Restarts=0 BatchFlag=1 Reboot=0 ExitCode=0:0
   RunTime=00:58:09 TimeLimit=01:00:00 TimeMin=N/A
   SubmitTime=2020-08-02T04:00:32 EligibleTime=2020-08-02T04:00:32
   AccrueTime=2020-08-02T04:00:32
   StartTime=2020-08-02T04:00:33 EndTime=2020-08-02T04:58:42 Deadline=N/A
   SuspendTime=None SecsPreSuspend=0 LastSchedEval=2020-08-02T04:00:33
   Partition=compute AllocNode:Sid=nia-login01:141677
   ReqNodeList=(null) ExcNodeList=(null)
   NodeList=nia0029
   BatchHost=nia0029
   NumNodes=1 NumCPUs=80 NumTasks=80 CPUs/Task=1 ReqB:S:C:T=0:0:*:*
   TRES=cpu=80,node=1,billing=40
   Socks/Node=* NtasksPerN:B:S:C=80:0:*:* CoreSpec=*
   MinCPUsNode=80 MinMemoryNode=0 MinTmpDiskNode=0
   Features=[skylake|cascade] DelayBoot=00:00:00
   OverSubscribe=NO Contiguous=0 Licenses=(null) Network=(null)
   Command=/gpfs/fs0/scratch/e/epoppitz/wongsun4/Confining-String/Niagara/trial_run_july_31/trial_run_script.sh
   WorkDir=/gpfs/fs0/scratch/e/epoppitz/wongsun4/Confining-String/Niagara/trial_run_july_31
   StdErr=/gpfs/fs0/scratch/e/epoppitz/wongsun4/Confining-String/Niagara/trial_run_july_31/slurm-3842550.out
   StdIn=/dev/null
   StdOut=/gpfs/fs0/scratch/e/epoppitz/wongsun4/Confining-String/Niagara/trial_run_july_31/slurm-3842550.out
   Power=
   MailUser=samuelsy.wong@mail.utoronto.ca MailType=BEGIN,END,FAIL,REQUEUE,STAGE_OUT

sacct -j 3842550
       JobID    JobName    Account    Elapsed  MaxVMSize     MaxRSS  SystemCPU    UserCPU ExitCode 
------------ ---------- ---------- ---------- ---------- ---------- ---------- ---------- -------- 
3842550          CS_k_1 def-epopp+   00:58:09                        58:46.730 1-03:37:20      0:0 
3842550.bat+      batch def-epopp+   00:58:09  16029980K   2050772K  58:46.730 1-03:37:20      0:0 
3842550.ext+     extern def-epopp+   00:58:09    137232K       852K   00:00:00   00:00:00      0:0 
