Restoring modules from user's confine_module
'confining_string_solver'  72.78 ms
'confining_string_solver'  70.33 ms
'confining_string_solver'  73.05 ms
'confining_string_solver'  76.77 ms
'confining_string_solver'  66.12 ms
'confining_string_solver'  65.95 ms
'confining_string_solver'  70.23 ms
'confining_string_solver'  67.03 ms
'confining_string_solver'  86.69 ms
'confining_string_solver'  53.94 ms
'confining_string_solver'  76.17 ms
'confining_string_solver'  73.95 ms
'confining_string_solver'  92.63 ms
'confining_string_solver'  64.80 ms
'confining_string_solver'  60.45 ms
'confining_string_solver'  63.37 ms
'confining_string_solver'  100.05 ms
'confining_string_solver'  91.94 ms
'confining_string_solver'  81.46 ms
'confining_string_solver'  129.40 ms
'confining_string_solver'  102.35 ms
'confining_string_solver'  63.12 ms
'confining_string_solver'  70.11 ms
'confining_string_solver'  71.53 ms
'confining_string_solver'  99.97 ms
'confining_string_solver'  66.83 ms
'confining_string_solver'  80.45 ms
'confining_string_solver'  63.18 ms
'confining_string_solver'  108.31 ms
'confining_string_solver'  76.00 ms
'confining_string_solver'  100.31 ms
'confining_string_solver'  94.21 ms
'confining_string_solver'  83.44 ms
'confining_string_solver'  74.76 ms
'confining_string_solver'  69.06 ms
'confining_string_solver'  79.19 ms
'confining_string_solver'  97.32 ms
'confining_string_solver'  64.73 ms
'confining_string_solver'  134.10 ms
'confining_string_solver'  82.43 ms
'confining_string_solver'  130.32 ms
'confining_string_solver'  71.02 ms
'confining_string_solver'  73.22 ms
'confining_string_solver'  94.00 ms
'confining_string_solver'  41.75 ms
'confining_string_solver'  99.48 ms
'confining_string_solver'  87.82 ms
'confining_string_solver'  79.40 ms
'confining_string_solver'  62.16 ms
'confining_string_solver'  77.57 ms
'confining_string_solver'  131.02 ms
'confining_string_solver'  53.16 ms
'confining_string_solver'  78.77 ms
'confining_string_solver'  76.60 ms
'confining_string_solver'  65.53 ms
'confining_string_solver'  72.76 ms
'confining_string_solver'  111.23 ms
'confining_string_solver'  78.12 ms
'confining_string_solver'  95.82 ms
'confining_string_solver'  55.97 ms
'confining_string_solver'  66.41 ms
'confining_string_solver'  77.54 ms
'confining_string_solver'  129.49 ms
'confining_string_solver'  75.58 ms
'confining_string_solver'  103.71 ms
'confining_string_solver'  69.49 ms
'confining_string_solver'  107.89 ms
'confining_string_solver'  60.34 ms
'confining_string_solver'  74.35 ms
'confining_string_solver'  88.68 ms
'confining_string_solver'  69.20 ms
'confining_string_solver'  78.87 ms
'confining_string_solver'  68.71 ms
'confining_string_solver'  64.39 ms
'confining_string_solver'  156.55 ms
'confining_string_solver'  110.53 ms
'confining_string_solver'  108.51 ms
'confining_string_solver'  97.87 ms
'confining_string_solver'  119.18 ms
'confining_string_solver'  73.28 ms
'confining_string_solver'  69.28 ms
'confining_string_solver'  73.20 ms
'confining_string_solver'  59.80 ms
'confining_string_solver'  66.22 ms
'confining_string_solver'  67.47 ms
'confining_string_solver'  75.72 ms
'confining_string_solver'  70.60 ms
'confining_string_solver'  103.02 ms
'confining_string_solver'  56.82 ms
'confining_string_solver'  53.80 ms
'confining_string_solver'  72.75 ms
'confining_string_solver'  54.98 ms
'confining_string_solver'  71.20 ms
'confining_string_solver'  73.08 ms
'confining_string_solver'  86.97 ms
'confining_string_solver'  80.65 ms
'confining_string_solver'  78.07 ms
'confining_string_solver'  68.06 ms
'confining_string_solver'  105.32 ms
'confining_string_solver'  97.28 ms
'confining_string_solver'  94.00 ms
'confining_string_solver'  63.24 ms
'confining_string_solver'  93.33 ms
'confining_string_solver'  96.91 ms
'confining_string_solver'  81.72 ms
'confining_string_solver'  110.91 ms
'confining_string_solver'  105.87 ms
'confining_string_solver'  127.49 ms
'confining_string_solver'  83.53 ms
'confining_string_solver'  91.82 ms
'confining_string_solver'  87.36 ms
'confining_string_solver'  89.44 ms
'confining_string_solver'  93.10 ms
'confining_string_solver'  94.39 ms
'confining_string_solver'  94.84 ms
'confining_string_solver'  99.39 ms
'confining_string_solver'  113.05 ms
'confining_string_solver'  111.51 ms
'confining_string_solver'  70.45 ms
'confining_string_solver'  107.49 ms
'confining_string_solver'  78.46 ms
'confining_string_solver'  104.96 ms
'confining_string_solver'  104.89 ms
'confining_string_solver'  108.39 ms
'confining_string_solver'  106.17 ms
'confining_string_solver'  97.23 ms
'confining_string_solver'  78.41 ms
'confining_string_solver'  110.09 ms
'confining_string_solver'  73.48 ms
'confining_string_solver'  99.65 ms
'confining_string_solver'  89.23 ms
'confining_string_solver'  86.45 ms
'confining_string_solver'  85.20 ms
'confining_string_solver'  84.34 ms
'confining_string_solver'  98.55 ms
'confining_string_solver'  115.31 ms
'confining_string_solver'  114.48 ms
'confining_string_solver'  68.62 ms
'confining_string_solver'  101.82 ms
'confining_string_solver'  66.06 ms
'confining_string_solver'  59.55 ms
'confining_string_solver'  73.56 ms
'confining_string_solver'  77.89 ms
'confining_string_solver'  74.58 ms
'confining_string_solver'  88.14 ms
'confining_string_solver'  93.47 ms
'confining_string_solver'  84.87 ms
'confining_string_solver'  112.16 ms
'confining_string_solver'  81.57 ms
'confining_string_solver'  99.94 ms
'confining_string_solver'  94.64 ms
'confining_string_solver'  94.66 ms
'confining_string_solver'  97.03 ms
'confining_string_solver'  92.09 ms
'confining_string_solver'  98.65 ms
'confining_string_solver'  85.63 ms
'confining_string_solver'  87.02 ms
'confining_string_solver'  79.33 ms
'confining_string_solver'  88.71 ms
'confining_string_solver'  91.04 ms
'confining_string_solver'  95.91 ms
'confining_string_solver'  92.63 ms
'confining_string_solver'  83.16 ms
restore checkpoint
'confining_string_solver'  472365.35 ms
restore checkpoint
'confining_string_solver'  1283778.38 ms
restore checkpoint
'confining_string_solver'  1293308.73 ms
restore checkpoint
save checkpoint
restore checkpoint
'confining_string_solver'  66867.59 ms
'confining_string_solver'  1501365.99 ms
restore checkpoint
save checkpoint
restore checkpoint
'confining_string_solver'  708037.24 ms
'confining_string_solver'  2194696.64 ms
restore checkpoint
save checkpoint
restore checkpoint
save checkpoint
restore checkpoint
'confining_string_solver'  684257.31 ms
'confining_string_solver'  1613175.73 ms
'confining_string_solver'  2599127.54 ms
Pseudo-terminal will not be allocated because stdin is not a terminal.
Submitted batch job 3835310

scontrol show jobid 3835261
JobId=3835261 JobName=CS_k_1
   UserId=wongsun4(3095934) GroupId=epoppitz(6003021) MCS_label=N/A
   Priority=1604902 Nice=0 Account=def-epoppitz QOS=normal
   JobState=COMPLETING Reason=None Dependency=(null)
   Requeue=0 Restarts=0 BatchFlag=1 Reboot=0 ExitCode=0:0
   RunTime=00:58:03 TimeLimit=01:00:00 TimeMin=N/A
   SubmitTime=2020-08-01T05:32:06 EligibleTime=2020-08-01T05:32:06
   AccrueTime=2020-08-01T05:32:06
   StartTime=2020-08-01T05:32:07 EndTime=2020-08-01T06:30:10 Deadline=N/A
   SuspendTime=None SecsPreSuspend=0 LastSchedEval=2020-08-01T05:32:07
   Partition=compute AllocNode:Sid=nia-login01:212267
   ReqNodeList=(null) ExcNodeList=(null)
   NodeList=nia0023
   BatchHost=nia0023
   NumNodes=1 NumCPUs=80 NumTasks=80 CPUs/Task=1 ReqB:S:C:T=0:0:*:*
   TRES=cpu=80,node=1,billing=40
   Socks/Node=* NtasksPerN:B:S:C=80:0:*:* CoreSpec=*
   MinCPUsNode=80 MinMemoryNode=0 MinTmpDiskNode=0
   Features=[skylake|cascade] DelayBoot=00:00:00
   OverSubscribe=NO Contiguous=0 Licenses=(null) Network=(null)
   Command=/gpfs/fs0/scratch/e/epoppitz/wongsun4/Confining-String/Niagara/trial_run_july_31/trial_run_script.sh
   WorkDir=/gpfs/fs0/scratch/e/epoppitz/wongsun4/Confining-String/Niagara/trial_run_july_31
   StdErr=/gpfs/fs0/scratch/e/epoppitz/wongsun4/Confining-String/Niagara/trial_run_july_31/slurm-3835261.out
   StdIn=/dev/null
   StdOut=/gpfs/fs0/scratch/e/epoppitz/wongsun4/Confining-String/Niagara/trial_run_july_31/slurm-3835261.out
   Power=
   MailUser=samuelsy.wong@mail.utoronto.ca MailType=BEGIN,END,FAIL,REQUEUE,STAGE_OUT

sacct -j 3835261
       JobID    JobName    Account    Elapsed  MaxVMSize     MaxRSS  SystemCPU    UserCPU ExitCode 
------------ ---------- ---------- ---------- ---------- ---------- ---------- ---------- -------- 
3835261          CS_k_1 def-epopp+   00:58:03                         02:21:49 2-13:54:02      0:0 
3835261.bat+      batch def-epopp+   00:58:03 108116608K  10459336K   02:21:49 2-13:54:02      0:0 
3835261.ext+     extern def-epopp+   00:58:03    137232K       852K   00:00:00   00:00:00      0:0 
