Restoring modules from user's confine_module
'confining_string_solver'  34.85 ms
'confining_string_solver'  49.85 ms
'confining_string_solver'  45.16 ms
'confining_string_solver'  65.62 ms
'confining_string_solver'  46.93 ms
'confining_string_solver'  41.67 ms
'confining_string_solver'  51.04 ms
'confining_string_solver'  46.83 ms
'confining_string_solver'  39.43 ms
'confining_string_solver'  56.30 ms
'confining_string_solver'  55.66 ms
'confining_string_solver'  50.03 ms
'confining_string_solver'  71.21 ms
'confining_string_solver'  51.90 ms
'confining_string_solver'  60.76 ms
'confining_string_solver'  36.32 ms
'confining_string_solver'  46.98 ms
'confining_string_solver'  49.48 ms
'confining_string_solver'  58.94 ms
'confining_string_solver'  81.55 ms
'confining_string_solver'  51.25 ms
'confining_string_solver'  58.65 ms
'confining_string_solver'  49.91 ms
'confining_string_solver'  44.98 ms
'confining_string_solver'  59.70 ms
'confining_string_solver'  52.14 ms
'confining_string_solver'  46.06 ms
'confining_string_solver'  40.23 ms
'confining_string_solver'  87.96 ms
'confining_string_solver'  82.55 ms
'confining_string_solver'  56.48 ms
'confining_string_solver'  52.68 ms
'confining_string_solver'  77.58 ms
'confining_string_solver'  59.28 ms
'confining_string_solver'  45.88 ms
'confining_string_solver'  52.76 ms
'confining_string_solver'  74.94 ms
'confining_string_solver'  82.33 ms
'confining_string_solver'  78.16 ms
'confining_string_solver'  59.12 ms
'confining_string_solver'  43.33 ms
'confining_string_solver'  78.66 ms
'confining_string_solver'  68.97 ms
'confining_string_solver'  63.07 ms
'confining_string_solver'  61.76 ms
'confining_string_solver'  54.78 ms
'confining_string_solver'  83.47 ms
'confining_string_solver'  55.69 ms
'confining_string_solver'  65.05 ms
'confining_string_solver'  90.25 ms
'confining_string_solver'  56.25 ms
'confining_string_solver'  73.60 ms
'confining_string_solver'  47.42 ms
'confining_string_solver'  54.83 ms
'confining_string_solver'  64.90 ms
'confining_string_solver'  35.70 ms
'confining_string_solver'  48.70 ms
'confining_string_solver'  86.75 ms
'confining_string_solver'  75.61 ms
'confining_string_solver'  56.36 ms
'confining_string_solver'  86.17 ms
'confining_string_solver'  69.14 ms
'confining_string_solver'  57.86 ms
'confining_string_solver'  119.06 ms
'confining_string_solver'  64.54 ms
'confining_string_solver'  53.85 ms
'confining_string_solver'  69.90 ms
'confining_string_solver'  72.54 ms
'confining_string_solver'  63.16 ms
'confining_string_solver'  98.83 ms
'confining_string_solver'  70.51 ms
'confining_string_solver'  85.13 ms
'confining_string_solver'  51.01 ms
'confining_string_solver'  45.12 ms
'confining_string_solver'  48.17 ms
'confining_string_solver'  70.30 ms
'confining_string_solver'  49.46 ms
'confining_string_solver'  71.87 ms
'confining_string_solver'  57.21 ms
'confining_string_solver'  49.31 ms
'confining_string_solver'  75.97 ms
'confining_string_solver'  83.19 ms
'confining_string_solver'  70.74 ms
'confining_string_solver'  79.04 ms
'confining_string_solver'  73.24 ms
'confining_string_solver'  89.75 ms
'confining_string_solver'  58.17 ms
'confining_string_solver'  69.56 ms
'confining_string_solver'  65.25 ms
'confining_string_solver'  66.47 ms
'confining_string_solver'  85.90 ms
'confining_string_solver'  87.77 ms
'confining_string_solver'  61.84 ms
'confining_string_solver'  94.13 ms
'confining_string_solver'  71.99 ms
'confining_string_solver'  95.06 ms
'confining_string_solver'  69.53 ms
'confining_string_solver'  70.70 ms
'confining_string_solver'  88.07 ms
'confining_string_solver'  60.37 ms
'confining_string_solver'  98.27 ms
'confining_string_solver'  77.76 ms
'confining_string_solver'  83.88 ms
'confining_string_solver'  92.75 ms
'confining_string_solver'  63.54 ms
'confining_string_solver'  72.49 ms
'confining_string_solver'  84.85 ms
'confining_string_solver'  84.12 ms
'confining_string_solver'  117.66 ms
'confining_string_solver'  86.11 ms
'confining_string_solver'  86.56 ms
'confining_string_solver'  112.28 ms
'confining_string_solver'  84.49 ms
'confining_string_solver'  104.19 ms
'confining_string_solver'  86.33 ms
'confining_string_solver'  96.50 ms
'confining_string_solver'  132.57 ms
'confining_string_solver'  80.92 ms
'confining_string_solver'  112.62 ms
'confining_string_solver'  104.75 ms
'confining_string_solver'  125.77 ms
'confining_string_solver'  107.74 ms
'confining_string_solver'  92.00 ms
'confining_string_solver'  123.93 ms
'confining_string_solver'  105.24 ms
'confining_string_solver'  146.81 ms
'confining_string_solver'  131.68 ms
'confining_string_solver'  97.47 ms
'confining_string_solver'  86.35 ms
'confining_string_solver'  81.84 ms
'confining_string_solver'  91.31 ms
'confining_string_solver'  104.50 ms
'confining_string_solver'  115.40 ms
'confining_string_solver'  73.17 ms
'confining_string_solver'  139.57 ms
'confining_string_solver'  100.35 ms
'confining_string_solver'  125.63 ms
'confining_string_solver'  130.42 ms
'confining_string_solver'  87.72 ms
'confining_string_solver'  113.18 ms
'confining_string_solver'  146.69 ms
'confining_string_solver'  133.96 ms
'confining_string_solver'  114.00 ms
'confining_string_solver'  111.13 ms
'confining_string_solver'  133.79 ms
'confining_string_solver'  83.26 ms
'confining_string_solver'  110.90 ms
'confining_string_solver'  88.69 ms
'confining_string_solver'  74.91 ms
'confining_string_solver'  104.45 ms
'confining_string_solver'  73.79 ms
'confining_string_solver'  86.86 ms
'confining_string_solver'  94.35 ms
'confining_string_solver'  88.71 ms
'confining_string_solver'  108.91 ms
'confining_string_solver'  81.84 ms
'confining_string_solver'  77.79 ms
'confining_string_solver'  91.19 ms
'confining_string_solver'  111.26 ms
'confining_string_solver'  81.13 ms
'confining_string_solver'  106.75 ms
'confining_string_solver'  118.17 ms
'confining_string_solver'  81.60 ms
'confining_string_solver'  117.99 ms
'confining_string_solver'  87.94 ms
'confining_string_solver'  96.60 ms
'confining_string_solver'  148.52 ms
'confining_string_solver'  75.31 ms
'confining_string_solver'  118.84 ms
'confining_string_solver'  87.01 ms
'confining_string_solver'  110.39 ms
'confining_string_solver'  86.13 ms
'confining_string_solver'  87.40 ms
'confining_string_solver'  104.35 ms
'confining_string_solver'  119.46 ms
'confining_string_solver'  102.40 ms
'confining_string_solver'  97.74 ms
'confining_string_solver'  98.00 ms
'confining_string_solver'  112.93 ms
'confining_string_solver'  97.76 ms
'confining_string_solver'  122.60 ms
'confining_string_solver'  123.87 ms
'confining_string_solver'  85.94 ms
'confining_string_solver'  135.73 ms
'confining_string_solver'  106.38 ms
'confining_string_solver'  146.23 ms
'confining_string_solver'  95.42 ms
'confining_string_solver'  119.91 ms
Pseudo-terminal will not be allocated because stdin is not a terminal.
Submitted batch job 3841877

scontrol show jobid 3841782
JobId=3841782 JobName=CS_k_1
   UserId=wongsun4(3095934) GroupId=epoppitz(6003021) MCS_label=N/A
   Priority=1592723 Nice=0 Account=def-epoppitz QOS=normal
   JobState=COMPLETING Reason=None Dependency=(null)
   Requeue=0 Restarts=0 BatchFlag=1 Reboot=0 ExitCode=0:0
   RunTime=00:58:03 TimeLimit=01:00:00 TimeMin=N/A
   SubmitTime=2020-08-02T02:04:23 EligibleTime=2020-08-02T02:04:23
   AccrueTime=2020-08-02T02:04:23
   StartTime=2020-08-02T02:04:26 EndTime=2020-08-02T03:02:29 Deadline=N/A
   SuspendTime=None SecsPreSuspend=0 LastSchedEval=2020-08-02T02:04:26
   Partition=compute AllocNode:Sid=nia-login01:335560
   ReqNodeList=(null) ExcNodeList=(null)
   NodeList=nia0029
   BatchHost=nia0029
   NumNodes=1 NumCPUs=80 NumTasks=80 CPUs/Task=1 ReqB:S:C:T=0:0:*:*
   TRES=cpu=80,node=1,billing=40
   Socks/Node=* NtasksPerN:B:S:C=80:0:*:* CoreSpec=*
   MinCPUsNode=80 MinMemoryNode=0 MinTmpDiskNode=0
   Features=[skylake|cascade] DelayBoot=00:00:00
   OverSubscribe=NO Contiguous=0 Licenses=(null) Network=(null)
   Command=/gpfs/fs0/scratch/e/epoppitz/wongsun4/Confining-String/Niagara/trial_run_july_31/trial_run_script.sh
   WorkDir=/gpfs/fs0/scratch/e/epoppitz/wongsun4/Confining-String/Niagara/trial_run_july_31
   StdErr=/gpfs/fs0/scratch/e/epoppitz/wongsun4/Confining-String/Niagara/trial_run_july_31/slurm-3841782.out
   StdIn=/dev/null
   StdOut=/gpfs/fs0/scratch/e/epoppitz/wongsun4/Confining-String/Niagara/trial_run_july_31/slurm-3841782.out
   Power=
   MailUser=samuelsy.wong@mail.utoronto.ca MailType=BEGIN,END,FAIL,REQUEUE,STAGE_OUT

sacct -j 3841782
       JobID    JobName    Account    Elapsed  MaxVMSize     MaxRSS  SystemCPU    UserCPU ExitCode 
------------ ---------- ---------- ---------- ---------- ---------- ---------- ---------- -------- 
3841782          CS_k_1 def-epopp+   00:58:04                         00:00:00   00:00:00      0:0 
3841782.bat+      batch def-epopp+   00:58:04                         00:00:00   00:00:00      0:0 
3841782.ext+     extern def-epopp+   00:58:04                         00:00:00   00:00:00      0:0 
