Seq	Host	Starttime	JobRuntime	Send	Receive	Exitval	Signal	Command
18	:	1598673133.963	    12.629	0	0	1	0	python main_script.py 2 2 20 0.12
30	:	1598673133.992	    12.630	0	0	1	0	python main_script.py 2 3 10 0.12
78	:	1598673134.113	    12.527	0	0	1	0	python main_script.py 3 3 20 0.12
75	:	1598673134.104	    12.542	0	0	1	0	python main_script.py 3 3 30 0.09
66	:	1598673134.078	    12.569	0	0	1	0	python main_script.py 3 2 30 0.12
6	:	1598673133.941	    12.750	0	0	1	0	python main_script.py 2 1 30 0.12
55	:	1598673134.050	    12.646	0	0	1	0	python main_script.py 3 1 30 0.09
4	:	1598673133.937	    12.763	0	0	1	0	python main_script.py 2 1 40 0.12
35	:	1598673134.003	    12.698	0	0	1	0	python main_script.py 2 4 30 0.09
5	:	1598673133.939	    12.764	0	0	1	0	python main_script.py 2 1 30 0.09
64	:	1598673134.073	    12.634	0	0	1	0	python main_script.py 3 2 40 0.12
27	:	1598673133.985	    12.733	0	0	1	0	python main_script.py 2 3 20 0.09
38	:	1598673134.011	    12.708	0	0	1	0	python main_script.py 2 4 20 0.12
79	:	1598673134.116	    12.603	0	0	1	0	python main_script.py 3 3 10 0.09
14	:	1598673133.956	    12.774	0	0	1	0	python main_script.py 2 2 40 0.12
67	:	1598673134.081	    12.651	0	0	1	0	python main_script.py 3 2 20 0.09
33	:	1598673133.998	    12.739	0	0	1	0	python main_script.py 2 4 40 0.09
63	:	1598673134.070	    12.667	0	0	1	0	python main_script.py 3 2 40 0.09
44	:	1598673134.025	    12.717	0	0	1	0	python main_script.py 2 5 40 0.12
29	:	1598673133.989	    12.753	0	0	1	0	python main_script.py 2 3 10 0.09
46	:	1598673134.030	    12.723	0	0	1	0	python main_script.py 2 5 30 0.12
16	:	1598673133.960	    12.805	0	0	1	0	python main_script.py 2 2 30 0.12
73	:	1598673134.097	    12.669	0	0	1	0	python main_script.py 3 3 40 0.09
48	:	1598673134.035	    12.738	0	0	1	0	python main_script.py 2 5 20 0.12
69	:	1598673134.085	    12.688	0	0	1	0	python main_script.py 3 2 10 0.09
37	:	1598673134.008	    12.777	0	0	1	0	python main_script.py 2 4 20 0.09
15	:	1598673133.958	    12.831	0	0	1	0	python main_script.py 2 2 30 0.09
12	:	1598673133.952	    12.842	0	0	1	0	python main_script.py 2 2 50 0.12
76	:	1598673134.106	    12.689	0	0	1	0	python main_script.py 3 3 30 0.12
11	:	1598673133.951	    12.848	0	0	1	0	python main_script.py 2 2 50 0.09
42	:	1598673134.020	    12.779	0	0	1	0	python main_script.py 2 5 50 0.12
17	:	1598673133.962	    12.843	0	0	1	0	python main_script.py 2 2 20 0.09
65	:	1598673134.076	    12.733	0	0	1	0	python main_script.py 3 2 30 0.09
3	:	1598673133.936	    12.877	0	0	1	0	python main_script.py 2 1 40 0.09
31	:	1598673133.994	    12.821	0	0	1	0	python main_script.py 2 4 50 0.09
8	:	1598673133.945	    12.870	0	0	1	0	python main_script.py 2 1 20 0.12
59	:	1598673134.060	    12.756	0	0	1	0	python main_script.py 3 1 10 0.09
62	:	1598673134.068	    12.747	0	0	1	0	python main_script.py 3 2 50 0.12
22	:	1598673133.973	    12.848	0	0	1	0	python main_script.py 2 3 50 0.12
26	:	1598673133.982	    12.846	0	0	1	0	python main_script.py 2 3 30 0.12
41	:	1598673134.018	    12.812	0	0	1	0	python main_script.py 2 5 50 0.09
57	:	1598673134.055	    12.774	0	0	1	0	python main_script.py 3 1 20 0.09
47	:	1598673134.033	    12.801	0	0	1	0	python main_script.py 2 5 20 0.09
49	:	1598673134.037	    12.805	0	0	1	0	python main_script.py 2 5 10 0.09
61	:	1598673134.065	    12.777	0	0	1	0	python main_script.py 3 2 50 0.09
1	:	1598673133.932	    12.917	0	0	1	0	python main_script.py 2 1 50 0.09
21	:	1598673133.970	    12.879	0	0	1	0	python main_script.py 2 3 50 0.09
34	:	1598673134.001	    12.850	0	0	1	0	python main_script.py 2 4 40 0.12
54	:	1598673134.048	    12.802	0	0	1	0	python main_script.py 3 1 40 0.12
58	:	1598673134.057	    12.802	0	0	1	0	python main_script.py 3 1 20 0.12
70	:	1598673134.088	    12.771	0	0	1	0	python main_script.py 3 2 10 0.12
71	:	1598673134.092	    12.769	0	0	1	0	python main_script.py 3 3 50 0.09
72	:	1598673134.095	    12.766	0	0	1	0	python main_script.py 3 3 50 0.12
77	:	1598673134.110	    12.751	0	0	1	0	python main_script.py 3 3 20 0.09
60	:	1598673134.063	    12.802	0	0	1	0	python main_script.py 3 1 10 0.12
50	:	1598673134.039	    12.829	0	0	1	0	python main_script.py 2 5 10 0.12
56	:	1598673134.053	    12.816	0	0	1	0	python main_script.py 3 1 30 0.12
32	:	1598673133.996	    12.878	0	0	1	0	python main_script.py 2 4 50 0.12
36	:	1598673134.006	    12.868	0	0	1	0	python main_script.py 2 4 30 0.12
7	:	1598673133.943	    12.935	0	0	1	0	python main_script.py 2 1 20 0.09
23	:	1598673133.975	    12.904	0	0	1	0	python main_script.py 2 3 40 0.09
9	:	1598673133.947	    12.935	0	0	1	0	python main_script.py 2 1 10 0.09
68	:	1598673134.083	    12.801	0	0	1	0	python main_script.py 3 2 20 0.12
2	:	1598673133.933	    12.954	0	0	1	0	python main_script.py 2 1 50 0.12
39	:	1598673134.013	    12.875	0	0	1	0	python main_script.py 2 4 10 0.09
43	:	1598673134.023	    12.865	0	0	1	0	python main_script.py 2 5 40 0.09
52	:	1598673134.043	    12.852	0	0	1	0	python main_script.py 3 1 50 0.12
13	:	1598673133.954	    12.944	0	0	1	0	python main_script.py 2 2 40 0.09
25	:	1598673133.980	    12.920	0	0	1	0	python main_script.py 2 3 30 0.09
10	:	1598673133.949	    12.955	0	0	1	0	python main_script.py 2 1 10 0.12
19	:	1598673133.966	    12.938	0	0	1	0	python main_script.py 2 2 10 0.09
80	:	1598673134.119	    12.812	0	0	1	0	python main_script.py 3 3 10 0.12
45	:	1598673134.028	    12.913	0	0	1	0	python main_script.py 2 5 30 0.09
74	:	1598673134.101	    12.875	0	0	1	0	python main_script.py 3 3 40 0.12
40	:	1598673134.015	    12.996	0	0	1	0	python main_script.py 2 4 10 0.12
51	:	1598673134.041	    12.984	0	0	1	0	python main_script.py 3 1 50 0.09
24	:	1598673133.978	    13.087	0	0	1	0	python main_script.py 2 3 40 0.12
53	:	1598673134.046	    13.026	0	0	1	0	python main_script.py 3 1 40 0.09
28	:	1598673133.987	    13.091	0	0	1	0	python main_script.py 2 3 20 0.12
20	:	1598673133.968	    13.134	0	0	1	0	python main_script.py 2 2 10 0.12
94	:	1598673146.741	     4.121	0	0	1	0	python main_script.py 3 5 40 0.12
88	:	1598673146.708	     4.199	0	0	1	0	python main_script.py 3 4 20 0.12
82	:	1598673146.628	     4.286	0	0	1	0	python main_script.py 3 4 50 0.12
105	:	1598673146.799	     4.200	0	0	1	0	python main_script.py 4 1 30 0.09
101	:	1598673146.780	     4.236	0	0	1	0	python main_script.py 4 1 50 0.09
86	:	1598673146.696	     4.328	0	0	1	0	python main_script.py 3 4 30 0.12
98	:	1598673146.760	     4.293	0	0	1	0	python main_script.py 3 5 20 0.12
87	:	1598673146.701	     4.375	0	0	1	0	python main_script.py 3 4 20 0.09
92	:	1598673146.731	     4.347	0	0	1	0	python main_script.py 3 5 50 0.12
96	:	1598673146.750	     4.328	0	0	1	0	python main_script.py 3 5 30 0.12
81	:	1598673146.598	     4.510	0	0	1	0	python main_script.py 3 4 50 0.09
85	:	1598673146.661	     4.453	0	0	1	0	python main_script.py 3 4 30 0.09
104	:	1598673146.794	     4.325	0	0	1	0	python main_script.py 4 1 40 0.12
93	:	1598673146.736	     4.391	0	0	1	0	python main_script.py 3 5 40 0.09
97	:	1598673146.754	     4.396	0	0	1	0	python main_script.py 3 5 20 0.09
84	:	1598673146.651	     4.513	0	0	1	0	python main_script.py 3 4 40 0.12
90	:	1598673146.718	     4.446	0	0	1	0	python main_script.py 3 4 10 0.12
125	:	1598673146.899	     4.266	0	0	1	0	python main_script.py 4 3 30 0.09
118	:	1598673146.869	     4.304	0	0	1	0	python main_script.py 4 2 20 0.12
111	:	1598673146.829	     4.352	0	0	1	0	python main_script.py 4 2 50 0.09
114	:	1598673146.842	     4.339	0	0	1	0	python main_script.py 4 2 40 0.12
120	:	1598673146.878	     4.309	0	0	1	0	python main_script.py 4 2 10 0.12
110	:	1598673146.825	     4.373	0	0	1	0	python main_script.py 4 1 10 0.12
122	:	1598673146.887	     4.319	0	0	1	0	python main_script.py 4 3 50 0.12
127	:	1598673146.907	     4.300	0	0	1	0	python main_script.py 4 3 20 0.09
112	:	1598673146.834	     4.393	0	0	1	0	python main_script.py 4 2 50 0.12
128	:	1598673146.915	     4.329	0	0	1	0	python main_script.py 4 3 20 0.12
152	:	1598673147.006	     4.246	0	0	1	0	python main_script.py 5 1 50 0.12
115	:	1598673146.849	     4.413	0	0	1	0	python main_script.py 4 2 30 0.09
113	:	1598673146.838	     4.435	0	0	1	0	python main_script.py 4 2 40 0.09
137	:	1598673146.950	     4.349	0	0	1	0	python main_script.py 4 4 20 0.09
102	:	1598673146.785	     4.519	0	0	1	0	python main_script.py 4 1 50 0.12
123	:	1598673146.892	     4.414	0	0	1	0	python main_script.py 4 3 40 0.09
103	:	1598673146.789	     4.526	0	0	1	0	python main_script.py 4 1 40 0.09
83	:	1598673146.644	     4.679	0	0	1	0	python main_script.py 3 4 40 0.09
116	:	1598673146.855	     4.470	0	0	1	0	python main_script.py 4 2 30 0.12
100	:	1598673146.773	     4.565	0	0	1	0	python main_script.py 3 5 10 0.12
141	:	1598673146.964	     4.381	0	0	1	0	python main_script.py 4 5 50 0.09
155	:	1598673147.020	     4.325	0	0	1	0	python main_script.py 5 1 30 0.09
119	:	1598673146.873	     4.473	0	0	1	0	python main_script.py 4 2 10 0.09
139	:	1598673146.956	     4.394	0	0	1	0	python main_script.py 4 4 10 0.09
91	:	1598673146.727	     4.634	0	0	1	0	python main_script.py 3 5 50 0.09
121	:	1598673146.883	     4.479	0	0	1	0	python main_script.py 4 3 50 0.09
124	:	1598673146.895	     4.467	0	0	1	0	python main_script.py 4 3 40 0.12
108	:	1598673146.814	     4.558	0	0	1	0	python main_script.py 4 1 20 0.12
140	:	1598673146.959	     4.418	0	0	1	0	python main_script.py 4 4 10 0.12
134	:	1598673146.939	     4.449	0	0	1	0	python main_script.py 4 4 40 0.12
143	:	1598673146.972	     4.422	0	0	1	0	python main_script.py 4 5 40 0.09
133	:	1598673146.935	     4.466	0	0	1	0	python main_script.py 4 4 40 0.09
138	:	1598673146.954	     4.447	0	0	1	0	python main_script.py 4 4 20 0.12
131	:	1598673146.926	     4.475	0	0	1	0	python main_script.py 4 4 50 0.09
95	:	1598673146.746	     4.661	0	0	1	0	python main_script.py 3 5 30 0.09
149	:	1598673146.994	     4.414	0	0	1	0	python main_script.py 4 5 10 0.09
156	:	1598673147.029	     4.391	0	0	1	0	python main_script.py 5 1 30 0.12
106	:	1598673146.804	     4.618	0	0	1	0	python main_script.py 4 1 30 0.12
130	:	1598673146.922	     4.519	0	0	1	0	python main_script.py 4 3 10 0.12
136	:	1598673146.946	     4.495	0	0	1	0	python main_script.py 4 4 30 0.12
142	:	1598673146.968	     4.473	0	0	1	0	python main_script.py 4 5 50 0.12
144	:	1598673146.975	     4.467	0	0	1	0	python main_script.py 4 5 40 0.12
146	:	1598673146.983	     4.460	0	0	1	0	python main_script.py 4 5 30 0.12
160	:	1598673147.108	     4.339	0	0	1	0	python main_script.py 5 1 10 0.12
154	:	1598673147.016	     4.445	0	0	1	0	python main_script.py 5 1 40 0.12
158	:	1598673147.077	     4.390	0	0	1	0	python main_script.py 5 1 20 0.12
132	:	1598673146.932	     4.549	0	0	1	0	python main_script.py 4 4 50 0.12
148	:	1598673146.990	     4.492	0	0	1	0	python main_script.py 4 5 20 0.12
157	:	1598673147.069	     4.413	0	0	1	0	python main_script.py 5 1 20 0.09
109	:	1598673146.820	     4.669	0	0	1	0	python main_script.py 4 1 10 0.09
150	:	1598673146.997	     4.525	0	0	1	0	python main_script.py 4 5 10 0.12
151	:	1598673147.002	     4.520	0	0	1	0	python main_script.py 5 1 50 0.09
147	:	1598673146.987	     4.552	0	0	1	0	python main_script.py 4 5 20 0.09
145	:	1598673146.979	     4.605	0	0	1	0	python main_script.py 4 5 30 0.09
153	:	1598673147.012	     4.606	0	0	1	0	python main_script.py 5 1 40 0.09
135	:	1598673146.942	     4.700	0	0	1	0	python main_script.py 4 4 30 0.09
126	:	1598673146.904	     4.774	0	0	1	0	python main_script.py 4 3 30 0.12
89	:	1598673146.712	     5.176	0	0	1	0	python main_script.py 3 4 10 0.09
107	:	1598673146.809	     5.154	0	0	1	0	python main_script.py 4 1 20 0.09
129	:	1598673146.918	     5.173	0	0	1	0	python main_script.py 4 3 10 0.09
159	:	1598673147.082	     5.151	0	0	1	0	python main_script.py 5 1 10 0.09
99	:	1598673146.764	     5.529	0	0	1	0	python main_script.py 3 5 10 0.09
117	:	1598673146.860	     5.462	0	0	1	0	python main_script.py 4 2 20 0.09
162	:	1598673150.912	     4.117	0	0	1	0	python main_script.py 5 2 50 0.12
163	:	1598673150.920	     4.218	0	0	1	0	python main_script.py 5 2 40 0.09
174	:	1598673151.136	     4.111	0	0	1	0	python main_script.py 5 3 40 0.12
169	:	1598673151.101	     4.151	0	0	1	0	python main_script.py 5 2 10 0.09
164	:	1598673151.004	     4.266	0	0	1	0	python main_script.py 5 2 40 0.12
178	:	1598673151.177	     4.092	0	0	1	0	python main_script.py 5 3 20 0.12
168	:	1598673151.096	     4.194	0	0	1	0	python main_script.py 5 2 20 0.12
165	:	1598673151.020	     4.291	0	0	1	0	python main_script.py 5 2 30 0.09
167	:	1598673151.077	     4.253	0	0	1	0	python main_script.py 5 2 20 0.09
173	:	1598673151.126	     4.226	0	0	1	0	python main_script.py 5 3 40 0.09
176	:	1598673151.169	     4.184	0	0	1	0	python main_script.py 5 3 30 0.12
166	:	1598673151.030	     4.335	0	0	1	0	python main_script.py 5 2 30 0.12
182	:	1598673151.203	     4.187	0	0	1	0	python main_script.py 5 4 50 0.12
171	:	1598673151.114	     4.289	0	0	1	0	python main_script.py 5 3 50 0.09
181	:	1598673151.198	     4.206	0	0	1	0	python main_script.py 5 4 50 0.09
184	:	1598673151.212	     4.199	0	0	1	0	python main_script.py 5 4 40 0.12
175	:	1598673151.163	     4.293	0	0	1	0	python main_script.py 5 3 30 0.09
161	:	1598673150.878	     4.588	0	0	1	0	python main_script.py 5 2 50 0.09
215	:	1598673151.454	     4.055	0	0	1	0	python main_script.py 6 2 30 0.09
180	:	1598673151.187	     4.328	0	0	1	0	python main_script.py 5 3 10 0.12
183	:	1598673151.207	     4.309	0	0	1	0	python main_script.py 5 4 40 0.09
179	:	1598673151.181	     4.341	0	0	1	0	python main_script.py 5 3 10 0.09
192	:	1598673151.310	     4.222	0	0	1	0	python main_script.py 5 5 50 0.12
217	:	1598673151.467	     4.065	0	0	1	0	python main_script.py 6 2 20 0.09
188	:	1598673151.256	     4.280	0	0	1	0	python main_script.py 5 4 20 0.12
172	:	1598673151.119	     4.423	0	0	1	0	python main_script.py 5 3 50 0.12
198	:	1598673151.350	     4.207	0	0	1	0	python main_script.py 5 5 20 0.12
186	:	1598673151.233	     4.340	0	0	1	0	python main_script.py 5 4 30 0.12
195	:	1598673151.329	     4.249	0	0	1	0	python main_script.py 5 5 30 0.09
189	:	1598673151.268	     4.314	0	0	1	0	python main_script.py 5 4 10 0.09
197	:	1598673151.344	     4.238	0	0	1	0	python main_script.py 5 5 20 0.09
202	:	1598673151.372	     4.240	0	0	1	0	python main_script.py 6 1 50 0.12
193	:	1598673151.315	     4.309	0	0	1	0	python main_script.py 5 5 40 0.09
201	:	1598673151.367	     4.292	0	0	1	0	python main_script.py 6 1 50 0.09
219	:	1598673151.481	     4.190	0	0	1	0	python main_script.py 6 2 10 0.09
185	:	1598673151.217	     4.470	0	0	1	0	python main_script.py 5 4 30 0.09
216	:	1598673151.461	     4.232	0	0	1	0	python main_script.py 6 2 30 0.12
229	:	1598673151.540	     4.154	0	0	1	0	python main_script.py 6 3 10 0.09
210	:	1598673151.420	     4.273	0	0	1	0	python main_script.py 6 1 10 0.12
170	:	1598673151.109	     4.598	0	0	1	0	python main_script.py 5 2 10 0.12
194	:	1598673151.322	     4.387	0	0	1	0	python main_script.py 5 5 40 0.12
200	:	1598673151.361	     4.348	0	0	1	0	python main_script.py 5 5 10 0.12
213	:	1598673151.440	     4.269	0	0	1	0	python main_script.py 6 2 40 0.09
191	:	1598673151.304	     4.432	0	0	1	0	python main_script.py 5 5 50 0.09
187	:	1598673151.249	     4.520	0	0	1	0	python main_script.py 5 4 20 0.09
196	:	1598673151.336	     4.440	0	0	1	0	python main_script.py 5 5 30 0.12
226	:	1598673151.522	     4.258	0	0	1	0	python main_script.py 6 3 30 0.12
224	:	1598673151.511	     4.275	0	0	1	0	python main_script.py 6 3 40 0.12
227	:	1598673151.528	     4.271	0	0	1	0	python main_script.py 6 3 20 0.09
222	:	1598673151.501	     4.308	0	0	1	0	python main_script.py 6 3 50 0.12
207	:	1598673151.400	     4.409	0	0	1	0	python main_script.py 6 1 20 0.09
209	:	1598673151.412	     4.407	0	0	1	0	python main_script.py 6 1 10 0.09
214	:	1598673151.448	     4.373	0	0	1	0	python main_script.py 6 2 40 0.12
233	:	1598673151.649	     4.172	0	0	1	0	python main_script.py 6 4 40 0.09
212	:	1598673151.432	     4.399	0	0	1	0	python main_script.py 6 2 50 0.12
211	:	1598673151.427	     4.411	0	0	1	0	python main_script.py 6 2 50 0.09
230	:	1598673151.547	     4.328	0	0	1	0	python main_script.py 6 3 10 0.12
221	:	1598673151.496	     4.395	0	0	1	0	python main_script.py 6 3 50 0.09
234	:	1598673151.685	     4.213	0	0	1	0	python main_script.py 6 4 40 0.12
190	:	1598673151.279	     4.628	0	0	1	0	python main_script.py 5 4 10 0.12
232	:	1598673151.623	     4.315	0	0	1	0	python main_script.py 6 4 50 0.12
203	:	1598673151.377	     4.577	0	0	1	0	python main_script.py 6 1 40 0.09
231	:	1598673151.588	     4.395	0	0	1	0	python main_script.py 6 4 50 0.09
204	:	1598673151.382	     4.634	0	0	1	0	python main_script.py 6 1 40 0.12
208	:	1598673151.407	     4.628	0	0	1	0	python main_script.py 6 1 20 0.12
206	:	1598673151.394	     4.667	0	0	1	0	python main_script.py 6 1 30 0.12
235	:	1598673151.900	     4.230	0	0	1	0	python main_script.py 6 4 30 0.09
225	:	1598673151.516	     4.649	0	0	1	0	python main_script.py 6 3 30 0.09
236	:	1598673151.981	     4.200	0	0	1	0	python main_script.py 6 4 30 0.12
228	:	1598673151.534	     4.700	0	0	1	0	python main_script.py 6 3 20 0.12
223	:	1598673151.506	     4.740	0	0	1	0	python main_script.py 6 3 40 0.09
239	:	1598673152.298	     4.067	0	0	1	0	python main_script.py 6 4 10 0.09
218	:	1598673151.474	     4.916	0	0	1	0	python main_script.py 6 2 20 0.12
240	:	1598673152.326	     4.071	0	0	1	0	python main_script.py 6 4 10 0.12
237	:	1598673152.096	     4.305	0	0	1	0	python main_script.py 6 4 20 0.09
238	:	1598673152.238	     4.536	0	0	1	0	python main_script.py 6 4 20 0.12
177	:	1598673151.173	     6.023	0	0	1	0	python main_script.py 5 3 20 0.09
220	:	1598673151.489	     6.490	0	0	1	0	python main_script.py 6 2 10 0.12
199	:	1598673151.355	     6.654	0	0	1	0	python main_script.py 5 5 10 0.09
205	:	1598673151.387	     6.671	0	0	1	0	python main_script.py 6 1 30 0.09
247	:	1598673155.295	     4.050	0	0	1	0	python main_script.py 6 5 20 0.09
241	:	1598673155.034	     4.317	0	0	1	0	python main_script.py 6 5 50 0.09
243	:	1598673155.251	     4.147	0	0	1	0	python main_script.py 6 5 40 0.09
246	:	1598673155.280	     4.151	0	0	1	0	python main_script.py 6 5 30 0.12
242	:	1598673155.144	     4.316	0	0	1	0	python main_script.py 6 5 50 0.12
245	:	1598673155.275	     4.196	0	0	1	0	python main_script.py 6 5 30 0.09
257	:	1598673155.466	     4.115	0	0	1	0	python main_script.py 7 1 20 0.09
250	:	1598673155.365	     4.226	0	0	1	0	python main_script.py 6 5 10 0.12
255	:	1598673155.417	     4.200	0	0	1	0	python main_script.py 7 1 30 0.09
252	:	1598673155.376	     4.253	0	0	1	0	python main_script.py 7 1 50 0.12
262	:	1598673155.536	     4.098	0	0	1	0	python main_script.py 7 2 50 0.12
264	:	1598673155.546	     4.088	0	0	1	0	python main_script.py 7 2 40 0.12
248	:	1598673155.319	     4.322	0	0	1	0	python main_script.py 6 5 20 0.12
278	:	1598673155.708	     3.962	0	0	1	0	python main_script.py 7 3 20 0.12
271	:	1598673155.592	     4.098	0	0	1	0	python main_script.py 7 3 50 0.09
261	:	1598673155.532	     4.181	0	0	1	0	python main_script.py 7 2 50 0.09
260	:	1598673155.522	     4.198	0	0	1	0	python main_script.py 7 1 10 0.12
265	:	1598673155.551	     4.175	0	0	1	0	python main_script.py 7 2 30 0.09
256	:	1598673155.423	     4.319	0	0	1	0	python main_script.py 7 1 30 0.12
267	:	1598673155.562	     4.190	0	0	1	0	python main_script.py 7 2 20 0.09
263	:	1598673155.541	     4.217	0	0	1	0	python main_script.py 7 2 40 0.09
268	:	1598673155.578	     4.180	0	0	1	0	python main_script.py 7 2 20 0.12
270	:	1598673155.587	     4.176	0	0	1	0	python main_script.py 7 2 10 0.12
244	:	1598673155.259	     4.510	0	0	1	0	python main_script.py 6 5 40 0.12
266	:	1598673155.556	     4.214	0	0	1	0	python main_script.py 7 2 30 0.12
249	:	1598673155.336	     4.443	0	0	1	0	python main_script.py 6 5 10 0.09
273	:	1598673155.630	     4.164	0	0	1	0	python main_script.py 7 3 40 0.09
272	:	1598673155.618	     4.194	0	0	1	0	python main_script.py 7 3 50 0.12
283	:	1598673155.735	     4.085	0	0	1	0	python main_script.py 7 4 40 0.09
258	:	1598673155.472	     4.367	0	0	1	0	python main_script.py 7 1 20 0.12
274	:	1598673155.665	     4.179	0	0	1	0	python main_script.py 7 3 40 0.12
254	:	1598673155.411	     4.500	0	0	1	0	python main_script.py 7 1 40 0.12
277	:	1598673155.702	     4.231	0	0	1	0	python main_script.py 7 3 20 0.09
293	:	1598673155.831	     4.134	0	0	1	0	python main_script.py 7 5 40 0.09
296	:	1598673155.853	     4.118	0	0	1	0	python main_script.py 7 5 30 0.12
282	:	1598673155.730	     4.247	0	0	1	0	python main_script.py 7 4 50 0.12
280	:	1598673155.719	     4.273	0	0	1	0	python main_script.py 7 3 10 0.12
281	:	1598673155.724	     4.279	0	0	1	0	python main_script.py 7 4 50 0.09
259	:	1598673155.515	     4.502	0	0	1	0	python main_script.py 7 1 10 0.09
295	:	1598673155.847	     4.172	0	0	1	0	python main_script.py 7 5 30 0.09
288	:	1598673155.796	     4.246	0	0	1	0	python main_script.py 7 4 20 0.12
284	:	1598673155.744	     4.322	0	0	1	0	python main_script.py 7 4 40 0.12
298	:	1598673155.897	     4.174	0	0	1	0	python main_script.py 7 5 20 0.12
285	:	1598673155.775	     4.316	0	0	1	0	python main_script.py 7 4 30 0.09
251	:	1598673155.371	     4.724	0	0	1	0	python main_script.py 7 1 50 0.09
279	:	1598673155.714	     4.382	0	0	1	0	python main_script.py 7 3 10 0.09
290	:	1598673155.815	     4.307	0	0	1	0	python main_script.py 7 4 10 0.12
292	:	1598673155.826	     4.304	0	0	1	0	python main_script.py 7 5 50 0.12
289	:	1598673155.805	     4.329	0	0	1	0	python main_script.py 7 4 10 0.09
287	:	1598673155.786	     4.356	0	0	1	0	python main_script.py 7 4 20 0.09
299	:	1598673155.903	     4.255	0	0	1	0	python main_script.py 7 5 10 0.09
291	:	1598673155.820	     4.345	0	0	1	0	python main_script.py 7 5 50 0.09
304	:	1598673156.023	     4.148	0	0	1	0	python main_script.py 8 1 40 0.12
286	:	1598673155.781	     4.409	0	0	1	0	python main_script.py 7 4 30 0.12
253	:	1598673155.403	     4.787	0	0	1	0	python main_script.py 7 1 40 0.09
294	:	1598673155.838	     4.365	0	0	1	0	python main_script.py 7 5 40 0.12
276	:	1598673155.693	     4.541	0	0	1	0	python main_script.py 7 3 30 0.12
306	:	1598673156.066	     4.203	0	0	1	0	python main_script.py 8 1 30 0.12
275	:	1598673155.676	     4.630	0	0	1	0	python main_script.py 7 3 30 0.09
309	:	1598673156.188	     4.169	0	0	1	0	python main_script.py 8 1 10 0.09
297	:	1598673155.880	     4.497	0	0	1	0	python main_script.py 7 5 20 0.09
303	:	1598673155.991	     4.404	0	0	1	0	python main_script.py 8 1 40 0.09
308	:	1598673156.172	     4.245	0	0	1	0	python main_script.py 8 1 20 0.12
301	:	1598673155.944	     4.503	0	0	1	0	python main_script.py 8 1 50 0.09
302	:	1598673155.960	     4.636	0	0	1	0	python main_script.py 8 1 50 0.12
310	:	1598673156.241	     4.381	0	0	1	0	python main_script.py 8 1 10 0.12
307	:	1598673156.136	     4.505	0	0	1	0	python main_script.py 8 1 20 0.09
311	:	1598673156.252	     4.455	0	0	1	0	python main_script.py 8 2 50 0.09
313	:	1598673156.395	     4.372	0	0	1	0	python main_script.py 8 2 40 0.09
314	:	1598673156.401	     4.372	0	0	1	0	python main_script.py 8 2 40 0.12
269	:	1598673155.582	     5.262	0	0	1	0	python main_script.py 7 2 10 0.09
300	:	1598673155.913	     5.010	0	0	1	0	python main_script.py 7 5 10 0.12
305	:	1598673156.040	     4.914	0	0	1	0	python main_script.py 8 1 30 0.09
316	:	1598673156.788	     4.191	0	0	1	0	python main_script.py 8 2 30 0.12
312	:	1598673156.370	     4.641	0	0	1	0	python main_script.py 8 2 50 0.12
315	:	1598673156.406	     4.675	0	0	1	0	python main_script.py 8 2 30 0.09
317	:	1598673157.202	     4.535	0	0	1	0	python main_script.py 8 2 20 0.09
319	:	1598673158.015	     4.375	0	0	1	0	python main_script.py 8 2 10 0.09
320	:	1598673158.067	     4.544	0	0	1	0	python main_script.py 8 2 10 0.12
318	:	1598673157.984	     4.707	0	0	1	0	python main_script.py 8 2 20 0.12
325	:	1598673159.467	     4.144	0	0	1	0	python main_script.py 8 3 30 0.09
321	:	1598673159.351	     4.270	0	0	1	0	python main_script.py 8 3 50 0.09
322	:	1598673159.356	     4.289	0	0	1	0	python main_script.py 8 3 50 0.12
326	:	1598673159.478	     4.241	0	0	1	0	python main_script.py 8 3 30 0.12
340	:	1598673159.757	     4.038	0	0	1	0	python main_script.py 8 4 10 0.12
333	:	1598673159.651	     4.150	0	0	1	0	python main_script.py 8 4 40 0.09
328	:	1598673159.597	     4.220	0	0	1	0	python main_script.py 8 3 20 0.12
330	:	1598673159.634	     4.234	0	0	1	0	python main_script.py 8 3 10 0.12
329	:	1598673159.623	     4.251	0	0	1	0	python main_script.py 8 3 10 0.09
336	:	1598673159.719	     4.159	0	0	1	0	python main_script.py 8 4 30 0.12
327	:	1598673159.586	     4.325	0	0	1	0	python main_script.py 8 3 20 0.09
344	:	1598673159.774	     4.174	0	0	1	0	python main_script.py 8 5 40 0.12
323	:	1598673159.403	     4.549	0	0	1	0	python main_script.py 8 3 40 0.09
343	:	1598673159.770	     4.184	0	0	1	0	python main_script.py 8 5 40 0.09
346	:	1598673159.783	     4.194	0	0	1	0	python main_script.py 8 5 30 0.12
331	:	1598673159.640	     4.350	0	0	1	0	python main_script.py 8 4 50 0.09
332	:	1598673159.646	     4.373	0	0	1	0	python main_script.py 8 4 50 0.12
335	:	1598673159.695	     4.366	0	0	1	0	python main_script.py 8 4 30 0.09
348	:	1598673159.816	     4.246	0	0	1	0	python main_script.py 8 5 20 0.12
351	:	1598673159.851	     4.211	0	0	1	0	python main_script.py 9 1 50 0.09
339	:	1598673159.748	     4.346	0	0	1	0	python main_script.py 8 4 10 0.09
324	:	1598673159.436	     4.665	0	0	1	0	python main_script.py 8 3 40 0.12
350	:	1598673159.843	     4.272	0	0	1	0	python main_script.py 8 5 10 0.12
352	:	1598673159.916	     4.221	0	0	1	0	python main_script.py 9 1 50 0.12
342	:	1598673159.766	     4.398	0	0	1	0	python main_script.py 8 5 50 0.12
345	:	1598673159.778	     4.420	0	0	1	0	python main_script.py 8 5 30 0.09
359	:	1598673160.024	     4.176	0	0	1	0	python main_script.py 9 1 10 0.09
360	:	1598673160.028	     4.181	0	0	1	0	python main_script.py 9 1 10 0.12
353	:	1598673159.937	     4.296	0	0	1	0	python main_script.py 9 1 40 0.09
365	:	1598673160.101	     4.139	0	0	1	0	python main_script.py 9 2 30 0.09
355	:	1598673159.977	     4.299	0	0	1	0	python main_script.py 9 1 30 0.09
363	:	1598673160.077	     4.206	0	0	1	0	python main_script.py 9 2 40 0.09
341	:	1598673159.762	     4.553	0	0	1	0	python main_script.py 8 5 50 0.09
367	:	1598673160.129	     4.187	0	0	1	0	python main_script.py 9 2 20 0.09
347	:	1598673159.802	     4.524	0	0	1	0	python main_script.py 8 5 20 0.09
354	:	1598673159.972	     4.365	0	0	1	0	python main_script.py 9 1 40 0.12
362	:	1598673160.071	     4.283	0	0	1	0	python main_script.py 9 2 50 0.12
349	:	1598673159.824	     4.550	0	0	1	0	python main_script.py 8 5 10 0.09
361	:	1598673160.047	     4.335	0	0	1	0	python main_script.py 9 2 50 0.09
372	:	1598673160.170	     4.218	0	0	1	0	python main_script.py 9 3 50 0.12
338	:	1598673159.732	     4.661	0	0	1	0	python main_script.py 8 4 20 0.12
366	:	1598673160.105	     4.299	0	0	1	0	python main_script.py 9 2 30 0.12
369	:	1598673160.140	     4.265	0	0	1	0	python main_script.py 9 2 10 0.09
376	:	1598673160.208	     4.197	0	0	1	0	python main_script.py 9 3 30 0.12
358	:	1598673160.009	     4.404	0	0	1	0	python main_script.py 9 1 20 0.12
375	:	1598673160.203	     4.223	0	0	1	0	python main_script.py 9 3 30 0.09
337	:	1598673159.727	     4.713	0	0	1	0	python main_script.py 8 4 20 0.09
377	:	1598673160.241	     4.207	0	0	1	0	python main_script.py 9 3 20 0.09
364	:	1598673160.096	     4.352	0	0	1	0	python main_script.py 9 2 40 0.12
334	:	1598673159.675	     4.786	0	0	1	0	python main_script.py 8 4 40 0.12
356	:	1598673159.983	     4.542	0	0	1	0	python main_script.py 9 1 30 0.12
368	:	1598673160.135	     4.398	0	0	1	0	python main_script.py 9 2 20 0.12
373	:	1598673160.175	     4.363	0	0	1	0	python main_script.py 9 3 40 0.09
374	:	1598673160.195	     4.384	0	0	1	0	python main_script.py 9 3 40 0.12
384	:	1598673160.452	     4.143	0	0	1	0	python main_script.py 9 4 40 0.12
370	:	1598673160.149	     4.481	0	0	1	0	python main_script.py 9 2 10 0.12
379	:	1598673160.316	     4.334	0	0	1	0	python main_script.py 9 3 10 0.09
380	:	1598673160.362	     4.365	0	0	1	0	python main_script.py 9 3 10 0.12
357	:	1598673159.998	     4.768	0	0	1	0	python main_script.py 9 1 20 0.09
381	:	1598673160.383	     4.448	0	0	1	0	python main_script.py 9 4 50 0.09
386	:	1598673160.627	     4.241	0	0	1	0	python main_script.py 9 4 30 0.12
383	:	1598673160.422	     4.504	0	0	1	0	python main_script.py 9 4 40 0.09
371	:	1598673160.165	     4.871	0	0	1	0	python main_script.py 9 3 50 0.09
385	:	1598673160.605	     4.453	0	0	1	0	python main_script.py 9 4 30 0.09
392	:	1598673160.929	     4.179	0	0	1	0	python main_script.py 9 5 50 0.12
378	:	1598673160.274	     4.847	0	0	1	0	python main_script.py 9 3 20 0.12
394	:	1598673160.985	     4.137	0	0	1	0	python main_script.py 9 5 40 0.12
388	:	1598673160.713	     4.415	0	0	1	0	python main_script.py 9 4 20 0.12
387	:	1598673160.658	     4.525	0	0	1	0	python main_script.py 9 4 20 0.09
382	:	1598673160.401	     4.783	0	0	1	0	python main_script.py 9 4 50 0.12
395	:	1598673161.016	     4.200	0	0	1	0	python main_script.py 9 5 30 0.09
389	:	1598673160.772	     4.450	0	0	1	0	python main_script.py 9 4 10 0.09
391	:	1598673160.848	     4.399	0	0	1	0	python main_script.py 9 5 50 0.09
390	:	1598673160.781	     4.478	0	0	1	0	python main_script.py 9 4 10 0.12
393	:	1598673160.960	     4.361	0	0	1	0	python main_script.py 9 5 40 0.09
396	:	1598673161.087	     4.327	0	0	1	0	python main_script.py 9 5 30 0.12
397	:	1598673161.741	     3.787	0	0	1	0	python main_script.py 9 5 20 0.09
398	:	1598673162.395	     3.737	0	0	1	0	python main_script.py 9 5 20 0.12
399	:	1598673162.616	     3.766	0	0	1	0	python main_script.py 9 5 10 0.09
400	:	1598673162.695	     3.958	0	0	1	0	python main_script.py 9 5 10 0.12
404	:	1598673163.724	     3.361	0	0	1	0	python main_script.py 10 1 40 0.12
410	:	1598673163.883	     3.210	0	0	1	0	python main_script.py 10 1 10 0.12
407	:	1598673163.825	     3.293	0	0	1	0	python main_script.py 10 1 20 0.09
416	:	1598673163.995	     3.267	0	0	1	0	python main_script.py 10 2 30 0.12
402	:	1598673163.626	     3.656	0	0	1	0	python main_script.py 10 1 50 0.12
417	:	1598673164.024	     3.298	0	0	1	0	python main_script.py 10 2 20 0.09
401	:	1598673163.616	     3.713	0	0	1	0	python main_script.py 10 1 50 0.09
428	:	1598673164.215	     3.115	0	0	1	0	python main_script.py 10 3 20 0.12
419	:	1598673164.073	     3.259	0	0	1	0	python main_script.py 10 2 10 0.09
403	:	1598673163.649	     3.693	0	0	1	0	python main_script.py 10 1 40 0.09
412	:	1598673163.953	     3.396	0	0	1	0	python main_script.py 10 2 50 0.12
408	:	1598673163.874	     3.481	0	0	1	0	python main_script.py 10 1 20 0.12
414	:	1598673163.966	     3.394	0	0	1	0	python main_script.py 10 2 40 0.12
432	:	1598673164.287	     3.075	0	0	1	0	python main_script.py 10 4 50 0.12
409	:	1598673163.879	     3.493	0	0	1	0	python main_script.py 10 1 10 0.09
418	:	1598673164.068	     3.328	0	0	1	0	python main_script.py 10 2 20 0.12
406	:	1598673163.806	     3.597	0	0	1	0	python main_script.py 10 1 30 0.12
449	:	1598673164.459	     2.944	0	0	1	0	python main_script.py 10 5 10 0.09
425	:	1598673164.170	     3.236	0	0	1	0	python main_script.py 10 3 30 0.09
427	:	1598673164.209	     3.209	0	0	1	0	python main_script.py 10 3 20 0.09
423	:	1598673164.119	     3.309	0	0	1	0	python main_script.py 10 3 40 0.09
435	:	1598673164.332	     3.101	0	0	1	0	python main_script.py 10 4 30 0.09
430	:	1598673164.246	     3.204	0	0	1	0	python main_script.py 10 3 10 0.12
450	:	1598673164.465	     2.992	0	0	1	0	python main_script.py 10 5 10 0.12
426	:	1598673164.204	     3.259	0	0	1	0	python main_script.py 10 3 30 0.12
420	:	1598673164.080	     3.406	0	0	1	0	python main_script.py 10 2 10 0.12
437	:	1598673164.359	     3.141	0	0	1	0	python main_script.py 10 4 20 0.09
438	:	1598673164.378	     3.128	0	0	1	0	python main_script.py 10 4 20 0.12
415	:	1598673163.983	     3.556	0	0	1	0	python main_script.py 10 2 30 0.09
439	:	1598673164.386	     3.154	0	0	1	0	python main_script.py 10 4 10 0.09
441	:	1598673164.398	     3.145	0	0	1	0	python main_script.py 10 5 50 0.09
436	:	1598673164.354	     3.194	0	0	1	0	python main_script.py 10 4 30 0.12
440	:	1598673164.394	     3.184	0	0	1	0	python main_script.py 10 4 10 0.12
424	:	1598673164.142	     3.454	0	0	1	0	python main_script.py 10 3 40 0.12
405	:	1598673163.800	     3.796	0	0	1	0	python main_script.py 10 1 30 0.09
411	:	1598673163.915	     3.684	0	0	1	0	python main_script.py 10 2 50 0.09
442	:	1598673164.413	     3.197	0	0	1	0	python main_script.py 10 5 50 0.12
413	:	1598673163.959	     3.671	0	0	1	0	python main_script.py 10 2 40 0.09
446	:	1598673164.438	     3.200	0	0	1	0	python main_script.py 10 5 30 0.12
429	:	1598673164.239	     3.404	0	0	1	0	python main_script.py 10 3 10 0.09
434	:	1598673164.327	     3.321	0	0	1	0	python main_script.py 10 4 40 0.12
421	:	1598673164.099	     3.552	0	0	1	0	python main_script.py 10 3 50 0.09
445	:	1598673164.431	     3.253	0	0	1	0	python main_script.py 10 5 30 0.09
448	:	1598673164.454	     3.253	0	0	1	0	python main_script.py 10 5 20 0.12
433	:	1598673164.321	     3.386	0	0	1	0	python main_script.py 10 4 40 0.09
422	:	1598673164.106	     3.625	0	0	1	0	python main_script.py 10 3 50 0.12
443	:	1598673164.418	     3.339	0	0	1	0	python main_script.py 10 5 40 0.09
431	:	1598673164.283	     3.535	0	0	1	0	python main_script.py 10 4 50 0.09
447	:	1598673164.447	     3.398	0	0	1	0	python main_script.py 10 5 20 0.09
444	:	1598673164.425	     3.430	0	0	1	0	python main_script.py 10 5 40 0.12
