Seq	Host	Starttime	JobRuntime	Send	Receive	Exitval	Signal	Command
14	:	1598674761.728	    21.262	0	0	1	0	python main_script.py 2 2 40 0.12
40	:	1598674761.794	    21.229	0	0	1	0	python main_script.py 2 4 10 0.12
65	:	1598674761.855	    21.174	0	0	1	0	python main_script.py 3 2 30 0.09
1	:	1598674761.702	    21.337	0	0	1	0	python main_script.py 2 1 50 0.09
19	:	1598674761.742	    21.302	0	0	1	0	python main_script.py 2 2 10 0.09
45	:	1598674761.805	    21.240	0	0	1	0	python main_script.py 2 5 30 0.09
59	:	1598674761.838	    21.226	0	0	1	0	python main_script.py 3 1 10 0.09
47	:	1598674761.809	    21.262	0	0	1	0	python main_script.py 2 5 20 0.09
79	:	1598674761.897	    21.179	0	0	1	0	python main_script.py 3 3 10 0.09
37	:	1598674761.787	    21.305	0	0	1	0	python main_script.py 2 4 20 0.09
73	:	1598674761.878	    21.216	0	0	1	0	python main_script.py 3 3 40 0.09
7	:	1598674761.713	    21.384	0	0	1	0	python main_script.py 2 1 20 0.09
8	:	1598674761.715	    21.384	0	0	1	0	python main_script.py 2 1 20 0.12
41	:	1598674761.796	    21.302	0	0	1	0	python main_script.py 2 5 50 0.09
56	:	1598674761.831	    21.268	0	0	1	0	python main_script.py 3 1 30 0.12
55	:	1598674761.828	    21.279	0	0	1	0	python main_script.py 3 1 30 0.09
29	:	1598674761.769	    21.346	0	0	1	0	python main_script.py 2 3 10 0.09
24	:	1598674761.756	    21.365	0	0	1	0	python main_script.py 2 3 40 0.12
57	:	1598674761.833	    21.292	0	0	1	0	python main_script.py 3 1 20 0.09
11	:	1598674761.721	    21.414	0	0	1	0	python main_script.py 2 2 50 0.09
67	:	1598674761.860	    21.275	0	0	1	0	python main_script.py 3 2 20 0.09
23	:	1598674761.753	    21.389	0	0	1	0	python main_script.py 2 3 40 0.09
77	:	1598674761.890	    21.252	0	0	1	0	python main_script.py 3 3 20 0.09
33	:	1598674761.778	    21.383	0	0	1	0	python main_script.py 2 4 40 0.09
38	:	1598674761.789	    21.372	0	0	1	0	python main_script.py 2 4 20 0.12
20	:	1598674761.745	    21.429	0	0	1	0	python main_script.py 2 2 10 0.12
51	:	1598674761.817	    21.361	0	0	1	0	python main_script.py 3 1 50 0.09
39	:	1598674761.791	    21.397	0	0	1	0	python main_script.py 2 4 10 0.09
72	:	1598674761.874	    21.320	0	0	1	0	python main_script.py 3 3 50 0.12
3	:	1598674761.705	    21.493	0	0	1	0	python main_script.py 2 1 40 0.09
25	:	1598674761.758	    21.442	0	0	1	0	python main_script.py 2 3 30 0.09
46	:	1598674761.807	    21.393	0	0	1	0	python main_script.py 2 5 30 0.12
17	:	1598674761.736	    21.467	0	0	1	0	python main_script.py 2 2 20 0.09
21	:	1598674761.748	    21.456	0	0	1	0	python main_script.py 2 3 50 0.09
61	:	1598674761.844	    21.360	0	0	1	0	python main_script.py 3 2 50 0.09
76	:	1598674761.887	    21.322	0	0	1	0	python main_script.py 3 3 30 0.12
54	:	1598674761.826	    21.388	0	0	1	0	python main_script.py 3 1 40 0.12
80	:	1598674761.900	    21.314	0	0	1	0	python main_script.py 3 3 10 0.12
2	:	1598674761.703	    21.516	0	0	1	0	python main_script.py 2 1 50 0.12
15	:	1598674761.730	    21.490	0	0	1	0	python main_script.py 2 2 30 0.09
18	:	1598674761.739	    21.481	0	0	1	0	python main_script.py 2 2 20 0.12
62	:	1598674761.847	    21.374	0	0	1	0	python main_script.py 3 2 50 0.12
22	:	1598674761.750	    21.479	0	0	1	0	python main_script.py 2 3 50 0.12
28	:	1598674761.767	    21.463	0	0	1	0	python main_script.py 2 3 20 0.12
71	:	1598674761.870	    21.360	0	0	1	0	python main_script.py 3 3 50 0.09
10	:	1598674761.719	    21.517	0	0	1	0	python main_script.py 2 1 10 0.12
42	:	1598674761.798	    21.438	0	0	1	0	python main_script.py 2 5 50 0.12
43	:	1598674761.800	    21.437	0	0	1	0	python main_script.py 2 5 40 0.09
69	:	1598674761.865	    21.379	0	0	1	0	python main_script.py 3 2 10 0.09
78	:	1598674761.894	    21.350	0	0	1	0	python main_script.py 3 3 20 0.12
34	:	1598674761.780	    21.472	0	0	1	0	python main_script.py 2 4 40 0.12
6	:	1598674761.711	    21.542	0	0	1	0	python main_script.py 2 1 30 0.12
31	:	1598674761.774	    21.479	0	0	1	0	python main_script.py 2 4 50 0.09
58	:	1598674761.836	    21.417	0	0	1	0	python main_script.py 3 1 20 0.12
13	:	1598674761.725	    21.532	0	0	1	0	python main_script.py 2 2 40 0.09
64	:	1598674761.853	    21.404	0	0	1	0	python main_script.py 3 2 40 0.12
5	:	1598674761.709	    21.554	0	0	1	0	python main_script.py 2 1 30 0.09
44	:	1598674761.802	    21.463	0	0	1	0	python main_script.py 2 5 40 0.12
27	:	1598674761.764	    21.501	0	0	1	0	python main_script.py 2 3 20 0.09
53	:	1598674761.823	    21.442	0	0	1	0	python main_script.py 3 1 40 0.09
9	:	1598674761.717	    21.552	0	0	1	0	python main_script.py 2 1 10 0.09
35	:	1598674761.782	    21.488	0	0	1	0	python main_script.py 2 4 30 0.09
50	:	1598674761.815	    21.455	0	0	1	0	python main_script.py 2 5 10 0.12
60	:	1598674761.842	    21.428	0	0	1	0	python main_script.py 3 1 10 0.12
63	:	1598674761.850	    21.421	0	0	1	0	python main_script.py 3 2 40 0.09
68	:	1598674761.862	    21.410	0	0	1	0	python main_script.py 3 2 20 0.12
30	:	1598674761.771	    21.508	0	0	1	0	python main_script.py 2 3 10 0.12
12	:	1598674761.722	    21.567	0	0	1	0	python main_script.py 2 2 50 0.12
66	:	1598674761.858	    21.430	0	0	1	0	python main_script.py 3 2 30 0.12
4	:	1598674761.707	    21.585	0	0	1	0	python main_script.py 2 1 40 0.12
26	:	1598674761.761	    21.532	0	0	1	0	python main_script.py 2 3 30 0.12
32	:	1598674761.776	    21.533	0	0	1	0	python main_script.py 2 4 50 0.12
16	:	1598674761.733	    21.576	0	0	1	0	python main_script.py 2 2 30 0.12
52	:	1598674761.820	    21.490	0	0	1	0	python main_script.py 3 1 50 0.12
49	:	1598674761.813	    21.503	0	0	1	0	python main_script.py 2 5 10 0.09
75	:	1598674761.883	    21.447	0	0	1	0	python main_script.py 3 3 30 0.09
36	:	1598674761.784	    21.550	0	0	1	0	python main_script.py 2 4 30 0.12
48	:	1598674761.811	    21.530	0	0	1	0	python main_script.py 2 5 20 0.12
70	:	1598674761.867	    21.478	0	0	1	0	python main_script.py 3 2 10 0.12
74	:	1598674761.880	    21.589	0	0	1	0	python main_script.py 3 3 40 0.12
84	:	1598674783.044	     4.228	0	0	1	0	python main_script.py 3 4 40 0.12
83	:	1598674783.035	     4.276	0	0	1	0	python main_script.py 3 4 40 0.09
110	:	1598674783.203	     4.118	0	0	1	0	python main_script.py 4 1 10 0.12
81	:	1598674782.995	     4.378	0	0	1	0	python main_script.py 3 4 50 0.09
85	:	1598674783.050	     4.328	0	0	1	0	python main_script.py 3 4 30 0.09
96	:	1598674783.126	     4.269	0	0	1	0	python main_script.py 3 5 30 0.12
82	:	1598674783.028	     4.378	0	0	1	0	python main_script.py 3 4 50 0.12
93	:	1598674783.112	     4.299	0	0	1	0	python main_script.py 3 5 40 0.09
88	:	1598674783.077	     4.374	0	0	1	0	python main_script.py 3 4 20 0.12
108	:	1598674783.192	     4.265	0	0	1	0	python main_script.py 4 1 20 0.12
136	:	1598674783.326	     4.163	0	0	1	0	python main_script.py 4 4 30 0.12
103	:	1598674783.159	     4.345	0	0	1	0	python main_script.py 4 1 40 0.09
102	:	1598674783.155	     4.371	0	0	1	0	python main_script.py 4 1 50 0.12
97	:	1598674783.130	     4.410	0	0	1	0	python main_script.py 3 5 20 0.09
111	:	1598674783.210	     4.339	0	0	1	0	python main_script.py 4 2 50 0.09
125	:	1598674783.279	     4.282	0	0	1	0	python main_script.py 4 3 30 0.09
95	:	1598674783.121	     4.447	0	0	1	0	python main_script.py 3 5 30 0.09
87	:	1598674783.070	     4.503	0	0	1	0	python main_script.py 3 4 20 0.09
148	:	1598674783.369	     4.223	0	0	1	0	python main_script.py 4 5 20 0.12
121	:	1598674783.252	     4.345	0	0	1	0	python main_script.py 4 3 50 0.09
109	:	1598674783.198	     4.430	0	0	1	0	python main_script.py 4 1 10 0.09
113	:	1598674783.219	     4.411	0	0	1	0	python main_script.py 4 2 40 0.09
126	:	1598674783.285	     4.348	0	0	1	0	python main_script.py 4 3 30 0.12
122	:	1598674783.264	     4.376	0	0	1	0	python main_script.py 4 3 50 0.12
116	:	1598674783.233	     4.418	0	0	1	0	python main_script.py 4 2 30 0.12
90	:	1598674783.098	     4.559	0	0	1	0	python main_script.py 3 4 10 0.12
134	:	1598674783.317	     4.345	0	0	1	0	python main_script.py 4 4 40 0.12
157	:	1598674783.404	     4.259	0	0	1	0	python main_script.py 5 1 20 0.09
155	:	1598674783.394	     4.283	0	0	1	0	python main_script.py 5 1 30 0.09
120	:	1598674783.249	     4.434	0	0	1	0	python main_script.py 4 2 10 0.12
105	:	1598674783.172	     4.519	0	0	1	0	python main_script.py 4 1 30 0.09
115	:	1598674783.229	     4.467	0	0	1	0	python main_script.py 4 2 30 0.09
99	:	1598674783.139	     4.558	0	0	1	0	python main_script.py 3 5 10 0.09
141	:	1598674783.345	     4.361	0	0	1	0	python main_script.py 4 5 50 0.09
147	:	1598674783.365	     4.342	0	0	1	0	python main_script.py 4 5 20 0.09
138	:	1598674783.333	     4.378	0	0	1	0	python main_script.py 4 4 20 0.12
156	:	1598674783.399	     4.314	0	0	1	0	python main_script.py 5 1 30 0.12
146	:	1598674783.362	     4.364	0	0	1	0	python main_script.py 4 5 30 0.12
143	:	1598674783.352	     4.381	0	0	1	0	python main_script.py 4 5 40 0.09
129	:	1598674783.298	     4.454	0	0	1	0	python main_script.py 4 3 10 0.09
124	:	1598674783.275	     4.496	0	0	1	0	python main_script.py 4 3 40 0.12
119	:	1598674783.245	     4.531	0	0	1	0	python main_script.py 4 2 10 0.09
94	:	1598674783.116	     4.676	0	0	1	0	python main_script.py 3 5 40 0.12
123	:	1598674783.270	     4.529	0	0	1	0	python main_script.py 4 3 40 0.09
132	:	1598674783.309	     4.490	0	0	1	0	python main_script.py 4 4 50 0.12
98	:	1598674783.134	     4.675	0	0	1	0	python main_script.py 3 5 20 0.12
135	:	1598674783.320	     4.491	0	0	1	0	python main_script.py 4 4 30 0.09
91	:	1598674783.103	     4.712	0	0	1	0	python main_script.py 3 5 50 0.09
107	:	1598674783.183	     4.631	0	0	1	0	python main_script.py 4 1 20 0.09
140	:	1598674783.342	     4.473	0	0	1	0	python main_script.py 4 4 10 0.12
101	:	1598674783.151	     4.670	0	0	1	0	python main_script.py 4 1 50 0.09
150	:	1598674783.376	     4.450	0	0	1	0	python main_script.py 4 5 10 0.12
151	:	1598674783.380	     4.446	0	0	1	0	python main_script.py 5 1 50 0.09
149	:	1598674783.373	     4.460	0	0	1	0	python main_script.py 4 5 10 0.09
160	:	1598674783.475	     4.364	0	0	1	0	python main_script.py 5 1 10 0.12
114	:	1598674783.225	     4.615	0	0	1	0	python main_script.py 4 2 40 0.12
144	:	1598674783.356	     4.502	0	0	1	0	python main_script.py 4 5 40 0.12
131	:	1598674783.306	     4.555	0	0	1	0	python main_script.py 4 4 50 0.09
145	:	1598674783.359	     4.512	0	0	1	0	python main_script.py 4 5 30 0.09
137	:	1598674783.329	     4.552	0	0	1	0	python main_script.py 4 4 20 0.09
159	:	1598674783.413	     4.473	0	0	1	0	python main_script.py 5 1 10 0.09
152	:	1598674783.383	     4.513	0	0	1	0	python main_script.py 5 1 50 0.12
127	:	1598674783.288	     4.631	0	0	1	0	python main_script.py 4 3 20 0.09
104	:	1598674783.167	     4.757	0	0	1	0	python main_script.py 4 1 40 0.12
154	:	1598674783.391	     4.535	0	0	1	0	python main_script.py 5 1 40 0.12
153	:	1598674783.387	     4.542	0	0	1	0	python main_script.py 5 1 40 0.09
158	:	1598674783.409	     4.531	0	0	1	0	python main_script.py 5 1 20 0.12
139	:	1598674783.337	     4.636	0	0	1	0	python main_script.py 4 4 10 0.09
106	:	1598674783.178	     4.976	0	0	1	0	python main_script.py 4 1 30 0.12
133	:	1598674783.314	     4.854	0	0	1	0	python main_script.py 4 4 40 0.09
92	:	1598674783.108	     5.101	0	0	1	0	python main_script.py 3 5 50 0.12
118	:	1598674783.240	     4.976	0	0	1	0	python main_script.py 4 2 20 0.12
89	:	1598674783.093	     5.139	0	0	1	0	python main_script.py 3 4 10 0.09
86	:	1598674783.065	     5.217	0	0	1	0	python main_script.py 3 4 30 0.12
130	:	1598674783.302	     5.057	0	0	1	0	python main_script.py 4 3 10 0.12
117	:	1598674783.236	     5.129	0	0	1	0	python main_script.py 4 2 20 0.09
100	:	1598674783.142	     6.467	0	0	1	0	python main_script.py 3 5 10 0.12
112	:	1598674783.214	     7.134	0	0	1	0	python main_script.py 4 2 50 0.12
142	:	1598674783.348	     7.565	0	0	1	0	python main_script.py 4 5 50 0.12
128	:	1598674783.293	     7.730	0	0	1	0	python main_script.py 4 3 20 0.12
162	:	1598674787.316	     4.019	0	0	1	0	python main_script.py 5 2 50 0.12
163	:	1598674787.326	     4.020	0	0	1	0	python main_script.py 5 2 40 0.09
164	:	1598674787.378	     4.124	0	0	1	0	python main_script.py 5 2 40 0.12
169	:	1598674787.455	     4.071	0	0	1	0	python main_script.py 5 2 10 0.09
166	:	1598674787.401	     4.129	0	0	1	0	python main_script.py 5 2 30 0.12
171	:	1598674787.493	     4.116	0	0	1	0	python main_script.py 5 3 50 0.09
161	:	1598674787.281	     4.346	0	0	1	0	python main_script.py 5 2 50 0.09
167	:	1598674787.412	     4.226	0	0	1	0	python main_script.py 5 2 20 0.09
168	:	1598674787.416	     4.286	0	0	1	0	python main_script.py 5 2 20 0.12
170	:	1598674787.461	     4.248	0	0	1	0	python main_script.py 5 2 10 0.12
182	:	1598674787.639	     4.108	0	0	1	0	python main_script.py 5 4 50 0.12
177	:	1598674787.574	     4.187	0	0	1	0	python main_script.py 5 3 20 0.09
179	:	1598674787.596	     4.173	0	0	1	0	python main_script.py 5 3 10 0.09
188	:	1598674787.672	     4.101	0	0	1	0	python main_script.py 5 4 20 0.12
200	:	1598674787.758	     4.059	0	0	1	0	python main_script.py 5 5 10 0.12
196	:	1598674787.721	     4.150	0	0	1	0	python main_script.py 5 5 30 0.12
174	:	1598674787.546	     4.339	0	0	1	0	python main_script.py 5 3 40 0.12
186	:	1598674787.662	     4.229	0	0	1	0	python main_script.py 5 4 30 0.12
187	:	1598674787.667	     4.234	0	0	1	0	python main_script.py 5 4 20 0.09
173	:	1598674787.532	     4.375	0	0	1	0	python main_script.py 5 3 40 0.09
178	:	1598674787.579	     4.335	0	0	1	0	python main_script.py 5 3 20 0.12
176	:	1598674787.568	     4.363	0	0	1	0	python main_script.py 5 3 30 0.12
194	:	1598674787.712	     4.265	0	0	1	0	python main_script.py 5 5 40 0.12
207	:	1598674787.821	     4.164	0	0	1	0	python main_script.py 6 1 20 0.09
209	:	1598674787.833	     4.154	0	0	1	0	python main_script.py 6 1 10 0.09
185	:	1598674787.657	     4.338	0	0	1	0	python main_script.py 5 4 30 0.09
195	:	1598674787.717	     4.288	0	0	1	0	python main_script.py 5 5 30 0.09
199	:	1598674787.738	     4.268	0	0	1	0	python main_script.py 5 5 10 0.09
193	:	1598674787.707	     4.312	0	0	1	0	python main_script.py 5 5 40 0.09
198	:	1598674787.731	     4.297	0	0	1	0	python main_script.py 5 5 20 0.12
202	:	1598674787.780	     4.253	0	0	1	0	python main_script.py 6 1 50 0.12
175	:	1598674787.555	     4.503	0	0	1	0	python main_script.py 5 3 30 0.09
218	:	1598674787.881	     4.177	0	0	1	0	python main_script.py 6 2 20 0.12
172	:	1598674787.509	     4.559	0	0	1	0	python main_script.py 5 3 50 0.12
210	:	1598674787.839	     4.256	0	0	1	0	python main_script.py 6 1 10 0.12
180	:	1598674787.603	     4.498	0	0	1	0	python main_script.py 5 3 10 0.12
205	:	1598674787.809	     4.299	0	0	1	0	python main_script.py 6 1 30 0.09
204	:	1598674787.805	     4.313	0	0	1	0	python main_script.py 6 1 40 0.12
165	:	1598674787.384	     4.743	0	0	1	0	python main_script.py 5 2 30 0.09
190	:	1598674787.689	     4.439	0	0	1	0	python main_script.py 5 4 10 0.12
220	:	1598674787.892	     4.236	0	0	1	0	python main_script.py 6 2 10 0.12
223	:	1598674787.925	     4.207	0	0	1	0	python main_script.py 6 3 40 0.09
217	:	1598674787.875	     4.273	0	0	1	0	python main_script.py 6 2 20 0.09
219	:	1598674787.887	     4.261	0	0	1	0	python main_script.py 6 2 10 0.09
192	:	1598674787.702	     4.456	0	0	1	0	python main_script.py 5 5 50 0.12
212	:	1598674787.851	     4.306	0	0	1	0	python main_script.py 6 2 50 0.12
208	:	1598674787.826	     4.337	0	0	1	0	python main_script.py 6 1 20 0.12
224	:	1598674787.930	     4.260	0	0	1	0	python main_script.py 6 3 40 0.12
211	:	1598674787.846	     4.364	0	0	1	0	python main_script.py 6 2 50 0.09
225	:	1598674787.934	     4.289	0	0	1	0	python main_script.py 6 3 30 0.09
216	:	1598674787.871	     4.388	0	0	1	0	python main_script.py 6 2 30 0.12
183	:	1598674787.643	     4.625	0	0	1	0	python main_script.py 5 4 40 0.09
197	:	1598674787.726	     4.597	0	0	1	0	python main_script.py 5 5 20 0.09
229	:	1598674788.160	     4.189	0	0	1	0	python main_script.py 6 3 10 0.09
184	:	1598674787.648	     4.746	0	0	1	0	python main_script.py 5 4 40 0.12
228	:	1598674787.978	     4.435	0	0	1	0	python main_script.py 6 3 20 0.12
233	:	1598674788.237	     4.176	0	0	1	0	python main_script.py 6 4 40 0.09
215	:	1598674787.866	     4.552	0	0	1	0	python main_script.py 6 2 30 0.09
201	:	1598674787.775	     4.642	0	0	1	0	python main_script.py 6 1 50 0.09
235	:	1598674788.365	     4.068	0	0	1	0	python main_script.py 6 4 30 0.09
206	:	1598674787.815	     4.634	0	0	1	0	python main_script.py 6 1 30 0.12
203	:	1598674787.796	     4.691	0	0	1	0	python main_script.py 6 1 40 0.09
232	:	1598674788.222	     4.286	0	0	1	0	python main_script.py 6 4 50 0.12
231	:	1598674788.214	     4.319	0	0	1	0	python main_script.py 6 4 50 0.09
236	:	1598674788.371	     4.214	0	0	1	0	python main_script.py 6 4 30 0.12
234	:	1598674788.287	     4.305	0	0	1	0	python main_script.py 6 4 40 0.12
221	:	1598674787.896	     4.725	0	0	1	0	python main_script.py 6 3 50 0.09
230	:	1598674788.173	     4.453	0	0	1	0	python main_script.py 6 3 10 0.12
226	:	1598674787.940	     4.697	0	0	1	0	python main_script.py 6 3 30 0.12
181	:	1598674787.634	     5.011	0	0	1	0	python main_script.py 5 4 50 0.09
189	:	1598674787.684	     5.003	0	0	1	0	python main_script.py 5 4 10 0.09
222	:	1598674787.900	     4.884	0	0	1	0	python main_script.py 6 3 50 0.12
213	:	1598674787.858	     4.940	0	0	1	0	python main_script.py 6 2 40 0.09
227	:	1598674787.945	     4.969	0	0	1	0	python main_script.py 6 3 20 0.09
214	:	1598674787.862	     5.075	0	0	1	0	python main_script.py 6 2 40 0.12
191	:	1598674787.696	     5.768	0	0	1	0	python main_script.py 5 5 50 0.09
237	:	1598674789.615	     4.684	0	0	1	0	python main_script.py 6 4 20 0.09
238	:	1598674790.353	     4.552	0	0	1	0	python main_script.py 6 4 20 0.12
239	:	1598674790.922	     4.304	0	0	1	0	python main_script.py 6 4 10 0.09
240	:	1598674791.045	     4.191	0	0	1	0	python main_script.py 6 4 10 0.12
242	:	1598674791.351	     4.122	0	0	1	0	python main_script.py 6 5 50 0.12
241	:	1598674791.340	     4.216	0	0	1	0	python main_script.py 6 5 50 0.09
243	:	1598674791.507	     4.255	0	0	1	0	python main_script.py 6 5 40 0.09
248	:	1598674791.648	     4.148	0	0	1	0	python main_script.py 6 5 20 0.12
247	:	1598674791.637	     4.186	0	0	1	0	python main_script.py 6 5 20 0.09
246	:	1598674791.617	     4.211	0	0	1	0	python main_script.py 6 5 30 0.12
244	:	1598674791.530	     4.312	0	0	1	0	python main_script.py 6 5 40 0.12
245	:	1598674791.536	     4.385	0	0	1	0	python main_script.py 6 5 30 0.09
253	:	1598674791.773	     4.173	0	0	1	0	python main_script.py 7 1 40 0.09
249	:	1598674791.707	     4.243	0	0	1	0	python main_script.py 6 5 10 0.09
250	:	1598674791.713	     4.250	0	0	1	0	python main_script.py 6 5 10 0.12
254	:	1598674791.779	     4.266	0	0	1	0	python main_script.py 7 1 40 0.12
262	:	1598674791.938	     4.128	0	0	1	0	python main_script.py 7 2 50 0.12
251	:	1598674791.753	     4.322	0	0	1	0	python main_script.py 7 1 50 0.09
256	:	1598674791.876	     4.230	0	0	1	0	python main_script.py 7 1 30 0.12
261	:	1598674791.920	     4.190	0	0	1	0	python main_script.py 7 2 50 0.09
260	:	1598674791.914	     4.226	0	0	1	0	python main_script.py 7 1 10 0.12
270	:	1598674792.033	     4.138	0	0	1	0	python main_script.py 7 2 10 0.12
259	:	1598674791.907	     4.282	0	0	1	0	python main_script.py 7 1 10 0.09
272	:	1598674792.063	     4.171	0	0	1	0	python main_script.py 7 3 50 0.12
276	:	1598674792.107	     4.127	0	0	1	0	python main_script.py 7 3 30 0.12
277	:	1598674792.114	     4.125	0	0	1	0	python main_script.py 7 3 20 0.09
266	:	1598674792.001	     4.243	0	0	1	0	python main_script.py 7 2 30 0.12
263	:	1598674791.983	     4.266	0	0	1	0	python main_script.py 7 2 40 0.09
265	:	1598674791.996	     4.254	0	0	1	0	python main_script.py 7 2 30 0.09
267	:	1598674792.011	     4.249	0	0	1	0	python main_script.py 7 2 20 0.09
269	:	1598674792.027	     4.233	0	0	1	0	python main_script.py 7 2 10 0.09
252	:	1598674791.765	     4.501	0	0	1	0	python main_script.py 7 1 50 0.12
287	:	1598674792.172	     4.095	0	0	1	0	python main_script.py 7 4 20 0.09
258	:	1598674791.895	     4.393	0	0	1	0	python main_script.py 7 1 20 0.12
268	:	1598674792.020	     4.286	0	0	1	0	python main_script.py 7 2 20 0.12
255	:	1598674791.821	     4.495	0	0	1	0	python main_script.py 7 1 30 0.09
280	:	1598674792.138	     4.184	0	0	1	0	python main_script.py 7 3 10 0.12
283	:	1598674792.153	     4.175	0	0	1	0	python main_script.py 7 4 40 0.09
288	:	1598674792.197	     4.177	0	0	1	0	python main_script.py 7 4 20 0.12
273	:	1598674792.068	     4.319	0	0	1	0	python main_script.py 7 3 40 0.09
278	:	1598674792.126	     4.274	0	0	1	0	python main_script.py 7 3 20 0.12
275	:	1598674792.101	     4.303	0	0	1	0	python main_script.py 7 3 30 0.09
279	:	1598674792.131	     4.279	0	0	1	0	python main_script.py 7 3 10 0.09
271	:	1598674792.039	     4.375	0	0	1	0	python main_script.py 7 3 50 0.09
282	:	1598674792.148	     4.276	0	0	1	0	python main_script.py 7 4 50 0.12
284	:	1598674792.157	     4.303	0	0	1	0	python main_script.py 7 4 40 0.12
292	:	1598674792.273	     4.214	0	0	1	0	python main_script.py 7 5 50 0.12
291	:	1598674792.264	     4.240	0	0	1	0	python main_script.py 7 5 50 0.09
257	:	1598674791.890	     4.618	0	0	1	0	python main_script.py 7 1 20 0.09
286	:	1598674792.167	     4.376	0	0	1	0	python main_script.py 7 4 30 0.12
274	:	1598674792.074	     4.492	0	0	1	0	python main_script.py 7 3 40 0.12
293	:	1598674792.328	     4.243	0	0	1	0	python main_script.py 7 5 40 0.09
289	:	1598674792.215	     4.398	0	0	1	0	python main_script.py 7 4 10 0.09
302	:	1598674792.493	     4.155	0	0	1	0	python main_script.py 8 1 50 0.12
298	:	1598674792.433	     4.250	0	0	1	0	python main_script.py 7 5 20 0.12
296	:	1598674792.423	     4.261	0	0	1	0	python main_script.py 7 5 30 0.12
281	:	1598674792.142	     4.554	0	0	1	0	python main_script.py 7 4 50 0.09
310	:	1598674792.651	     4.079	0	0	1	0	python main_script.py 8 1 10 0.12
303	:	1598674792.513	     4.219	0	0	1	0	python main_script.py 8 1 40 0.09
290	:	1598674792.228	     4.536	0	0	1	0	python main_script.py 7 4 10 0.12
304	:	1598674792.541	     4.234	0	0	1	0	python main_script.py 8 1 40 0.12
295	:	1598674792.417	     4.409	0	0	1	0	python main_script.py 7 5 30 0.09
307	:	1598674792.627	     4.212	0	0	1	0	python main_script.py 8 1 20 0.09
300	:	1598674792.441	     4.404	0	0	1	0	python main_script.py 7 5 10 0.12
301	:	1598674792.456	     4.414	0	0	1	0	python main_script.py 8 1 50 0.09
305	:	1598674792.591	     4.365	0	0	1	0	python main_script.py 8 1 30 0.09
264	:	1598674791.991	     5.005	0	0	1	0	python main_script.py 7 2 40 0.12
312	:	1598674792.790	     4.212	0	0	1	0	python main_script.py 8 2 50 0.12
311	:	1598674792.692	     4.320	0	0	1	0	python main_script.py 8 2 50 0.09
297	:	1598674792.428	     4.605	0	0	1	0	python main_script.py 7 5 20 0.09
308	:	1598674792.632	     4.413	0	0	1	0	python main_script.py 8 1 20 0.12
309	:	1598674792.642	     4.450	0	0	1	0	python main_script.py 8 1 10 0.09
299	:	1598674792.437	     4.680	0	0	1	0	python main_script.py 7 5 10 0.09
306	:	1598674792.597	     4.549	0	0	1	0	python main_script.py 8 1 30 0.12
285	:	1598674792.162	     5.143	0	0	1	0	python main_script.py 7 4 30 0.09
315	:	1598674792.942	     4.420	0	0	1	0	python main_script.py 8 2 30 0.09
294	:	1598674792.355	     5.231	0	0	1	0	python main_script.py 7 5 40 0.12
316	:	1598674793.477	     4.180	0	0	1	0	python main_script.py 8 2 30 0.12
313	:	1598674792.806	     5.015	0	0	1	0	python main_script.py 8 2 40 0.09
314	:	1598674792.919	     4.938	0	0	1	0	python main_script.py 8 2 40 0.12
317	:	1598674794.304	     4.366	0	0	1	0	python main_script.py 8 2 20 0.09
318	:	1598674794.911	     4.345	0	0	1	0	python main_script.py 8 2 20 0.12
319	:	1598674795.231	     4.274	0	0	1	0	python main_script.py 8 2 10 0.09
321	:	1598674795.478	     4.433	0	0	1	0	python main_script.py 8 3 50 0.09
330	:	1598674795.956	     4.062	0	0	1	0	python main_script.py 8 3 10 0.12
320	:	1598674795.242	     4.809	0	0	1	0	python main_script.py 8 2 10 0.12
323	:	1598674795.767	     4.292	0	0	1	0	python main_script.py 8 3 40 0.09
326	:	1598674795.839	     4.234	0	0	1	0	python main_script.py 8 3 30 0.12
327	:	1598674795.848	     4.237	0	0	1	0	python main_script.py 8 3 20 0.09
331	:	1598674795.968	     4.210	0	0	1	0	python main_script.py 8 4 50 0.09
329	:	1598674795.951	     4.260	0	0	1	0	python main_script.py 8 3 10 0.09
342	:	1598674796.250	     3.993	0	0	1	0	python main_script.py 8 5 50 0.12
335	:	1598674796.111	     4.144	0	0	1	0	python main_script.py 8 4 30 0.09
338	:	1598674796.175	     4.121	0	0	1	0	python main_script.py 8 4 20 0.12
333	:	1598674796.071	     4.254	0	0	1	0	python main_script.py 8 4 40 0.09
334	:	1598674796.080	     4.296	0	0	1	0	python main_script.py 8 4 40 0.12
349	:	1598674796.288	     4.115	0	0	1	0	python main_script.py 8 5 10 0.09
322	:	1598674795.560	     4.854	0	0	1	0	python main_script.py 8 3 50 0.12
337	:	1598674796.146	     4.278	0	0	1	0	python main_script.py 8 4 20 0.09
324	:	1598674795.801	     4.642	0	0	1	0	python main_script.py 8 3 40 0.12
339	:	1598674796.195	     4.250	0	0	1	0	python main_script.py 8 4 10 0.09
343	:	1598674796.255	     4.190	0	0	1	0	python main_script.py 8 5 40 0.09
328	:	1598674795.928	     4.532	0	0	1	0	python main_script.py 8 3 20 0.12
350	:	1598674796.293	     4.176	0	0	1	0	python main_script.py 8 5 10 0.12
348	:	1598674796.283	     4.193	0	0	1	0	python main_script.py 8 5 20 0.12
344	:	1598674796.260	     4.233	0	0	1	0	python main_script.py 8 5 40 0.12
345	:	1598674796.266	     4.241	0	0	1	0	python main_script.py 8 5 30 0.09
341	:	1598674796.245	     4.273	0	0	1	0	python main_script.py 8 5 50 0.09
362	:	1598674796.466	     4.062	0	0	1	0	python main_script.py 9 2 50 0.12
358	:	1598674796.410	     4.217	0	0	1	0	python main_script.py 9 1 20 0.12
332	:	1598674796.051	     4.581	0	0	1	0	python main_script.py 8 4 50 0.12
352	:	1598674796.323	     4.322	0	0	1	0	python main_script.py 9 1 50 0.12
347	:	1598674796.278	     4.372	0	0	1	0	python main_script.py 8 5 20 0.09
359	:	1598674796.415	     4.243	0	0	1	0	python main_script.py 9 1 10 0.09
365	:	1598674796.513	     4.147	0	0	1	0	python main_script.py 9 2 30 0.09
357	:	1598674796.405	     4.273	0	0	1	0	python main_script.py 9 1 20 0.09
354	:	1598674796.334	     4.365	0	0	1	0	python main_script.py 9 1 40 0.12
340	:	1598674796.240	     4.486	0	0	1	0	python main_script.py 8 4 10 0.12
364	:	1598674796.509	     4.246	0	0	1	0	python main_script.py 9 2 40 0.12
325	:	1598674795.829	     4.931	0	0	1	0	python main_script.py 8 3 30 0.09
361	:	1598674796.429	     4.338	0	0	1	0	python main_script.py 9 2 50 0.09
368	:	1598674796.576	     4.191	0	0	1	0	python main_script.py 9 2 20 0.12
356	:	1598674796.391	     4.395	0	0	1	0	python main_script.py 9 1 30 0.12
351	:	1598674796.311	     4.476	0	0	1	0	python main_script.py 9 1 50 0.09
366	:	1598674796.549	     4.269	0	0	1	0	python main_script.py 9 2 30 0.12
363	:	1598674796.492	     4.354	0	0	1	0	python main_script.py 9 2 40 0.09
353	:	1598674796.329	     4.562	0	0	1	0	python main_script.py 9 1 40 0.09
336	:	1598674796.115	     4.825	0	0	1	0	python main_script.py 8 4 30 0.12
346	:	1598674796.272	     4.679	0	0	1	0	python main_script.py 8 5 30 0.12
373	:	1598674796.702	     4.251	0	0	1	0	python main_script.py 9 3 40 0.09
370	:	1598674796.654	     4.322	0	0	1	0	python main_script.py 9 2 10 0.12
367	:	1598674796.571	     4.428	0	0	1	0	python main_script.py 9 2 20 0.09
375	:	1598674796.744	     4.295	0	0	1	0	python main_script.py 9 3 30 0.09
372	:	1598674796.695	     4.366	0	0	1	0	python main_script.py 9 3 50 0.12
369	:	1598674796.618	     4.448	0	0	1	0	python main_script.py 9 2 10 0.09
377	:	1598674796.781	     4.296	0	0	1	0	python main_script.py 9 3 20 0.09
383	:	1598674797.001	     4.197	0	0	1	0	python main_script.py 9 4 40 0.09
379	:	1598674796.845	     4.384	0	0	1	0	python main_script.py 9 3 10 0.09
378	:	1598674796.833	     4.411	0	0	1	0	python main_script.py 9 3 20 0.12
388	:	1598674797.098	     4.175	0	0	1	0	python main_script.py 9 4 20 0.12
385	:	1598674797.017	     4.261	0	0	1	0	python main_script.py 9 4 30 0.09
380	:	1598674796.852	     4.444	0	0	1	0	python main_script.py 9 3 10 0.12
374	:	1598674796.738	     4.571	0	0	1	0	python main_script.py 9 3 40 0.12
371	:	1598674796.689	     4.622	0	0	1	0	python main_script.py 9 3 50 0.09
360	:	1598674796.420	     4.927	0	0	1	0	python main_script.py 9 1 10 0.12
386	:	1598674797.039	     4.310	0	0	1	0	python main_script.py 9 4 30 0.12
381	:	1598674796.876	     4.508	0	0	1	0	python main_script.py 9 4 50 0.09
376	:	1598674796.770	     4.634	0	0	1	0	python main_script.py 9 3 30 0.12
355	:	1598674796.379	     5.036	0	0	1	0	python main_script.py 9 1 30 0.09
382	:	1598674796.964	     4.454	0	0	1	0	python main_script.py 9 4 50 0.12
387	:	1598674797.050	     4.375	0	0	1	0	python main_script.py 9 4 20 0.09
384	:	1598674797.011	     4.435	0	0	1	0	python main_script.py 9 4 40 0.12
390	:	1598674797.150	     4.459	0	0	1	0	python main_script.py 9 4 10 0.12
392	:	1598674797.367	     4.250	0	0	1	0	python main_script.py 9 5 50 0.12
389	:	1598674797.123	     4.580	0	0	1	0	python main_script.py 9 4 10 0.09
391	:	1598674797.310	     4.447	0	0	1	0	python main_script.py 9 5 50 0.09
394	:	1598674797.662	     4.210	0	0	1	0	python main_script.py 9 5 40 0.12
396	:	1598674797.862	     4.029	0	0	1	0	python main_script.py 9 5 30 0.12
393	:	1598674797.592	     4.358	0	0	1	0	python main_script.py 9 5 40 0.09
395	:	1598674797.826	     4.291	0	0	1	0	python main_script.py 9 5 30 0.09
397	:	1598674798.674	     3.887	0	0	1	0	python main_script.py 9 5 20 0.09
398	:	1598674799.261	     3.682	0	0	1	0	python main_script.py 9 5 20 0.12
400	:	1598674799.915	     3.250	0	0	1	0	python main_script.py 9 5 10 0.12
399	:	1598674799.510	     3.983	0	0	1	0	python main_script.py 9 5 10 0.09
403	:	1598674800.065	     3.442	0	0	1	0	python main_script.py 10 1 40 0.09
405	:	1598674800.090	     3.445	0	0	1	0	python main_script.py 10 1 30 0.09
407	:	1598674800.217	     3.339	0	0	1	0	python main_script.py 10 1 20 0.09
421	:	1598674800.481	     3.151	0	0	1	0	python main_script.py 10 3 50 0.09
412	:	1598674800.381	     3.260	0	0	1	0	python main_script.py 10 2 50 0.12
426	:	1598674800.632	     3.009	0	0	1	0	python main_script.py 10 3 30 0.12
419	:	1598674800.466	     3.192	0	0	1	0	python main_script.py 10 2 10 0.09
402	:	1598674800.056	     3.617	0	0	1	0	python main_script.py 10 1 50 0.12
404	:	1598674800.079	     3.667	0	0	1	0	python main_script.py 10 1 40 0.12
401	:	1598674800.024	     3.746	0	0	1	0	python main_script.py 10 1 50 0.09
430	:	1598674800.665	     3.108	0	0	1	0	python main_script.py 10 3 10 0.12
422	:	1598674800.498	     3.286	0	0	1	0	python main_script.py 10 3 50 0.12
424	:	1598674800.523	     3.296	0	0	1	0	python main_script.py 10 3 40 0.12
411	:	1598674800.330	     3.508	0	0	1	0	python main_script.py 10 2 50 0.09
425	:	1598674800.534	     3.356	0	0	1	0	python main_script.py 10 3 30 0.09
418	:	1598674800.461	     3.429	0	0	1	0	python main_script.py 10 2 20 0.12
447	:	1598674800.983	     2.921	0	0	1	0	python main_script.py 10 5 20 0.09
408	:	1598674800.249	     3.684	0	0	1	0	python main_script.py 10 1 20 0.12
414	:	1598674800.419	     3.519	0	0	1	0	python main_script.py 10 2 40 0.12
448	:	1598674801.005	     2.943	0	0	1	0	python main_script.py 10 5 20 0.12
438	:	1598674800.778	     3.171	0	0	1	0	python main_script.py 10 4 20 0.12
446	:	1598674800.964	     2.990	0	0	1	0	python main_script.py 10 5 30 0.12
428	:	1598674800.650	     3.311	0	0	1	0	python main_script.py 10 3 20 0.12
409	:	1598674800.262	     3.708	0	0	1	0	python main_script.py 10 1 10 0.09
437	:	1598674800.773	     3.207	0	0	1	0	python main_script.py 10 4 20 0.09
439	:	1598674800.791	     3.224	0	0	1	0	python main_script.py 10 4 10 0.09
431	:	1598674800.670	     3.348	0	0	1	0	python main_script.py 10 4 50 0.09
440	:	1598674800.796	     3.242	0	0	1	0	python main_script.py 10 4 10 0.12
406	:	1598674800.183	     3.859	0	0	1	0	python main_script.py 10 1 30 0.12
415	:	1598674800.429	     3.627	0	0	1	0	python main_script.py 10 2 30 0.09
434	:	1598674800.733	     3.332	0	0	1	0	python main_script.py 10 4 40 0.12
449	:	1598674801.044	     3.042	0	0	1	0	python main_script.py 10 5 10 0.09
410	:	1598674800.304	     3.814	0	0	1	0	python main_script.py 10 1 10 0.12
442	:	1598674800.851	     3.268	0	0	1	0	python main_script.py 10 5 50 0.12
441	:	1598674800.823	     3.311	0	0	1	0	python main_script.py 10 5 50 0.09
445	:	1598674800.958	     3.180	0	0	1	0	python main_script.py 10 5 30 0.09
416	:	1598674800.450	     3.688	0	0	1	0	python main_script.py 10 2 30 0.12
417	:	1598674800.455	     3.685	0	0	1	0	python main_script.py 10 2 20 0.09
450	:	1598674801.066	     3.082	0	0	1	0	python main_script.py 10 5 10 0.12
413	:	1598674800.408	     3.775	0	0	1	0	python main_script.py 10 2 40 0.09
420	:	1598674800.475	     3.716	0	0	1	0	python main_script.py 10 2 10 0.12
427	:	1598674800.638	     3.562	0	0	1	0	python main_script.py 10 3 20 0.09
435	:	1598674800.761	     3.448	0	0	1	0	python main_script.py 10 4 30 0.09
436	:	1598674800.767	     3.460	0	0	1	0	python main_script.py 10 4 30 0.12
433	:	1598674800.706	     3.538	0	0	1	0	python main_script.py 10 4 40 0.09
444	:	1598674800.946	     3.302	0	0	1	0	python main_script.py 10 5 40 0.12
432	:	1598674800.685	     3.574	0	0	1	0	python main_script.py 10 4 50 0.12
429	:	1598674800.659	     3.624	0	0	1	0	python main_script.py 10 3 10 0.09
443	:	1598674800.897	     3.412	0	0	1	0	python main_script.py 10 5 40 0.09
423	:	1598674800.513	     3.835	0	0	1	0	python main_script.py 10 3 40 0.09
