Seq	Host	Starttime	JobRuntime	Send	Receive	Exitval	Signal	Command
15	:	1598712978.419	     4.170	0	35	0	0	python main_script.py 2 2 30 0.09
11	:	1598712978.408	     4.322	0	35	0	0	python main_script.py 2 2 50 0.09
12	:	1598712978.411	     4.397	0	35	0	0	python main_script.py 2 2 50 0.12
21	:	1598712978.435	     4.400	0	35	0	0	python main_script.py 2 3 50 0.09
16	:	1598712978.422	     4.424	0	35	0	0	python main_script.py 2 2 30 0.12
19	:	1598712978.430	     4.427	0	35	0	0	python main_script.py 2 2 10 0.09
14	:	1598712978.417	     4.445	0	35	0	0	python main_script.py 2 2 40 0.12
20	:	1598712978.432	     4.432	0	35	0	0	python main_script.py 2 2 10 0.12
17	:	1598712978.425	     4.453	0	35	0	0	python main_script.py 2 2 20 0.09
18	:	1598712978.427	     4.463	0	35	0	0	python main_script.py 2 2 20 0.12
23	:	1598712978.441	     4.480	0	35	0	0	python main_script.py 2 3 40 0.09
29	:	1598712978.455	     4.472	0	35	0	0	python main_script.py 2 3 10 0.09
48	:	1598712978.499	     4.441	0	35	0	0	python main_script.py 2 5 20 0.12
13	:	1598712978.414	     4.563	0	35	0	0	python main_script.py 2 2 40 0.09
44	:	1598712978.490	     4.497	0	35	0	0	python main_script.py 2 5 40 0.12
41	:	1598712978.483	     4.523	0	35	0	0	python main_script.py 2 5 50 0.09
34	:	1598712978.465	     4.546	0	35	0	0	python main_script.py 2 4 40 0.12
73	:	1598712978.567	     4.461	0	35	0	0	python main_script.py 3 3 40 0.09
22	:	1598712978.438	     4.608	0	35	0	0	python main_script.py 2 3 50 0.12
46	:	1598712978.495	     4.601	0	35	0	0	python main_script.py 2 5 30 0.12
31	:	1598712978.458	     4.644	0	35	0	0	python main_script.py 2 4 50 0.09
69	:	1598712978.556	     4.565	0	35	0	0	python main_script.py 3 2 10 0.09
79	:	1598712978.584	     4.546	0	35	0	0	python main_script.py 3 3 10 0.09
42	:	1598712978.486	     4.669	0	35	0	0	python main_script.py 2 5 50 0.12
63	:	1598712978.539	     4.628	0	35	0	0	python main_script.py 3 2 40 0.09
27	:	1598712978.450	     4.740	0	35	0	0	python main_script.py 2 3 20 0.09
25	:	1598712978.445	     4.746	0	35	0	0	python main_script.py 2 3 30 0.09
68	:	1598712978.553	     4.648	0	35	0	0	python main_script.py 3 2 20 0.12
70	:	1598712978.559	     4.644	0	35	0	0	python main_script.py 3 2 10 0.12
28	:	1598712978.452	     4.759	0	35	0	0	python main_script.py 2 3 20 0.12
36	:	1598712978.470	     4.747	0	35	0	0	python main_script.py 2 4 30 0.12
43	:	1598712978.488	     4.742	0	35	0	0	python main_script.py 2 5 40 0.09
61	:	1598712978.533	     4.697	0	35	0	0	python main_script.py 3 2 50 0.09
47	:	1598712978.497	     4.740	0	35	0	0	python main_script.py 2 5 20 0.09
77	:	1598712978.577	     4.669	0	35	0	0	python main_script.py 3 3 20 0.09
62	:	1598712978.536	     4.720	0	35	0	0	python main_script.py 3 2 50 0.12
71	:	1598712978.561	     4.694	0	35	0	0	python main_script.py 3 3 50 0.09
26	:	1598712978.447	     4.831	0	35	0	0	python main_script.py 2 3 30 0.12
30	:	1598712978.457	     4.828	0	35	0	0	python main_script.py 2 3 10 0.12
74	:	1598712978.569	     4.720	0	35	0	0	python main_script.py 3 3 40 0.12
32	:	1598712978.460	     4.838	0	35	0	0	python main_script.py 2 4 50 0.12
78	:	1598712978.580	     4.726	0	35	0	0	python main_script.py 3 3 20 0.12
35	:	1598712978.468	     4.853	0	35	0	0	python main_script.py 2 4 30 0.09
49	:	1598712978.501	     4.825	0	35	0	0	python main_script.py 2 5 10 0.09
38	:	1598712978.475	     4.858	0	35	0	0	python main_script.py 2 4 20 0.12
66	:	1598712978.548	     4.805	0	35	0	0	python main_script.py 3 2 30 0.12
76	:	1598712978.575	     4.807	0	35	0	0	python main_script.py 3 3 30 0.12
40	:	1598712978.480	     4.908	0	35	0	0	python main_script.py 2 4 10 0.12
39	:	1598712978.477	     4.926	0	35	0	0	python main_script.py 2 4 10 0.09
75	:	1598712978.572	     4.835	0	35	0	0	python main_script.py 3 3 30 0.09
80	:	1598712978.586	     4.827	0	35	0	0	python main_script.py 3 3 10 0.12
65	:	1598712978.545	     4.873	0	35	0	0	python main_script.py 3 2 30 0.09
72	:	1598712978.564	     4.860	0	35	0	0	python main_script.py 3 3 50 0.12
33	:	1598712978.463	     5.014	0	35	0	0	python main_script.py 2 4 40 0.09
37	:	1598712978.472	     5.012	0	35	0	0	python main_script.py 2 4 20 0.09
64	:	1598712978.542	     4.980	0	35	0	0	python main_script.py 3 2 40 0.12
45	:	1598712978.492	     5.054	0	35	0	0	python main_script.py 2 5 30 0.09
24	:	1598712978.443	     6.991	0	35	0	0	python main_script.py 2 3 40 0.12
50	:	1598712978.504	     7.051	0	35	0	0	python main_script.py 2 5 10 0.12
67	:	1598712978.550	     7.242	0	35	0	0	python main_script.py 3 2 20 0.09
83	:	1598712982.818	     4.276	0	35	0	0	python main_script.py 3 4 40 0.09
93	:	1598712982.945	     4.180	0	35	0	0	python main_script.py 3 5 40 0.09
82	:	1598712982.736	     4.562	0	35	0	0	python main_script.py 3 4 50 0.12
81	:	1598712982.604	     4.754	0	35	0	0	python main_script.py 3 4 50 0.09
88	:	1598712982.873	     4.609	0	35	0	0	python main_script.py 3 4 20 0.12
85	:	1598712982.851	     4.707	0	35	0	0	python main_script.py 3 4 30 0.09
90	:	1598712982.896	     4.754	0	35	0	0	python main_script.py 3 4 10 0.12
84	:	1598712982.842	     4.854	0	35	0	0	python main_script.py 3 4 40 0.12
95	:	1598712982.993	     4.708	0	35	0	0	python main_script.py 3 5 30 0.09
87	:	1598712982.868	     4.914	0	35	0	0	python main_script.py 3 4 20 0.09
123	:	1598712983.326	     4.502	0	35	0	0	python main_script.py 4 3 40 0.09
89	:	1598712982.883	     5.014	0	35	0	0	python main_script.py 3 4 10 0.09
97	:	1598712983.016	     4.914	0	35	0	0	python main_script.py 3 5 20 0.09
92	:	1598712982.931	     5.003	0	35	0	0	python main_script.py 3 5 50 0.12
96	:	1598712983.011	     4.976	0	35	0	0	python main_script.py 3 5 30 0.12
127	:	1598712983.388	     4.602	0	35	0	0	python main_script.py 4 3 20 0.09
94	:	1598712982.982	     5.052	0	35	0	0	python main_script.py 3 5 40 0.12
129	:	1598712983.408	     4.645	0	35	0	0	python main_script.py 4 3 10 0.09
91	:	1598712982.926	     5.128	0	35	0	0	python main_script.py 3 5 50 0.09
98	:	1598712983.033	     5.039	0	35	0	0	python main_script.py 3 5 20 0.12
100	:	1598712983.102	     5.007	0	35	0	0	python main_script.py 3 5 10 0.12
136	:	1598712983.529	     4.605	0	35	0	0	python main_script.py 4 4 30 0.12
99	:	1598712983.052	     5.099	0	35	0	0	python main_script.py 3 5 10 0.09
86	:	1598712982.863	     5.314	0	35	0	0	python main_script.py 3 4 30 0.12
122	:	1598712983.311	     4.904	0	35	0	0	python main_script.py 4 3 50 0.12
132	:	1598712983.423	     4.806	0	35	0	0	python main_script.py 4 4 50 0.12
128	:	1598712983.394	     4.881	0	35	0	0	python main_script.py 4 3 20 0.12
133	:	1598712983.433	     4.944	0	35	0	0	python main_script.py 4 4 40 0.09
130	:	1598712983.413	     4.973	0	35	0	0	python main_script.py 4 3 10 0.12
131	:	1598712983.417	     5.023	0	35	0	0	python main_script.py 4 4 50 0.09
135	:	1598712983.489	     4.978	0	35	0	0	python main_script.py 4 4 30 0.09
137	:	1598712983.552	     5.013	0	35	0	0	python main_script.py 4 4 20 0.09
126	:	1598712983.360	     5.239	0	35	0	0	python main_script.py 4 3 30 0.12
125	:	1598712983.337	     5.280	0	35	0	0	python main_script.py 4 3 30 0.09
124	:	1598712983.332	     5.418	0	35	0	0	python main_script.py 4 3 40 0.12
121	:	1598712983.303	     5.508	0	35	0	0	python main_script.py 4 3 50 0.09
134	:	1598712983.484	     5.545	0	35	0	0	python main_script.py 4 4 40 0.12
138	:	1598712985.454	     5.684	0	35	0	0	python main_script.py 4 4 20 0.12
140	:	1598712985.817	     6.137	0	35	0	0	python main_script.py 4 4 10 0.12
139	:	1598712985.560	     7.177	0	35	0	0	python main_script.py 4 4 10 0.09
143	:	1598712987.312	     6.167	0	35	0	0	python main_script.py 4 5 40 0.09
150	:	1598712987.788	     5.835	0	35	0	0	python main_script.py 4 5 10 0.12
149	:	1598712987.708	     6.021	0	35	0	0	python main_script.py 4 5 10 0.09
141	:	1598712987.099	     6.717	0	35	0	0	python main_script.py 4 5 50 0.09
142	:	1598712987.132	     6.802	0	35	0	0	python main_script.py 4 5 50 0.12
146	:	1598712987.567	     6.498	0	35	0	0	python main_script.py 4 5 30 0.12
145	:	1598712987.494	     6.617	0	35	0	0	python main_script.py 4 5 30 0.09
144	:	1598712987.365	     6.773	0	35	0	0	python main_script.py 4 5 40 0.12
147	:	1598712987.654	     6.586	0	35	0	0	python main_script.py 4 5 20 0.09
148	:	1598712987.701	     6.610	0	35	0	0	python main_script.py 4 5 20 0.12
172	:	1598712988.585	     6.648	0	35	0	0	python main_script.py 5 3 50 0.12
173	:	1598712988.617	     7.429	0	35	0	0	python main_script.py 5 3 40 0.09
177	:	1598712989.048	     7.048	0	35	0	0	python main_script.py 5 3 20 0.09
175	:	1598712988.769	     7.412	0	35	0	0	python main_script.py 5 3 30 0.09
171	:	1598712988.482	     7.759	0	35	0	0	python main_script.py 5 3 50 0.09
176	:	1598712988.815	     7.915	0	35	0	0	python main_script.py 5 3 30 0.12
174	:	1598712988.622	     8.157	0	35	0	0	python main_script.py 5 3 40 0.12
178	:	1598712991.149	     7.874	0	35	0	0	python main_script.py 5 3 20 0.12
179	:	1598712991.971	     7.549	0	35	0	0	python main_script.py 5 3 10 0.09
180	:	1598712992.755	     8.061	0	35	0	0	python main_script.py 5 3 10 0.12
183	:	1598712993.733	     7.134	0	35	0	0	python main_script.py 5 4 40 0.09
187	:	1598712994.121	     7.108	0	35	0	0	python main_script.py 5 4 20 0.09
185	:	1598712993.938	     7.756	0	35	0	0	python main_script.py 5 4 30 0.09
182	:	1598712993.640	     8.185	0	35	0	0	python main_script.py 5 4 50 0.12
184	:	1598712993.832	     8.253	0	35	0	0	python main_script.py 5 4 40 0.12
181	:	1598712993.484	     8.753	0	35	0	0	python main_script.py 5 4 50 0.09
188	:	1598712994.147	     8.108	0	35	0	0	python main_script.py 5 4 20 0.12
189	:	1598712994.310	     8.245	0	35	0	0	python main_script.py 5 4 10 0.09
190	:	1598712994.319	     8.351	0	35	0	0	python main_script.py 5 4 10 0.12
186	:	1598712994.076	     8.719	0	35	0	0	python main_script.py 5 4 30 0.12
193	:	1598712996.116	     6.944	0	35	0	0	python main_script.py 5 5 40 0.09
191	:	1598712995.256	     8.055	0	35	0	0	python main_script.py 5 5 50 0.09
196	:	1598712996.735	     6.930	0	35	0	0	python main_script.py 5 5 30 0.12
197	:	1598712996.791	     7.464	0	35	0	0	python main_script.py 5 5 20 0.09
192	:	1598712996.069	     8.349	0	35	0	0	python main_script.py 5 5 50 0.12
195	:	1598712996.252	     8.184	0	35	0	0	python main_script.py 5 5 30 0.09
194	:	1598712996.186	     9.708	0	35	0	0	python main_script.py 5 5 40 0.12
198	:	1598712999.037	     8.016	0	35	0	0	python main_script.py 5 5 20 0.12
199	:	1598712999.544	     8.562	0	35	0	0	python main_script.py 5 5 10 0.09
200	:	1598713000.867	     9.096	0	35	0	0	python main_script.py 5 5 10 0.12
9	:	1598712978.403	    40.639	0	384	0	0	python main_script.py 2 1 10 0.09
10	:	1598712978.406	    41.090	0	385	0	0	python main_script.py 2 1 10 0.12
7	:	1598712978.398	    41.163	0	384	0	0	python main_script.py 2 1 20 0.09
8	:	1598712978.400	    42.386	0	383	0	0	python main_script.py 2 1 20 0.12
5	:	1598712978.394	    48.952	0	385	0	0	python main_script.py 2 1 30 0.09
6	:	1598712978.396	    49.399	0	385	0	0	python main_script.py 2 1 30 0.12
4	:	1598712978.392	    52.022	0	384	0	0	python main_script.py 2 1 40 0.12
3	:	1598712978.391	    54.958	0	386	0	0	python main_script.py 2 1 40 0.09
2	:	1598712978.388	    57.443	0	386	0	0	python main_script.py 2 1 50 0.12
1	:	1598712978.387	    58.078	0	386	0	0	python main_script.py 2 1 50 0.09
57	:	1598712978.523	    59.815	0	382	0	0	python main_script.py 3 1 20 0.09
59	:	1598712978.528	    59.850	0	385	0	0	python main_script.py 3 1 10 0.09
55	:	1598712978.517	    68.245	0	382	0	0	python main_script.py 3 1 30 0.09
231	:	1598713038.364	     9.316	0	35	0	0	python main_script.py 6 4 50 0.09
60	:	1598712978.530	    69.315	0	384	0	0	python main_script.py 3 1 10 0.12
232	:	1598713038.383	     9.933	0	35	0	0	python main_script.py 6 4 50 0.12
58	:	1598712978.525	    71.156	0	384	0	0	python main_script.py 3 1 20 0.12
233	:	1598713046.781	     7.236	0	35	0	0	python main_script.py 6 4 40 0.09
235	:	1598713047.850	     7.575	0	35	0	0	python main_script.py 6 4 30 0.09
234	:	1598713047.700	     8.174	0	35	0	0	python main_script.py 6 4 40 0.12
236	:	1598713048.321	     7.572	0	35	0	0	python main_script.py 6 4 30 0.12
53	:	1598712978.512	    78.044	0	385	0	0	python main_script.py 3 1 40 0.09
237	:	1598713049.705	     6.890	0	35	0	0	python main_script.py 6 4 20 0.09
117	:	1598712983.265	    78.274	0	386	0	0	python main_script.py 4 2 20 0.09
238	:	1598713054.034	     8.483	0	35	0	0	python main_script.py 6 4 20 0.12
240	:	1598713055.894	     6.988	0	35	0	0	python main_script.py 6 4 10 0.12
243	:	1598713056.614	     6.771	0	35	0	0	python main_script.py 6 5 40 0.09
241	:	1598713055.908	     7.630	0	35	0	0	python main_script.py 6 5 50 0.09
239	:	1598713055.444	     8.168	0	35	0	0	python main_script.py 6 4 10 0.09
109	:	1598712983.212	    81.105	0	385	0	0	python main_script.py 4 1 10 0.09
242	:	1598713056.569	     8.173	0	35	0	0	python main_script.py 6 5 50 0.12
119	:	1598712983.290	    81.785	0	385	0	0	python main_script.py 4 2 10 0.09
107	:	1598712983.202	    82.669	0	386	0	0	python main_script.py 4 1 20 0.09
244	:	1598713061.565	     7.197	0	35	0	0	python main_script.py 6 5 40 0.12
246	:	1598713062.892	     7.431	0	35	0	0	python main_script.py 6 5 30 0.12
245	:	1598713062.535	     7.891	0	35	0	0	python main_script.py 6 5 30 0.09
247	:	1598713063.405	     7.373	0	35	0	0	python main_script.py 6 5 20 0.09
249	:	1598713063.632	     7.232	0	35	0	0	python main_script.py 6 5 10 0.09
248	:	1598713063.543	     7.924	0	35	0	0	python main_script.py 6 5 20 0.12
250	:	1598713064.339	     9.059	0	35	0	0	python main_script.py 6 5 10 0.12
169	:	1598712988.392	    95.207	0	386	0	0	python main_script.py 5 2 10 0.09
167	:	1598712988.281	    99.541	0	386	0	0	python main_script.py 5 2 20 0.09
159	:	1598712988.093	   101.390	0	387	0	0	python main_script.py 5 1 10 0.09
157	:	1598712988.040	   104.828	0	386	0	0	python main_script.py 5 1 20 0.09
110	:	1598712983.217	   114.642	0	385	0	0	python main_script.py 4 1 10 0.12
120	:	1598712983.297	   118.055	0	387	0	0	python main_script.py 4 2 10 0.12
118	:	1598712983.284	   121.142	0	386	0	0	python main_script.py 4 2 20 0.12
219	:	1598713008.127	   105.938	0	387	0	0	python main_script.py 6 2 10 0.09
209	:	1598713002.689	   112.301	0	387	0	0	python main_script.py 6 1 10 0.09
207	:	1598713002.269	   116.000	0	384	0	0	python main_script.py 6 1 20 0.09
217	:	1598713005.911	   112.410	0	384	0	0	python main_script.py 6 2 20 0.09
227	:	1598713030.420	   108.207	0	385	0	0	python main_script.py 6 3 20 0.09
105	:	1598712983.172	  2298.468	0	827	0	0	python main_script.py 4 1 30 0.09
56	:	1598712978.520	  2565.696	0	825	0	0	python main_script.py 3 1 30 0.12
155	:	1598712987.991	  3044.049	0	829	0	0	python main_script.py 5 1 30 0.09
