Seq	Host	Starttime	JobRuntime	Send	Receive	Exitval	Signal	Command
11	:	1598734282.614	     4.260	0	35	0	0	python main_script.py 2 2 50 0.09
21	:	1598734282.634	     4.250	0	35	0	0	python main_script.py 2 3 50 0.09
12	:	1598734282.616	     4.315	0	35	0	0	python main_script.py 2 2 50 0.12
24	:	1598734282.639	     4.320	0	35	0	0	python main_script.py 2 3 40 0.12
15	:	1598734282.622	     4.404	0	35	0	0	python main_script.py 2 2 30 0.09
22	:	1598734282.635	     4.437	0	35	0	0	python main_script.py 2 3 50 0.12
50	:	1598734282.711	     4.371	0	35	0	0	python main_script.py 2 5 10 0.12
14	:	1598734282.620	     4.499	0	35	0	0	python main_script.py 2 2 40 0.12
45	:	1598734282.696	     4.429	0	35	0	0	python main_script.py 2 5 30 0.09
32	:	1598734282.660	     4.471	0	35	0	0	python main_script.py 2 4 50 0.12
74	:	1598734282.781	     4.351	0	35	0	0	python main_script.py 3 3 40 0.12
34	:	1598734282.666	     4.479	0	35	0	0	python main_script.py 2 4 40 0.12
16	:	1598734282.624	     4.527	0	35	0	0	python main_script.py 2 2 30 0.12
36	:	1598734282.671	     4.480	0	35	0	0	python main_script.py 2 4 30 0.12
19	:	1598734282.630	     4.531	0	35	0	0	python main_script.py 2 2 10 0.09
13	:	1598734282.618	     4.545	0	35	0	0	python main_script.py 2 2 40 0.09
33	:	1598734282.663	     4.504	0	35	0	0	python main_script.py 2 4 40 0.09
18	:	1598734282.628	     4.546	0	35	0	0	python main_script.py 2 2 20 0.12
79	:	1598734282.796	     4.388	0	35	0	0	python main_script.py 3 3 10 0.09
65	:	1598734282.755	     4.439	0	35	0	0	python main_script.py 3 2 30 0.09
63	:	1598734282.750	     4.453	0	35	0	0	python main_script.py 3 2 40 0.09
37	:	1598734282.673	     4.537	0	35	0	0	python main_script.py 2 4 20 0.09
17	:	1598734282.626	     4.594	0	35	0	0	python main_script.py 2 2 20 0.09
40	:	1598734282.681	     4.543	0	35	0	0	python main_script.py 2 4 10 0.12
62	:	1598734282.747	     4.483	0	35	0	0	python main_script.py 3 2 50 0.12
68	:	1598734282.764	     4.467	0	35	0	0	python main_script.py 3 2 20 0.12
71	:	1598734282.772	     4.467	0	35	0	0	python main_script.py 3 3 50 0.09
38	:	1598734282.676	     4.571	0	35	0	0	python main_script.py 2 4 20 0.12
73	:	1598734282.778	     4.475	0	35	0	0	python main_script.py 3 3 40 0.09
41	:	1598734282.684	     4.573	0	35	0	0	python main_script.py 2 5 50 0.09
48	:	1598734282.705	     4.554	0	35	0	0	python main_script.py 2 5 20 0.12
20	:	1598734282.632	     4.631	0	35	0	0	python main_script.py 2 2 10 0.12
25	:	1598734282.641	     4.624	0	35	0	0	python main_script.py 2 3 30 0.09
49	:	1598734282.708	     4.557	0	35	0	0	python main_script.py 2 5 10 0.09
47	:	1598734282.703	     4.580	0	35	0	0	python main_script.py 2 5 20 0.09
26	:	1598734282.644	     4.644	0	35	0	0	python main_script.py 2 3 30 0.12
30	:	1598734282.655	     4.653	0	35	0	0	python main_script.py 2 3 10 0.12
61	:	1598734282.745	     4.571	0	35	0	0	python main_script.py 3 2 50 0.09
35	:	1598734282.668	     4.653	0	35	0	0	python main_script.py 2 4 30 0.09
29	:	1598734282.652	     4.682	0	35	0	0	python main_script.py 2 3 10 0.09
28	:	1598734282.649	     4.690	0	35	0	0	python main_script.py 2 3 20 0.12
42	:	1598734282.687	     4.668	0	35	0	0	python main_script.py 2 5 50 0.12
46	:	1598734282.699	     4.681	0	35	0	0	python main_script.py 2 5 30 0.12
66	:	1598734282.758	     4.655	0	35	0	0	python main_script.py 3 2 30 0.12
70	:	1598734282.769	     4.648	0	35	0	0	python main_script.py 3 2 10 0.12
78	:	1598734282.793	     4.653	0	35	0	0	python main_script.py 3 3 20 0.12
43	:	1598734282.690	     4.794	0	35	0	0	python main_script.py 2 5 40 0.09
69	:	1598734282.766	     4.736	0	35	0	0	python main_script.py 3 2 10 0.09
76	:	1598734282.787	     4.743	0	35	0	0	python main_script.py 3 3 30 0.12
39	:	1598734282.679	     4.886	0	35	0	0	python main_script.py 2 4 10 0.09
64	:	1598734282.753	     4.924	0	35	0	0	python main_script.py 3 2 40 0.12
75	:	1598734282.784	     4.914	0	35	0	0	python main_script.py 3 3 30 0.09
23	:	1598734282.637	     5.194	0	35	0	0	python main_script.py 2 3 40 0.09
31	:	1598734282.658	     5.234	0	35	0	0	python main_script.py 2 4 50 0.09
44	:	1598734282.694	     5.220	0	35	0	0	python main_script.py 2 5 40 0.12
67	:	1598734282.761	     5.299	0	35	0	0	python main_script.py 3 2 20 0.09
27	:	1598734282.646	     5.427	0	35	0	0	python main_script.py 2 3 20 0.09
77	:	1598734282.790	     5.368	0	35	0	0	python main_script.py 3 3 20 0.09
80	:	1598734282.799	     5.365	0	35	0	0	python main_script.py 3 3 10 0.12
72	:	1598734282.776	     5.395	0	35	0	0	python main_script.py 3 3 50 0.12
99	:	1598734287.193	     4.287	0	35	0	0	python main_script.py 3 5 10 0.09
82	:	1598734286.890	     4.631	0	35	0	0	python main_script.py 3 4 50 0.12
85	:	1598734287.032	     4.570	0	35	0	0	python main_script.py 3 4 30 0.09
84	:	1598734286.963	     4.675	0	35	0	0	python main_script.py 3 4 40 0.12
81	:	1598734286.880	     4.886	0	35	0	0	python main_script.py 3 4 50 0.09
86	:	1598734287.076	     4.697	0	35	0	0	python main_script.py 3 4 30 0.12
98	:	1598734287.182	     4.611	0	35	0	0	python main_script.py 3 5 20 0.12
89	:	1598734287.132	     4.667	0	35	0	0	python main_script.py 3 4 10 0.09
95	:	1598734287.168	     4.654	0	35	0	0	python main_script.py 3 5 30 0.09
128	:	1598734287.508	     4.346	0	35	0	0	python main_script.py 4 3 20 0.12
83	:	1598734286.936	     4.936	0	35	0	0	python main_script.py 3 4 40 0.09
88	:	1598734287.124	     4.766	0	35	0	0	python main_script.py 3 4 20 0.12
93	:	1598734287.156	     4.753	0	35	0	0	python main_script.py 3 5 40 0.09
100	:	1598734287.199	     4.724	0	35	0	0	python main_script.py 3 5 10 0.12
90	:	1598734287.137	     4.805	0	35	0	0	python main_script.py 3 4 10 0.12
97	:	1598734287.178	     4.766	0	35	0	0	python main_script.py 3 5 20 0.09
129	:	1598734287.535	     4.434	0	35	0	0	python main_script.py 4 3 10 0.09
122	:	1598734287.361	     4.626	0	35	0	0	python main_script.py 4 3 50 0.12
87	:	1598734287.086	     4.930	0	35	0	0	python main_script.py 3 4 20 0.09
126	:	1598734287.451	     4.565	0	35	0	0	python main_script.py 4 3 30 0.12
125	:	1598734287.423	     4.626	0	35	0	0	python main_script.py 4 3 30 0.09
123	:	1598734287.385	     4.680	0	35	0	0	python main_script.py 4 3 40 0.09
94	:	1598734287.162	     4.932	0	35	0	0	python main_script.py 3 5 40 0.12
92	:	1598734287.151	     4.963	0	35	0	0	python main_script.py 3 5 50 0.12
121	:	1598734287.344	     4.822	0	35	0	0	python main_script.py 4 3 50 0.09
127	:	1598734287.490	     4.681	0	35	0	0	python main_script.py 4 3 20 0.09
96	:	1598734287.174	     5.009	0	35	0	0	python main_script.py 3 5 30 0.12
130	:	1598734287.571	     4.642	0	35	0	0	python main_script.py 4 3 10 0.12
91	:	1598734287.142	     5.078	0	35	0	0	python main_script.py 3 5 50 0.09
124	:	1598734287.418	     4.950	0	35	0	0	python main_script.py 4 3 40 0.12
131	:	1598734287.683	     4.760	0	35	0	0	python main_script.py 4 4 50 0.09
133	:	1598734287.839	     4.628	0	35	0	0	python main_script.py 4 4 40 0.09
132	:	1598734287.710	     4.953	0	35	0	0	python main_script.py 4 4 50 0.12
134	:	1598734287.897	     4.799	0	35	0	0	python main_script.py 4 4 40 0.12
135	:	1598734287.923	     4.871	0	35	0	0	python main_script.py 4 4 30 0.09
136	:	1598734288.065	     4.815	0	35	0	0	python main_script.py 4 4 30 0.12
137	:	1598734288.079	     4.829	0	35	0	0	python main_script.py 4 4 20 0.09
140	:	1598734288.175	     5.023	0	35	0	0	python main_script.py 4 4 10 0.12
139	:	1598734288.172	     5.245	0	35	0	0	python main_script.py 4 4 10 0.09
138	:	1598734288.164	     6.050	0	35	0	0	python main_script.py 4 4 20 0.12
142	:	1598734291.527	     5.814	0	35	0	0	python main_script.py 4 5 50 0.12
143	:	1598734291.608	     5.875	0	35	0	0	python main_script.py 4 5 40 0.09
141	:	1598734291.488	     6.369	0	35	0	0	python main_script.py 4 5 50 0.09
149	:	1598734291.828	     6.279	0	35	0	0	python main_script.py 4 5 10 0.09
145	:	1598734291.773	     6.825	0	35	0	0	python main_script.py 4 5 30 0.09
144	:	1598734291.644	     7.190	0	35	0	0	python main_script.py 4 5 40 0.12
147	:	1598734291.799	     7.157	0	35	0	0	python main_script.py 4 5 20 0.09
148	:	1598734291.815	     7.598	0	35	0	0	python main_script.py 4 5 20 0.12
175	:	1598734292.800	     6.809	0	35	0	0	python main_script.py 5 3 30 0.09
171	:	1598734292.462	     7.297	0	35	0	0	python main_script.py 5 3 50 0.09
146	:	1598734291.778	     7.995	0	35	0	0	python main_script.py 4 5 30 0.12
173	:	1598734292.667	     7.187	0	35	0	0	python main_script.py 5 3 40 0.09
178	:	1598734293.205	     6.738	0	35	0	0	python main_script.py 5 3 20 0.12
172	:	1598734292.482	     7.663	0	35	0	0	python main_script.py 5 3 50 0.12
150	:	1598734291.872	     8.308	0	35	0	0	python main_script.py 4 5 10 0.12
177	:	1598734292.926	     7.378	0	35	0	0	python main_script.py 5 3 20 0.09
176	:	1598734292.909	     7.532	0	35	0	0	python main_script.py 5 3 30 0.12
174	:	1598734292.702	     7.970	0	35	0	0	python main_script.py 5 3 40 0.12
179	:	1598734293.424	     7.435	0	35	0	0	python main_script.py 5 3 10 0.09
180	:	1598734294.233	     7.296	0	35	0	0	python main_script.py 5 3 10 0.12
183	:	1598734297.864	     7.167	0	35	0	0	python main_script.py 5 4 40 0.09
184	:	1598734298.121	     7.305	0	35	0	0	python main_script.py 5 4 40 0.12
181	:	1598734297.359	     8.921	0	35	0	0	python main_script.py 5 4 50 0.09
187	:	1598734298.961	     7.519	0	35	0	0	python main_script.py 5 4 20 0.09
185	:	1598734298.616	     7.949	0	35	0	0	python main_script.py 5 4 30 0.09
182	:	1598734297.511	     9.255	0	35	0	0	python main_script.py 5 4 50 0.12
190	:	1598734299.773	     7.854	0	35	0	0	python main_script.py 5 4 10 0.12
191	:	1598734299.787	     8.045	0	35	0	0	python main_script.py 5 5 50 0.09
186	:	1598734298.853	     9.139	0	35	0	0	python main_script.py 5 4 30 0.12
195	:	1598734300.188	     8.378	0	35	0	0	python main_script.py 5 5 30 0.09
193	:	1598734299.954	     8.786	0	35	0	0	python main_script.py 5 5 40 0.09
197	:	1598734300.460	     8.299	0	35	0	0	python main_script.py 5 5 20 0.09
194	:	1598734300.152	     8.880	0	35	0	0	python main_script.py 5 5 40 0.12
192	:	1598734299.873	     9.182	0	35	0	0	python main_script.py 5 5 50 0.12
188	:	1598734299.420	     9.858	0	35	0	0	python main_script.py 5 4 20 0.12
189	:	1598734299.615	     9.780	0	35	0	0	python main_script.py 5 4 10 0.09
199	:	1598734300.868	     8.552	0	35	0	0	python main_script.py 5 5 10 0.09
196	:	1598734300.311	     9.141	0	35	0	0	python main_script.py 5 5 30 0.12
198	:	1598734300.687	     9.329	0	35	0	0	python main_script.py 5 5 20 0.12
200	:	1598734301.547	     8.582	0	35	0	0	python main_script.py 5 5 10 0.12
9	:	1598734282.610	    40.995	0	384	0	0	python main_script.py 2 1 10 0.09
10	:	1598734282.612	    41.884	0	385	0	0	python main_script.py 2 1 10 0.12
8	:	1598734282.608	    42.033	0	383	0	0	python main_script.py 2 1 20 0.12
7	:	1598734282.606	    42.782	0	384	0	0	python main_script.py 2 1 20 0.09
6	:	1598734282.604	    46.366	0	385	0	0	python main_script.py 2 1 30 0.12
5	:	1598734282.602	    50.165	0	385	0	0	python main_script.py 2 1 30 0.09
4	:	1598734282.600	    50.750	0	384	0	0	python main_script.py 2 1 40 0.12
3	:	1598734282.598	    57.079	0	386	0	0	python main_script.py 2 1 40 0.09
1	:	1598734282.595	    57.608	0	386	0	0	python main_script.py 2 1 50 0.09
2	:	1598734282.596	    58.880	0	386	0	0	python main_script.py 2 1 50 0.12
57	:	1598734282.734	    58.996	0	382	0	0	python main_script.py 3 1 20 0.09
59	:	1598734282.740	    62.561	0	385	0	0	python main_script.py 3 1 10 0.09
231	:	1598734341.744	     9.446	0	35	0	0	python main_script.py 6 4 50 0.09
232	:	1598734345.319	     8.055	0	35	0	0	python main_script.py 6 4 50 0.12
55	:	1598734282.726	    73.362	0	383	0	0	python main_script.py 3 1 30 0.09
60	:	1598734282.743	    73.879	0	384	0	0	python main_script.py 3 1 10 0.12
233	:	1598734351.207	     6.923	0	35	0	0	python main_script.py 6 4 40 0.09
58	:	1598734282.737	    75.861	0	384	0	0	python main_script.py 3 1 20 0.12
53	:	1598734282.720	    78.875	0	385	0	0	python main_script.py 3 1 40 0.09
234	:	1598734353.391	     9.210	0	35	0	0	python main_script.py 6 4 40 0.12
235	:	1598734356.094	     8.685	0	35	0	0	python main_script.py 6 4 30 0.09
236	:	1598734356.632	     9.042	0	35	0	0	python main_script.py 6 4 30 0.12
237	:	1598734358.148	     7.930	0	35	0	0	python main_script.py 6 4 20 0.09
107	:	1598734287.244	    79.002	0	386	0	0	python main_script.py 4 1 20 0.09
238	:	1598734358.605	     7.777	0	35	0	0	python main_script.py 6 4 20 0.12
109	:	1598734287.258	    79.594	0	385	0	0	python main_script.py 4 1 10 0.09
239	:	1598734361.602	     7.470	0	35	0	0	python main_script.py 6 4 10 0.09
240	:	1598734362.620	     6.666	0	35	0	0	python main_script.py 6 4 10 0.12
117	:	1598734287.313	    83.542	0	386	0	0	python main_script.py 4 2 20 0.09
119	:	1598734287.325	    83.615	0	385	0	0	python main_script.py 4 2 10 0.09
241	:	1598734364.786	     6.290	0	35	0	0	python main_script.py 6 5 50 0.09
242	:	1598734365.691	     5.880	0	35	0	0	python main_script.py 6 5 50 0.12
56	:	1598734282.730	    88.875	0	384	0	0	python main_script.py 3 1 30 0.12
243	:	1598734366.096	     7.003	0	35	0	0	python main_script.py 6 5 40 0.09
244	:	1598734366.265	     7.092	0	35	0	0	python main_script.py 6 5 40 0.12
245	:	1598734366.389	     8.263	0	35	0	0	python main_script.py 6 5 30 0.09
246	:	1598734366.873	     7.950	0	35	0	0	python main_script.py 6 5 30 0.12
247	:	1598734369.089	     7.390	0	35	0	0	python main_script.py 6 5 20 0.09
248	:	1598734369.291	     7.619	0	35	0	0	python main_script.py 6 5 20 0.12
115	:	1598734287.289	    91.208	0	386	0	0	python main_script.py 4 2 30 0.09
250	:	1598734370.946	     7.913	0	35	0	0	python main_script.py 6 5 10 0.12
249	:	1598734370.874	     8.391	0	35	0	0	python main_script.py 6 5 10 0.09
105	:	1598734287.235	    94.962	0	385	0	0	python main_script.py 4 1 30 0.09
157	:	1598734291.993	    95.177	0	386	0	0	python main_script.py 5 1 20 0.09
167	:	1598734292.188	    96.966	0	386	0	0	python main_script.py 5 2 20 0.09
159	:	1598734292.025	    98.718	0	387	0	0	python main_script.py 5 1 10 0.09
169	:	1598734292.225	    98.559	0	386	0	0	python main_script.py 5 2 10 0.09
120	:	1598734287.339	   114.841	0	387	0	0	python main_script.py 4 2 10 0.12
110	:	1598734287.264	   116.273	0	385	0	0	python main_script.py 4 1 10 0.12
155	:	1598734291.969	   112.987	0	387	0	0	python main_script.py 5 1 30 0.09
118	:	1598734287.320	   119.845	0	386	0	0	python main_script.py 4 2 20 0.12
165	:	1598734292.172	   118.588	0	372	0	0	python main_script.py 5 2 30 0.09
207	:	1598734307.645	   109.314	0	383	0	0	python main_script.py 6 1 20 0.09
217	:	1598734309.438	   109.861	0	384	0	0	python main_script.py 6 2 20 0.09
209	:	1598734307.997	   112.285	0	387	0	0	python main_script.py 6 1 10 0.09
219	:	1598734310.034	   113.325	0	388	0	0	python main_script.py 6 2 10 0.09
227	:	1598734333.365	   105.621	0	385	0	0	python main_script.py 6 3 20 0.09
229	:	1598734340.212	   104.064	0	386	0	0	python main_script.py 6 3 10 0.09
103	:	1598734287.225	  3438.768	0	826	0	0	python main_script.py 4 1 40 0.09
54	:	1598734282.723	  3487.250	0	800	0	0	python main_script.py 3 1 40 0.12
