Seq	Host	Starttime	JobRuntime	Send	Receive	Exitval	Signal	Command
63	:	1598781248.386	     4.558	0	35	0	0	python main_script.py 3 2 40 0.09
40	:	1598781248.336	     4.661	0	35	0	0	python main_script.py 2 4 10 0.12
38	:	1598781248.332	     4.711	0	35	0	0	python main_script.py 2 4 20 0.12
41	:	1598781248.339	     4.750	0	35	0	0	python main_script.py 2 5 50 0.09
36	:	1598781248.328	     4.767	0	35	0	0	python main_script.py 2 4 30 0.12
42	:	1598781248.341	     4.759	0	35	0	0	python main_script.py 2 5 50 0.12
23	:	1598781248.302	     4.803	0	35	0	0	python main_script.py 2 3 40 0.09
43	:	1598781248.343	     4.794	0	35	0	0	python main_script.py 2 5 40 0.09
39	:	1598781248.334	     4.812	0	35	0	0	python main_script.py 2 4 10 0.09
18	:	1598781248.292	     4.859	0	35	0	0	python main_script.py 2 2 20 0.12
16	:	1598781248.288	     4.869	0	35	0	0	python main_script.py 2 2 30 0.12
26	:	1598781248.308	     4.859	0	35	0	0	python main_script.py 2 3 30 0.12
24	:	1598781248.304	     4.865	0	35	0	0	python main_script.py 2 3 40 0.12
34	:	1598781248.324	     4.874	0	35	0	0	python main_script.py 2 4 40 0.12
13	:	1598781248.282	     4.921	0	35	0	0	python main_script.py 2 2 40 0.09
67	:	1598781248.395	     4.832	0	35	0	0	python main_script.py 3 2 20 0.09
25	:	1598781248.306	     4.927	0	35	0	0	python main_script.py 2 3 30 0.09
21	:	1598781248.298	     4.939	0	35	0	0	python main_script.py 2 3 50 0.09
62	:	1598781248.384	     4.855	0	35	0	0	python main_script.py 3 2 50 0.12
32	:	1598781248.320	     4.924	0	35	0	0	python main_script.py 2 4 50 0.12
27	:	1598781248.310	     4.956	0	35	0	0	python main_script.py 2 3 20 0.09
78	:	1598781248.425	     4.847	0	35	0	0	python main_script.py 3 3 20 0.12
64	:	1598781248.388	     4.894	0	35	0	0	python main_script.py 3 2 40 0.12
15	:	1598781248.286	     5.006	0	35	0	0	python main_script.py 2 2 30 0.09
49	:	1598781248.355	     4.941	0	35	0	0	python main_script.py 2 5 10 0.09
77	:	1598781248.422	     4.884	0	35	0	0	python main_script.py 3 3 20 0.09
37	:	1598781248.330	     4.981	0	35	0	0	python main_script.py 2 4 20 0.09
68	:	1598781248.398	     4.914	0	35	0	0	python main_script.py 3 2 20 0.12
48	:	1598781248.353	     4.970	0	35	0	0	python main_script.py 2 5 20 0.12
30	:	1598781248.316	     5.009	0	35	0	0	python main_script.py 2 3 10 0.12
73	:	1598781248.411	     4.914	0	35	0	0	python main_script.py 3 3 40 0.09
35	:	1598781248.326	     5.008	0	35	0	0	python main_script.py 2 4 30 0.09
71	:	1598781248.405	     4.930	0	35	0	0	python main_script.py 3 3 50 0.09
72	:	1598781248.408	     4.936	0	35	0	0	python main_script.py 3 3 50 0.12
75	:	1598781248.417	     4.927	0	35	0	0	python main_script.py 3 3 30 0.09
74	:	1598781248.413	     4.938	0	35	0	0	python main_script.py 3 3 40 0.12
44	:	1598781248.345	     5.063	0	35	0	0	python main_script.py 2 5 40 0.12
12	:	1598781248.280	     5.134	0	35	0	0	python main_script.py 2 2 50 0.12
76	:	1598781248.419	     5.002	0	35	0	0	python main_script.py 3 3 30 0.12
33	:	1598781248.322	     5.104	0	35	0	0	python main_script.py 2 4 40 0.09
29	:	1598781248.314	     5.122	0	35	0	0	python main_script.py 2 3 10 0.09
50	:	1598781248.357	     5.098	0	35	0	0	python main_script.py 2 5 10 0.12
65	:	1598781248.391	     5.079	0	35	0	0	python main_script.py 3 2 30 0.09
79	:	1598781248.442	     5.054	0	35	0	0	python main_script.py 3 3 10 0.09
66	:	1598781248.393	     5.117	0	35	0	0	python main_script.py 3 2 30 0.12
14	:	1598781248.284	     5.236	0	35	0	0	python main_script.py 2 2 40 0.12
69	:	1598781248.400	     5.136	0	35	0	0	python main_script.py 3 2 10 0.09
31	:	1598781248.318	     5.223	0	35	0	0	python main_script.py 2 4 50 0.09
70	:	1598781248.403	     5.155	0	35	0	0	python main_script.py 3 2 10 0.12
46	:	1598781248.349	     5.263	0	35	0	0	python main_script.py 2 5 30 0.12
28	:	1598781248.312	     5.305	0	35	0	0	python main_script.py 2 3 20 0.12
17	:	1598781248.290	     5.348	0	35	0	0	python main_script.py 2 2 20 0.09
22	:	1598781248.300	     5.371	0	35	0	0	python main_script.py 2 3 50 0.12
19	:	1598781248.294	     5.406	0	35	0	0	python main_script.py 2 2 10 0.09
11	:	1598781248.279	     5.424	0	35	0	0	python main_script.py 2 2 50 0.09
61	:	1598781248.381	     5.743	0	35	0	0	python main_script.py 3 2 50 0.09
80	:	1598781248.445	     5.732	0	35	0	0	python main_script.py 3 3 10 0.12
81	:	1598781252.950	     4.167	0	35	0	0	python main_script.py 3 4 50 0.09
83	:	1598781253.049	     4.414	0	35	0	0	python main_script.py 3 4 40 0.09
84	:	1598781253.096	     4.417	0	35	0	0	python main_script.py 3 4 40 0.12
99	:	1598781253.250	     4.292	0	35	0	0	python main_script.py 3 5 10 0.09
82	:	1598781253.003	     4.546	0	35	0	0	python main_script.py 3 4 50 0.12
86	:	1598781253.105	     4.458	0	35	0	0	python main_script.py 3 4 30 0.12
94	:	1598781253.203	     4.487	0	35	0	0	python main_script.py 3 5 40 0.12
92	:	1598781253.174	     4.573	0	35	0	0	python main_script.py 3 5 50 0.12
88	:	1598781253.142	     4.661	0	35	0	0	python main_script.py 3 4 20 0.12
87	:	1598781253.111	     4.712	0	35	0	0	python main_script.py 3 4 20 0.09
96	:	1598781253.233	     4.596	0	35	0	0	python main_script.py 3 5 30 0.12
90	:	1598781253.157	     4.700	0	35	0	0	python main_script.py 3 4 10 0.12
95	:	1598781253.209	     4.649	0	35	0	0	python main_script.py 3 5 30 0.09
97	:	1598781253.238	     4.621	0	35	0	0	python main_script.py 3 5 20 0.09
100	:	1598781253.254	     4.617	0	35	0	0	python main_script.py 3 5 10 0.12
85	:	1598781253.101	     4.786	0	35	0	0	python main_script.py 3 4 30 0.09
98	:	1598781253.244	     4.644	0	35	0	0	python main_script.py 3 5 20 0.12
122	:	1598781253.461	     4.440	0	35	0	0	python main_script.py 4 3 50 0.12
126	:	1598781253.525	     4.411	0	35	0	0	python main_script.py 4 3 30 0.12
93	:	1598781253.179	     4.840	0	35	0	0	python main_script.py 3 5 40 0.09
91	:	1598781253.162	     4.873	0	35	0	0	python main_script.py 3 5 50 0.09
121	:	1598781253.441	     4.611	0	35	0	0	python main_script.py 4 3 50 0.09
134	:	1598781253.703	     4.382	0	35	0	0	python main_script.py 4 4 40 0.12
132	:	1598781253.643	     4.476	0	35	0	0	python main_script.py 4 4 50 0.12
127	:	1598781253.541	     4.584	0	35	0	0	python main_script.py 4 3 20 0.09
130	:	1598781253.617	     4.519	0	35	0	0	python main_script.py 4 3 10 0.12
129	:	1598781253.564	     4.633	0	35	0	0	python main_script.py 4 3 10 0.09
123	:	1598781253.477	     4.724	0	35	0	0	python main_script.py 4 3 40 0.09
89	:	1598781253.152	     5.078	0	35	0	0	python main_script.py 3 4 10 0.09
135	:	1598781253.708	     4.538	0	35	0	0	python main_script.py 4 4 30 0.09
133	:	1598781253.681	     4.585	0	35	0	0	python main_script.py 4 4 40 0.09
124	:	1598781253.500	     4.770	0	35	0	0	python main_script.py 4 3 40 0.12
131	:	1598781253.622	     4.663	0	35	0	0	python main_script.py 4 4 50 0.09
128	:	1598781253.546	     5.285	0	35	0	0	python main_script.py 4 3 20 0.12
137	:	1598781254.181	     4.934	0	35	0	0	python main_script.py 4 4 20 0.09
136	:	1598781254.128	     5.286	0	35	0	0	python main_script.py 4 4 30 0.12
45	:	1598781248.347	    13.655	0	35	0	0	python main_script.py 2 5 30 0.09
20	:	1598781248.297	    13.887	0	35	0	0	python main_script.py 2 2 10 0.12
47	:	1598781248.351	    13.981	0	35	0	0	python main_script.py 2 5 20 0.09
138	:	1598781257.122	     6.020	0	35	0	0	python main_script.py 4 4 20 0.12
143	:	1598781257.579	     5.875	0	35	0	0	python main_script.py 4 5 40 0.09
140	:	1598781257.522	     6.182	0	35	0	0	python main_script.py 4 4 10 0.12
145	:	1598781257.772	     6.121	0	35	0	0	python main_script.py 4 5 30 0.09
144	:	1598781257.697	     6.234	0	35	0	0	python main_script.py 4 5 40 0.12
147	:	1598781257.829	     6.157	0	35	0	0	python main_script.py 4 5 20 0.09
148	:	1598781257.857	     6.428	0	35	0	0	python main_script.py 4 5 20 0.12
149	:	1598781257.871	     6.513	0	35	0	0	python main_script.py 4 5 10 0.09
139	:	1598781257.468	     6.933	0	35	0	0	python main_script.py 4 4 10 0.09
142	:	1598781257.563	     6.873	0	35	0	0	python main_script.py 4 5 50 0.12
125	:	1598781253.514	    11.261	0	35	0	0	python main_script.py 4 3 30 0.09
146	:	1598781257.823	     7.131	0	35	0	0	python main_script.py 4 5 30 0.12
172	:	1598781259.119	     6.960	0	35	0	0	python main_script.py 5 3 50 0.12
150	:	1598781257.877	     8.232	0	35	0	0	python main_script.py 4 5 10 0.12
171	:	1598781258.849	     7.304	0	35	0	0	python main_script.py 5 3 50 0.09
141	:	1598781257.549	    10.421	0	35	0	0	python main_script.py 4 5 50 0.09
175	:	1598781262.189	     7.417	0	35	0	0	python main_script.py 5 3 30 0.09
174	:	1598781262.021	     7.746	0	35	0	0	python main_script.py 5 3 40 0.12
173	:	1598781259.420	    10.401	0	35	0	0	python main_script.py 5 3 40 0.09
176	:	1598781262.341	     8.131	0	35	0	0	python main_script.py 5 3 30 0.12
184	:	1598781264.390	     6.961	0	35	0	0	python main_script.py 5 4 40 0.12
179	:	1598781263.720	     7.744	0	35	0	0	python main_script.py 5 3 10 0.09
180	:	1598781263.910	     7.744	0	35	0	0	python main_script.py 5 3 10 0.12
178	:	1598781263.472	     8.383	0	35	0	0	python main_script.py 5 3 20 0.12
185	:	1598781264.410	     7.702	0	35	0	0	python main_script.py 5 4 30 0.09
177	:	1598781263.162	     9.069	0	35	0	0	python main_script.py 5 3 20 0.09
181	:	1598781263.950	     8.310	0	35	0	0	python main_script.py 5 4 50 0.09
187	:	1598781264.781	     7.953	0	35	0	0	python main_script.py 5 4 20 0.09
186	:	1598781264.452	     8.327	0	35	0	0	python main_script.py 5 4 30 0.12
188	:	1598781264.959	     8.111	0	35	0	0	python main_script.py 5 4 20 0.12
183	:	1598781264.307	     9.315	0	35	0	0	python main_script.py 5 4 40 0.09
191	:	1598781266.169	     7.690	0	35	0	0	python main_script.py 5 5 50 0.09
182	:	1598781263.993	    10.093	0	35	0	0	python main_script.py 5 4 50 0.12
190	:	1598781266.127	     9.631	0	35	0	0	python main_script.py 5 4 10 0.12
189	:	1598781266.097	    10.032	0	35	0	0	python main_script.py 5 4 10 0.09
195	:	1598781269.837	     7.701	0	35	0	0	python main_script.py 5 5 30 0.09
192	:	1598781267.974	     9.736	0	35	0	0	python main_script.py 5 5 50 0.12
193	:	1598781269.631	     8.767	0	35	0	0	python main_script.py 5 5 40 0.09
194	:	1598781269.794	     8.711	0	35	0	0	python main_script.py 5 5 40 0.12
199	:	1598781271.660	     8.153	0	35	0	0	python main_script.py 5 5 10 0.09
196	:	1598781270.489	    10.149	0	35	0	0	python main_script.py 5 5 30 0.12
197	:	1598781271.358	     9.849	0	35	0	0	python main_script.py 5 5 20 0.09
198	:	1598781271.482	     9.895	0	35	0	0	python main_script.py 5 5 20 0.12
200	:	1598781271.867	     9.629	0	35	0	0	python main_script.py 5 5 10 0.12
8	:	1598781248.273	    38.558	0	383	0	0	python main_script.py 2 1 20 0.12
7	:	1598781248.271	    40.073	0	384	0	0	python main_script.py 2 1 20 0.09
10	:	1598781248.277	    42.679	0	385	0	0	python main_script.py 2 1 10 0.12
5	:	1598781248.267	    45.335	0	385	0	0	python main_script.py 2 1 30 0.09
6	:	1598781248.269	    46.965	0	385	0	0	python main_script.py 2 1 30 0.12
3	:	1598781248.263	    52.053	0	386	0	0	python main_script.py 2 1 40 0.09
4	:	1598781248.265	    58.076	0	384	0	0	python main_script.py 2 1 40 0.12
9	:	1598781248.275	    58.111	0	384	0	0	python main_script.py 2 1 10 0.09
2	:	1598781248.261	    60.216	0	386	0	0	python main_script.py 2 1 50 0.12
1	:	1598781248.259	    61.056	0	386	0	0	python main_script.py 2 1 50 0.09
57	:	1598781248.372	    61.986	0	382	0	0	python main_script.py 3 1 20 0.09
59	:	1598781248.376	    62.399	0	385	0	0	python main_script.py 3 1 10 0.09
232	:	1598781310.793	     7.217	0	35	0	0	python main_script.py 6 4 50 0.12
231	:	1598781310.364	     7.717	0	35	0	0	python main_script.py 6 4 50 0.09
55	:	1598781248.368	    71.302	0	383	0	0	python main_script.py 3 1 30 0.09
233	:	1598781318.020	     6.391	0	35	0	0	python main_script.py 6 4 40 0.09
60	:	1598781248.378	    76.118	0	384	0	0	python main_script.py 3 1 10 0.12
234	:	1598781318.094	     7.777	0	35	0	0	python main_script.py 6 4 40 0.12
235	:	1598781319.692	     7.436	0	35	0	0	python main_script.py 6 4 30 0.09
58	:	1598781248.374	    79.419	0	384	0	0	python main_script.py 3 1 20 0.12
53	:	1598781248.363	    82.528	0	385	0	0	python main_script.py 3 1 40 0.09
236	:	1598781324.417	     7.850	0	35	0	0	python main_script.py 6 4 30 0.12
237	:	1598781324.513	     8.101	0	35	0	0	python main_script.py 6 4 20 0.09
238	:	1598781325.891	     7.813	0	35	0	0	python main_script.py 6 4 20 0.12
107	:	1598781253.317	    81.340	0	386	0	0	python main_script.py 4 1 20 0.09
117	:	1598781253.414	    82.240	0	386	0	0	python main_script.py 4 2 20 0.09
239	:	1598781327.146	     8.573	0	35	0	0	python main_script.py 6 4 10 0.09
109	:	1598781253.329	    82.418	0	385	0	0	python main_script.py 4 1 10 0.09
56	:	1598781248.370	    88.298	0	384	0	0	python main_script.py 3 1 30 0.12
240	:	1598781327.812	     9.191	0	35	0	0	python main_script.py 6 4 10 0.12
119	:	1598781253.426	    84.175	0	385	0	0	python main_script.py 4 2 10 0.09
243	:	1598781332.633	     6.082	0	35	0	0	python main_script.py 6 5 40 0.09
241	:	1598781330.909	     8.644	0	35	0	0	python main_script.py 6 5 50 0.09
242	:	1598781332.289	     7.944	0	35	0	0	python main_script.py 6 5 50 0.12
245	:	1598781334.675	     7.322	0	35	0	0	python main_script.py 6 5 30 0.09
244	:	1598781333.712	     8.321	0	35	0	0	python main_script.py 6 5 40 0.12
51	:	1598781248.359	    94.062	0	385	0	0	python main_script.py 3 1 50 0.09
247	:	1598781335.736	     7.296	0	35	0	0	python main_script.py 6 5 20 0.09
248	:	1598781335.766	     7.296	0	35	0	0	python main_script.py 6 5 20 0.12
246	:	1598781335.670	     8.125	0	35	0	0	python main_script.py 6 5 30 0.12
249	:	1598781336.672	     7.353	0	35	0	0	python main_script.py 6 5 10 0.09
250	:	1598781337.009	     7.925	0	35	0	0	python main_script.py 6 5 10 0.12
115	:	1598781253.357	    94.833	0	386	0	0	python main_script.py 4 2 30 0.09
54	:	1598781248.366	   103.794	0	371	0	0	python main_script.py 3 1 40 0.12
105	:	1598781253.303	    99.756	0	385	0	0	python main_script.py 4 1 30 0.09
169	:	1598781258.276	    97.933	0	386	0	0	python main_script.py 5 2 10 0.09
103	:	1598781253.288	   104.388	0	384	0	0	python main_script.py 4 1 40 0.09
159	:	1598781258.057	   102.134	0	387	0	0	python main_script.py 5 1 10 0.09
167	:	1598781258.265	   102.618	0	386	0	0	python main_script.py 5 2 20 0.09
113	:	1598781253.348	   108.303	0	385	0	0	python main_script.py 4 2 40 0.09
157	:	1598781258.025	   104.544	0	386	0	0	python main_script.py 5 1 20 0.09
120	:	1598781253.430	   115.723	0	387	0	0	python main_script.py 4 2 10 0.12
52	:	1598781248.361	   122.172	0	387	0	0	python main_script.py 3 1 50 0.12
118	:	1598781253.418	   117.713	0	386	0	0	python main_script.py 4 2 20 0.12
110	:	1598781253.334	   120.071	0	385	0	0	python main_script.py 4 1 10 0.12
111	:	1598781253.339	   120.686	0	372	0	0	python main_script.py 4 2 50 0.09
155	:	1598781257.922	   116.269	0	387	0	0	python main_script.py 5 1 30 0.09
101	:	1598781253.272	   122.046	0	372	0	0	python main_script.py 4 1 50 0.09
165	:	1598781258.206	   117.162	0	372	0	0	python main_script.py 5 2 30 0.09
209	:	1598781274.095	   108.855	0	386	0	0	python main_script.py 6 1 10 0.09
153	:	1598781257.911	   127.250	0	385	0	0	python main_script.py 5 1 40 0.09
207	:	1598781273.645	   115.114	0	384	0	0	python main_script.py 6 1 20 0.09
106	:	1598781253.311	   135.677	0	384	0	0	python main_script.py 4 1 30 0.12
217	:	1598781280.658	   108.973	0	384	0	0	python main_script.py 6 2 20 0.09
163	:	1598781258.142	   131.621	0	368	0	0	python main_script.py 5 2 40 0.09
281	:	1598781385.182	     5.146	0	35	0	0	python main_script.py 7 4 50 0.09
219	:	1598781281.384	   110.590	0	388	0	0	python main_script.py 6 2 10 0.09
282	:	1598781388.775	     5.526	0	35	0	0	python main_script.py 7 4 50 0.12
283	:	1598781388.996	     5.873	0	35	0	0	python main_script.py 7 4 40 0.09
284	:	1598781389.640	     5.328	0	35	0	0	python main_script.py 7 4 40 0.12
285	:	1598781389.769	     5.350	0	35	0	0	python main_script.py 7 4 30 0.09
286	:	1598781390.349	     5.143	0	35	0	0	python main_script.py 7 4 30 0.12
287	:	1598781391.989	     5.921	0	35	0	0	python main_script.py 7 4 20 0.09
288	:	1598781394.307	     5.233	0	35	0	0	python main_script.py 7 4 20 0.12
290	:	1598781394.974	     5.316	0	35	0	0	python main_script.py 7 4 10 0.12
291	:	1598781395.124	     5.340	0	35	0	0	python main_script.py 7 5 50 0.09
205	:	1598781272.783	   128.088	0	388	0	0	python main_script.py 6 1 30 0.09
289	:	1598781394.893	     6.013	0	35	0	0	python main_script.py 7 4 10 0.09
292	:	1598781395.513	     5.694	0	35	0	0	python main_script.py 7 5 50 0.12
293	:	1598781397.919	     4.654	0	35	0	0	python main_script.py 7 5 40 0.09
215	:	1598781278.509	   125.105	0	371	0	0	python main_script.py 6 2 30 0.09
294	:	1598781399.545	     4.799	0	35	0	0	python main_script.py 7 5 40 0.12
295	:	1598781400.309	     5.266	0	35	0	0	python main_script.py 7 5 30 0.09
296	:	1598781400.474	     5.127	0	35	0	0	python main_script.py 7 5 30 0.12
298	:	1598781400.911	     5.210	0	35	0	0	python main_script.py 7 5 20 0.12
297	:	1598781400.892	     5.641	0	35	0	0	python main_script.py 7 5 20 0.09
299	:	1598781401.226	     5.794	0	35	0	0	python main_script.py 7 5 10 0.09
229	:	1598781308.496	    99.145	0	386	0	0	python main_script.py 6 3 10 0.09
300	:	1598781402.577	     5.394	0	35	0	0	python main_script.py 7 5 10 0.12
227	:	1598781306.359	   102.825	0	385	0	0	python main_script.py 6 3 20 0.09
225	:	1598781295.255	   119.332	0	384	0	0	python main_script.py 6 3 30 0.09
116	:	1598781253.362	  1837.280	0	407	0	0	python main_script.py 4 2 30 0.12
