Seq	Host	Starttime	JobRuntime	Send	Receive	Exitval	Signal	Command
72	:	1599681316.123	    27.414	0	35	0	0	python main_script.py 3 3 50 0.12
33	:	1599681316.019	    27.552	0	35	0	0	python main_script.py 2 4 40 0.09
23	:	1599681315.991	    27.585	0	35	0	0	python main_script.py 2 3 40 0.09
22	:	1599681315.989	    27.605	0	35	0	0	python main_script.py 2 3 50 0.12
40	:	1599681316.036	    27.559	0	35	0	0	python main_script.py 2 4 10 0.12
37	:	1599681316.030	    27.571	0	35	0	0	python main_script.py 2 4 20 0.09
16	:	1599681315.973	    27.634	0	35	0	0	python main_script.py 2 2 30 0.12
30	:	1599681316.010	    27.598	0	35	0	0	python main_script.py 2 3 10 0.12
41	:	1599681316.039	    27.573	0	35	0	0	python main_script.py 2 5 50 0.09
28	:	1599681316.004	    27.614	0	35	0	0	python main_script.py 2 3 20 0.12
38	:	1599681316.031	    27.588	0	35	0	0	python main_script.py 2 4 20 0.12
79	:	1599681316.145	    27.473	0	35	0	0	python main_script.py 3 3 10 0.09
43	:	1599681316.042	    27.585	0	35	0	0	python main_script.py 2 5 40 0.09
80	:	1599681316.152	    27.476	0	35	0	0	python main_script.py 3 3 10 0.12
27	:	1599681316.002	    27.635	0	35	0	0	python main_script.py 2 3 20 0.09
65	:	1599681316.103	    27.536	0	35	0	0	python main_script.py 3 2 30 0.09
63	:	1599681316.098	    27.552	0	35	0	0	python main_script.py 3 2 40 0.09
21	:	1599681315.986	    27.665	0	35	0	0	python main_script.py 2 3 50 0.09
39	:	1599681316.034	    27.618	0	35	0	0	python main_script.py 2 4 10 0.09
19	:	1599681315.981	    27.686	0	35	0	0	python main_script.py 2 2 10 0.09
12	:	1599681315.965	    27.702	0	35	0	0	python main_script.py 2 2 50 0.12
20	:	1599681315.983	    27.684	0	35	0	0	python main_script.py 2 2 10 0.12
29	:	1599681316.007	    27.661	0	35	0	0	python main_script.py 2 3 10 0.09
49	:	1599681316.059	    27.608	0	35	0	0	python main_script.py 2 5 10 0.09
61	:	1599681316.092	    27.575	0	35	0	0	python main_script.py 3 2 50 0.09
66	:	1599681316.106	    27.562	0	35	0	0	python main_script.py 3 2 30 0.12
24	:	1599681315.994	    27.677	0	35	0	0	python main_script.py 2 3 40 0.12
15	:	1599681315.971	    27.705	0	35	0	0	python main_script.py 2 2 30 0.09
18	:	1599681315.978	    27.698	0	35	0	0	python main_script.py 2 2 20 0.12
75	:	1599681316.132	    27.545	0	35	0	0	python main_script.py 3 3 30 0.09
13	:	1599681315.967	    27.713	0	35	0	0	python main_script.py 2 2 40 0.09
26	:	1599681315.999	    27.681	0	35	0	0	python main_script.py 2 3 30 0.12
47	:	1599681316.053	    27.628	0	35	0	0	python main_script.py 2 5 20 0.09
64	:	1599681316.101	    27.579	0	35	0	0	python main_script.py 3 2 40 0.12
78	:	1599681316.140	    27.549	0	35	0	0	python main_script.py 3 3 20 0.12
36	:	1599681316.027	    27.667	0	35	0	0	python main_script.py 2 4 30 0.12
42	:	1599681316.041	    27.660	0	35	0	0	python main_script.py 2 5 50 0.12
48	:	1599681316.056	    27.645	0	35	0	0	python main_script.py 2 5 20 0.12
77	:	1599681316.137	    27.573	0	35	0	0	python main_script.py 3 3 20 0.09
17	:	1599681315.975	    27.742	0	35	0	0	python main_script.py 2 2 20 0.09
46	:	1599681316.050	    27.667	0	35	0	0	python main_script.py 2 5 30 0.12
76	:	1599681316.134	    27.583	0	35	0	0	python main_script.py 3 3 30 0.12
67	:	1599681316.109	    27.608	0	35	0	0	python main_script.py 3 2 20 0.09
44	:	1599681316.045	    27.675	0	35	0	0	python main_script.py 2 5 40 0.12
31	:	1599681316.012	    27.712	0	35	0	0	python main_script.py 2 4 50 0.09
62	:	1599681316.095	    27.631	0	35	0	0	python main_script.py 3 2 50 0.12
25	:	1599681315.997	    27.733	0	35	0	0	python main_script.py 2 3 30 0.09
74	:	1599681316.129	    27.610	0	35	0	0	python main_script.py 3 3 40 0.12
70	:	1599681316.118	    27.625	0	35	0	0	python main_script.py 3 2 10 0.12
71	:	1599681316.121	    27.622	0	35	0	0	python main_script.py 3 3 50 0.09
35	:	1599681316.024	    27.723	0	35	0	0	python main_script.py 2 4 30 0.09
68	:	1599681316.112	    27.634	0	35	0	0	python main_script.py 3 2 20 0.12
14	:	1599681315.969	    27.783	0	35	0	0	python main_script.py 2 2 40 0.12
45	:	1599681316.048	    27.712	0	35	0	0	python main_script.py 2 5 30 0.09
50	:	1599681316.062	    27.698	0	35	0	0	python main_script.py 2 5 10 0.12
69	:	1599681316.114	    27.648	0	35	0	0	python main_script.py 3 2 10 0.09
73	:	1599681316.126	    27.636	0	35	0	0	python main_script.py 3 3 40 0.09
32	:	1599681316.015	    27.791	0	35	0	0	python main_script.py 2 4 50 0.12
34	:	1599681316.021	    27.787	0	35	0	0	python main_script.py 2 4 40 0.12
11	:	1599681315.963	    27.883	0	35	0	0	python main_script.py 2 2 50 0.09
87	:	1599681343.617	     4.473	0	35	0	0	python main_script.py 3 4 20 0.09
85	:	1599681343.607	     4.531	0	35	0	0	python main_script.py 3 4 30 0.09
86	:	1599681343.612	     4.532	0	35	0	0	python main_script.py 3 4 30 0.12
97	:	1599681343.680	     4.531	0	35	0	0	python main_script.py 3 5 20 0.09
89	:	1599681343.628	     4.601	0	35	0	0	python main_script.py 3 4 10 0.09
92	:	1599681343.644	     4.613	0	35	0	0	python main_script.py 3 5 50 0.12
91	:	1599681343.638	     4.625	0	35	0	0	python main_script.py 3 5 50 0.09
90	:	1599681343.633	     4.657	0	35	0	0	python main_script.py 3 4 10 0.12
124	:	1599681343.804	     4.538	0	35	0	0	python main_script.py 4 3 40 0.12
140	:	1599681343.868	     4.501	0	35	0	0	python main_script.py 4 4 10 0.12
93	:	1599681343.650	     4.730	0	35	0	0	python main_script.py 3 5 40 0.09
98	:	1599681343.684	     4.711	0	35	0	0	python main_script.py 3 5 20 0.12
94	:	1599681343.666	     4.743	0	35	0	0	python main_script.py 3 5 40 0.12
125	:	1599681343.807	     4.623	0	35	0	0	python main_script.py 4 3 30 0.09
81	:	1599681343.542	     4.902	0	35	0	0	python main_script.py 3 4 50 0.09
82	:	1599681343.577	     4.869	0	35	0	0	python main_script.py 3 4 50 0.12
96	:	1599681343.675	     4.771	0	35	0	0	python main_script.py 3 5 30 0.12
123	:	1599681343.800	     4.661	0	35	0	0	python main_script.py 4 3 40 0.09
83	:	1599681343.595	     4.874	0	35	0	0	python main_script.py 3 4 40 0.09
99	:	1599681343.690	     4.790	0	35	0	0	python main_script.py 3 5 10 0.09
137	:	1599681343.856	     4.638	0	35	0	0	python main_script.py 4 4 20 0.09
84	:	1599681343.601	     4.906	0	35	0	0	python main_script.py 3 4 40 0.12
126	:	1599681343.812	     4.713	0	35	0	0	python main_script.py 4 3 30 0.12
95	:	1599681343.672	     4.880	0	35	0	0	python main_script.py 3 5 30 0.09
121	:	1599681343.794	     4.785	0	35	0	0	python main_script.py 4 3 50 0.09
138	:	1599681343.860	     4.763	0	35	0	0	python main_script.py 4 4 20 0.12
88	:	1599681343.623	     5.009	0	35	0	0	python main_script.py 3 4 20 0.12
132	:	1599681343.835	     4.818	0	35	0	0	python main_script.py 4 4 50 0.12
100	:	1599681343.695	     4.963	0	35	0	0	python main_script.py 3 5 10 0.12
122	:	1599681343.797	     4.879	0	35	0	0	python main_script.py 4 3 50 0.12
136	:	1599681343.851	     4.851	0	35	0	0	python main_script.py 4 4 30 0.12
128	:	1599681343.819	     4.944	0	35	0	0	python main_script.py 4 3 20 0.12
130	:	1599681343.828	     4.980	0	35	0	0	python main_script.py 4 3 10 0.12
139	:	1599681343.864	     4.944	0	35	0	0	python main_script.py 4 4 10 0.09
134	:	1599681343.843	     5.105	0	35	0	0	python main_script.py 4 4 40 0.12
133	:	1599681343.839	     5.217	0	35	0	0	python main_script.py 4 4 40 0.09
131	:	1599681343.831	     5.242	0	35	0	0	python main_script.py 4 4 50 0.09
135	:	1599681343.847	     5.258	0	35	0	0	python main_script.py 4 4 30 0.09
127	:	1599681343.816	     5.331	0	35	0	0	python main_script.py 4 3 20 0.09
129	:	1599681343.824	     5.526	0	35	0	0	python main_script.py 4 3 10 0.09
143	:	1599681348.149	     5.153	0	35	0	0	python main_script.py 4 5 40 0.09
144	:	1599681348.217	     5.825	0	35	0	0	python main_script.py 4 5 40 0.12
142	:	1599681348.144	     6.069	0	35	0	0	python main_script.py 4 5 50 0.12
141	:	1599681348.102	     6.170	0	35	0	0	python main_script.py 4 5 50 0.09
147	:	1599681348.267	     6.482	0	35	0	0	python main_script.py 4 5 20 0.09
146	:	1599681348.263	     6.622	0	35	0	0	python main_script.py 4 5 30 0.12
150	:	1599681348.375	     6.687	0	35	0	0	python main_script.py 4 5 10 0.12
148	:	1599681348.294	     6.873	0	35	0	0	python main_script.py 4 5 20 0.12
174	:	1599681348.820	     6.490	0	35	0	0	python main_script.py 5 3 40 0.12
145	:	1599681348.235	     7.333	0	35	0	0	python main_script.py 4 5 30 0.09
173	:	1599681348.815	     6.911	0	35	0	0	python main_script.py 5 3 40 0.09
149	:	1599681348.346	     7.440	0	35	0	0	python main_script.py 4 5 10 0.09
172	:	1599681348.769	     7.128	0	35	0	0	python main_script.py 5 3 50 0.12
177	:	1599681349.081	     6.851	0	35	0	0	python main_script.py 5 3 20 0.09
180	:	1599681349.356	     6.595	0	35	0	0	python main_script.py 5 3 10 0.12
175	:	1599681348.953	     7.220	0	35	0	0	python main_script.py 5 3 30 0.09
171	:	1599681348.708	     7.465	0	35	0	0	python main_script.py 5 3 50 0.09
176	:	1599681349.060	     7.376	0	35	0	0	python main_script.py 5 3 30 0.12
178	:	1599681349.114	     7.328	0	35	0	0	python main_script.py 5 3 20 0.12
179	:	1599681349.155	     7.358	0	35	0	0	python main_script.py 5 3 10 0.09
181	:	1599681353.320	     8.090	0	35	0	0	python main_script.py 5 4 50 0.09
182	:	1599681354.048	     7.802	0	35	0	0	python main_script.py 5 4 50 0.12
183	:	1599681354.229	     7.786	0	35	0	0	python main_script.py 5 4 40 0.09
184	:	1599681354.290	     8.158	0	35	0	0	python main_script.py 5 4 40 0.12
189	:	1599681355.322	     7.634	0	35	0	0	python main_script.py 5 4 10 0.09
186	:	1599681354.899	     8.110	0	35	0	0	python main_script.py 5 4 30 0.12
185	:	1599681354.764	     8.521	0	35	0	0	python main_script.py 5 4 30 0.09
188	:	1599681355.185	     8.136	0	35	0	0	python main_script.py 5 4 20 0.12
198	:	1599681356.443	     7.026	0	35	0	0	python main_script.py 5 5 20 0.12
194	:	1599681355.950	     7.623	0	35	0	0	python main_script.py 5 5 40 0.12
195	:	1599681355.968	     7.976	0	35	0	0	python main_script.py 5 5 30 0.09
187	:	1599681355.100	     8.863	0	35	0	0	python main_script.py 5 4 20 0.09
193	:	1599681355.925	     8.328	0	35	0	0	python main_script.py 5 5 40 0.09
190	:	1599681355.580	     8.685	0	35	0	0	python main_script.py 5 4 10 0.12
200	:	1599681356.518	     7.969	0	35	0	0	python main_script.py 5 5 10 0.12
192	:	1599681355.804	     8.750	0	35	0	0	python main_script.py 5 5 50 0.12
196	:	1599681356.191	     8.933	0	35	0	0	python main_script.py 5 5 30 0.12
197	:	1599681356.218	     9.545	0	35	0	0	python main_script.py 5 5 20 0.09
191	:	1599681355.731	    10.620	0	35	0	0	python main_script.py 5 5 50 0.09
199	:	1599681356.450	    11.090	0	35	0	0	python main_script.py 5 5 10 0.09
9	:	1599681315.959	    63.699	0	384	0	0	python main_script.py 2 1 10 0.09
7	:	1599681315.954	    65.365	0	384	0	0	python main_script.py 2 1 20 0.09
10	:	1599681315.961	    67.275	0	385	0	0	python main_script.py 2 1 10 0.12
8	:	1599681315.956	    68.991	0	383	0	0	python main_script.py 2 1 20 0.12
6	:	1599681315.952	    71.834	0	385	0	0	python main_script.py 2 1 30 0.12
5	:	1599681315.950	    74.569	0	385	0	0	python main_script.py 2 1 30 0.09
3	:	1599681315.946	    77.957	0	386	0	0	python main_script.py 2 1 40 0.09
4	:	1599681315.948	    78.963	0	384	0	0	python main_script.py 2 1 40 0.12
2	:	1599681315.944	    82.065	0	386	0	0	python main_script.py 2 1 50 0.12
1	:	1599681315.942	    84.223	0	386	0	0	python main_script.py 2 1 50 0.09
57	:	1599681316.081	    84.389	0	382	0	0	python main_script.py 3 1 20 0.09
59	:	1599681316.087	    88.173	0	385	0	0	python main_script.py 3 1 10 0.09
231	:	1599681400.477	     8.025	0	35	0	0	python main_script.py 6 4 50 0.09
232	:	1599681404.273	     8.352	0	35	0	0	python main_script.py 6 4 50 0.12
60	:	1599681316.089	    97.095	0	384	0	0	python main_script.py 3 1 10 0.12
55	:	1599681316.075	    97.187	0	383	0	0	python main_script.py 3 1 30 0.09
233	:	1599681408.507	     8.055	0	35	0	0	python main_script.py 6 4 40 0.09
58	:	1599681316.084	   100.619	0	384	0	0	python main_script.py 3 1 20 0.12
234	:	1599681412.631	     8.647	0	35	0	0	python main_script.py 6 4 40 0.12
236	:	1599681413.267	     8.809	0	35	0	0	python main_script.py 6 4 30 0.12
235	:	1599681413.203	     8.944	0	35	0	0	python main_script.py 6 4 30 0.09
53	:	1599681316.070	   106.853	0	385	0	0	python main_script.py 3 1 40 0.09
237	:	1599681416.581	     6.611	0	35	0	0	python main_script.py 6 4 20 0.09
238	:	1599681416.726	     7.388	0	35	0	0	python main_script.py 6 4 20 0.12
117	:	1599681343.781	    81.346	0	386	0	0	python main_script.py 4 2 20 0.09
119	:	1599681343.788	    82.831	0	385	0	0	python main_script.py 4 2 10 0.09
109	:	1599681343.738	    83.229	0	385	0	0	python main_script.py 4 1 10 0.09
56	:	1599681316.078	   111.111	0	384	0	0	python main_script.py 3 1 30 0.12
241	:	1599681422.179	     7.361	0	35	0	0	python main_script.py 6 5 50 0.09
239	:	1599681421.296	     8.325	0	35	0	0	python main_script.py 6 4 10 0.09
243	:	1599681423.211	     6.832	0	35	0	0	python main_script.py 6 5 40 0.09
107	:	1599681343.729	    86.343	0	386	0	0	python main_script.py 4 1 20 0.09
242	:	1599681422.963	     7.412	0	35	0	0	python main_script.py 6 5 50 0.12
244	:	1599681424.119	     7.058	0	35	0	0	python main_script.py 6 5 40 0.12
240	:	1599681422.095	     9.193	0	35	0	0	python main_script.py 6 4 10 0.12
51	:	1599681316.064	   116.066	0	385	0	0	python main_script.py 3 1 50 0.09
245	:	1599681425.138	     7.171	0	35	0	0	python main_script.py 6 5 30 0.09
246	:	1599681426.624	     6.483	0	35	0	0	python main_script.py 6 5 30 0.12
247	:	1599681426.984	     6.873	0	35	0	0	python main_script.py 6 5 20 0.09
248	:	1599681427.206	     6.793	0	35	0	0	python main_script.py 6 5 20 0.12
249	:	1599681429.568	     7.944	0	35	0	0	python main_script.py 6 5 10 0.09
250	:	1599681429.629	     8.274	0	35	0	0	python main_script.py 6 5 10 0.12
105	:	1599681343.721	    96.013	0	385	0	0	python main_script.py 4 1 30 0.09
115	:	1599681343.771	    96.710	0	386	0	0	python main_script.py 4 2 30 0.09
54	:	1599681316.073	   128.338	0	372	0	0	python main_script.py 3 1 40 0.12
159	:	1599681348.473	   102.503	0	387	0	0	python main_script.py 5 1 10 0.09
167	:	1599681348.638	   102.611	0	386	0	0	python main_script.py 5 2 20 0.09
157	:	1599681348.462	   103.374	0	386	0	0	python main_script.py 5 1 20 0.09
169	:	1599681348.662	   104.286	0	386	0	0	python main_script.py 5 2 10 0.09
52	:	1599681316.067	   139.118	0	387	0	0	python main_script.py 3 1 50 0.12
103	:	1599681343.711	   111.911	0	385	0	0	python main_script.py 4 1 40 0.09
113	:	1599681343.753	   112.424	0	385	0	0	python main_script.py 4 2 40 0.09
120	:	1599681343.791	   115.777	0	387	0	0	python main_script.py 4 2 10 0.12
118	:	1599681343.785	   116.888	0	386	0	0	python main_script.py 4 2 20 0.12
110	:	1599681343.743	   117.335	0	385	0	0	python main_script.py 4 1 10 0.12
111	:	1599681343.746	   119.882	0	372	0	0	python main_script.py 4 2 50 0.09
101	:	1599681343.701	   121.101	0	372	0	0	python main_script.py 4 1 50 0.09
155	:	1599681348.452	   116.808	0	387	0	0	python main_script.py 5 1 30 0.09
165	:	1599681348.584	   118.377	0	372	0	0	python main_script.py 5 2 30 0.09
207	:	1599681363.290	   111.831	0	384	0	0	python main_script.py 6 1 20 0.09
219	:	1599681366.356	   109.143	0	387	0	0	python main_script.py 6 2 10 0.09
217	:	1599681365.141	   111.457	0	384	0	0	python main_script.py 6 2 20 0.09
209	:	1599681363.479	   113.267	0	387	0	0	python main_script.py 6 1 10 0.09
163	:	1599681348.531	   128.583	0	368	0	0	python main_script.py 5 2 40 0.09
153	:	1599681348.413	   129.833	0	385	0	0	python main_script.py 5 1 40 0.09
116	:	1599681343.776	   134.576	0	387	0	0	python main_script.py 4 2 30 0.12
281	:	1599681475.518	     5.720	0	35	0	0	python main_script.py 7 4 50 0.09
282	:	1599681476.615	     5.490	0	35	0	0	python main_script.py 7 4 50 0.12
106	:	1599681343.725	   138.518	0	384	0	0	python main_script.py 4 1 30 0.12
283	:	1599681476.753	     5.798	0	35	0	0	python main_script.py 7 4 40 0.09
284	:	1599681477.120	     5.911	0	35	0	0	python main_script.py 7 4 40 0.12
285	:	1599681478.265	     4.876	0	35	0	0	python main_script.py 7 4 30 0.09
286	:	1599681478.359	     5.654	0	35	0	0	python main_script.py 7 4 30 0.12
287	:	1599681481.244	     5.309	0	35	0	0	python main_script.py 7 4 20 0.09
289	:	1599681482.252	     4.694	0	35	0	0	python main_script.py 7 4 10 0.09
288	:	1599681482.126	     4.980	0	35	0	0	python main_script.py 7 4 20 0.12
290	:	1599681482.570	     4.785	0	35	0	0	python main_script.py 7 4 10 0.12
292	:	1599681483.156	     4.669	0	35	0	0	python main_script.py 7 5 50 0.12
291	:	1599681483.050	     5.263	0	35	0	0	python main_script.py 7 5 50 0.09
161	:	1599681348.500	   140.086	0	373	0	0	python main_script.py 5 2 50 0.09
293	:	1599681484.021	     4.998	0	35	0	0	python main_script.py 7 5 40 0.09
227	:	1599681393.921	    95.675	0	385	0	0	python main_script.py 6 3 20 0.09
205	:	1599681362.961	   126.814	0	388	0	0	python main_script.py 6 1 30 0.09
151	:	1599681348.386	   141.986	0	387	0	0	python main_script.py 5 1 50 0.09
294	:	1599681486.572	     4.529	0	35	0	0	python main_script.py 7 5 40 0.12
296	:	1599681487.111	     4.437	0	35	0	0	python main_script.py 7 5 30 0.12
295	:	1599681486.951	     4.645	0	35	0	0	python main_script.py 7 5 30 0.09
297	:	1599681487.360	     4.596	0	35	0	0	python main_script.py 7 5 20 0.09
298	:	1599681487.845	     4.944	0	35	0	0	python main_script.py 7 5 20 0.12
215	:	1599681364.491	   128.597	0	371	0	0	python main_script.py 6 2 30 0.09
300	:	1599681488.605	     4.724	0	35	0	0	python main_script.py 7 5 10 0.12
299	:	1599681488.319	     5.640	0	35	0	0	python main_script.py 7 5 10 0.09
229	:	1599681398.013	    96.976	0	386	0	0	python main_script.py 6 3 10 0.09
225	:	1599681387.804	   118.495	0	384	0	0	python main_script.py 6 3 30 0.09
