Seq	Host	Starttime	JobRuntime	Send	Receive	Exitval	Signal	Command
16	:	1599860370.713	     4.280	0	35	0	0	python main_script.py 2 2 30 0.12
30	:	1599860370.751	     4.315	0	35	0	0	python main_script.py 2 3 10 0.12
12	:	1599860370.705	     4.387	0	35	0	0	python main_script.py 2 2 50 0.12
19	:	1599860370.720	     4.376	0	35	0	0	python main_script.py 2 2 10 0.09
62	:	1599860370.831	     4.279	0	35	0	0	python main_script.py 3 2 50 0.12
13	:	1599860370.707	     4.418	0	35	0	0	python main_script.py 2 2 40 0.09
17	:	1599860370.715	     4.433	0	35	0	0	python main_script.py 2 2 20 0.09
15	:	1599860370.711	     4.453	0	35	0	0	python main_script.py 2 2 30 0.09
43	:	1599860370.783	     4.403	0	35	0	0	python main_script.py 2 5 40 0.09
39	:	1599860370.775	     4.416	0	35	0	0	python main_script.py 2 4 10 0.09
22	:	1599860370.729	     4.462	0	35	0	0	python main_script.py 2 3 50 0.12
50	:	1599860370.800	     4.397	0	35	0	0	python main_script.py 2 5 10 0.12
14	:	1599860370.709	     4.493	0	35	0	0	python main_script.py 2 2 40 0.12
49	:	1599860370.797	     4.411	0	35	0	0	python main_script.py 2 5 10 0.09
63	:	1599860370.833	     4.396	0	35	0	0	python main_script.py 3 2 40 0.09
31	:	1599860370.754	     4.476	0	35	0	0	python main_script.py 2 4 50 0.09
38	:	1599860370.772	     4.470	0	35	0	0	python main_script.py 2 4 20 0.12
20	:	1599860370.723	     4.530	0	35	0	0	python main_script.py 2 2 10 0.12
29	:	1599860370.749	     4.516	0	35	0	0	python main_script.py 2 3 10 0.09
67	:	1599860370.844	     4.434	0	35	0	0	python main_script.py 3 2 20 0.09
27	:	1599860370.743	     4.539	0	35	0	0	python main_script.py 2 3 20 0.09
36	:	1599860370.767	     4.516	0	35	0	0	python main_script.py 2 4 30 0.12
47	:	1599860370.792	     4.491	0	35	0	0	python main_script.py 2 5 20 0.09
40	:	1599860370.777	     4.539	0	35	0	0	python main_script.py 2 4 10 0.12
35	:	1599860370.765	     4.557	0	35	0	0	python main_script.py 2 4 30 0.09
61	:	1599860370.829	     4.494	0	35	0	0	python main_script.py 3 2 50 0.09
34	:	1599860370.762	     4.572	0	35	0	0	python main_script.py 2 4 40 0.12
78	:	1599860370.876	     4.468	0	35	0	0	python main_script.py 3 3 20 0.12
21	:	1599860370.726	     4.623	0	35	0	0	python main_script.py 2 3 50 0.09
23	:	1599860370.732	     4.618	0	35	0	0	python main_script.py 2 3 40 0.09
64	:	1599860370.836	     4.515	0	35	0	0	python main_script.py 3 2 40 0.12
73	:	1599860370.861	     4.490	0	35	0	0	python main_script.py 3 3 40 0.09
65	:	1599860370.838	     4.523	0	35	0	0	python main_script.py 3 2 30 0.09
66	:	1599860370.841	     4.540	0	35	0	0	python main_script.py 3 2 30 0.12
48	:	1599860370.794	     4.588	0	35	0	0	python main_script.py 2 5 20 0.12
45	:	1599860370.787	     4.611	0	35	0	0	python main_script.py 2 5 30 0.09
71	:	1599860370.856	     4.548	0	35	0	0	python main_script.py 3 3 50 0.09
70	:	1599860370.853	     4.573	0	35	0	0	python main_script.py 3 2 10 0.12
42	:	1599860370.781	     4.657	0	35	0	0	python main_script.py 2 5 50 0.12
77	:	1599860370.872	     4.574	0	35	0	0	python main_script.py 3 3 20 0.09
24	:	1599860370.735	     4.720	0	35	0	0	python main_script.py 2 3 40 0.12
76	:	1599860370.869	     4.601	0	35	0	0	python main_script.py 3 3 30 0.12
18	:	1599860370.718	     4.756	0	35	0	0	python main_script.py 2 2 20 0.12
41	:	1599860370.779	     4.700	0	35	0	0	python main_script.py 2 5 50 0.09
80	:	1599860370.882	     4.627	0	35	0	0	python main_script.py 3 3 10 0.12
37	:	1599860370.770	     4.753	0	35	0	0	python main_script.py 2 4 20 0.09
68	:	1599860370.847	     4.685	0	35	0	0	python main_script.py 3 2 20 0.12
69	:	1599860370.850	     4.683	0	35	0	0	python main_script.py 3 2 10 0.09
32	:	1599860370.756	     4.780	0	35	0	0	python main_script.py 2 4 50 0.12
74	:	1599860370.863	     4.686	0	35	0	0	python main_script.py 3 3 40 0.12
75	:	1599860370.866	     4.738	0	35	0	0	python main_script.py 3 3 30 0.09
72	:	1599860370.858	     4.779	0	35	0	0	python main_script.py 3 3 50 0.12
44	:	1599860370.785	     4.857	0	35	0	0	python main_script.py 2 5 40 0.12
26	:	1599860370.741	     4.923	0	35	0	0	python main_script.py 2 3 30 0.12
79	:	1599860370.878	     5.392	0	35	0	0	python main_script.py 3 3 10 0.09
46	:	1599860370.790	     5.486	0	35	0	0	python main_script.py 2 5 30 0.12
11	:	1599860370.703	     7.833	0	35	0	0	python main_script.py 2 2 50 0.09
25	:	1599860370.738	     7.994	0	35	0	0	python main_script.py 2 3 30 0.09
28	:	1599860370.746	     8.042	0	35	0	0	python main_script.py 2 3 20 0.12
33	:	1599860370.759	     8.052	0	35	0	0	python main_script.py 2 4 40 0.09
87	:	1599860375.160	     4.408	0	35	0	0	python main_script.py 3 4 20 0.09
85	:	1599860375.115	     4.517	0	35	0	0	python main_script.py 3 4 30 0.09
81	:	1599860374.999	     4.644	0	35	0	0	python main_script.py 3 4 50 0.09
97	:	1599860375.247	     4.531	0	35	0	0	python main_script.py 3 5 20 0.09
91	:	1599860375.203	     4.605	0	35	0	0	python main_script.py 3 5 50 0.09
86	:	1599860375.132	     4.730	0	35	0	0	python main_script.py 3 4 30 0.12
84	:	1599860375.102	     4.765	0	35	0	0	python main_script.py 3 4 40 0.12
98	:	1599860375.260	     4.644	0	35	0	0	python main_script.py 3 5 20 0.12
124	:	1599860375.486	     4.485	0	35	0	0	python main_script.py 4 3 40 0.12
90	:	1599860375.197	     4.792	0	35	0	0	python main_script.py 3 4 10 0.12
82	:	1599860375.071	     4.934	0	35	0	0	python main_script.py 3 4 50 0.12
94	:	1599860375.218	     4.789	0	35	0	0	python main_script.py 3 5 40 0.12
88	:	1599860375.170	     4.855	0	35	0	0	python main_script.py 3 4 20 0.12
95	:	1599860375.235	     4.805	0	35	0	0	python main_script.py 3 5 30 0.09
96	:	1599860375.241	     4.819	0	35	0	0	python main_script.py 3 5 30 0.12
89	:	1599860375.191	     4.898	0	35	0	0	python main_script.py 3 4 10 0.09
93	:	1599860375.213	     4.894	0	35	0	0	python main_script.py 3 5 40 0.09
92	:	1599860375.208	     4.937	0	35	0	0	python main_script.py 3 5 50 0.12
99	:	1599860375.271	     4.916	0	35	0	0	python main_script.py 3 5 10 0.09
100	:	1599860375.283	     4.956	0	35	0	0	python main_script.py 3 5 10 0.12
131	:	1599860375.609	     4.670	0	35	0	0	python main_script.py 4 4 50 0.09
83	:	1599860375.097	     5.200	0	35	0	0	python main_script.py 3 4 40 0.09
128	:	1599860375.542	     4.763	0	35	0	0	python main_script.py 4 3 20 0.12
133	:	1599860375.652	     4.666	0	35	0	0	python main_script.py 4 4 40 0.09
126	:	1599860375.526	     4.799	0	35	0	0	python main_script.py 4 3 30 0.12
125	:	1599860375.514	     4.837	0	35	0	0	python main_script.py 4 3 30 0.09
123	:	1599860375.480	     4.898	0	35	0	0	python main_script.py 4 3 40 0.09
129	:	1599860375.546	     4.832	0	35	0	0	python main_script.py 4 3 10 0.09
127	:	1599860375.537	     4.842	0	35	0	0	python main_script.py 4 3 20 0.09
121	:	1599860375.460	     4.994	0	35	0	0	python main_script.py 4 3 50 0.09
122	:	1599860375.475	     5.011	0	35	0	0	python main_script.py 4 3 50 0.12
134	:	1599860375.669	     4.838	0	35	0	0	python main_script.py 4 4 40 0.12
130	:	1599860375.553	     4.957	0	35	0	0	python main_script.py 4 3 10 0.12
136	:	1599860376.280	     4.305	0	35	0	0	python main_script.py 4 4 30 0.12
132	:	1599860375.642	     4.973	0	35	0	0	python main_script.py 4 4 50 0.12
135	:	1599860376.276	     4.822	0	35	0	0	python main_script.py 4 4 30 0.09
140	:	1599860378.817	     5.273	0	35	0	0	python main_script.py 4 4 10 0.12
137	:	1599860378.541	     5.620	0	35	0	0	python main_script.py 4 4 20 0.09
139	:	1599860378.793	     6.407	0	35	0	0	python main_script.py 4 4 10 0.09
138	:	1599860378.737	     6.496	0	35	0	0	python main_script.py 4 4 20 0.12
143	:	1599860379.649	     5.802	0	35	0	0	python main_script.py 4 5 40 0.09
141	:	1599860379.573	     6.842	0	35	0	0	python main_script.py 4 5 50 0.09
142	:	1599860379.639	     7.156	0	35	0	0	python main_script.py 4 5 50 0.12
145	:	1599860379.814	     7.365	0	35	0	0	python main_script.py 4 5 30 0.09
146	:	1599860379.866	     7.373	0	35	0	0	python main_script.py 4 5 30 0.12
144	:	1599860379.783	     7.625	0	35	0	0	python main_script.py 4 5 40 0.12
149	:	1599860379.990	     7.618	0	35	0	0	python main_script.py 4 5 10 0.09
173	:	1599860380.516	     7.237	0	35	0	0	python main_script.py 5 3 40 0.09
172	:	1599860380.511	     7.388	0	35	0	0	python main_script.py 5 3 50 0.12
174	:	1599860380.593	     7.398	0	35	0	0	python main_script.py 5 3 40 0.12
171	:	1599860380.491	     7.545	0	35	0	0	python main_script.py 5 3 50 0.09
148	:	1599860379.908	     8.200	0	35	0	0	python main_script.py 4 5 20 0.12
150	:	1599860380.006	     8.253	0	35	0	0	python main_script.py 4 5 10 0.12
147	:	1599860379.873	     8.500	0	35	0	0	python main_script.py 4 5 20 0.09
175	:	1599860380.633	     7.819	0	35	0	0	python main_script.py 5 3 30 0.09
176	:	1599860381.107	     7.605	0	35	0	0	python main_script.py 5 3 30 0.12
179	:	1599860385.208	     6.663	0	35	0	0	python main_script.py 5 3 10 0.09
177	:	1599860384.101	     7.847	0	35	0	0	python main_script.py 5 3 20 0.09
178	:	1599860384.189	     8.252	0	35	0	0	python main_script.py 5 3 20 0.12
181	:	1599860385.461	     7.763	0	35	0	0	python main_script.py 5 4 50 0.09
182	:	1599860386.434	     7.644	0	35	0	0	python main_script.py 5 4 50 0.12
183	:	1599860386.807	     7.534	0	35	0	0	python main_script.py 5 4 40 0.09
180	:	1599860385.238	     9.376	0	35	0	0	python main_script.py 5 3 10 0.12
184	:	1599860387.205	     8.871	0	35	0	0	python main_script.py 5 4 40 0.12
195	:	1599860388.474	     8.180	0	35	0	0	python main_script.py 5 5 30 0.09
193	:	1599860388.281	     8.508	0	35	0	0	python main_script.py 5 5 40 0.09
186	:	1599860387.431	     9.553	0	35	0	0	python main_script.py 5 4 30 0.12
194	:	1599860388.378	     8.704	0	35	0	0	python main_script.py 5 5 40 0.12
191	:	1599860388.042	     9.046	0	35	0	0	python main_script.py 5 5 50 0.09
190	:	1599860388.011	     9.175	0	35	0	0	python main_script.py 5 4 10 0.12
187	:	1599860387.621	     9.575	0	35	0	0	python main_script.py 5 4 20 0.09
189	:	1599860387.906	     9.321	0	35	0	0	python main_script.py 5 4 10 0.09
185	:	1599860387.254	     9.993	0	35	0	0	python main_script.py 5 4 30 0.09
196	:	1599860388.718	     8.831	0	35	0	0	python main_script.py 5 5 30 0.12
188	:	1599860387.762	    10.664	0	35	0	0	python main_script.py 5 4 20 0.12
192	:	1599860388.132	    10.713	0	35	0	0	python main_script.py 5 5 50 0.12
197	:	1599860391.889	     7.991	0	35	0	0	python main_script.py 5 5 20 0.09
198	:	1599860391.967	     8.384	0	35	0	0	python main_script.py 5 5 20 0.12
199	:	1599860392.455	     8.094	0	35	0	0	python main_script.py 5 5 10 0.09
200	:	1599860393.230	     9.187	0	35	0	0	python main_script.py 5 5 10 0.12
8	:	1599860370.698	    40.585	0	383	0	0	python main_script.py 2 1 20 0.12
7	:	1599860370.696	    41.547	0	384	0	0	python main_script.py 2 1 20 0.09
10	:	1599860370.701	    41.891	0	385	0	0	python main_script.py 2 1 10 0.12
9	:	1599860370.700	    42.135	0	384	0	0	python main_script.py 2 1 10 0.09
6	:	1599860370.694	    49.401	0	385	0	0	python main_script.py 2 1 30 0.12
5	:	1599860370.692	    52.187	0	385	0	0	python main_script.py 2 1 30 0.09
4	:	1599860370.690	    54.026	0	384	0	0	python main_script.py 2 1 40 0.12
3	:	1599860370.689	    56.293	0	386	0	0	python main_script.py 2 1 40 0.09
2	:	1599860370.686	    59.186	0	386	0	0	python main_script.py 2 1 50 0.12
1	:	1599860370.685	    59.980	0	386	0	0	python main_script.py 2 1 50 0.09
59	:	1599860370.824	    63.107	0	385	0	0	python main_script.py 3 1 10 0.09
57	:	1599860370.819	    66.342	0	382	0	0	python main_script.py 3 1 20 0.09
231	:	1599860433.950	     7.776	0	35	0	0	python main_script.py 6 4 50 0.09
55	:	1599860370.813	    73.834	0	382	0	0	python main_script.py 3 1 30 0.09
232	:	1599860437.179	     8.025	0	35	0	0	python main_script.py 6 4 50 0.12
58	:	1599860370.822	    76.717	0	384	0	0	python main_script.py 3 1 20 0.12
60	:	1599860370.826	    77.832	0	384	0	0	python main_script.py 3 1 10 0.12
233	:	1599860441.744	     7.282	0	35	0	0	python main_script.py 6 4 40 0.09
234	:	1599860444.671	     7.469	0	35	0	0	python main_script.py 6 4 40 0.12
235	:	1599860445.212	     7.764	0	35	0	0	python main_script.py 6 4 30 0.09
238	:	1599860449.050	     6.398	0	35	0	0	python main_script.py 6 4 20 0.12
119	:	1599860375.445	    80.598	0	385	0	0	python main_script.py 4 2 10 0.09
237	:	1599860448.675	     7.424	0	35	0	0	python main_script.py 6 4 20 0.09
236	:	1599860447.548	     8.898	0	35	0	0	python main_script.py 6 4 30 0.12
117	:	1599860375.409	    81.856	0	386	0	0	python main_script.py 4 2 20 0.09
53	:	1599860370.808	    87.029	0	385	0	0	python main_script.py 3 1 40 0.09
107	:	1599860375.339	    82.640	0	386	0	0	python main_script.py 4 1 20 0.09
109	:	1599860375.356	    83.890	0	385	0	0	python main_script.py 4 1 10 0.09
239	:	1599860452.159	     7.338	0	35	0	0	python main_script.py 6 4 10 0.09
240	:	1599860452.996	     6.582	0	35	0	0	python main_script.py 6 4 10 0.12
51	:	1599860370.802	    90.306	0	385	0	0	python main_script.py 3 1 50 0.09
242	:	1599860456.060	     6.473	0	35	0	0	python main_script.py 6 5 50 0.12
241	:	1599860455.467	     7.540	0	35	0	0	python main_script.py 6 5 50 0.09
243	:	1599860456.106	     7.009	0	35	0	0	python main_script.py 6 5 40 0.09
56	:	1599860370.817	    92.524	0	384	0	0	python main_script.py 3 1 30 0.12
244	:	1599860456.462	     7.397	0	35	0	0	python main_script.py 6 5 40 0.12
246	:	1599860457.856	     7.006	0	35	0	0	python main_script.py 6 5 30 0.12
247	:	1599860458.000	     7.315	0	35	0	0	python main_script.py 6 5 20 0.09
245	:	1599860457.285	     8.424	0	35	0	0	python main_script.py 6 5 30 0.09
249	:	1599860459.516	     6.333	0	35	0	0	python main_script.py 6 5 10 0.09
105	:	1599860375.328	    91.547	0	385	0	0	python main_script.py 4 1 30 0.09
248	:	1599860459.264	     7.792	0	35	0	0	python main_script.py 6 5 20 0.12
250	:	1599860459.604	     7.732	0	35	0	0	python main_script.py 6 5 10 0.12
115	:	1599860375.391	    95.273	0	386	0	0	python main_script.py 4 2 30 0.09
54	:	1599860370.810	   106.554	0	372	0	0	python main_script.py 3 1 40 0.12
169	:	1599860380.398	   100.427	0	386	0	0	python main_script.py 5 2 10 0.09
103	:	1599860375.299	   105.621	0	385	0	0	python main_script.py 4 1 40 0.09
157	:	1599860380.124	   101.733	0	386	0	0	python main_script.py 5 1 20 0.09
159	:	1599860380.203	   101.789	0	387	0	0	python main_script.py 5 1 10 0.09
52	:	1599860370.805	   112.603	0	387	0	0	python main_script.py 3 1 50 0.12
167	:	1599860380.384	   107.254	0	386	0	0	python main_script.py 5 2 20 0.09
113	:	1599860375.377	   112.925	0	385	0	0	python main_script.py 4 2 40 0.09
101	:	1599860375.289	   113.852	0	372	0	0	python main_script.py 4 1 50 0.09
118	:	1599860375.431	   116.071	0	386	0	0	python main_script.py 4 2 20 0.12
110	:	1599860375.360	   116.870	0	385	0	0	python main_script.py 4 1 10 0.12
108	:	1599860375.350	   117.962	0	388	0	0	python main_script.py 4 1 20 0.12
120	:	1599860375.453	   118.865	0	387	0	0	python main_script.py 4 2 10 0.12
165	:	1599860380.332	   114.822	0	372	0	0	python main_script.py 5 2 30 0.09
111	:	1599860375.366	   121.545	0	372	0	0	python main_script.py 4 2 50 0.09
155	:	1599860380.082	   118.253	0	387	0	0	python main_script.py 5 1 30 0.09
209	:	1599860397.094	   108.963	0	387	0	0	python main_script.py 6 1 10 0.09
217	:	1599860399.896	   107.307	0	383	0	0	python main_script.py 6 2 20 0.09
219	:	1599860400.568	   107.167	0	387	0	0	python main_script.py 6 2 10 0.09
207	:	1599860397.001	   111.958	0	384	0	0	python main_script.py 6 1 20 0.09
106	:	1599860375.334	   133.842	0	384	0	0	python main_script.py 4 1 30 0.12
153	:	1599860380.059	   129.469	0	385	0	0	python main_script.py 5 1 40 0.09
281	:	1599860506.078	     4.725	0	35	0	0	python main_script.py 7 4 50 0.09
116	:	1599860375.403	   135.925	0	387	0	0	python main_script.py 4 2 30 0.12
282	:	1599860507.222	     5.018	0	35	0	0	python main_script.py 7 4 50 0.12
283	:	1599860507.755	     5.369	0	35	0	0	python main_script.py 7 4 40 0.09
163	:	1599860380.317	   133.009	0	368	0	0	python main_script.py 5 2 40 0.09
284	:	1599860508.978	     4.972	0	35	0	0	python main_script.py 7 4 40 0.12
285	:	1599860509.183	     5.120	0	35	0	0	python main_script.py 7 4 30 0.09
286	:	1599860509.548	     5.116	0	35	0	0	python main_script.py 7 4 30 0.12
287	:	1599860510.810	     5.482	0	35	0	0	python main_script.py 7 4 20 0.09
288	:	1599860511.339	     5.476	0	35	0	0	python main_script.py 7 4 20 0.12
289	:	1599860512.258	     5.638	0	35	0	0	python main_script.py 7 4 10 0.09
291	:	1599860513.346	     4.963	0	35	0	0	python main_script.py 7 5 50 0.09
290	:	1599860513.145	     5.344	0	35	0	0	python main_script.py 7 4 10 0.12
293	:	1599860514.314	     4.517	0	35	0	0	python main_script.py 7 5 40 0.09
151	:	1599860380.025	   139.098	0	387	0	0	python main_script.py 5 1 50 0.09
292	:	1599860513.969	     5.337	0	35	0	0	python main_script.py 7 5 50 0.12
294	:	1599860514.670	     5.028	0	35	0	0	python main_script.py 7 5 40 0.12
295	:	1599860516.298	     4.434	0	35	0	0	python main_script.py 7 5 30 0.09
296	:	1599860516.820	     4.716	0	35	0	0	python main_script.py 7 5 30 0.12
227	:	1599860424.743	    96.868	0	385	0	0	python main_script.py 6 3 20 0.09
161	:	1599860380.297	   141.505	0	373	0	0	python main_script.py 5 2 50 0.09
215	:	1599860398.453	   123.668	0	371	0	0	python main_script.py 6 2 30 0.09
297	:	1599860517.902	     4.302	0	35	0	0	python main_script.py 7 5 20 0.09
298	:	1599860518.315	     4.595	0	35	0	0	python main_script.py 7 5 20 0.12
299	:	1599860518.495	     4.511	0	35	0	0	python main_script.py 7 5 10 0.09
205	:	1599860396.661	   126.875	0	388	0	0	python main_script.py 6 1 30 0.09
300	:	1599860518.836	     4.760	0	35	0	0	python main_script.py 7 5 10 0.12
229	:	1599860429.892	    96.108	0	386	0	0	python main_script.py 6 3 10 0.09
225	:	1599860420.103	   116.588	0	384	0	0	python main_script.py 6 3 30 0.09
