Seq	Host	Starttime	JobRuntime	Send	Receive	Exitval	Signal	Command
11	:	1599871002.959	     4.301	0	35	0	0	python main_script.py 2 2 50 0.09
16	:	1599871002.970	     4.296	0	35	0	0	python main_script.py 2 2 30 0.12
20	:	1599871002.978	     4.292	0	35	0	0	python main_script.py 2 2 10 0.12
14	:	1599871002.966	     4.326	0	35	0	0	python main_script.py 2 2 40 0.12
17	:	1599871002.972	     4.333	0	35	0	0	python main_script.py 2 2 20 0.09
21	:	1599871002.980	     4.336	0	35	0	0	python main_script.py 2 3 50 0.09
13	:	1599871002.963	     4.353	0	35	0	0	python main_script.py 2 2 40 0.09
18	:	1599871002.974	     4.367	0	35	0	0	python main_script.py 2 2 20 0.12
29	:	1599871002.998	     4.350	0	35	0	0	python main_script.py 2 3 10 0.09
66	:	1599871003.088	     4.286	0	35	0	0	python main_script.py 3 2 30 0.12
32	:	1599871003.004	     4.376	0	35	0	0	python main_script.py 2 4 50 0.12
70	:	1599871003.100	     4.280	0	35	0	0	python main_script.py 3 2 10 0.12
23	:	1599871002.984	     4.401	0	35	0	0	python main_script.py 2 3 40 0.09
46	:	1599871003.034	     4.351	0	35	0	0	python main_script.py 2 5 30 0.12
15	:	1599871002.968	     4.419	0	35	0	0	python main_script.py 2 2 30 0.09
39	:	1599871003.018	     4.389	0	35	0	0	python main_script.py 2 4 10 0.09
44	:	1599871003.030	     4.403	0	35	0	0	python main_script.py 2 5 40 0.12
12	:	1599871002.961	     4.476	0	35	0	0	python main_script.py 2 2 50 0.12
79	:	1599871003.130	     4.307	0	35	0	0	python main_script.py 3 3 10 0.09
76	:	1599871003.119	     4.332	0	35	0	0	python main_script.py 3 3 30 0.12
74	:	1599871003.114	     4.342	0	35	0	0	python main_script.py 3 3 40 0.12
64	:	1599871003.083	     4.378	0	35	0	0	python main_script.py 3 2 40 0.12
36	:	1599871003.012	     4.457	0	35	0	0	python main_script.py 2 4 30 0.12
62	:	1599871003.077	     4.406	0	35	0	0	python main_script.py 3 2 50 0.12
24	:	1599871002.987	     4.500	0	35	0	0	python main_script.py 2 3 40 0.12
26	:	1599871002.991	     4.501	0	35	0	0	python main_script.py 2 3 30 0.12
30	:	1599871003.000	     4.496	0	35	0	0	python main_script.py 2 3 10 0.12
41	:	1599871003.024	     4.481	0	35	0	0	python main_script.py 2 5 50 0.09
69	:	1599871003.098	     4.411	0	35	0	0	python main_script.py 3 2 10 0.09
72	:	1599871003.108	     4.401	0	35	0	0	python main_script.py 3 3 50 0.12
27	:	1599871002.993	     4.529	0	35	0	0	python main_script.py 2 3 20 0.09
34	:	1599871003.008	     4.530	0	35	0	0	python main_script.py 2 4 40 0.12
31	:	1599871003.002	     4.539	0	35	0	0	python main_script.py 2 4 50 0.09
71	:	1599871003.104	     4.448	0	35	0	0	python main_script.py 3 3 50 0.09
28	:	1599871002.996	     4.557	0	35	0	0	python main_script.py 2 3 20 0.12
47	:	1599871003.036	     4.537	0	35	0	0	python main_script.py 2 5 20 0.09
22	:	1599871002.982	     4.610	0	35	0	0	python main_script.py 2 3 50 0.12
65	:	1599871003.086	     4.516	0	35	0	0	python main_script.py 3 2 30 0.09
42	:	1599871003.026	     4.595	0	35	0	0	python main_script.py 2 5 50 0.12
68	:	1599871003.094	     4.532	0	35	0	0	python main_script.py 3 2 20 0.12
25	:	1599871002.989	     4.651	0	35	0	0	python main_script.py 2 3 30 0.09
43	:	1599871003.028	     4.634	0	35	0	0	python main_script.py 2 5 40 0.09
19	:	1599871002.976	     4.704	0	35	0	0	python main_script.py 2 2 10 0.09
75	:	1599871003.117	     4.616	0	35	0	0	python main_script.py 3 3 30 0.09
45	:	1599871003.032	     4.725	0	35	0	0	python main_script.py 2 5 30 0.09
61	:	1599871003.074	     4.708	0	35	0	0	python main_script.py 3 2 50 0.09
73	:	1599871003.111	     4.737	0	35	0	0	python main_script.py 3 3 40 0.09
35	:	1599871003.010	     4.940	0	35	0	0	python main_script.py 2 4 30 0.09
38	:	1599871003.016	     5.026	0	35	0	0	python main_script.py 2 4 20 0.12
77	:	1599871003.122	     4.933	0	35	0	0	python main_script.py 3 3 20 0.09
49	:	1599871003.041	     5.383	0	35	0	0	python main_script.py 2 5 10 0.09
78	:	1599871003.126	     5.334	0	35	0	0	python main_script.py 3 3 20 0.12
63	:	1599871003.080	     5.397	0	35	0	0	python main_script.py 3 2 40 0.09
48	:	1599871003.039	     6.470	0	35	0	0	python main_script.py 2 5 20 0.12
50	:	1599871003.043	     6.552	0	35	0	0	python main_script.py 2 5 10 0.12
67	:	1599871003.091	     6.646	0	35	0	0	python main_script.py 3 2 20 0.09
33	:	1599871003.006	     7.336	0	35	0	0	python main_script.py 2 4 40 0.09
37	:	1599871003.014	     7.740	0	35	0	0	python main_script.py 2 4 20 0.09
80	:	1599871003.132	     7.673	0	35	0	0	python main_script.py 3 3 10 0.12
40	:	1599871003.021	     7.804	0	35	0	0	python main_script.py 2 4 10 0.12
83	:	1599871007.276	     4.272	0	35	0	0	python main_script.py 3 4 40 0.09
94	:	1599871007.402	     4.253	0	35	0	0	python main_script.py 3 5 40 0.12
84	:	1599871007.297	     4.367	0	35	0	0	python main_script.py 3 4 40 0.12
86	:	1599871007.321	     4.378	0	35	0	0	python main_script.py 3 4 30 0.12
89	:	1599871007.352	     4.401	0	35	0	0	python main_script.py 3 4 10 0.09
87	:	1599871007.326	     4.611	0	35	0	0	python main_script.py 3 4 20 0.09
99	:	1599871007.447	     4.509	0	35	0	0	python main_script.py 3 5 10 0.09
91	:	1599871007.384	     4.590	0	35	0	0	python main_script.py 3 5 50 0.09
81	:	1599871007.266	     4.812	0	35	0	0	python main_script.py 3 4 50 0.09
126	:	1599871007.786	     4.325	0	35	0	0	python main_script.py 4 3 30 0.12
90	:	1599871007.379	     4.743	0	35	0	0	python main_script.py 3 4 10 0.12
128	:	1599871007.955	     4.198	0	35	0	0	python main_script.py 4 3 20 0.12
97	:	1599871007.437	     4.786	0	35	0	0	python main_script.py 3 5 20 0.09
100	:	1599871007.455	     4.802	0	35	0	0	python main_script.py 3 5 10 0.12
124	:	1599871007.739	     4.559	0	35	0	0	python main_script.py 4 3 40 0.12
122	:	1599871007.668	     4.637	0	35	0	0	python main_script.py 4 3 50 0.12
98	:	1599871007.442	     4.871	0	35	0	0	python main_script.py 3 5 20 0.12
93	:	1599871007.397	     5.050	0	35	0	0	python main_script.py 3 5 40 0.09
127	:	1599871007.852	     4.621	0	35	0	0	python main_script.py 4 3 20 0.09
92	:	1599871007.391	     5.148	0	35	0	0	python main_script.py 3 5 50 0.12
121	:	1599871007.645	     4.927	0	35	0	0	python main_script.py 4 3 50 0.09
123	:	1599871007.686	     4.886	0	35	0	0	python main_script.py 4 3 40 0.09
82	:	1599871007.271	     5.348	0	35	0	0	python main_script.py 3 4 50 0.12
95	:	1599871007.406	     5.234	0	35	0	0	python main_script.py 3 5 30 0.09
125	:	1599871007.764	     5.100	0	35	0	0	python main_script.py 4 3 30 0.09
129	:	1599871008.047	     4.850	0	35	0	0	python main_script.py 4 3 10 0.09
132	:	1599871008.465	     4.562	0	35	0	0	python main_script.py 4 4 50 0.12
85	:	1599871007.310	     5.722	0	35	0	0	python main_script.py 3 4 30 0.09
130	:	1599871008.060	     5.141	0	35	0	0	python main_script.py 4 3 10 0.12
133	:	1599871008.487	     4.755	0	35	0	0	python main_script.py 4 4 40 0.09
96	:	1599871007.411	     6.438	0	35	0	0	python main_script.py 3 5 30 0.12
131	:	1599871008.429	     5.521	0	35	0	0	python main_script.py 4 4 50 0.09
88	:	1599871007.345	     6.695	0	35	0	0	python main_script.py 3 4 20 0.12
134	:	1599871009.527	     5.075	0	35	0	0	python main_script.py 4 4 40 0.12
135	:	1599871009.599	     5.026	0	35	0	0	python main_script.py 4 4 30 0.09
136	:	1599871009.757	     5.657	0	35	0	0	python main_script.py 4 4 30 0.12
137	:	1599871010.353	     5.723	0	35	0	0	python main_script.py 4 4 20 0.09
140	:	1599871010.830	     5.897	0	35	0	0	python main_script.py 4 4 10 0.12
139	:	1599871010.816	     6.594	0	35	0	0	python main_script.py 4 4 10 0.09
141	:	1599871011.562	     6.036	0	35	0	0	python main_script.py 4 5 50 0.09
138	:	1599871010.759	     6.927	0	35	0	0	python main_script.py 4 4 20 0.12
147	:	1599871011.975	     6.592	0	35	0	0	python main_script.py 4 5 20 0.09
146	:	1599871011.942	     6.702	0	35	0	0	python main_script.py 4 5 30 0.12
142	:	1599871011.664	     7.088	0	35	0	0	python main_script.py 4 5 50 0.12
148	:	1599871011.994	     6.828	0	35	0	0	python main_script.py 4 5 20 0.12
144	:	1599871011.718	     7.319	0	35	0	0	python main_script.py 4 5 40 0.12
145	:	1599871011.763	     7.319	0	35	0	0	python main_script.py 4 5 30 0.09
143	:	1599871011.675	     7.424	0	35	0	0	python main_script.py 4 5 40 0.09
150	:	1599871012.123	     7.280	0	35	0	0	python main_script.py 4 5 10 0.12
149	:	1599871012.092	     7.358	0	35	0	0	python main_script.py 4 5 10 0.09
171	:	1599871013.863	     6.796	0	35	0	0	python main_script.py 5 3 50 0.09
172	:	1599871013.969	     7.213	0	35	0	0	python main_script.py 5 3 50 0.12
173	:	1599871014.060	     7.332	0	35	0	0	python main_script.py 5 3 40 0.09
175	:	1599871014.648	     7.660	0	35	0	0	python main_script.py 5 3 30 0.09
174	:	1599871014.621	     8.419	0	35	0	0	python main_script.py 5 3 40 0.12
176	:	1599871015.434	     7.849	0	35	0	0	python main_script.py 5 3 30 0.12
177	:	1599871016.097	     8.432	0	35	0	0	python main_script.py 5 3 20 0.09
178	:	1599871016.745	     8.392	0	35	0	0	python main_script.py 5 3 20 0.12
181	:	1599871017.692	     7.564	0	35	0	0	python main_script.py 5 4 50 0.09
180	:	1599871017.604	     7.794	0	35	0	0	python main_script.py 5 3 10 0.12
179	:	1599871017.421	     8.391	0	35	0	0	python main_script.py 5 3 10 0.09
183	:	1599871018.663	     8.334	0	35	0	0	python main_script.py 5 4 40 0.09
188	:	1599871019.107	     8.114	0	35	0	0	python main_script.py 5 4 20 0.12
184	:	1599871018.758	     8.634	0	35	0	0	python main_script.py 5 4 40 0.12
182	:	1599871018.572	     8.858	0	35	0	0	python main_script.py 5 4 50 0.12
187	:	1599871019.091	     8.560	0	35	0	0	python main_script.py 5 4 20 0.09
186	:	1599871019.046	     8.654	0	35	0	0	python main_script.py 5 4 30 0.12
190	:	1599871019.470	     8.750	0	35	0	0	python main_script.py 5 4 10 0.12
185	:	1599871018.833	     9.513	0	35	0	0	python main_script.py 5 4 30 0.09
189	:	1599871019.413	     8.978	0	35	0	0	python main_script.py 5 4 10 0.09
191	:	1599871020.682	     9.189	0	35	0	0	python main_script.py 5 5 50 0.09
193	:	1599871021.412	     9.213	0	35	0	0	python main_script.py 5 5 40 0.09
192	:	1599871021.201	     9.676	0	35	0	0	python main_script.py 5 5 50 0.12
194	:	1599871022.330	     9.032	0	35	0	0	python main_script.py 5 5 40 0.12
195	:	1599871023.046	     8.701	0	35	0	0	python main_script.py 5 5 30 0.09
196	:	1599871023.289	     8.476	0	35	0	0	python main_script.py 5 5 30 0.12
199	:	1599871025.263	     8.242	0	35	0	0	python main_script.py 5 5 10 0.09
197	:	1599871024.544	     9.092	0	35	0	0	python main_script.py 5 5 20 0.09
198	:	1599871025.142	     9.074	0	35	0	0	python main_script.py 5 5 20 0.12
200	:	1599871025.404	     9.447	0	35	0	0	python main_script.py 5 5 10 0.12
8	:	1599871002.954	    40.000	0	383	0	0	python main_script.py 2 1 20 0.12
7	:	1599871002.952	    40.832	0	384	0	0	python main_script.py 2 1 20 0.09
9	:	1599871002.956	    41.312	0	384	0	0	python main_script.py 2 1 10 0.09
10	:	1599871002.957	    42.066	0	385	0	0	python main_script.py 2 1 10 0.12
5	:	1599871002.947	    45.240	0	385	0	0	python main_script.py 2 1 30 0.09
6	:	1599871002.949	    51.652	0	385	0	0	python main_script.py 2 1 30 0.12
4	:	1599871002.945	    52.993	0	384	0	0	python main_script.py 2 1 40 0.12
3	:	1599871002.943	    54.770	0	386	0	0	python main_script.py 2 1 40 0.09
2	:	1599871002.941	    56.907	0	386	0	0	python main_script.py 2 1 50 0.12
1	:	1599871002.939	    58.178	0	386	0	0	python main_script.py 2 1 50 0.09
57	:	1599871003.063	    63.242	0	382	0	0	python main_script.py 3 1 20 0.09
59	:	1599871003.069	    63.793	0	385	0	0	python main_script.py 3 1 10 0.09
231	:	1599871066.313	     8.219	0	35	0	0	python main_script.py 6 4 50 0.09
232	:	1599871066.881	     9.659	0	35	0	0	python main_script.py 6 4 50 0.12
55	:	1599871003.057	    74.580	0	382	0	0	python main_script.py 3 1 30 0.09
58	:	1599871003.066	    75.755	0	384	0	0	python main_script.py 3 1 20 0.12
60	:	1599871003.072	    78.796	0	384	0	0	python main_script.py 3 1 10 0.12
233	:	1599871074.550	     9.503	0	35	0	0	python main_script.py 6 4 40 0.09
234	:	1599871076.547	     9.200	0	35	0	0	python main_script.py 6 4 40 0.12
235	:	1599871077.655	     8.536	0	35	0	0	python main_script.py 6 4 30 0.09
236	:	1599871078.836	     9.348	0	35	0	0	python main_script.py 6 4 30 0.12
53	:	1599871003.052	    85.626	0	385	0	0	python main_script.py 3 1 40 0.09
237	:	1599871081.886	     7.301	0	35	0	0	python main_script.py 6 4 20 0.09
107	:	1599871007.500	    84.776	0	386	0	0	python main_script.py 4 1 20 0.09
239	:	1599871085.767	     7.863	0	35	0	0	python main_script.py 6 4 10 0.09
117	:	1599871007.597	    86.040	0	386	0	0	python main_script.py 4 2 20 0.09
238	:	1599871084.069	     9.832	0	35	0	0	python main_script.py 6 4 20 0.12
240	:	1599871086.206	     8.362	0	35	0	0	python main_script.py 6 4 10 0.12
56	:	1599871003.060	    91.743	0	384	0	0	python main_script.py 3 1 30 0.12
242	:	1599871088.702	     6.233	0	35	0	0	python main_script.py 6 5 50 0.12
51	:	1599871003.046	    91.940	0	385	0	0	python main_script.py 3 1 50 0.09
119	:	1599871007.626	    87.874	0	385	0	0	python main_script.py 4 2 10 0.09
241	:	1599871088.190	     7.580	0	35	0	0	python main_script.py 6 5 50 0.09
109	:	1599871007.515	    88.418	0	385	0	0	python main_script.py 4 1 10 0.09
243	:	1599871089.205	     7.676	0	35	0	0	python main_script.py 6 5 40 0.09
246	:	1599871093.657	     5.825	0	35	0	0	python main_script.py 6 5 30 0.12
244	:	1599871092.294	     8.042	0	35	0	0	python main_script.py 6 5 40 0.12
245	:	1599871093.637	     7.674	0	35	0	0	python main_script.py 6 5 30 0.09
247	:	1599871093.906	     7.710	0	35	0	0	python main_script.py 6 5 20 0.09
249	:	1599871094.821	     6.816	0	35	0	0	python main_script.py 6 5 10 0.09
248	:	1599871094.588	     7.073	0	35	0	0	python main_script.py 6 5 20 0.12
250	:	1599871094.958	     7.253	0	35	0	0	python main_script.py 6 5 10 0.12
115	:	1599871007.562	    95.342	0	386	0	0	python main_script.py 4 2 30 0.09
105	:	1599871007.492	    98.080	0	385	0	0	python main_script.py 4 1 30 0.09
54	:	1599871003.055	   106.527	0	372	0	0	python main_script.py 3 1 40 0.12
157	:	1599871012.334	   102.166	0	386	0	0	python main_script.py 5 1 20 0.09
167	:	1599871013.032	   101.567	0	386	0	0	python main_script.py 5 2 20 0.09
159	:	1599871012.478	   102.335	0	387	0	0	python main_script.py 5 1 10 0.09
52	:	1599871003.049	   112.947	0	387	0	0	python main_script.py 3 1 50 0.12
113	:	1599871007.546	   108.476	0	385	0	0	python main_script.py 4 2 40 0.09
103	:	1599871007.475	   110.257	0	385	0	0	python main_script.py 4 1 40 0.09
169	:	1599871013.219	   105.307	0	386	0	0	python main_script.py 5 2 10 0.09
108	:	1599871007.509	   116.980	0	388	0	0	python main_script.py 4 1 20 0.12
118	:	1599871007.607	   118.512	0	386	0	0	python main_script.py 4 2 20 0.12
110	:	1599871007.521	   118.625	0	385	0	0	python main_script.py 4 1 10 0.12
101	:	1599871007.461	   118.910	0	372	0	0	python main_script.py 4 1 50 0.09
120	:	1599871007.631	   119.586	0	387	0	0	python main_script.py 4 2 10 0.12
165	:	1599871012.883	   114.567	0	372	0	0	python main_script.py 5 2 30 0.09
111	:	1599871007.526	   121.148	0	372	0	0	python main_script.py 4 2 50 0.09
155	:	1599871012.305	   121.934	0	387	0	0	python main_script.py 5 1 30 0.09
207	:	1599871027.720	   110.751	0	384	0	0	python main_script.py 6 1 20 0.09
209	:	1599871028.392	   110.762	0	387	0	0	python main_script.py 6 1 10 0.09
153	:	1599871012.242	   127.189	0	385	0	0	python main_script.py 5 1 40 0.09
163	:	1599871012.636	   127.483	0	368	0	0	python main_script.py 5 2 40 0.09
219	:	1599871034.221	   106.255	0	387	0	0	python main_script.py 6 2 10 0.09
281	:	1599871138.490	     4.644	0	35	0	0	python main_script.py 7 4 50 0.09
217	:	1599871033.524	   109.764	0	384	0	0	python main_script.py 6 2 20 0.09
282	:	1599871139.173	     4.622	0	35	0	0	python main_script.py 7 4 50 0.12
116	:	1599871007.578	   136.399	0	387	0	0	python main_script.py 4 2 30 0.12
284	:	1599871140.126	     4.733	0	35	0	0	python main_script.py 7 4 40 0.12
283	:	1599871139.451	     5.588	0	35	0	0	python main_script.py 7 4 40 0.09
285	:	1599871140.495	     4.644	0	35	0	0	python main_script.py 7 4 30 0.09
106	:	1599871007.496	   139.085	0	384	0	0	python main_script.py 4 1 30 0.12
286	:	1599871143.154	     5.055	0	35	0	0	python main_script.py 7 4 30 0.12
288	:	1599871143.814	     4.778	0	35	0	0	python main_script.py 7 4 20 0.12
289	:	1599871143.994	     4.898	0	35	0	0	python main_script.py 7 4 10 0.09
287	:	1599871143.294	     5.750	0	35	0	0	python main_script.py 7 4 20 0.09
292	:	1599871145.145	     4.483	0	35	0	0	python main_script.py 7 5 50 0.12
290	:	1599871144.879	     4.890	0	35	0	0	python main_script.py 7 4 10 0.12
291	:	1599871145.049	     5.046	0	35	0	0	python main_script.py 7 5 50 0.09
205	:	1599871027.442	   123.779	0	388	0	0	python main_script.py 6 1 30 0.09
293	:	1599871146.600	     4.753	0	35	0	0	python main_script.py 7 5 40 0.09
294	:	1599871148.228	     4.285	0	35	0	0	python main_script.py 7 5 40 0.12
295	:	1599871148.597	     4.112	0	35	0	0	python main_script.py 7 5 30 0.09
227	:	1599871055.954	    96.862	0	385	0	0	python main_script.py 6 3 20 0.09
296	:	1599871148.899	     3.927	0	35	0	0	python main_script.py 7 5 30 0.12
297	:	1599871149.066	     3.842	0	35	0	0	python main_script.py 7 5 20 0.09
161	:	1599871012.600	   141.478	0	373	0	0	python main_script.py 5 2 50 0.09
298	:	1599871149.635	     4.529	0	35	0	0	python main_script.py 7 5 20 0.12
300	:	1599871150.101	     4.126	0	35	0	0	python main_script.py 7 5 10 0.12
229	:	1599871059.857	    94.407	0	386	0	0	python main_script.py 6 3 10 0.09
299	:	1599871149.774	     4.970	0	35	0	0	python main_script.py 7 5 10 0.09
151	:	1599871012.143	   143.598	0	387	0	0	python main_script.py 5 1 50 0.09
215	:	1599871031.764	   124.775	0	371	0	0	python main_script.py 6 2 30 0.09
225	:	1599871048.207	   121.424	0	384	0	0	python main_script.py 6 3 30 0.09
