Seq	Host	Starttime	JobRuntime	Send	Receive	Exitval	Signal	Command
18	:	1599894644.697	     4.243	0	35	0	0	python main_script.py 2 2 20 0.12
12	:	1599894644.686	     4.375	0	35	0	0	python main_script.py 2 2 50 0.12
13	:	1599894644.687	     4.404	0	35	0	0	python main_script.py 2 2 40 0.09
11	:	1599894644.684	     4.421	0	35	0	0	python main_script.py 2 2 50 0.09
20	:	1599894644.701	     4.421	0	35	0	0	python main_script.py 2 2 10 0.12
42	:	1599894644.748	     4.407	0	35	0	0	python main_script.py 2 5 50 0.12
23	:	1599894644.707	     4.474	0	35	0	0	python main_script.py 2 3 40 0.09
36	:	1599894644.735	     4.453	0	35	0	0	python main_script.py 2 4 30 0.12
46	:	1599894644.757	     4.447	0	35	0	0	python main_script.py 2 5 30 0.12
17	:	1599894644.695	     4.515	0	35	0	0	python main_script.py 2 2 20 0.09
37	:	1599894644.737	     4.479	0	35	0	0	python main_script.py 2 4 20 0.09
45	:	1599894644.754	     4.463	0	35	0	0	python main_script.py 2 5 30 0.09
32	:	1599894644.726	     4.500	0	35	0	0	python main_script.py 2 4 50 0.12
26	:	1599894644.714	     4.523	0	35	0	0	python main_script.py 2 3 30 0.12
70	:	1599894644.820	     4.426	0	35	0	0	python main_script.py 3 2 10 0.12
22	:	1599894644.705	     4.547	0	35	0	0	python main_script.py 2 3 50 0.12
24	:	1599894644.709	     4.543	0	35	0	0	python main_script.py 2 3 40 0.12
29	:	1599894644.719	     4.533	0	35	0	0	python main_script.py 2 3 10 0.09
30	:	1599894644.721	     4.536	0	35	0	0	python main_script.py 2 3 10 0.12
64	:	1599894644.803	     4.456	0	35	0	0	python main_script.py 3 2 40 0.12
78	:	1599894644.843	     4.421	0	35	0	0	python main_script.py 3 3 20 0.12
15	:	1599894644.691	     4.579	0	35	0	0	python main_script.py 2 2 30 0.09
80	:	1599894644.850	     4.421	0	35	0	0	python main_script.py 3 3 10 0.12
71	:	1599894644.823	     4.457	0	35	0	0	python main_script.py 3 3 50 0.09
66	:	1599894644.809	     4.473	0	35	0	0	python main_script.py 3 2 30 0.12
43	:	1599894644.750	     4.536	0	35	0	0	python main_script.py 2 5 40 0.09
73	:	1599894644.829	     4.483	0	35	0	0	python main_script.py 3 3 40 0.09
35	:	1599894644.733	     4.596	0	35	0	0	python main_script.py 2 4 30 0.09
50	:	1599894644.765	     4.571	0	35	0	0	python main_script.py 2 5 10 0.12
61	:	1599894644.794	     4.560	0	35	0	0	python main_script.py 3 2 50 0.09
63	:	1599894644.800	     4.554	0	35	0	0	python main_script.py 3 2 40 0.09
25	:	1599894644.711	     4.648	0	35	0	0	python main_script.py 2 3 30 0.09
16	:	1599894644.693	     4.677	0	35	0	0	python main_script.py 2 2 30 0.12
44	:	1599894644.752	     4.619	0	35	0	0	python main_script.py 2 5 40 0.12
27	:	1599894644.716	     4.661	0	35	0	0	python main_script.py 2 3 20 0.09
41	:	1599894644.746	     4.631	0	35	0	0	python main_script.py 2 5 50 0.09
65	:	1599894644.806	     4.572	0	35	0	0	python main_script.py 3 2 30 0.09
72	:	1599894644.826	     4.552	0	35	0	0	python main_script.py 3 3 50 0.12
76	:	1599894644.837	     4.547	0	35	0	0	python main_script.py 3 3 30 0.12
39	:	1599894644.742	     4.646	0	35	0	0	python main_script.py 2 4 10 0.09
31	:	1599894644.724	     4.671	0	35	0	0	python main_script.py 2 4 50 0.09
77	:	1599894644.840	     4.561	0	35	0	0	python main_script.py 3 3 20 0.09
28	:	1599894644.717	     4.700	0	35	0	0	python main_script.py 2 3 20 0.12
62	:	1599894644.797	     4.649	0	35	0	0	python main_script.py 3 2 50 0.12
40	:	1599894644.744	     4.713	0	35	0	0	python main_script.py 2 4 10 0.12
14	:	1599894644.689	     4.805	0	35	0	0	python main_script.py 2 2 40 0.12
79	:	1599894644.846	     4.687	0	35	0	0	python main_script.py 3 3 10 0.09
49	:	1599894644.763	     4.779	0	35	0	0	python main_script.py 2 5 10 0.09
69	:	1599894644.817	     4.733	0	35	0	0	python main_script.py 3 2 10 0.09
75	:	1599894644.834	     4.739	0	35	0	0	python main_script.py 3 3 30 0.09
34	:	1599894644.731	     4.848	0	35	0	0	python main_script.py 2 4 40 0.12
48	:	1599894644.761	     4.827	0	35	0	0	python main_script.py 2 5 20 0.12
74	:	1599894644.831	     4.792	0	35	0	0	python main_script.py 3 3 40 0.12
47	:	1599894644.759	     4.898	0	35	0	0	python main_script.py 2 5 20 0.09
19	:	1599894644.699	     4.964	0	35	0	0	python main_script.py 2 2 10 0.09
68	:	1599894644.814	     4.918	0	35	0	0	python main_script.py 3 2 20 0.12
33	:	1599894644.728	     5.039	0	35	0	0	python main_script.py 2 4 40 0.09
38	:	1599894644.739	     5.087	0	35	0	0	python main_script.py 2 4 20 0.12
21	:	1599894644.703	     5.286	0	35	0	0	python main_script.py 2 3 50 0.09
67	:	1599894644.811	     5.229	0	35	0	0	python main_script.py 3 2 20 0.09
82	:	1599894649.067	     4.335	0	35	0	0	python main_script.py 3 4 50 0.12
87	:	1599894649.187	     4.404	0	35	0	0	python main_script.py 3 4 20 0.09
91	:	1599894649.221	     4.417	0	35	0	0	python main_script.py 3 5 50 0.09
83	:	1599894649.097	     4.686	0	35	0	0	python main_script.py 3 4 40 0.09
88	:	1599894649.194	     4.602	0	35	0	0	python main_script.py 3 4 20 0.12
97	:	1599894649.263	     4.585	0	35	0	0	python main_script.py 3 5 20 0.09
130	:	1599894649.579	     4.299	0	35	0	0	python main_script.py 4 3 10 0.12
85	:	1599894649.130	     4.783	0	35	0	0	python main_script.py 3 4 30 0.09
84	:	1599894649.111	     4.812	0	35	0	0	python main_script.py 3 4 40 0.12
121	:	1599894649.417	     4.523	0	35	0	0	python main_script.py 4 3 50 0.09
90	:	1599894649.216	     4.748	0	35	0	0	python main_script.py 3 4 10 0.12
81	:	1599894648.945	     5.046	0	35	0	0	python main_script.py 3 4 50 0.09
89	:	1599894649.209	     4.823	0	35	0	0	python main_script.py 3 4 10 0.09
129	:	1599894649.554	     4.549	0	35	0	0	python main_script.py 4 3 10 0.09
123	:	1599894649.425	     4.702	0	35	0	0	python main_script.py 4 3 40 0.09
93	:	1599894649.234	     4.906	0	35	0	0	python main_script.py 3 5 40 0.09
124	:	1599894649.453	     4.694	0	35	0	0	python main_script.py 4 3 40 0.12
100	:	1599894649.280	     4.871	0	35	0	0	python main_script.py 3 5 10 0.12
138	:	1599894649.833	     4.364	0	35	0	0	python main_script.py 4 4 20 0.12
128	:	1599894649.548	     4.689	0	35	0	0	python main_script.py 4 3 20 0.12
127	:	1599894649.543	     4.700	0	35	0	0	python main_script.py 4 3 20 0.09
125	:	1599894649.463	     4.786	0	35	0	0	python main_script.py 4 3 30 0.09
95	:	1599894649.252	     5.000	0	35	0	0	python main_script.py 3 5 30 0.09
92	:	1599894649.227	     5.030	0	35	0	0	python main_script.py 3 5 50 0.12
134	:	1599894649.663	     4.648	0	35	0	0	python main_script.py 4 4 40 0.12
86	:	1599894649.160	     5.169	0	35	0	0	python main_script.py 3 4 30 0.12
137	:	1599894649.774	     4.555	0	35	0	0	python main_script.py 4 4 20 0.09
133	:	1599894649.633	     4.722	0	35	0	0	python main_script.py 4 4 40 0.09
132	:	1599894649.592	     4.767	0	35	0	0	python main_script.py 4 4 50 0.12
96	:	1599894649.258	     5.131	0	35	0	0	python main_script.py 3 5 30 0.12
94	:	1599894649.242	     5.148	0	35	0	0	python main_script.py 3 5 40 0.12
99	:	1599894649.276	     5.114	0	35	0	0	python main_script.py 3 5 10 0.09
98	:	1599894649.270	     5.150	0	35	0	0	python main_script.py 3 5 20 0.12
136	:	1599894649.737	     4.710	0	35	0	0	python main_script.py 4 4 30 0.12
126	:	1599894649.500	     4.970	0	35	0	0	python main_script.py 4 3 30 0.12
140	:	1599894650.046	     4.425	0	35	0	0	python main_script.py 4 4 10 0.12
135	:	1599894649.669	     4.876	0	35	0	0	python main_script.py 4 4 30 0.09
122	:	1599894649.421	     5.141	0	35	0	0	python main_script.py 4 3 50 0.12
131	:	1599894649.585	     5.019	0	35	0	0	python main_script.py 4 4 50 0.09
139	:	1599894649.994	     4.659	0	35	0	0	python main_script.py 4 4 10 0.09
141	:	1599894653.420	     5.449	0	35	0	0	python main_script.py 4 5 50 0.09
144	:	1599894653.789	     5.990	0	35	0	0	python main_script.py 4 5 40 0.12
146	:	1599894653.853	     6.190	0	35	0	0	python main_script.py 4 5 30 0.12
148	:	1599894653.919	     6.315	0	35	0	0	python main_script.py 4 5 20 0.12
143	:	1599894653.644	     6.638	0	35	0	0	python main_script.py 4 5 40 0.09
150	:	1599894653.947	     6.678	0	35	0	0	python main_script.py 4 5 10 0.12
147	:	1599894653.884	     6.980	0	35	0	0	python main_script.py 4 5 20 0.09
149	:	1599894653.928	     6.962	0	35	0	0	python main_script.py 4 5 10 0.09
142	:	1599894653.596	     7.321	0	35	0	0	python main_script.py 4 5 50 0.12
145	:	1599894653.801	     7.122	0	35	0	0	python main_script.py 4 5 30 0.09
179	:	1599894654.620	     6.566	0	35	0	0	python main_script.py 5 3 10 0.09
171	:	1599894654.419	     7.236	0	35	0	0	python main_script.py 5 3 50 0.09
172	:	1599894654.425	     7.523	0	35	0	0	python main_script.py 5 3 50 0.12
174	:	1599894654.470	     7.603	0	35	0	0	python main_script.py 5 3 40 0.12
177	:	1599894654.561	     7.853	0	35	0	0	python main_script.py 5 3 20 0.09
173	:	1599894654.443	     8.037	0	35	0	0	python main_script.py 5 3 40 0.09
176	:	1599894654.497	     8.078	0	35	0	0	python main_script.py 5 3 30 0.12
175	:	1599894654.482	     8.131	0	35	0	0	python main_script.py 5 3 30 0.09
178	:	1599894654.580	     8.690	0	35	0	0	python main_script.py 5 3 20 0.12
180	:	1599894654.659	     8.842	0	35	0	0	python main_script.py 5 3 10 0.12
182	:	1599894659.802	     7.259	0	35	0	0	python main_script.py 5 4 50 0.12
181	:	1599894658.883	     8.505	0	35	0	0	python main_script.py 5 4 50 0.09
184	:	1599894660.241	     7.774	0	35	0	0	python main_script.py 5 4 40 0.12
183	:	1599894660.050	     8.075	0	35	0	0	python main_script.py 5 4 40 0.09
186	:	1599894660.635	     7.608	0	35	0	0	python main_script.py 5 4 30 0.12
188	:	1599894660.903	     7.436	0	35	0	0	python main_script.py 5 4 20 0.12
185	:	1599894660.317	     8.195	0	35	0	0	python main_script.py 5 4 30 0.09
191	:	1599894661.191	     7.775	0	35	0	0	python main_script.py 5 5 50 0.09
190	:	1599894660.938	     8.808	0	35	0	0	python main_script.py 5 4 10 0.12
187	:	1599894660.875	     8.913	0	35	0	0	python main_script.py 5 4 20 0.09
189	:	1599894660.924	     8.930	0	35	0	0	python main_script.py 5 4 10 0.09
192	:	1599894661.674	     8.770	0	35	0	0	python main_script.py 5 5 50 0.12
195	:	1599894662.425	     8.401	0	35	0	0	python main_script.py 5 5 30 0.09
200	:	1599894663.507	     7.332	0	35	0	0	python main_script.py 5 5 10 0.12
197	:	1599894662.582	     8.332	0	35	0	0	python main_script.py 5 5 20 0.09
193	:	1599894661.962	     9.023	0	35	0	0	python main_script.py 5 5 40 0.09
198	:	1599894662.628	     8.444	0	35	0	0	python main_script.py 5 5 20 0.12
194	:	1599894662.081	     9.194	0	35	0	0	python main_script.py 5 5 40 0.12
199	:	1599894663.277	     8.190	0	35	0	0	python main_script.py 5 5 10 0.09
196	:	1599894662.497	     9.726	0	35	0	0	python main_script.py 5 5 30 0.12
9	:	1599894644.680	    40.689	0	384	0	0	python main_script.py 2 1 10 0.09
10	:	1599894644.682	    42.614	0	385	0	0	python main_script.py 2 1 10 0.12
7	:	1599894644.677	    44.090	0	384	0	0	python main_script.py 2 1 20 0.09
8	:	1599894644.678	    45.437	0	383	0	0	python main_script.py 2 1 20 0.12
6	:	1599894644.675	    46.364	0	385	0	0	python main_script.py 2 1 30 0.12
5	:	1599894644.673	    52.909	0	385	0	0	python main_script.py 2 1 30 0.09
3	:	1599894644.669	    53.523	0	386	0	0	python main_script.py 2 1 40 0.09
4	:	1599894644.671	    54.851	0	384	0	0	python main_script.py 2 1 40 0.12
1	:	1599894644.665	    56.584	0	386	0	0	python main_script.py 2 1 50 0.09
2	:	1599894644.667	    59.665	0	386	0	0	python main_script.py 2 1 50 0.12
59	:	1599894644.789	    61.659	0	385	0	0	python main_script.py 3 1 10 0.09
57	:	1599894644.783	    61.858	0	382	0	0	python main_script.py 3 1 20 0.09
232	:	1599894706.648	     6.065	0	35	0	0	python main_script.py 6 4 50 0.12
231	:	1599894706.474	     7.970	0	35	0	0	python main_script.py 6 4 50 0.09
233	:	1599894712.732	     8.226	0	35	0	0	python main_script.py 6 4 40 0.09
55	:	1599894644.778	    76.434	0	382	0	0	python main_script.py 3 1 30 0.09
60	:	1599894644.791	    77.545	0	384	0	0	python main_script.py 3 1 10 0.12
234	:	1599894714.462	     8.205	0	35	0	0	python main_script.py 6 4 40 0.12
58	:	1599894644.785	    78.796	0	384	0	0	python main_script.py 3 1 20 0.12
236	:	1599894721.221	     6.993	0	35	0	0	python main_script.py 6 4 30 0.12
238	:	1599894722.685	     6.413	0	35	0	0	python main_script.py 6 4 20 0.12
109	:	1599894649.342	    80.706	0	385	0	0	python main_script.py 4 1 10 0.09
235	:	1599894720.977	     9.102	0	35	0	0	python main_script.py 6 4 30 0.09
117	:	1599894649.400	    81.184	0	386	0	0	python main_script.py 4 2 20 0.09
237	:	1599894722.345	     8.831	0	35	0	0	python main_script.py 6 4 20 0.09
53	:	1599894644.773	    86.994	0	385	0	0	python main_script.py 3 1 40 0.09
239	:	1599894723.600	     8.503	0	35	0	0	python main_script.py 6 4 10 0.09
107	:	1599894649.316	    84.217	0	386	0	0	python main_script.py 4 1 20 0.09
119	:	1599894649.409	    85.588	0	385	0	0	python main_script.py 4 2 10 0.09
51	:	1599894644.768	    90.466	0	385	0	0	python main_script.py 3 1 50 0.09
240	:	1599894728.219	     7.655	0	35	0	0	python main_script.py 6 4 10 0.12
241	:	1599894729.103	     7.390	0	35	0	0	python main_script.py 6 5 50 0.09
56	:	1599894644.780	    91.768	0	384	0	0	python main_script.py 3 1 30 0.12
242	:	1599894730.067	     7.394	0	35	0	0	python main_script.py 6 5 50 0.12
243	:	1599894730.086	     7.518	0	35	0	0	python main_script.py 6 5 40 0.09
245	:	1599894731.185	     6.707	0	35	0	0	python main_script.py 6 5 30 0.09
244	:	1599894730.604	     7.655	0	35	0	0	python main_script.py 6 5 40 0.12
246	:	1599894731.810	     7.672	0	35	0	0	python main_script.py 6 5 30 0.12
247	:	1599894732.108	     7.805	0	35	0	0	python main_script.py 6 5 20 0.09
248	:	1599894733.551	     6.386	0	35	0	0	python main_script.py 6 5 20 0.12
249	:	1599894735.018	     6.985	0	35	0	0	python main_script.py 6 5 10 0.09
250	:	1599894735.252	     7.342	0	35	0	0	python main_script.py 6 5 10 0.12
105	:	1599894649.307	    99.371	0	385	0	0	python main_script.py 4 1 30 0.09
115	:	1599894649.389	   102.263	0	386	0	0	python main_script.py 4 2 30 0.09
54	:	1599894644.775	   107.813	0	372	0	0	python main_script.py 3 1 40 0.12
159	:	1599894654.202	    99.962	0	387	0	0	python main_script.py 5 1 10 0.09
167	:	1599894654.354	   102.453	0	386	0	0	python main_script.py 5 2 20 0.09
113	:	1599894649.377	   107.665	0	385	0	0	python main_script.py 4 2 40 0.09
52	:	1599894644.771	   113.218	0	387	0	0	python main_script.py 3 1 50 0.12
157	:	1599894654.152	   104.363	0	386	0	0	python main_script.py 5 1 20 0.09
169	:	1599894654.388	   105.430	0	386	0	0	python main_script.py 5 2 10 0.09
103	:	1599894649.298	   111.103	0	385	0	0	python main_script.py 4 1 40 0.09
101	:	1599894649.287	   117.228	0	372	0	0	python main_script.py 4 1 50 0.09
108	:	1599894649.335	   118.424	0	388	0	0	python main_script.py 4 1 20 0.12
120	:	1599894649.412	   118.791	0	387	0	0	python main_script.py 4 2 10 0.12
110	:	1599894649.360	   119.122	0	385	0	0	python main_script.py 4 1 10 0.12
118	:	1599894649.405	   120.046	0	386	0	0	python main_script.py 4 2 20 0.12
155	:	1599894654.131	   115.875	0	387	0	0	python main_script.py 5 1 30 0.09
111	:	1599894649.365	   123.333	0	372	0	0	python main_script.py 4 2 50 0.09
165	:	1599894654.329	   119.828	0	372	0	0	python main_script.py 5 2 30 0.09
219	:	1599894671.473	   109.891	0	388	0	0	python main_script.py 6 2 10 0.09
217	:	1599894671.082	   110.355	0	383	0	0	python main_script.py 6 2 20 0.09
209	:	1599894669.769	   112.247	0	387	0	0	python main_script.py 6 1 10 0.09
163	:	1599894654.257	   128.388	0	368	0	0	python main_script.py 5 2 40 0.09
207	:	1599894668.518	   114.850	0	384	0	0	python main_script.py 6 1 20 0.09
153	:	1599894654.037	   129.368	0	385	0	0	python main_script.py 5 1 40 0.09
116	:	1599894649.396	   134.552	0	387	0	0	python main_script.py 4 2 30 0.12
106	:	1599894649.312	   135.522	0	384	0	0	python main_script.py 4 1 30 0.12
281	:	1599894781.383	     4.766	0	35	0	0	python main_script.py 7 4 50 0.09
282	:	1599894781.456	     5.294	0	35	0	0	python main_script.py 7 4 50 0.12
283	:	1599894782.037	     5.442	0	35	0	0	python main_script.py 7 4 40 0.09
284	:	1599894782.667	     4.875	0	35	0	0	python main_script.py 7 4 40 0.12
286	:	1599894783.411	     5.792	0	35	0	0	python main_script.py 7 4 30 0.12
288	:	1599894784.855	     4.407	0	35	0	0	python main_script.py 7 4 20 0.12
285	:	1599894783.375	     6.322	0	35	0	0	python main_script.py 7 4 30 0.09
287	:	1599894783.967	     6.098	0	35	0	0	python main_script.py 7 4 20 0.09
289	:	1599894786.155	     5.480	0	35	0	0	python main_script.py 7 4 10 0.09
290	:	1599894786.768	     5.034	0	35	0	0	python main_script.py 7 4 10 0.12
292	:	1599894787.562	     5.330	0	35	0	0	python main_script.py 7 5 50 0.12
291	:	1599894787.493	     5.507	0	35	0	0	python main_script.py 7 5 50 0.09
293	:	1599894789.223	     4.583	0	35	0	0	python main_script.py 7 5 40 0.09
294	:	1599894789.269	     4.559	0	35	0	0	python main_script.py 7 5 40 0.12
161	:	1599894654.247	   140.035	0	373	0	0	python main_script.py 5 2 50 0.09
295	:	1599894789.717	     4.681	0	35	0	0	python main_script.py 7 5 30 0.09
296	:	1599894790.084	     4.450	0	35	0	0	python main_script.py 7 5 30 0.12
227	:	1599894698.210	    96.478	0	385	0	0	python main_script.py 6 3 20 0.09
215	:	1599894670.929	   124.953	0	371	0	0	python main_script.py 6 2 30 0.09
297	:	1599894791.641	     4.984	0	35	0	0	python main_script.py 7 5 20 0.09
298	:	1599894791.821	     4.991	0	35	0	0	python main_script.py 7 5 20 0.12
205	:	1599894668.256	   128.894	0	388	0	0	python main_script.py 6 1 30 0.09
300	:	1599894793.007	     4.477	0	35	0	0	python main_script.py 7 5 10 0.12
299	:	1599894792.913	     5.250	0	35	0	0	python main_script.py 7 5 10 0.09
151	:	1599894653.970	   144.315	0	387	0	0	python main_script.py 5 1 50 0.09
229	:	1599894701.266	    98.228	0	386	0	0	python main_script.py 6 3 10 0.09
225	:	1599894691.045	   115.542	0	384	0	0	python main_script.py 6 3 30 0.09
