Seq	Host	Starttime	JobRuntime	Send	Receive	Exitval	Signal	Command
24	:	1599901763.313	     4.710	0	35	0	0	python main_script.py 2 3 40 0.12
30	:	1599901763.326	     4.697	0	35	0	0	python main_script.py 2 3 10 0.12
27	:	1599901763.319	     4.733	0	35	0	0	python main_script.py 2 3 20 0.09
34	:	1599901763.333	     4.726	0	35	0	0	python main_script.py 2 4 40 0.12
23	:	1599901763.311	     4.766	0	35	0	0	python main_script.py 2 3 40 0.09
37	:	1599901763.339	     4.788	0	35	0	0	python main_script.py 2 4 20 0.09
13	:	1599901763.290	     4.842	0	35	0	0	python main_script.py 2 2 40 0.09
40	:	1599901763.344	     4.804	0	35	0	0	python main_script.py 2 4 10 0.12
36	:	1599901763.337	     4.813	0	35	0	0	python main_script.py 2 4 30 0.12
43	:	1599901763.350	     4.827	0	35	0	0	python main_script.py 2 5 40 0.09
20	:	1599901763.304	     4.882	0	35	0	0	python main_script.py 2 2 10 0.12
12	:	1599901763.288	     4.902	0	35	0	0	python main_script.py 2 2 50 0.12
62	:	1599901763.406	     4.790	0	35	0	0	python main_script.py 3 2 50 0.12
72	:	1599901763.434	     4.780	0	35	0	0	python main_script.py 3 3 50 0.12
42	:	1599901763.348	     4.868	0	35	0	0	python main_script.py 2 5 50 0.12
15	:	1599901763.294	     4.932	0	35	0	0	python main_script.py 2 2 30 0.09
18	:	1599901763.300	     4.927	0	35	0	0	python main_script.py 2 2 20 0.12
31	:	1599901763.328	     4.898	0	35	0	0	python main_script.py 2 4 50 0.09
11	:	1599901763.286	     4.946	0	35	0	0	python main_script.py 2 2 50 0.09
22	:	1599901763.308	     4.934	0	35	0	0	python main_script.py 2 3 50 0.12
39	:	1599901763.342	     4.900	0	35	0	0	python main_script.py 2 4 10 0.09
41	:	1599901763.346	     4.900	0	35	0	0	python main_script.py 2 5 50 0.09
67	:	1599901763.421	     4.825	0	35	0	0	python main_script.py 3 2 20 0.09
33	:	1599901763.331	     4.926	0	35	0	0	python main_script.py 2 4 40 0.09
46	:	1599901763.359	     4.898	0	35	0	0	python main_script.py 2 5 30 0.12
63	:	1599901763.409	     4.850	0	35	0	0	python main_script.py 3 2 40 0.09
17	:	1599901763.298	     4.970	0	35	0	0	python main_script.py 2 2 20 0.09
49	:	1599901763.367	     4.902	0	35	0	0	python main_script.py 2 5 10 0.09
69	:	1599901763.426	     4.843	0	35	0	0	python main_script.py 3 2 10 0.09
80	:	1599901763.471	     4.799	0	35	0	0	python main_script.py 3 3 10 0.12
79	:	1599901763.454	     4.822	0	35	0	0	python main_script.py 3 3 10 0.09
65	:	1599901763.415	     4.875	0	35	0	0	python main_script.py 3 2 30 0.09
78	:	1599901763.451	     4.839	0	35	0	0	python main_script.py 3 3 20 0.12
38	:	1599901763.341	     4.953	0	35	0	0	python main_script.py 2 4 20 0.12
64	:	1599901763.412	     4.890	0	35	0	0	python main_script.py 3 2 40 0.12
66	:	1599901763.418	     4.884	0	35	0	0	python main_script.py 3 2 30 0.12
29	:	1599901763.324	     4.987	0	35	0	0	python main_script.py 2 3 10 0.09
77	:	1599901763.448	     4.873	0	35	0	0	python main_script.py 3 3 20 0.09
21	:	1599901763.306	     5.016	0	35	0	0	python main_script.py 2 3 50 0.09
70	:	1599901763.429	     4.907	0	35	0	0	python main_script.py 3 2 10 0.12
76	:	1599901763.445	     4.897	0	35	0	0	python main_script.py 3 3 30 0.12
75	:	1599901763.443	     4.903	0	35	0	0	python main_script.py 3 3 30 0.09
74	:	1599901763.440	     4.922	0	35	0	0	python main_script.py 3 3 40 0.12
47	:	1599901763.362	     5.022	0	35	0	0	python main_script.py 2 5 20 0.09
35	:	1599901763.335	     5.052	0	35	0	0	python main_script.py 2 4 30 0.09
61	:	1599901763.403	     4.991	0	35	0	0	python main_script.py 3 2 50 0.09
44	:	1599901763.352	     5.053	0	35	0	0	python main_script.py 2 5 40 0.12
45	:	1599901763.356	     5.072	0	35	0	0	python main_script.py 2 5 30 0.09
28	:	1599901763.322	     5.111	0	35	0	0	python main_script.py 2 3 20 0.12
68	:	1599901763.424	     5.023	0	35	0	0	python main_script.py 3 2 20 0.12
14	:	1599901763.292	     5.161	0	35	0	0	python main_script.py 2 2 40 0.12
48	:	1599901763.365	     5.092	0	35	0	0	python main_script.py 2 5 20 0.12
25	:	1599901763.315	     5.178	0	35	0	0	python main_script.py 2 3 30 0.09
16	:	1599901763.296	     5.483	0	35	0	0	python main_script.py 2 2 30 0.12
71	:	1599901763.432	     5.995	0	35	0	0	python main_script.py 3 3 50 0.09
19	:	1599901763.302	     6.208	0	35	0	0	python main_script.py 2 2 10 0.09
26	:	1599901763.317	     7.307	0	35	0	0	python main_script.py 2 3 30 0.12
73	:	1599901763.437	     7.736	0	35	0	0	python main_script.py 3 3 40 0.09
50	:	1599901763.370	     7.869	0	35	0	0	python main_script.py 2 5 10 0.12
32	:	1599901763.330	     7.980	0	35	0	0	python main_script.py 2 4 50 0.12
85	:	1599901768.084	     4.366	0	35	0	0	python main_script.py 3 4 30 0.09
91	:	1599901768.191	     4.479	0	35	0	0	python main_script.py 3 5 50 0.09
83	:	1599901768.058	     4.658	0	35	0	0	python main_script.py 3 4 40 0.09
98	:	1599901768.241	     4.491	0	35	0	0	python main_script.py 3 5 20 0.12
87	:	1599901768.138	     4.670	0	35	0	0	python main_script.py 3 4 20 0.09
81	:	1599901768.033	     4.795	0	35	0	0	python main_script.py 3 4 50 0.09
128	:	1599901768.434	     4.510	0	35	0	0	python main_script.py 4 3 20 0.12
90	:	1599901768.182	     4.785	0	35	0	0	python main_script.py 3 4 10 0.12
99	:	1599901768.246	     4.731	0	35	0	0	python main_script.py 3 5 10 0.09
121	:	1599901768.357	     4.621	0	35	0	0	python main_script.py 4 3 50 0.09
82	:	1599901768.052	     4.940	0	35	0	0	python main_script.py 3 4 50 0.12
89	:	1599901768.160	     4.865	0	35	0	0	python main_script.py 3 4 10 0.09
96	:	1599901768.232	     4.799	0	35	0	0	python main_script.py 3 5 30 0.12
95	:	1599901768.226	     4.822	0	35	0	0	python main_script.py 3 5 30 0.09
100	:	1599901768.252	     4.807	0	35	0	0	python main_script.py 3 5 10 0.12
88	:	1599901768.155	     4.940	0	35	0	0	python main_script.py 3 4 20 0.12
130	:	1599901768.453	     4.654	0	35	0	0	python main_script.py 4 3 10 0.12
97	:	1599901768.237	     4.877	0	35	0	0	python main_script.py 3 5 20 0.09
84	:	1599901768.067	     5.057	0	35	0	0	python main_script.py 3 4 40 0.12
133	:	1599901768.505	     4.625	0	35	0	0	python main_script.py 4 4 40 0.09
94	:	1599901768.220	     4.915	0	35	0	0	python main_script.py 3 5 40 0.12
124	:	1599901768.388	     4.753	0	35	0	0	python main_script.py 4 3 40 0.12
123	:	1599901768.368	     4.789	0	35	0	0	python main_script.py 4 3 40 0.09
86	:	1599901768.132	     5.049	0	35	0	0	python main_script.py 3 4 30 0.12
93	:	1599901768.200	     4.986	0	35	0	0	python main_script.py 3 5 40 0.09
125	:	1599901768.394	     4.793	0	35	0	0	python main_script.py 4 3 30 0.09
127	:	1599901768.413	     4.803	0	35	0	0	python main_script.py 4 3 20 0.09
129	:	1599901768.439	     4.803	0	35	0	0	python main_script.py 4 3 10 0.09
134	:	1599901768.788	     4.673	0	35	0	0	python main_script.py 4 4 40 0.12
92	:	1599901768.196	     5.334	0	35	0	0	python main_script.py 3 5 50 0.12
122	:	1599901768.362	     5.226	0	35	0	0	python main_script.py 4 3 50 0.12
131	:	1599901768.457	     5.348	0	35	0	0	python main_script.py 4 4 50 0.09
135	:	1599901769.432	     4.848	0	35	0	0	python main_script.py 4 4 30 0.09
136	:	1599901769.523	     4.977	0	35	0	0	python main_script.py 4 4 30 0.12
126	:	1599901768.400	     6.452	0	35	0	0	python main_script.py 4 3 30 0.12
132	:	1599901768.461	     6.865	0	35	0	0	python main_script.py 4 4 50 0.12
137	:	1599901770.640	     6.171	0	35	0	0	python main_script.py 4 4 20 0.09
138	:	1599901771.179	     5.792	0	35	0	0	python main_script.py 4 4 20 0.12
139	:	1599901771.244	     5.888	0	35	0	0	python main_script.py 4 4 10 0.09
140	:	1599901771.315	     6.761	0	35	0	0	python main_script.py 4 4 10 0.12
141	:	1599901772.481	     6.309	0	35	0	0	python main_script.py 4 5 50 0.09
146	:	1599901772.833	     6.134	0	35	0	0	python main_script.py 4 5 30 0.12
147	:	1599901772.950	     6.055	0	35	0	0	python main_script.py 4 5 20 0.09
143	:	1599901772.721	     6.766	0	35	0	0	python main_script.py 4 5 40 0.09
149	:	1599901772.983	     6.529	0	35	0	0	python main_script.py 4 5 10 0.09
150	:	1599901772.988	     6.827	0	35	0	0	python main_script.py 4 5 10 0.12
142	:	1599901772.688	     7.171	0	35	0	0	python main_script.py 4 5 50 0.12
145	:	1599901772.813	     7.252	0	35	0	0	python main_script.py 4 5 30 0.09
148	:	1599901772.978	     7.150	0	35	0	0	python main_script.py 4 5 20 0.12
172	:	1599901773.814	     7.348	0	35	0	0	python main_script.py 5 3 50 0.12
174	:	1599901774.519	     6.914	0	35	0	0	python main_script.py 5 3 40 0.12
171	:	1599901773.607	     8.571	0	35	0	0	python main_script.py 5 3 50 0.09
173	:	1599901774.285	     8.345	0	35	0	0	python main_script.py 5 3 40 0.09
175	:	1599901774.872	     7.924	0	35	0	0	python main_script.py 5 3 30 0.09
176	:	1599901775.345	     7.497	0	35	0	0	python main_script.py 5 3 30 0.12
144	:	1599901772.746	    10.270	0	35	0	0	python main_script.py 4 5 40 0.12
178	:	1599901776.993	     7.185	0	35	0	0	python main_script.py 5 3 20 0.12
180	:	1599901778.086	     7.246	0	35	0	0	python main_script.py 5 3 10 0.12
177	:	1599901776.831	     8.599	0	35	0	0	python main_script.py 5 3 20 0.09
179	:	1599901777.151	     8.684	0	35	0	0	python main_script.py 5 3 10 0.09
185	:	1599901779.519	     7.009	0	35	0	0	python main_script.py 5 4 30 0.09
183	:	1599901779.019	     8.009	0	35	0	0	python main_script.py 5 4 40 0.09
181	:	1599901778.808	     8.832	0	35	0	0	python main_script.py 5 4 50 0.09
182	:	1599901778.973	     8.667	0	35	0	0	python main_script.py 5 4 50 0.12
186	:	1599901779.837	     7.926	0	35	0	0	python main_script.py 5 4 30 0.12
187	:	1599901779.873	     8.383	0	35	0	0	python main_script.py 5 4 20 0.09
190	:	1599901781.175	     7.965	0	35	0	0	python main_script.py 5 4 10 0.12
184	:	1599901779.496	     9.713	0	35	0	0	python main_script.py 5 4 40 0.12
189	:	1599901780.163	     9.349	0	35	0	0	python main_script.py 5 4 10 0.09
191	:	1599901781.450	     8.307	0	35	0	0	python main_script.py 5 5 50 0.09
192	:	1599901782.186	     7.776	0	35	0	0	python main_script.py 5 5 50 0.12
188	:	1599901780.070	    10.164	0	35	0	0	python main_script.py 5 4 20 0.12
195	:	1599901782.863	     7.871	0	35	0	0	python main_script.py 5 5 30 0.09
194	:	1599901782.814	     8.702	0	35	0	0	python main_script.py 5 5 40 0.12
193	:	1599901782.659	     8.868	0	35	0	0	python main_script.py 5 5 40 0.09
196	:	1599901783.030	     9.193	0	35	0	0	python main_script.py 5 5 30 0.12
197	:	1599901784.196	     8.305	0	35	0	0	python main_script.py 5 5 20 0.09
199	:	1599901785.446	     8.619	0	35	0	0	python main_script.py 5 5 10 0.09
200	:	1599901785.884	     8.401	0	35	0	0	python main_script.py 5 5 10 0.12
198	:	1599901785.350	     9.307	0	35	0	0	python main_script.py 5 5 20 0.12
9	:	1599901763.283	    41.013	0	384	0	0	python main_script.py 2 1 10 0.09
8	:	1599901763.281	    42.378	0	383	0	0	python main_script.py 2 1 20 0.12
7	:	1599901763.279	    42.766	0	384	0	0	python main_script.py 2 1 20 0.09
10	:	1599901763.285	    43.893	0	385	0	0	python main_script.py 2 1 10 0.12
5	:	1599901763.275	    44.269	0	385	0	0	python main_script.py 2 1 30 0.09
6	:	1599901763.277	    50.705	0	385	0	0	python main_script.py 2 1 30 0.12
3	:	1599901763.271	    52.392	0	386	0	0	python main_script.py 2 1 40 0.09
4	:	1599901763.273	    55.667	0	384	0	0	python main_script.py 2 1 40 0.12
2	:	1599901763.269	    60.115	0	386	0	0	python main_script.py 2 1 50 0.12
1	:	1599901763.268	    61.620	0	386	0	0	python main_script.py 2 1 50 0.09
57	:	1599901763.391	    62.615	0	382	0	0	python main_script.py 3 1 20 0.09
59	:	1599901763.397	    67.730	0	385	0	0	python main_script.py 3 1 10 0.09
231	:	1599901826.026	     8.417	0	35	0	0	python main_script.py 6 4 50 0.09
232	:	1599901831.148	     8.996	0	35	0	0	python main_script.py 6 4 50 0.12
55	:	1599901763.385	    77.328	0	383	0	0	python main_script.py 3 1 30 0.09
60	:	1599901763.400	    78.053	0	384	0	0	python main_script.py 3 1 10 0.12
233	:	1599901834.449	     8.062	0	35	0	0	python main_script.py 6 4 40 0.09
58	:	1599901763.394	    79.909	0	384	0	0	python main_script.py 3 1 20 0.12
53	:	1599901763.378	    83.013	0	385	0	0	python main_script.py 3 1 40 0.09
234	:	1599901840.162	     7.911	0	35	0	0	python main_script.py 6 4 40 0.12
237	:	1599901842.529	     6.493	0	35	0	0	python main_script.py 6 4 20 0.09
235	:	1599901840.727	     8.456	0	35	0	0	python main_script.py 6 4 30 0.09
236	:	1599901841.470	     8.053	0	35	0	0	python main_script.py 6 4 30 0.12
238	:	1599901843.317	     6.876	0	35	0	0	python main_script.py 6 4 20 0.12
119	:	1599901768.347	    83.582	0	385	0	0	python main_script.py 4 2 10 0.09
107	:	1599901768.290	    85.008	0	386	0	0	python main_script.py 4 1 20 0.09
117	:	1599901768.336	    85.308	0	386	0	0	python main_script.py 4 2 20 0.09
109	:	1599901768.299	    86.461	0	385	0	0	python main_script.py 4 1 10 0.09
239	:	1599901846.412	     8.478	0	35	0	0	python main_script.py 6 4 10 0.09
56	:	1599901763.387	    92.533	0	384	0	0	python main_script.py 3 1 30 0.12
240	:	1599901848.091	     7.888	0	35	0	0	python main_script.py 6 4 10 0.12
241	:	1599901849.041	     7.262	0	35	0	0	python main_script.py 6 5 50 0.09
242	:	1599901849.201	     7.559	0	35	0	0	python main_script.py 6 5 50 0.12
243	:	1599901849.543	     7.687	0	35	0	0	python main_script.py 6 5 40 0.09
244	:	1599901850.197	     8.198	0	35	0	0	python main_script.py 6 5 40 0.12
51	:	1599901763.373	    95.455	0	385	0	0	python main_script.py 3 1 50 0.09
245	:	1599901851.948	     7.249	0	35	0	0	python main_script.py 6 5 30 0.09
246	:	1599901853.317	     7.114	0	35	0	0	python main_script.py 6 5 30 0.12
247	:	1599901853.662	     7.092	0	35	0	0	python main_script.py 6 5 20 0.09
248	:	1599901854.777	     7.417	0	35	0	0	python main_script.py 6 5 20 0.12
249	:	1599901854.911	     7.510	0	35	0	0	python main_script.py 6 5 10 0.09
250	:	1599901855.940	     7.286	0	35	0	0	python main_script.py 6 5 10 0.12
54	:	1599901763.381	   101.351	0	371	0	0	python main_script.py 3 1 40 0.12
105	:	1599901768.281	    97.159	0	385	0	0	python main_script.py 4 1 30 0.09
115	:	1599901768.327	   100.457	0	386	0	0	python main_script.py 4 2 30 0.09
169	:	1599901773.467	    99.461	0	386	0	0	python main_script.py 5 2 10 0.09
159	:	1599901773.131	   101.940	0	387	0	0	python main_script.py 5 1 10 0.09
167	:	1599901773.222	   103.197	0	386	0	0	python main_script.py 5 2 20 0.09
113	:	1599901768.316	   109.798	0	385	0	0	python main_script.py 4 2 40 0.09
52	:	1599901763.376	   115.595	0	387	0	0	python main_script.py 3 1 50 0.12
103	:	1599901768.269	   111.427	0	385	0	0	python main_script.py 4 1 40 0.09
157	:	1599901773.113	   109.505	0	386	0	0	python main_script.py 5 1 20 0.09
118	:	1599901768.341	   115.310	0	386	0	0	python main_script.py 4 2 20 0.12
108	:	1599901768.295	   115.789	0	388	0	0	python main_script.py 4 1 20 0.12
111	:	1599901768.306	   116.742	0	372	0	0	python main_script.py 4 2 50 0.09
101	:	1599901768.257	   117.262	0	372	0	0	python main_script.py 4 1 50 0.09
110	:	1599901768.302	   118.214	0	385	0	0	python main_script.py 4 1 10 0.12
120	:	1599901768.352	   120.871	0	387	0	0	python main_script.py 4 2 10 0.12
165	:	1599901773.192	   116.778	0	372	0	0	python main_script.py 5 2 30 0.09
155	:	1599901773.066	   120.367	0	387	0	0	python main_script.py 5 1 30 0.09
207	:	1599901789.158	   109.822	0	384	0	0	python main_script.py 6 1 20 0.09
209	:	1599901789.525	   110.116	0	387	0	0	python main_script.py 6 1 10 0.09
163	:	1599901773.163	   129.015	0	368	0	0	python main_script.py 5 2 40 0.09
153	:	1599901773.037	   129.196	0	385	0	0	python main_script.py 5 1 40 0.09
217	:	1599901792.513	   110.032	0	384	0	0	python main_script.py 6 2 20 0.09
116	:	1599901768.332	   134.303	0	387	0	0	python main_script.py 4 2 30 0.12
281	:	1599901898.987	     4.305	0	35	0	0	python main_script.py 7 4 50 0.09
219	:	1599901794.307	   109.078	0	388	0	0	python main_script.py 6 2 10 0.09
282	:	1599901899.662	     5.621	0	35	0	0	python main_script.py 7 4 50 0.12
286	:	1599901902.645	     4.885	0	35	0	0	python main_script.py 7 4 30 0.12
284	:	1599901902.251	     5.396	0	35	0	0	python main_script.py 7 4 40 0.12
287	:	1599901903.311	     4.491	0	35	0	0	python main_script.py 7 4 20 0.09
288	:	1599901903.404	     4.529	0	35	0	0	python main_script.py 7 4 20 0.12
285	:	1599901902.568	     5.392	0	35	0	0	python main_script.py 7 4 30 0.09
283	:	1599901902.200	     5.876	0	35	0	0	python main_script.py 7 4 40 0.09
106	:	1599901768.286	   139.864	0	384	0	0	python main_script.py 4 1 30 0.12
289	:	1599901905.289	     4.218	0	35	0	0	python main_script.py 7 4 10 0.09
161	:	1599901773.141	   138.303	0	373	0	0	python main_script.py 5 2 50 0.09
292	:	1599901907.808	     4.894	0	35	0	0	python main_script.py 7 5 50 0.12
295	:	1599901908.097	     4.655	0	35	0	0	python main_script.py 7 5 30 0.09
151	:	1599901772.997	   139.766	0	387	0	0	python main_script.py 5 1 50 0.09
293	:	1599901907.952	     4.837	0	35	0	0	python main_script.py 7 5 40 0.09
291	:	1599901907.672	     5.167	0	35	0	0	python main_script.py 7 5 50 0.09
296	:	1599901908.163	     4.720	0	35	0	0	python main_script.py 7 5 30 0.12
290	:	1599901907.550	     5.341	0	35	0	0	python main_script.py 7 4 10 0.12
294	:	1599901907.982	     5.090	0	35	0	0	python main_script.py 7 5 40 0.12
205	:	1599901787.772	   125.659	0	388	0	0	python main_script.py 6 1 30 0.09
297	:	1599901909.515	     4.480	0	35	0	0	python main_script.py 7 5 20 0.09
298	:	1599901911.451	     4.556	0	35	0	0	python main_script.py 7 5 20 0.12
300	:	1599901912.758	     4.630	0	35	0	0	python main_script.py 7 5 10 0.12
215	:	1599901791.543	   126.053	0	371	0	0	python main_script.py 6 2 30 0.09
299	:	1599901912.709	     4.909	0	35	0	0	python main_script.py 7 5 10 0.09
227	:	1599901815.667	   102.375	0	385	0	0	python main_script.py 6 3 20 0.09
229	:	1599901823.389	    97.121	0	386	0	0	python main_script.py 6 3 10 0.09
225	:	1599901807.564	   119.013	0	384	0	0	python main_script.py 6 3 30 0.09
