Seq	Host	Starttime	JobRuntime	Send	Receive	Exitval	Signal	Command
14	:	1599996516.563	     4.431	0	35	0	0	python main_script.py 2 2 40 0.12
16	:	1599996516.568	     4.442	0	35	0	0	python main_script.py 2 2 30 0.12
12	:	1599996516.559	     4.453	0	35	0	0	python main_script.py 2 2 50 0.12
23	:	1599996516.584	     4.470	0	35	0	0	python main_script.py 2 3 40 0.09
61	:	1599996516.680	     4.391	0	35	0	0	python main_script.py 3 2 50 0.09
19	:	1599996516.574	     4.531	0	35	0	0	python main_script.py 2 2 10 0.09
35	:	1599996516.613	     4.498	0	35	0	0	python main_script.py 2 4 30 0.09
36	:	1599996516.615	     4.519	0	35	0	0	python main_script.py 2 4 30 0.12
78	:	1599996516.730	     4.405	0	35	0	0	python main_script.py 3 3 20 0.12
29	:	1599996516.597	     4.557	0	35	0	0	python main_script.py 2 3 10 0.09
11	:	1599996516.556	     4.602	0	35	0	0	python main_script.py 2 2 50 0.09
30	:	1599996516.599	     4.565	0	35	0	0	python main_script.py 2 3 10 0.12
75	:	1599996516.720	     4.450	0	35	0	0	python main_script.py 3 3 30 0.09
48	:	1599996516.644	     4.526	0	35	0	0	python main_script.py 2 5 20 0.12
27	:	1599996516.593	     4.588	0	35	0	0	python main_script.py 2 3 20 0.09
42	:	1599996516.628	     4.559	0	35	0	0	python main_script.py 2 5 50 0.12
18	:	1599996516.572	     4.621	0	35	0	0	python main_script.py 2 2 20 0.12
41	:	1599996516.626	     4.567	0	35	0	0	python main_script.py 2 5 50 0.09
38	:	1599996516.619	     4.579	0	35	0	0	python main_script.py 2 4 20 0.12
39	:	1599996516.621	     4.577	0	35	0	0	python main_script.py 2 4 10 0.09
22	:	1599996516.581	     4.621	0	35	0	0	python main_script.py 2 3 50 0.12
25	:	1599996516.588	     4.621	0	35	0	0	python main_script.py 2 3 30 0.09
50	:	1599996516.648	     4.562	0	35	0	0	python main_script.py 2 5 10 0.12
65	:	1599996516.691	     4.520	0	35	0	0	python main_script.py 3 2 30 0.09
79	:	1599996516.733	     4.490	0	35	0	0	python main_script.py 3 3 10 0.09
28	:	1599996516.595	     4.644	0	35	0	0	python main_script.py 2 3 20 0.12
13	:	1599996516.561	     4.682	0	35	0	0	python main_script.py 2 2 40 0.09
15	:	1599996516.565	     4.687	0	35	0	0	python main_script.py 2 2 30 0.09
64	:	1599996516.688	     4.569	0	35	0	0	python main_script.py 3 2 40 0.12
72	:	1599996516.712	     4.551	0	35	0	0	python main_script.py 3 3 50 0.12
73	:	1599996516.715	     4.552	0	35	0	0	python main_script.py 3 3 40 0.09
46	:	1599996516.640	     4.638	0	35	0	0	python main_script.py 2 5 30 0.12
43	:	1599996516.630	     4.652	0	35	0	0	python main_script.py 2 5 40 0.09
33	:	1599996516.608	     4.681	0	35	0	0	python main_script.py 2 4 40 0.09
66	:	1599996516.694	     4.596	0	35	0	0	python main_script.py 3 2 30 0.12
44	:	1599996516.634	     4.679	0	35	0	0	python main_script.py 2 5 40 0.12
34	:	1599996516.611	     4.703	0	35	0	0	python main_script.py 2 4 40 0.12
63	:	1599996516.686	     4.633	0	35	0	0	python main_script.py 3 2 40 0.09
17	:	1599996516.570	     4.761	0	35	0	0	python main_script.py 2 2 20 0.09
21	:	1599996516.579	     4.753	0	35	0	0	python main_script.py 2 3 50 0.09
70	:	1599996516.706	     4.635	0	35	0	0	python main_script.py 3 2 10 0.12
45	:	1599996516.637	     4.709	0	35	0	0	python main_script.py 2 5 30 0.09
40	:	1599996516.624	     4.727	0	35	0	0	python main_script.py 2 4 10 0.12
74	:	1599996516.718	     4.634	0	35	0	0	python main_script.py 3 3 40 0.12
69	:	1599996516.703	     4.654	0	35	0	0	python main_script.py 3 2 10 0.09
47	:	1599996516.642	     4.730	0	35	0	0	python main_script.py 2 5 20 0.09
62	:	1599996516.683	     4.699	0	35	0	0	python main_script.py 3 2 50 0.12
71	:	1599996516.709	     4.678	0	35	0	0	python main_script.py 3 3 50 0.09
24	:	1599996516.586	     4.806	0	35	0	0	python main_script.py 2 3 40 0.12
68	:	1599996516.699	     4.700	0	35	0	0	python main_script.py 3 2 20 0.12
80	:	1599996516.736	     4.664	0	35	0	0	python main_script.py 3 3 10 0.12
76	:	1599996516.723	     4.687	0	35	0	0	python main_script.py 3 3 30 0.12
77	:	1599996516.726	     4.684	0	35	0	0	python main_script.py 3 3 20 0.09
67	:	1599996516.697	     4.739	0	35	0	0	python main_script.py 3 2 20 0.09
32	:	1599996516.604	     5.494	0	35	0	0	python main_script.py 2 4 50 0.12
37	:	1599996516.617	     5.537	0	35	0	0	python main_script.py 2 4 20 0.09
31	:	1599996516.601	     5.583	0	35	0	0	python main_script.py 2 4 50 0.09
20	:	1599996516.577	     6.308	0	35	0	0	python main_script.py 2 2 10 0.12
26	:	1599996516.590	     7.179	0	35	0	0	python main_script.py 2 3 30 0.12
49	:	1599996516.646	     7.129	0	35	0	0	python main_script.py 2 5 10 0.09
83	:	1599996521.053	     4.430	0	35	0	0	python main_script.py 3 4 40 0.09
90	:	1599996521.159	     4.398	0	35	0	0	python main_script.py 3 4 10 0.12
97	:	1599996521.198	     4.401	0	35	0	0	python main_script.py 3 5 20 0.09
99	:	1599996521.210	     4.672	0	35	0	0	python main_script.py 3 5 10 0.09
87	:	1599996521.118	     4.785	0	35	0	0	python main_script.py 3 4 20 0.09
125	:	1599996521.366	     4.547	0	35	0	0	python main_script.py 4 3 30 0.09
124	:	1599996521.362	     4.602	0	35	0	0	python main_script.py 4 3 40 0.12
84	:	1599996521.060	     4.926	0	35	0	0	python main_script.py 3 4 40 0.12
85	:	1599996521.079	     4.914	0	35	0	0	python main_script.py 3 4 30 0.09
88	:	1599996521.141	     4.868	0	35	0	0	python main_script.py 3 4 20 0.12
128	:	1599996521.393	     4.651	0	35	0	0	python main_script.py 4 3 20 0.12
100	:	1599996521.215	     4.835	0	35	0	0	python main_script.py 3 5 10 0.12
89	:	1599996521.146	     4.930	0	35	0	0	python main_script.py 3 4 10 0.09
121	:	1599996521.347	     4.730	0	35	0	0	python main_script.py 4 3 50 0.09
131	:	1599996521.410	     4.679	0	35	0	0	python main_script.py 4 4 50 0.09
122	:	1599996521.352	     4.743	0	35	0	0	python main_script.py 4 3 50 0.12
96	:	1599996521.192	     4.907	0	35	0	0	python main_script.py 3 5 30 0.12
92	:	1599996521.170	     5.000	0	35	0	0	python main_script.py 3 5 50 0.12
134	:	1599996521.441	     4.745	0	35	0	0	python main_script.py 4 4 40 0.12
94	:	1599996521.181	     5.023	0	35	0	0	python main_script.py 3 5 40 0.12
81	:	1599996521.000	     5.210	0	35	0	0	python main_script.py 3 4 50 0.09
91	:	1599996521.164	     5.057	0	35	0	0	python main_script.py 3 5 50 0.09
98	:	1599996521.203	     5.047	0	35	0	0	python main_script.py 3 5 20 0.12
123	:	1599996521.357	     4.893	0	35	0	0	python main_script.py 4 3 40 0.09
95	:	1599996521.187	     5.092	0	35	0	0	python main_script.py 3 5 30 0.09
86	:	1599996521.110	     5.194	0	35	0	0	python main_script.py 3 4 30 0.12
82	:	1599996521.017	     5.292	0	35	0	0	python main_script.py 3 4 50 0.12
130	:	1599996521.406	     4.921	0	35	0	0	python main_script.py 4 3 10 0.12
133	:	1599996521.426	     5.003	0	35	0	0	python main_script.py 4 4 40 0.09
129	:	1599996521.399	     5.085	0	35	0	0	python main_script.py 4 3 10 0.09
127	:	1599996521.388	     5.142	0	35	0	0	python main_script.py 4 3 20 0.09
132	:	1599996521.420	     5.133	0	35	0	0	python main_script.py 4 4 50 0.12
93	:	1599996521.176	     5.420	0	35	0	0	python main_script.py 3 5 40 0.09
135	:	1599996522.104	     4.715	0	35	0	0	python main_script.py 4 4 30 0.09
126	:	1599996521.377	     5.449	0	35	0	0	python main_script.py 4 3 30 0.12
137	:	1599996522.190	     4.753	0	35	0	0	python main_script.py 4 4 20 0.09
136	:	1599996522.160	     5.348	0	35	0	0	python main_script.py 4 4 30 0.12
140	:	1599996523.794	     5.075	0	35	0	0	python main_script.py 4 4 10 0.12
139	:	1599996523.774	     5.115	0	35	0	0	python main_script.py 4 4 10 0.09
138	:	1599996522.903	     6.157	0	35	0	0	python main_script.py 4 4 20 0.12
143	:	1599996525.605	     6.348	0	35	0	0	python main_script.py 4 5 40 0.09
142	:	1599996525.575	     6.457	0	35	0	0	python main_script.py 4 5 50 0.12
146	:	1599996525.917	     6.671	0	35	0	0	python main_script.py 4 5 30 0.12
147	:	1599996525.970	     6.751	0	35	0	0	python main_script.py 4 5 20 0.09
149	:	1599996525.997	     6.895	0	35	0	0	python main_script.py 4 5 10 0.09
173	:	1599996526.604	     6.307	0	35	0	0	python main_script.py 5 3 40 0.09
150	:	1599996526.015	     7.132	0	35	0	0	python main_script.py 4 5 10 0.12
144	:	1599996525.899	     7.396	0	35	0	0	python main_script.py 4 5 40 0.12
171	:	1599996526.554	     7.101	0	35	0	0	python main_script.py 5 3 50 0.09
172	:	1599996526.573	     7.137	0	35	0	0	python main_script.py 5 3 50 0.12
148	:	1599996525.991	     7.756	0	35	0	0	python main_script.py 4 5 20 0.12
175	:	1599996526.836	     7.489	0	35	0	0	python main_script.py 5 3 30 0.09
141	:	1599996525.488	     9.302	0	35	0	0	python main_script.py 4 5 50 0.09
174	:	1599996526.827	     8.104	0	35	0	0	python main_script.py 5 3 40 0.12
145	:	1599996525.909	     9.080	0	35	0	0	python main_script.py 4 5 30 0.09
176	:	1599996526.968	     8.212	0	35	0	0	python main_script.py 5 3 30 0.12
177	:	1599996527.527	     7.934	0	35	0	0	python main_script.py 5 3 20 0.09
180	:	1599996529.068	     7.586	0	35	0	0	python main_script.py 5 3 10 0.12
179	:	1599996528.908	     8.325	0	35	0	0	python main_script.py 5 3 10 0.09
178	:	1599996528.886	     8.360	0	35	0	0	python main_script.py 5 3 20 0.12
182	:	1599996532.037	     8.026	0	35	0	0	python main_script.py 5 4 50 0.12
181	:	1599996531.959	     8.190	0	35	0	0	python main_script.py 5 4 50 0.09
185	:	1599996532.912	     7.367	0	35	0	0	python main_script.py 5 4 30 0.09
186	:	1599996532.921	     7.780	0	35	0	0	python main_script.py 5 4 30 0.12
183	:	1599996532.602	     8.193	0	35	0	0	python main_script.py 5 4 40 0.09
188	:	1599996533.301	     8.409	0	35	0	0	python main_script.py 5 4 20 0.12
187	:	1599996533.155	     8.696	0	35	0	0	python main_script.py 5 4 20 0.09
189	:	1599996533.665	     8.226	0	35	0	0	python main_script.py 5 4 10 0.09
184	:	1599996532.728	     9.320	0	35	0	0	python main_script.py 5 4 40 0.12
191	:	1599996533.762	     8.375	0	35	0	0	python main_script.py 5 5 50 0.09
192	:	1599996534.353	     8.391	0	35	0	0	python main_script.py 5 5 50 0.12
190	:	1599996533.716	     9.121	0	35	0	0	python main_script.py 5 4 10 0.12
193	:	1599996534.803	     8.168	0	35	0	0	python main_script.py 5 5 40 0.09
196	:	1599996535.189	     8.111	0	35	0	0	python main_script.py 5 5 30 0.12
197	:	1599996535.481	     8.978	0	35	0	0	python main_script.py 5 5 20 0.09
198	:	1599996536.660	     8.063	0	35	0	0	python main_script.py 5 5 20 0.12
195	:	1599996535.014	     9.755	0	35	0	0	python main_script.py 5 5 30 0.09
194	:	1599996534.950	    10.743	0	35	0	0	python main_script.py 5 5 40 0.12
200	:	1599996537.264	     8.539	0	35	0	0	python main_script.py 5 5 10 0.12
199	:	1599996537.244	     8.644	0	35	0	0	python main_script.py 5 5 10 0.09
10	:	1599996516.555	    40.503	0	385	0	0	python main_script.py 2 1 10 0.12
7	:	1599996516.548	    41.817	0	384	0	0	python main_script.py 2 1 20 0.09
8	:	1599996516.550	    41.868	0	383	0	0	python main_script.py 2 1 20 0.12
9	:	1599996516.552	    42.348	0	384	0	0	python main_script.py 2 1 10 0.09
6	:	1599996516.546	    46.007	0	385	0	0	python main_script.py 2 1 30 0.12
5	:	1599996516.544	    52.105	0	385	0	0	python main_script.py 2 1 30 0.09
3	:	1599996516.541	    52.845	0	386	0	0	python main_script.py 2 1 40 0.09
4	:	1599996516.542	    54.820	0	384	0	0	python main_script.py 2 1 40 0.12
2	:	1599996516.539	    57.904	0	386	0	0	python main_script.py 2 1 50 0.12
1	:	1599996516.537	    58.522	0	386	0	0	python main_script.py 2 1 50 0.09
57	:	1599996516.669	    62.564	0	382	0	0	python main_script.py 3 1 20 0.09
59	:	1599996516.674	    70.243	0	385	0	0	python main_script.py 3 1 10 0.09
231	:	1599996579.251	     9.766	0	35	0	0	python main_script.py 6 4 50 0.09
55	:	1599996516.662	    73.296	0	383	0	0	python main_script.py 3 1 30 0.09
58	:	1599996516.672	    76.269	0	384	0	0	python main_script.py 3 1 20 0.12
60	:	1599996516.677	    76.714	0	384	0	0	python main_script.py 3 1 10 0.12
232	:	1599996586.923	     8.151	0	35	0	0	python main_script.py 6 4 50 0.12
233	:	1599996589.024	     7.910	0	35	0	0	python main_script.py 6 4 40 0.09
234	:	1599996589.963	     7.010	0	35	0	0	python main_script.py 6 4 40 0.12
53	:	1599996516.656	    81.678	0	385	0	0	python main_script.py 3 1 40 0.09
236	:	1599996593.405	     7.460	0	35	0	0	python main_script.py 6 4 30 0.12
235	:	1599996592.960	     8.902	0	35	0	0	python main_script.py 6 4 30 0.09
237	:	1599996595.093	     8.144	0	35	0	0	python main_script.py 6 4 20 0.09
117	:	1599996521.325	    82.086	0	386	0	0	python main_script.py 4 2 20 0.09
240	:	1599996598.352	     6.224	0	35	0	0	python main_script.py 6 4 10 0.12
239	:	1599996596.992	     7.678	0	35	0	0	python main_script.py 6 4 10 0.09
238	:	1599996596.953	     8.268	0	35	0	0	python main_script.py 6 4 20 0.12
241	:	1599996600.870	     6.693	0	35	0	0	python main_script.py 6 5 50 0.09
119	:	1599996521.336	    87.342	0	385	0	0	python main_script.py 4 2 10 0.09
242	:	1599996601.881	     7.020	0	35	0	0	python main_script.py 6 5 50 0.12
107	:	1599996521.248	    87.702	0	386	0	0	python main_script.py 4 1 20 0.09
56	:	1599996516.666	    92.805	0	384	0	0	python main_script.py 3 1 30 0.12
109	:	1599996521.262	    88.490	0	385	0	0	python main_script.py 4 1 10 0.09
243	:	1599996603.259	     7.214	0	35	0	0	python main_script.py 6 5 40 0.09
51	:	1599996516.651	    94.111	0	385	0	0	python main_script.py 3 1 50 0.09
246	:	1599996604.678	     6.135	0	35	0	0	python main_script.py 6 5 30 0.12
244	:	1599996603.430	     8.526	0	35	0	0	python main_script.py 6 5 40 0.12
245	:	1599996604.603	     7.684	0	35	0	0	python main_script.py 6 5 30 0.09
247	:	1599996605.241	     7.555	0	35	0	0	python main_script.py 6 5 20 0.09
248	:	1599996607.578	     7.542	0	35	0	0	python main_script.py 6 5 20 0.12
249	:	1599996608.693	     6.477	0	35	0	0	python main_script.py 6 5 10 0.09
250	:	1599996608.920	     8.796	0	35	0	0	python main_script.py 6 5 10 0.12
115	:	1599996521.300	    98.351	0	386	0	0	python main_script.py 4 2 30 0.09
105	:	1599996521.238	   101.212	0	385	0	0	python main_script.py 4 1 30 0.09
54	:	1599996516.659	   107.990	0	372	0	0	python main_script.py 3 1 40 0.12
157	:	1599996526.105	   100.871	0	386	0	0	python main_script.py 5 1 20 0.09
103	:	1599996521.229	   106.577	0	385	0	0	python main_script.py 4 1 40 0.09
159	:	1599996526.192	   102.036	0	387	0	0	python main_script.py 5 1 10 0.09
167	:	1599996526.316	   103.148	0	386	0	0	python main_script.py 5 2 20 0.09
113	:	1599996521.289	   108.246	0	385	0	0	python main_script.py 4 2 40 0.09
52	:	1599996516.653	   113.339	0	387	0	0	python main_script.py 3 1 50 0.12
169	:	1599996526.435	   105.562	0	386	0	0	python main_script.py 5 2 10 0.09
101	:	1599996521.220	   115.072	0	372	0	0	python main_script.py 4 1 50 0.09
120	:	1599996521.342	   115.871	0	387	0	0	python main_script.py 4 2 10 0.12
108	:	1599996521.257	   117.246	0	388	0	0	python main_script.py 4 1 20 0.12
118	:	1599996521.331	   117.461	0	386	0	0	python main_script.py 4 2 20 0.12
155	:	1599996526.095	   114.875	0	387	0	0	python main_script.py 5 1 30 0.09
111	:	1599996521.273	   120.032	0	372	0	0	python main_script.py 4 2 50 0.09
165	:	1599996526.286	   116.075	0	372	0	0	python main_script.py 5 2 30 0.09
110	:	1599996521.267	   121.761	0	385	0	0	python main_script.py 4 1 10 0.12
207	:	1599996541.861	   109.174	0	384	0	0	python main_script.py 6 1 20 0.09
209	:	1599996542.060	   110.121	0	387	0	0	python main_script.py 6 1 10 0.09
163	:	1599996526.256	   126.460	0	368	0	0	python main_script.py 5 2 40 0.09
217	:	1599996544.787	   109.904	0	384	0	0	python main_script.py 6 2 20 0.09
219	:	1599996545.807	   109.061	0	387	0	0	python main_script.py 6 2 10 0.09
153	:	1599996526.081	   128.886	0	385	0	0	python main_script.py 5 1 40 0.09
281	:	1599996651.041	     4.566	0	35	0	0	python main_script.py 7 4 50 0.09
106	:	1599996521.244	   135.884	0	384	0	0	python main_script.py 4 1 30 0.12
282	:	1599996652.191	     5.141	0	35	0	0	python main_script.py 7 4 50 0.12
283	:	1599996652.736	     5.098	0	35	0	0	python main_script.py 7 4 40 0.09
284	:	1599996654.711	     4.612	0	35	0	0	python main_script.py 7 4 40 0.12
286	:	1599996654.974	     4.740	0	35	0	0	python main_script.py 7 4 30 0.12
285	:	1599996654.887	     5.069	0	35	0	0	python main_script.py 7 4 30 0.09
287	:	1599996655.613	     4.550	0	35	0	0	python main_script.py 7 4 20 0.09
288	:	1599996657.134	     5.031	0	35	0	0	python main_script.py 7 4 20 0.12
289	:	1599996657.340	     5.041	0	35	0	0	python main_script.py 7 4 10 0.09
116	:	1599996521.319	   141.644	0	387	0	0	python main_script.py 4 2 30 0.12
290	:	1599996657.840	     5.312	0	35	0	0	python main_script.py 7 4 10 0.12
291	:	1599996659.343	     5.236	0	35	0	0	python main_script.py 7 5 50 0.09
292	:	1599996659.733	     5.121	0	35	0	0	python main_script.py 7 5 50 0.12
151	:	1599996526.050	   138.916	0	387	0	0	python main_script.py 5 1 50 0.09
293	:	1599996659.962	     5.119	0	35	0	0	python main_script.py 7 5 40 0.09
294	:	1599996660.180	     5.300	0	35	0	0	python main_script.py 7 5 40 0.12
296	:	1599996662.398	     3.884	0	35	0	0	python main_script.py 7 5 30 0.12
295	:	1599996662.172	     4.350	0	35	0	0	python main_script.py 7 5 30 0.09
298	:	1599996663.158	     4.036	0	35	0	0	python main_script.py 7 5 20 0.12
297	:	1599996662.970	     4.433	0	35	0	0	python main_script.py 7 5 20 0.09
299	:	1599996664.586	     4.857	0	35	0	0	python main_script.py 7 5 10 0.09
300	:	1599996664.861	     5.034	0	35	0	0	python main_script.py 7 5 10 0.12
229	:	1599996574.450	    96.210	0	386	0	0	python main_script.py 6 3 10 0.09
161	:	1599996526.216	   144.509	0	373	0	0	python main_script.py 5 2 50 0.09
215	:	1599996544.471	   126.314	0	371	0	0	python main_script.py 6 2 30 0.09
205	:	1599996540.814	   130.062	0	388	0	0	python main_script.py 6 1 30 0.09
227	:	1599996569.404	   102.407	0	385	0	0	python main_script.py 6 3 20 0.09
225	:	1599996562.571	   116.730	0	384	0	0	python main_script.py 6 3 30 0.09
