Seq	Host	Starttime	JobRuntime	Send	Receive	Exitval	Signal	Command
67	:	1600036092.447	    28.581	0	35	0	0	python main_script.py 3 2 20 0.09
20	:	1600036092.332	    28.723	0	35	0	0	python main_script.py 2 2 10 0.12
46	:	1600036092.390	    28.671	0	35	0	0	python main_script.py 2 5 30 0.12
63	:	1600036092.434	    28.628	0	35	0	0	python main_script.py 3 2 40 0.09
18	:	1600036092.328	    28.734	0	35	0	0	python main_script.py 2 2 20 0.12
73	:	1600036092.467	    28.595	0	35	0	0	python main_script.py 3 3 40 0.09
40	:	1600036092.375	    28.688	0	35	0	0	python main_script.py 2 4 10 0.12
68	:	1600036092.451	    28.633	0	35	0	0	python main_script.py 3 2 20 0.12
65	:	1600036092.441	    28.644	0	35	0	0	python main_script.py 3 2 30 0.09
42	:	1600036092.380	    28.716	0	35	0	0	python main_script.py 2 5 50 0.12
66	:	1600036092.444	    28.654	0	35	0	0	python main_script.py 3 2 30 0.12
43	:	1600036092.382	    28.722	0	35	0	0	python main_script.py 2 5 40 0.09
39	:	1600036092.373	    28.743	0	35	0	0	python main_script.py 2 4 10 0.09
48	:	1600036092.395	    28.722	0	35	0	0	python main_script.py 2 5 20 0.12
44	:	1600036092.385	    28.732	0	35	0	0	python main_script.py 2 5 40 0.12
41	:	1600036092.378	    28.743	0	35	0	0	python main_script.py 2 5 50 0.09
62	:	1600036092.432	    28.690	0	35	0	0	python main_script.py 3 2 50 0.12
78	:	1600036092.483	    28.638	0	35	0	0	python main_script.py 3 3 20 0.12
27	:	1600036092.347	    28.781	0	35	0	0	python main_script.py 2 3 20 0.09
45	:	1600036092.388	    28.740	0	35	0	0	python main_script.py 2 5 30 0.09
64	:	1600036092.437	    28.690	0	35	0	0	python main_script.py 3 2 40 0.12
79	:	1600036092.485	    28.653	0	35	0	0	python main_script.py 3 3 10 0.09
71	:	1600036092.461	    28.677	0	35	0	0	python main_script.py 3 3 50 0.09
11	:	1600036092.313	    28.831	0	35	0	0	python main_script.py 2 2 50 0.09
36	:	1600036092.367	    28.777	0	35	0	0	python main_script.py 2 4 30 0.12
80	:	1600036092.488	    28.657	0	35	0	0	python main_script.py 3 3 10 0.12
75	:	1600036092.474	    28.676	0	35	0	0	python main_script.py 3 3 30 0.09
15	:	1600036092.321	    28.834	0	35	0	0	python main_script.py 2 2 30 0.09
29	:	1600036092.351	    28.804	0	35	0	0	python main_script.py 2 3 10 0.09
19	:	1600036092.330	    28.832	0	35	0	0	python main_script.py 2 2 10 0.09
28	:	1600036092.349	    28.812	0	35	0	0	python main_script.py 2 3 20 0.12
12	:	1600036092.315	    28.848	0	35	0	0	python main_script.py 2 2 50 0.12
37	:	1600036092.369	    28.799	0	35	0	0	python main_script.py 2 4 20 0.09
30	:	1600036092.354	    28.823	0	35	0	0	python main_script.py 2 3 10 0.12
23	:	1600036092.338	    28.845	0	35	0	0	python main_script.py 2 3 40 0.09
76	:	1600036092.477	    28.707	0	35	0	0	python main_script.py 3 3 30 0.12
13	:	1600036092.317	    28.871	0	35	0	0	python main_script.py 2 2 40 0.09
16	:	1600036092.324	    28.869	0	35	0	0	python main_script.py 2 2 30 0.12
50	:	1600036092.399	    28.795	0	35	0	0	python main_script.py 2 5 10 0.12
72	:	1600036092.464	    28.730	0	35	0	0	python main_script.py 3 3 50 0.12
17	:	1600036092.326	    28.872	0	35	0	0	python main_script.py 2 2 20 0.09
26	:	1600036092.345	    28.855	0	35	0	0	python main_script.py 2 3 30 0.12
33	:	1600036092.360	    28.840	0	35	0	0	python main_script.py 2 4 40 0.09
77	:	1600036092.480	    28.720	0	35	0	0	python main_script.py 3 3 20 0.09
32	:	1600036092.358	    28.851	0	35	0	0	python main_script.py 2 4 50 0.12
21	:	1600036092.334	    28.875	0	35	0	0	python main_script.py 2 3 50 0.09
34	:	1600036092.362	    28.848	0	35	0	0	python main_script.py 2 4 40 0.12
69	:	1600036092.454	    28.756	0	35	0	0	python main_script.py 3 2 10 0.09
38	:	1600036092.371	    28.838	0	35	0	0	python main_script.py 2 4 20 0.12
74	:	1600036092.471	    28.739	0	35	0	0	python main_script.py 3 3 40 0.12
25	:	1600036092.343	    28.875	0	35	0	0	python main_script.py 2 3 30 0.09
31	:	1600036092.356	    28.861	0	35	0	0	python main_script.py 2 4 50 0.09
47	:	1600036092.393	    28.826	0	35	0	0	python main_script.py 2 5 20 0.09
49	:	1600036092.397	    28.830	0	35	0	0	python main_script.py 2 5 10 0.09
35	:	1600036092.364	    28.871	0	35	0	0	python main_script.py 2 4 30 0.09
70	:	1600036092.458	    28.779	0	35	0	0	python main_script.py 3 2 10 0.12
14	:	1600036092.319	    28.950	0	35	0	0	python main_script.py 2 2 40 0.12
61	:	1600036092.429	    28.850	0	35	0	0	python main_script.py 3 2 50 0.09
22	:	1600036092.336	    28.947	0	35	0	0	python main_script.py 2 3 50 0.12
24	:	1600036092.340	    28.965	0	35	0	0	python main_script.py 2 3 40 0.12
94	:	1600036121.143	     4.333	0	35	0	0	python main_script.py 3 5 40 0.12
84	:	1600036121.084	     4.458	0	35	0	0	python main_script.py 3 4 40 0.12
96	:	1600036121.155	     4.467	0	35	0	0	python main_script.py 3 5 30 0.12
82	:	1600036121.061	     4.582	0	35	0	0	python main_script.py 3 4 50 0.12
85	:	1600036121.089	     4.565	0	35	0	0	python main_script.py 3 4 30 0.09
87	:	1600036121.104	     4.555	0	35	0	0	python main_script.py 3 4 20 0.09
83	:	1600036121.071	     4.600	0	35	0	0	python main_script.py 3 4 40 0.09
88	:	1600036121.109	     4.568	0	35	0	0	python main_script.py 3 4 20 0.12
97	:	1600036121.162	     4.535	0	35	0	0	python main_script.py 3 5 20 0.09
91	:	1600036121.127	     4.579	0	35	0	0	python main_script.py 3 5 50 0.09
134	:	1600036121.329	     4.387	0	35	0	0	python main_script.py 4 4 40 0.12
128	:	1600036121.304	     4.433	0	35	0	0	python main_script.py 4 3 20 0.12
95	:	1600036121.150	     4.599	0	35	0	0	python main_script.py 3 5 30 0.09
81	:	1600036121.033	     4.720	0	35	0	0	python main_script.py 3 4 50 0.09
92	:	1600036121.133	     4.627	0	35	0	0	python main_script.py 3 5 50 0.12
136	:	1600036121.337	     4.437	0	35	0	0	python main_script.py 4 4 30 0.12
99	:	1600036121.173	     4.753	0	35	0	0	python main_script.py 3 5 10 0.09
93	:	1600036121.138	     4.806	0	35	0	0	python main_script.py 3 5 40 0.09
121	:	1600036121.279	     4.708	0	35	0	0	python main_script.py 4 3 50 0.09
98	:	1600036121.167	     4.835	0	35	0	0	python main_script.py 3 5 20 0.12
139	:	1600036121.349	     4.654	0	35	0	0	python main_script.py 4 4 10 0.09
89	:	1600036121.116	     4.894	0	35	0	0	python main_script.py 3 4 10 0.09
122	:	1600036121.283	     4.750	0	35	0	0	python main_script.py 4 3 50 0.12
126	:	1600036121.297	     4.736	0	35	0	0	python main_script.py 4 3 30 0.12
138	:	1600036121.346	     4.687	0	35	0	0	python main_script.py 4 4 20 0.12
124	:	1600036121.290	     4.789	0	35	0	0	python main_script.py 4 3 40 0.12
100	:	1600036121.177	     4.924	0	35	0	0	python main_script.py 3 5 10 0.12
140	:	1600036121.354	     4.805	0	35	0	0	python main_script.py 4 4 10 0.12
132	:	1600036121.322	     4.849	0	35	0	0	python main_script.py 4 4 50 0.12
137	:	1600036121.342	     4.894	0	35	0	0	python main_script.py 4 4 20 0.09
129	:	1600036121.309	     5.012	0	35	0	0	python main_script.py 4 3 10 0.09
123	:	1600036121.287	     5.144	0	35	0	0	python main_script.py 4 3 40 0.09
135	:	1600036121.333	     5.164	0	35	0	0	python main_script.py 4 4 30 0.09
133	:	1600036121.325	     5.243	0	35	0	0	python main_script.py 4 4 40 0.09
86	:	1600036121.097	     7.252	0	35	0	0	python main_script.py 3 4 30 0.12
125	:	1600036121.293	     7.282	0	35	0	0	python main_script.py 4 3 30 0.09
130	:	1600036121.313	     7.361	0	35	0	0	python main_script.py 4 3 10 0.12
90	:	1600036121.121	     7.575	0	35	0	0	python main_script.py 3 4 10 0.12
131	:	1600036121.318	     9.689	0	35	0	0	python main_script.py 4 4 50 0.09
142	:	1600036125.547	     5.595	0	35	0	0	python main_script.py 4 5 50 0.12
127	:	1600036121.301	    10.081	0	35	0	0	python main_script.py 4 3 20 0.09
149	:	1600036125.705	     6.067	0	35	0	0	python main_script.py 4 5 10 0.09
145	:	1600036125.659	     6.140	0	35	0	0	python main_script.py 4 5 30 0.09
147	:	1600036125.676	     6.154	0	35	0	0	python main_script.py 4 5 20 0.09
146	:	1600036125.664	     6.175	0	35	0	0	python main_script.py 4 5 30 0.12
143	:	1600036125.627	     6.267	0	35	0	0	python main_script.py 4 5 40 0.09
144	:	1600036125.647	     6.893	0	35	0	0	python main_script.py 4 5 40 0.12
171	:	1600036126.332	     6.559	0	35	0	0	python main_script.py 5 3 50 0.09
150	:	1600036125.711	     7.374	0	35	0	0	python main_script.py 4 5 10 0.12
141	:	1600036125.483	     7.618	0	35	0	0	python main_script.py 4 5 50 0.09
173	:	1600036126.502	     6.669	0	35	0	0	python main_script.py 5 3 40 0.09
148	:	1600036125.681	     7.841	0	35	0	0	python main_script.py 4 5 20 0.12
174	:	1600036126.583	     7.009	0	35	0	0	python main_script.py 5 3 40 0.12
172	:	1600036126.437	     7.182	0	35	0	0	python main_script.py 5 3 50 0.12
175	:	1600036128.367	     7.321	0	35	0	0	python main_script.py 5 3 30 0.09
176	:	1600036128.581	     7.584	0	35	0	0	python main_script.py 5 3 30 0.12
178	:	1600036128.714	     8.628	0	35	0	0	python main_script.py 5 3 20 0.12
177	:	1600036128.683	     9.392	0	35	0	0	python main_script.py 5 3 20 0.09
179	:	1600036131.027	     7.348	0	35	0	0	python main_script.py 5 3 10 0.09
180	:	1600036131.151	     7.517	0	35	0	0	python main_script.py 5 3 10 0.12
184	:	1600036131.840	     6.959	0	35	0	0	python main_script.py 5 4 40 0.12
186	:	1600036131.921	     7.252	0	35	0	0	python main_script.py 5 4 30 0.12
181	:	1600036131.389	     8.241	0	35	0	0	python main_script.py 5 4 50 0.09
183	:	1600036131.804	     7.971	0	35	0	0	python main_script.py 5 4 40 0.09
185	:	1600036131.858	     7.940	0	35	0	0	python main_script.py 5 4 30 0.09
188	:	1600036132.908	     7.157	0	35	0	0	python main_script.py 5 4 20 0.12
187	:	1600036132.549	     7.638	0	35	0	0	python main_script.py 5 4 20 0.09
182	:	1600036131.779	     8.688	0	35	0	0	python main_script.py 5 4 50 0.12
194	:	1600036133.626	     7.708	0	35	0	0	python main_script.py 5 5 40 0.12
190	:	1600036133.116	     8.430	0	35	0	0	python main_script.py 5 4 10 0.12
189	:	1600036133.101	     8.691	0	35	0	0	python main_script.py 5 4 10 0.09
193	:	1600036133.608	     8.293	0	35	0	0	python main_script.py 5 5 40 0.09
191	:	1600036133.191	     9.414	0	35	0	0	python main_script.py 5 5 50 0.09
192	:	1600036133.544	    10.371	0	35	0	0	python main_script.py 5 5 50 0.12
195	:	1600036135.701	     8.907	0	35	0	0	python main_script.py 5 5 30 0.09
196	:	1600036136.177	     8.648	0	35	0	0	python main_script.py 5 5 30 0.12
199	:	1600036138.382	     8.528	0	35	0	0	python main_script.py 5 5 10 0.09
200	:	1600036138.686	     8.384	0	35	0	0	python main_script.py 5 5 10 0.12
197	:	1600036137.361	    10.365	0	35	0	0	python main_script.py 5 5 20 0.09
198	:	1600036138.095	     9.789	0	35	0	0	python main_script.py 5 5 20 0.12
8	:	1600036092.307	    64.526	0	383	0	0	python main_script.py 2 1 20 0.12
7	:	1600036092.305	    64.881	0	384	0	0	python main_script.py 2 1 20 0.09
9	:	1600036092.309	    65.938	0	384	0	0	python main_script.py 2 1 10 0.09
10	:	1600036092.311	    67.982	0	385	0	0	python main_script.py 2 1 10 0.12
6	:	1600036092.303	    73.561	0	385	0	0	python main_script.py 2 1 30 0.12
5	:	1600036092.300	    75.664	0	385	0	0	python main_script.py 2 1 30 0.09
3	:	1600036092.296	    77.302	0	386	0	0	python main_script.py 2 1 40 0.09
4	:	1600036092.298	    78.898	0	384	0	0	python main_script.py 2 1 40 0.12
2	:	1600036092.294	    80.320	0	386	0	0	python main_script.py 2 1 50 0.12
1	:	1600036092.292	    84.700	0	386	0	0	python main_script.py 2 1 50 0.09
59	:	1600036092.423	    86.544	0	385	0	0	python main_script.py 3 1 10 0.09
57	:	1600036092.417	    87.954	0	382	0	0	python main_script.py 3 1 20 0.09
231	:	1600036178.988	     7.649	0	35	0	0	python main_script.py 6 4 50 0.09
232	:	1600036180.389	     8.463	0	35	0	0	python main_script.py 6 4 50 0.12
58	:	1600036092.421	    97.924	0	384	0	0	python main_script.py 3 1 20 0.12
60	:	1600036092.426	    98.176	0	384	0	0	python main_script.py 3 1 10 0.12
55	:	1600036092.410	    99.020	0	382	0	0	python main_script.py 3 1 30 0.09
233	:	1600036186.654	     8.208	0	35	0	0	python main_script.py 6 4 40 0.09
234	:	1600036188.869	     7.910	0	35	0	0	python main_script.py 6 4 40 0.12
235	:	1600036190.370	     8.261	0	35	0	0	python main_script.py 6 4 30 0.09
236	:	1600036190.618	     8.394	0	35	0	0	python main_script.py 6 4 30 0.12
53	:	1600036092.406	   107.084	0	385	0	0	python main_script.py 3 1 40 0.09
237	:	1600036191.451	     8.212	0	35	0	0	python main_script.py 6 4 20 0.09
238	:	1600036194.882	     7.868	0	35	0	0	python main_script.py 6 4 20 0.12
239	:	1600036196.799	     6.672	0	35	0	0	python main_script.py 6 4 10 0.09
107	:	1600036121.214	    82.740	0	386	0	0	python main_script.py 4 1 20 0.09
117	:	1600036121.260	    83.654	0	386	0	0	python main_script.py 4 2 20 0.09
240	:	1600036198.637	     6.694	0	35	0	0	python main_script.py 6 4 10 0.12
241	:	1600036199.039	     6.941	0	35	0	0	python main_script.py 6 5 50 0.09
243	:	1600036199.690	     6.796	0	35	0	0	python main_script.py 6 5 40 0.09
109	:	1600036121.227	    85.571	0	385	0	0	python main_script.py 4 1 10 0.09
242	:	1600036199.494	     7.360	0	35	0	0	python main_script.py 6 5 50 0.12
119	:	1600036121.269	    85.612	0	385	0	0	python main_script.py 4 2 10 0.09
51	:	1600036092.401	   114.614	0	385	0	0	python main_script.py 3 1 50 0.09
56	:	1600036092.413	   115.629	0	384	0	0	python main_script.py 3 1 30 0.12
244	:	1600036202.756	     7.029	0	35	0	0	python main_script.py 6 5 40 0.12
245	:	1600036203.490	     8.480	0	35	0	0	python main_script.py 6 5 30 0.09
248	:	1600036205.349	     6.851	0	35	0	0	python main_script.py 6 5 20 0.12
246	:	1600036203.969	     8.240	0	35	0	0	python main_script.py 6 5 30 0.12
247	:	1600036204.934	     7.789	0	35	0	0	python main_script.py 6 5 20 0.09
249	:	1600036206.000	     7.111	0	35	0	0	python main_script.py 6 5 10 0.09
250	:	1600036206.499	     7.212	0	35	0	0	python main_script.py 6 5 10 0.12
115	:	1600036121.252	    95.176	0	386	0	0	python main_script.py 4 2 30 0.09
54	:	1600036092.408	   129.864	0	372	0	0	python main_script.py 3 1 40 0.12
105	:	1600036121.204	   102.352	0	385	0	0	python main_script.py 4 1 30 0.09
169	:	1600036126.180	    98.694	0	386	0	0	python main_script.py 5 2 10 0.09
159	:	1600036126.003	    99.461	0	387	0	0	python main_script.py 5 1 10 0.09
167	:	1600036126.106	   103.164	0	386	0	0	python main_script.py 5 2 20 0.09
157	:	1600036125.943	   105.783	0	386	0	0	python main_script.py 5 1 20 0.09
113	:	1600036121.244	   110.505	0	385	0	0	python main_script.py 4 2 40 0.09
103	:	1600036121.193	   113.214	0	385	0	0	python main_script.py 4 1 40 0.09
52	:	1600036092.404	   143.030	0	387	0	0	python main_script.py 3 1 50 0.12
110	:	1600036121.231	   117.460	0	385	0	0	python main_script.py 4 1 10 0.12
118	:	1600036121.264	   118.634	0	386	0	0	python main_script.py 4 2 20 0.12
101	:	1600036121.183	   119.107	0	372	0	0	python main_script.py 4 1 50 0.09
111	:	1600036121.236	   120.352	0	372	0	0	python main_script.py 4 2 50 0.09
120	:	1600036121.274	   120.838	0	387	0	0	python main_script.py 4 2 10 0.12
108	:	1600036121.218	   121.413	0	388	0	0	python main_script.py 4 1 20 0.12
165	:	1600036126.049	   117.382	0	372	0	0	python main_script.py 5 2 30 0.09
155	:	1600036125.764	   121.044	0	387	0	0	python main_script.py 5 1 30 0.09
207	:	1600036140.206	   109.355	0	384	0	0	python main_script.py 6 1 20 0.09
209	:	1600036141.339	   111.348	0	387	0	0	python main_script.py 6 1 10 0.09
163	:	1600036126.039	   126.769	0	368	0	0	python main_script.py 5 2 40 0.09
281	:	1600036249.581	     4.346	0	35	0	0	python main_script.py 7 4 50 0.09
153	:	1600036125.754	   128.509	0	385	0	0	python main_script.py 5 1 40 0.09
219	:	1600036147.735	   106.547	0	387	0	0	python main_script.py 6 2 10 0.09
217	:	1600036146.929	   107.768	0	383	0	0	python main_script.py 6 2 20 0.09
106	:	1600036121.208	   134.266	0	384	0	0	python main_script.py 4 1 30 0.12
116	:	1600036121.256	   136.342	0	387	0	0	python main_script.py 4 2 30 0.12
283	:	1600036252.814	     5.026	0	35	0	0	python main_script.py 7 4 40 0.09
282	:	1600036252.707	     5.713	0	35	0	0	python main_script.py 7 4 50 0.12
285	:	1600036254.269	     5.030	0	35	0	0	python main_script.py 7 4 30 0.09
286	:	1600036254.287	     5.384	0	35	0	0	python main_script.py 7 4 30 0.12
284	:	1600036253.947	     6.105	0	35	0	0	python main_script.py 7 4 40 0.12
287	:	1600036254.715	     5.986	0	35	0	0	python main_script.py 7 4 20 0.09
288	:	1600036255.480	     5.864	0	35	0	0	python main_script.py 7 4 20 0.12
289	:	1600036257.618	     5.070	0	35	0	0	python main_script.py 7 4 10 0.09
291	:	1600036258.435	     4.554	0	35	0	0	python main_script.py 7 5 50 0.09
290	:	1600036257.845	     5.155	0	35	0	0	python main_script.py 7 4 10 0.12
292	:	1600036259.319	     4.401	0	35	0	0	python main_script.py 7 5 50 0.12
293	:	1600036259.690	     4.805	0	35	0	0	python main_script.py 7 5 40 0.09
151	:	1600036125.721	   138.977	0	387	0	0	python main_script.py 5 1 50 0.09
294	:	1600036260.071	     4.645	0	35	0	0	python main_script.py 7 5 40 0.12
295	:	1600036260.707	     4.641	0	35	0	0	python main_script.py 7 5 30 0.09
161	:	1600036126.017	   139.686	0	373	0	0	python main_script.py 5 2 50 0.09
296	:	1600036261.363	     4.561	0	35	0	0	python main_script.py 7 5 30 0.12
297	:	1600036262.694	     4.759	0	35	0	0	python main_script.py 7 5 20 0.09
205	:	1600036139.811	   127.801	0	388	0	0	python main_script.py 6 1 30 0.09
298	:	1600036263.001	     4.922	0	35	0	0	python main_script.py 7 5 20 0.12
299	:	1600036263.021	     4.988	0	35	0	0	python main_script.py 7 5 10 0.09
300	:	1600036263.725	     4.322	0	35	0	0	python main_script.py 7 5 10 0.12
215	:	1600036144.615	   123.533	0	371	0	0	python main_script.py 6 2 30 0.09
229	:	1600036172.622	    95.627	0	386	0	0	python main_script.py 6 3 10 0.09
227	:	1600036169.617	    99.995	0	385	0	0	python main_script.py 6 3 20 0.09
225	:	1600036165.883	   122.275	0	384	0	0	python main_script.py 6 3 30 0.09
