Seq	Host	Starttime	JobRuntime	Send	Receive	Exitval	Signal	Command
20	:	1600206378.828	     4.299	0	35	0	0	python main_script.py 2 2 10 0.12
16	:	1600206378.820	     4.328	0	35	0	0	python main_script.py 2 2 30 0.12
24	:	1600206378.836	     4.391	0	35	0	0	python main_script.py 2 3 40 0.12
14	:	1600206378.816	     4.444	0	35	0	0	python main_script.py 2 2 40 0.12
38	:	1600206378.864	     4.425	0	35	0	0	python main_script.py 2 4 20 0.12
15	:	1600206378.818	     4.475	0	35	0	0	python main_script.py 2 2 30 0.09
44	:	1600206378.880	     4.414	0	35	0	0	python main_script.py 2 5 40 0.12
33	:	1600206378.854	     4.444	0	35	0	0	python main_script.py 2 4 40 0.09
68	:	1600206378.950	     4.349	0	35	0	0	python main_script.py 3 2 20 0.12
26	:	1600206378.839	     4.473	0	35	0	0	python main_script.py 2 3 30 0.12
36	:	1600206378.861	     4.463	0	35	0	0	python main_script.py 2 4 30 0.12
31	:	1600206378.851	     4.478	0	35	0	0	python main_script.py 2 4 50 0.09
46	:	1600206378.885	     4.450	0	35	0	0	python main_script.py 2 5 30 0.12
13	:	1600206378.814	     4.530	0	35	0	0	python main_script.py 2 2 40 0.09
77	:	1600206378.976	     4.368	0	35	0	0	python main_script.py 3 3 20 0.09
79	:	1600206378.982	     4.380	0	35	0	0	python main_script.py 3 3 10 0.09
61	:	1600206378.929	     4.440	0	35	0	0	python main_script.py 3 2 50 0.09
12	:	1600206378.812	     4.562	0	35	0	0	python main_script.py 2 2 50 0.12
34	:	1600206378.856	     4.519	0	35	0	0	python main_script.py 2 4 40 0.12
30	:	1600206378.849	     4.529	0	35	0	0	python main_script.py 2 3 10 0.12
66	:	1600206378.944	     4.448	0	35	0	0	python main_script.py 3 2 30 0.12
48	:	1600206378.891	     4.506	0	35	0	0	python main_script.py 2 5 20 0.12
28	:	1600206378.844	     4.582	0	35	0	0	python main_script.py 2 3 20 0.12
69	:	1600206378.953	     4.487	0	35	0	0	python main_script.py 3 2 10 0.09
29	:	1600206378.846	     4.598	0	35	0	0	python main_script.py 2 3 10 0.09
80	:	1600206378.985	     4.466	0	35	0	0	python main_script.py 3 3 10 0.12
17	:	1600206378.822	     4.629	0	35	0	0	python main_script.py 2 2 20 0.09
49	:	1600206378.894	     4.565	0	35	0	0	python main_script.py 2 5 10 0.09
11	:	1600206378.810	     4.656	0	35	0	0	python main_script.py 2 2 50 0.09
27	:	1600206378.842	     4.625	0	35	0	0	python main_script.py 2 3 20 0.09
73	:	1600206378.965	     4.503	0	35	0	0	python main_script.py 3 3 40 0.09
78	:	1600206378.979	     4.488	0	35	0	0	python main_script.py 3 3 20 0.12
18	:	1600206378.824	     4.649	0	35	0	0	python main_script.py 2 2 20 0.12
70	:	1600206378.957	     4.516	0	35	0	0	python main_script.py 3 2 10 0.12
42	:	1600206378.876	     4.598	0	35	0	0	python main_script.py 2 5 50 0.12
22	:	1600206378.832	     4.651	0	35	0	0	python main_script.py 2 3 50 0.12
50	:	1600206378.897	     4.586	0	35	0	0	python main_script.py 2 5 10 0.12
37	:	1600206378.863	     4.621	0	35	0	0	python main_script.py 2 4 20 0.09
23	:	1600206378.834	     4.659	0	35	0	0	python main_script.py 2 3 40 0.09
75	:	1600206378.971	     4.523	0	35	0	0	python main_script.py 3 3 30 0.09
67	:	1600206378.948	     4.559	0	35	0	0	python main_script.py 3 2 20 0.09
40	:	1600206378.870	     4.648	0	35	0	0	python main_script.py 2 4 10 0.12
43	:	1600206378.878	     4.644	0	35	0	0	python main_script.py 2 5 40 0.09
35	:	1600206378.859	     4.677	0	35	0	0	python main_script.py 2 4 30 0.09
39	:	1600206378.867	     4.668	0	35	0	0	python main_script.py 2 4 10 0.09
76	:	1600206378.973	     4.573	0	35	0	0	python main_script.py 3 3 30 0.12
63	:	1600206378.936	     4.615	0	35	0	0	python main_script.py 3 2 40 0.09
21	:	1600206378.829	     4.734	0	35	0	0	python main_script.py 2 3 50 0.09
45	:	1600206378.883	     4.682	0	35	0	0	python main_script.py 2 5 30 0.09
64	:	1600206378.939	     4.626	0	35	0	0	python main_script.py 3 2 40 0.12
65	:	1600206378.941	     4.631	0	35	0	0	python main_script.py 3 2 30 0.09
41	:	1600206378.872	     4.701	0	35	0	0	python main_script.py 2 5 50 0.09
74	:	1600206378.968	     4.616	0	35	0	0	python main_script.py 3 3 40 0.12
62	:	1600206378.932	     4.669	0	35	0	0	python main_script.py 3 2 50 0.12
25	:	1600206378.838	     4.763	0	35	0	0	python main_script.py 2 3 30 0.09
72	:	1600206378.962	     4.703	0	35	0	0	python main_script.py 3 3 50 0.12
71	:	1600206378.960	     4.711	0	35	0	0	python main_script.py 3 3 50 0.09
47	:	1600206378.888	     4.789	0	35	0	0	python main_script.py 2 5 20 0.09
32	:	1600206378.853	     4.830	0	35	0	0	python main_script.py 2 4 50 0.12
19	:	1600206378.825	     4.953	0	35	0	0	python main_script.py 2 2 10 0.09
95	:	1600206383.354	     4.144	0	35	0	0	python main_script.py 3 5 30 0.09
125	:	1600206383.558	     4.021	0	35	0	0	python main_script.py 4 3 30 0.09
82	:	1600206383.154	     4.450	0	35	0	0	python main_script.py 3 4 50 0.12
100	:	1600206383.389	     4.259	0	35	0	0	python main_script.py 3 5 10 0.12
96	:	1600206383.369	     4.338	0	35	0	0	python main_script.py 3 5 30 0.12
88	:	1600206383.308	     4.402	0	35	0	0	python main_script.py 3 4 20 0.12
81	:	1600206383.133	     4.706	0	35	0	0	python main_script.py 3 4 50 0.09
124	:	1600206383.552	     4.315	0	35	0	0	python main_script.py 4 3 40 0.12
86	:	1600206383.299	     4.575	0	35	0	0	python main_script.py 3 4 30 0.12
89	:	1600206383.312	     4.585	0	35	0	0	python main_script.py 3 4 10 0.09
123	:	1600206383.546	     4.351	0	35	0	0	python main_script.py 4 3 40 0.09
93	:	1600206383.340	     4.572	0	35	0	0	python main_script.py 3 5 40 0.09
87	:	1600206383.304	     4.694	0	35	0	0	python main_script.py 3 4 20 0.09
83	:	1600206383.233	     4.779	0	35	0	0	python main_script.py 3 4 40 0.09
130	:	1600206383.584	     4.436	0	35	0	0	python main_script.py 4 3 10 0.12
91	:	1600206383.330	     4.713	0	35	0	0	python main_script.py 3 5 50 0.09
137	:	1600206383.677	     4.382	0	35	0	0	python main_script.py 4 4 20 0.09
84	:	1600206383.266	     4.832	0	35	0	0	python main_script.py 3 4 40 0.12
94	:	1600206383.349	     4.755	0	35	0	0	python main_script.py 3 5 40 0.12
121	:	1600206383.535	     4.615	0	35	0	0	python main_script.py 4 3 50 0.09
99	:	1600206383.384	     4.770	0	35	0	0	python main_script.py 3 5 10 0.09
92	:	1600206383.335	     4.842	0	35	0	0	python main_script.py 3 5 50 0.12
133	:	1600206383.601	     4.595	0	35	0	0	python main_script.py 4 4 40 0.09
129	:	1600206383.579	     4.638	0	35	0	0	python main_script.py 4 3 10 0.09
132	:	1600206383.597	     4.648	0	35	0	0	python main_script.py 4 4 50 0.12
90	:	1600206383.318	     4.934	0	35	0	0	python main_script.py 3 4 10 0.12
134	:	1600206383.606	     4.653	0	35	0	0	python main_script.py 4 4 40 0.12
85	:	1600206383.294	     4.983	0	35	0	0	python main_script.py 3 4 30 0.09
140	:	1600206383.784	     4.516	0	35	0	0	python main_script.py 4 4 10 0.12
127	:	1600206383.568	     4.740	0	35	0	0	python main_script.py 4 3 20 0.09
97	:	1600206383.374	     4.978	0	35	0	0	python main_script.py 3 5 20 0.09
122	:	1600206383.541	     4.846	0	35	0	0	python main_script.py 4 3 50 0.12
136	:	1600206383.671	     4.743	0	35	0	0	python main_script.py 4 4 30 0.12
139	:	1600206383.687	     4.736	0	35	0	0	python main_script.py 4 4 10 0.09
131	:	1600206383.593	     4.835	0	35	0	0	python main_script.py 4 4 50 0.09
98	:	1600206383.379	     5.055	0	35	0	0	python main_script.py 3 5 20 0.12
126	:	1600206383.563	     4.873	0	35	0	0	python main_script.py 4 3 30 0.12
135	:	1600206383.612	     4.888	0	35	0	0	python main_script.py 4 4 30 0.09
128	:	1600206383.573	     5.071	0	35	0	0	python main_script.py 4 3 20 0.12
138	:	1600206383.683	     7.898	0	35	0	0	python main_script.py 4 4 20 0.12
145	:	1600206387.711	     6.347	0	35	0	0	python main_script.py 4 5 30 0.09
144	:	1600206387.653	     6.621	0	35	0	0	python main_script.py 4 5 40 0.12
142	:	1600206387.588	     6.704	0	35	0	0	python main_script.py 4 5 50 0.12
150	:	1600206387.903	     6.406	0	35	0	0	python main_script.py 4 5 10 0.12
143	:	1600206387.609	     6.736	0	35	0	0	python main_script.py 4 5 40 0.09
146	:	1600206387.715	     6.696	0	35	0	0	python main_script.py 4 5 30 0.12
141	:	1600206387.503	     7.165	0	35	0	0	python main_script.py 4 5 50 0.09
171	:	1600206388.357	     6.421	0	35	0	0	python main_script.py 5 3 50 0.09
176	:	1600206388.441	     6.352	0	35	0	0	python main_script.py 5 3 30 0.12
147	:	1600206387.860	     7.026	0	35	0	0	python main_script.py 4 5 20 0.09
149	:	1600206387.897	     7.059	0	35	0	0	python main_script.py 4 5 10 0.09
175	:	1600206388.434	     6.684	0	35	0	0	python main_script.py 5 3 30 0.09
172	:	1600206388.393	     6.782	0	35	0	0	python main_script.py 5 3 50 0.12
179	:	1600206388.653	     6.592	0	35	0	0	python main_script.py 5 3 10 0.09
177	:	1600206388.446	     6.970	0	35	0	0	python main_script.py 5 3 20 0.09
174	:	1600206388.429	     6.995	0	35	0	0	python main_script.py 5 3 40 0.12
148	:	1600206387.874	     8.197	0	35	0	0	python main_script.py 4 5 20 0.12
178	:	1600206388.506	     7.950	0	35	0	0	python main_script.py 5 3 20 0.12
173	:	1600206388.420	     8.134	0	35	0	0	python main_script.py 5 3 40 0.09
180	:	1600206391.601	     7.034	0	35	0	0	python main_script.py 5 3 10 0.12
191	:	1600206394.973	     6.520	0	35	0	0	python main_script.py 5 5 50 0.09
184	:	1600206394.328	     7.296	0	35	0	0	python main_script.py 5 4 40 0.12
181	:	1600206394.068	     7.712	0	35	0	0	python main_script.py 5 4 50 0.09
186	:	1600206394.430	     7.734	0	35	0	0	python main_script.py 5 4 30 0.12
182	:	1600206394.290	     8.194	0	35	0	0	python main_script.py 5 4 50 0.12
189	:	1600206394.803	     7.816	0	35	0	0	python main_script.py 5 4 10 0.09
183	:	1600206394.302	     8.394	0	35	0	0	python main_script.py 5 4 40 0.09
188	:	1600206394.787	     7.985	0	35	0	0	python main_script.py 5 4 20 0.12
185	:	1600206394.359	     8.472	0	35	0	0	python main_script.py 5 4 30 0.09
192	:	1600206395.125	     7.769	0	35	0	0	python main_script.py 5 5 50 0.12
195	:	1600206395.424	     7.649	0	35	0	0	python main_script.py 5 5 30 0.09
187	:	1600206394.673	     8.621	0	35	0	0	python main_script.py 5 4 20 0.09
190	:	1600206394.910	     8.766	0	35	0	0	python main_script.py 5 4 10 0.12
193	:	1600206395.200	     8.851	0	35	0	0	python main_script.py 5 5 40 0.09
196	:	1600206395.443	     8.845	0	35	0	0	python main_script.py 5 5 30 0.12
194	:	1600206395.252	     9.064	0	35	0	0	python main_script.py 5 5 40 0.12
198	:	1600206396.475	     8.573	0	35	0	0	python main_script.py 5 5 20 0.12
197	:	1600206396.078	     9.230	0	35	0	0	python main_script.py 5 5 20 0.09
199	:	1600206396.567	     9.463	0	35	0	0	python main_script.py 5 5 10 0.09
200	:	1600206398.642	     9.621	0	35	0	0	python main_script.py 5 5 10 0.12
8	:	1600206378.804	    38.338	0	383	0	0	python main_script.py 2 1 20 0.12
9	:	1600206378.806	    38.826	0	384	0	0	python main_script.py 2 1 10 0.09
10	:	1600206378.808	    40.075	0	385	0	0	python main_script.py 2 1 10 0.12
7	:	1600206378.803	    44.625	0	384	0	0	python main_script.py 2 1 20 0.09
5	:	1600206378.799	    49.615	0	385	0	0	python main_script.py 2 1 30 0.09
6	:	1600206378.801	    52.101	0	385	0	0	python main_script.py 2 1 30 0.12
4	:	1600206378.797	    52.150	0	384	0	0	python main_script.py 2 1 40 0.12
3	:	1600206378.795	    54.452	0	386	0	0	python main_script.py 2 1 40 0.09
59	:	1600206378.923	    58.392	0	385	0	0	python main_script.py 3 1 10 0.09
2	:	1600206378.793	    59.667	0	386	0	0	python main_script.py 2 1 50 0.12
57	:	1600206378.918	    59.950	0	382	0	0	python main_script.py 3 1 20 0.09
1	:	1600206378.791	    61.096	0	386	0	0	python main_script.py 2 1 50 0.09
231	:	1600206438.887	     8.067	0	35	0	0	python main_script.py 6 4 50 0.09
232	:	1600206439.905	     9.187	0	35	0	0	python main_script.py 6 4 50 0.12
55	:	1600206378.912	    75.413	0	382	0	0	python main_script.py 3 1 30 0.09
58	:	1600206378.920	    76.176	0	384	0	0	python main_script.py 3 1 20 0.12
60	:	1600206378.927	    77.868	0	384	0	0	python main_script.py 3 1 10 0.12
233	:	1600206446.967	    10.059	0	35	0	0	python main_script.py 6 4 40 0.09
234	:	1600206449.110	    10.026	0	35	0	0	python main_script.py 6 4 40 0.12
53	:	1600206378.907	    82.977	0	385	0	0	python main_script.py 3 1 40 0.09
236	:	1600206455.113	     7.106	0	35	0	0	python main_script.py 6 4 30 0.12
235	:	1600206454.343	     8.436	0	35	0	0	python main_script.py 6 4 30 0.09
237	:	1600206456.814	     6.777	0	35	0	0	python main_script.py 6 4 20 0.09
238	:	1600206457.042	     7.894	0	35	0	0	python main_script.py 6 4 20 0.12
239	:	1600206459.154	     6.526	0	35	0	0	python main_script.py 6 4 10 0.09
109	:	1600206383.473	    84.134	0	385	0	0	python main_script.py 4 1 10 0.09
240	:	1600206461.903	     6.931	0	35	0	0	python main_script.py 6 4 10 0.12
242	:	1600206462.797	     6.084	0	35	0	0	python main_script.py 6 5 50 0.12
241	:	1600206462.225	     6.677	0	35	0	0	python main_script.py 6 5 50 0.09
117	:	1600206383.513	    86.319	0	386	0	0	python main_script.py 4 2 20 0.09
56	:	1600206378.915	    91.233	0	384	0	0	python main_script.py 3 1 30 0.12
119	:	1600206383.522	    86.929	0	385	0	0	python main_script.py 4 2 10 0.09
243	:	1600206463.604	     7.605	0	35	0	0	python main_script.py 6 5 40 0.09
51	:	1600206378.901	    92.509	0	385	0	0	python main_script.py 3 1 50 0.09
245	:	1600206465.701	     5.927	0	35	0	0	python main_script.py 6 5 30 0.09
244	:	1600206464.955	     7.485	0	35	0	0	python main_script.py 6 5 40 0.12
107	:	1600206383.460	    89.578	0	386	0	0	python main_script.py 4 1 20 0.09
246	:	1600206467.611	     6.789	0	35	0	0	python main_script.py 6 5 30 0.12
248	:	1600206468.902	     6.808	0	35	0	0	python main_script.py 6 5 20 0.12
54	:	1600206378.910	    97.131	0	371	0	0	python main_script.py 3 1 40 0.12
247	:	1600206468.853	     7.774	0	35	0	0	python main_script.py 6 5 20 0.09
249	:	1600206468.921	     7.719	0	35	0	0	python main_script.py 6 5 10 0.09
250	:	1600206469.851	     7.657	0	35	0	0	python main_script.py 6 5 10 0.12
105	:	1600206383.451	    96.216	0	385	0	0	python main_script.py 4 1 30 0.09
115	:	1600206383.504	   103.633	0	386	0	0	python main_script.py 4 2 30 0.09
169	:	1600206388.304	   100.582	0	386	0	0	python main_script.py 5 2 10 0.09
157	:	1600206388.068	   103.467	0	386	0	0	python main_script.py 5 1 20 0.09
167	:	1600206388.277	   104.134	0	386	0	0	python main_script.py 5 2 20 0.09
103	:	1600206383.431	   109.819	0	385	0	0	python main_script.py 4 1 40 0.09
52	:	1600206378.903	   114.573	0	387	0	0	python main_script.py 3 1 50 0.12
113	:	1600206383.494	   110.519	0	385	0	0	python main_script.py 4 2 40 0.09
159	:	1600206388.109	   108.128	0	388	0	0	python main_script.py 5 1 10 0.09
120	:	1600206383.527	   114.855	0	387	0	0	python main_script.py 4 2 10 0.12
111	:	1600206383.483	   117.017	0	372	0	0	python main_script.py 4 2 50 0.09
110	:	1600206383.478	   117.614	0	385	0	0	python main_script.py 4 1 10 0.12
101	:	1600206383.397	   118.527	0	372	0	0	python main_script.py 4 1 50 0.09
165	:	1600206388.252	   115.471	0	372	0	0	python main_script.py 5 2 30 0.09
108	:	1600206383.466	   120.717	0	388	0	0	python main_script.py 4 1 20 0.12
155	:	1600206388.044	   116.854	0	387	0	0	python main_script.py 5 1 30 0.09
118	:	1600206383.518	   121.400	0	386	0	0	python main_script.py 4 2 20 0.12
209	:	1600206402.837	   105.339	0	386	0	0	python main_script.py 6 1 10 0.09
281	:	1600206508.182	     4.519	0	35	0	0	python main_script.py 7 4 50 0.09
219	:	1600206406.050	   108.877	0	388	0	0	python main_script.py 6 2 10 0.09
207	:	1600206402.704	   112.490	0	384	0	0	python main_script.py 6 1 20 0.09
163	:	1600206388.217	   128.276	0	368	0	0	python main_script.py 5 2 40 0.09
217	:	1600206405.070	   111.552	0	384	0	0	python main_script.py 6 2 20 0.09
153	:	1600206388.006	   129.700	0	385	0	0	python main_script.py 5 1 40 0.09
116	:	1600206383.508	   134.407	0	387	0	0	python main_script.py 4 2 30 0.12
282	:	1600206512.721	     5.375	0	35	0	0	python main_script.py 7 4 50 0.12
106	:	1600206383.456	   136.505	0	384	0	0	python main_script.py 4 1 30 0.12
283	:	1600206514.946	     5.970	0	35	0	0	python main_script.py 7 4 40 0.09
284	:	1600206515.214	     6.187	0	35	0	0	python main_script.py 7 4 40 0.12
286	:	1600206516.638	     4.769	0	35	0	0	python main_script.py 7 4 30 0.12
285	:	1600206516.514	     5.427	0	35	0	0	python main_script.py 7 4 30 0.09
287	:	1600206517.713	     4.608	0	35	0	0	python main_script.py 7 4 20 0.09
289	:	1600206518.103	     4.861	0	35	0	0	python main_script.py 7 4 10 0.09
288	:	1600206517.921	     5.049	0	35	0	0	python main_script.py 7 4 20 0.12
290	:	1600206519.989	     4.715	0	35	0	0	python main_script.py 7 4 10 0.12
291	:	1600206520.923	     5.434	0	35	0	0	python main_script.py 7 5 50 0.09
293	:	1600206521.444	     4.976	0	35	0	0	python main_script.py 7 5 40 0.09
292	:	1600206521.407	     5.261	0	35	0	0	python main_script.py 7 5 50 0.12
294	:	1600206521.961	     4.743	0	35	0	0	python main_script.py 7 5 40 0.12
205	:	1600206402.501	   124.363	0	388	0	0	python main_script.py 6 1 30 0.09
295	:	1600206522.328	     4.610	0	35	0	0	python main_script.py 7 5 30 0.09
161	:	1600206388.162	   138.855	0	373	0	0	python main_script.py 5 2 50 0.09
297	:	1600206522.989	     4.668	0	35	0	0	python main_script.py 7 5 20 0.09
296	:	1600206522.970	     4.891	0	35	0	0	python main_script.py 7 5 30 0.12
151	:	1600206387.912	   141.420	0	387	0	0	python main_script.py 5 1 50 0.09
229	:	1600206437.335	    92.029	0	386	0	0	python main_script.py 6 3 10 0.09
298	:	1600206524.711	     4.799	0	35	0	0	python main_script.py 7 5 20 0.12
215	:	1600206404.302	   125.779	0	371	0	0	python main_script.py 6 2 30 0.09
300	:	1600206526.426	     4.697	0	35	0	0	python main_script.py 7 5 10 0.12
299	:	1600206526.363	     5.163	0	35	0	0	python main_script.py 7 5 10 0.09
227	:	1600206430.963	   100.776	0	385	0	0	python main_script.py 6 3 20 0.09
225	:	1600206428.433	   120.959	0	384	0	0	python main_script.py 6 3 30 0.09
