Restoring modules from user's confine_module
'confining_string_solver'  0.01 ms
'confining_string_solver'  0.02 ms
'confining_string_solver'  0.01 ms
'confining_string_solver'  0.01 ms
'confining_string_solver'  0.01 ms
'confining_string_solver'  0.01 ms
'confining_string_solver'  0.01 ms
'confining_string_solver'  0.01 ms
'confining_string_solver'  0.01 ms
'confining_string_solver'  0.01 ms
'confining_string_solver'  0.01 ms
'confining_string_solver'  0.01 ms
'confining_string_solver'  0.01 ms
'confining_string_solver'  0.01 ms
'confining_string_solver'  0.01 ms
'confining_string_solver'  0.01 ms
'confining_string_solver'  0.01 ms
'confining_string_solver'  0.01 ms
'confining_string_solver'  0.01 ms
'confining_string_solver'  0.01 ms
'confining_string_solver'  0.01 ms
'confining_string_solver'  0.01 ms
'confining_string_solver'  0.01 ms
'confining_string_solver'  0.01 ms
'confining_string_solver'  0.01 ms
'confining_string_solver'  0.01 ms
'confining_string_solver'  0.01 ms
'confining_string_solver'  0.01 ms
'confining_string_solver'  0.01 ms
'confining_string_solver'  0.01 ms
'confining_string_solver'  0.01 ms
'confining_string_solver'  0.01 ms
'confining_string_solver'  0.02 ms
'confining_string_solver'  0.01 ms
'confining_string_solver'  0.01 ms
'confining_string_solver'  0.02 ms
'confining_string_solver'  0.01 ms
'confining_string_solver'  0.01 ms
'confining_string_solver'  0.01 ms
'confining_string_solver'  0.01 ms
'confining_string_solver'  0.01 ms
'confining_string_solver'  0.01 ms
'confining_string_solver'  0.01 ms
'confining_string_solver'  0.01 ms
'confining_string_solver'  0.01 ms
'confining_string_solver'  0.01 ms
'confining_string_solver'  0.01 ms
'confining_string_solver'  0.01 ms
'confining_string_solver'  0.01 ms
'confining_string_solver'  0.01 ms
'confining_string_solver'  0.01 ms
'confining_string_solver'  0.01 ms
'confining_string_solver'  0.01 ms
'confining_string_solver'  0.02 ms
'confining_string_solver'  0.01 ms
'confining_string_solver'  0.01 ms
'confining_string_solver'  0.01 ms
'confining_string_solver'  0.01 ms
'confining_string_solver'  0.01 ms
'confining_string_solver'  0.01 ms
'confining_string_solver'  0.01 ms
'confining_string_solver'  0.01 ms
'confining_string_solver'  0.01 ms
'confining_string_solver'  0.01 ms
'confining_string_solver'  0.01 ms
'confining_string_solver'  0.01 ms
'confining_string_solver'  0.01 ms
'confining_string_solver'  0.01 ms
'confining_string_solver'  0.01 ms
'confining_string_solver'  0.01 ms
'confining_string_solver'  0.03 ms
'confining_string_solver'  0.01 ms
'confining_string_solver'  0.01 ms
'confining_string_solver'  0.01 ms
'confining_string_solver'  0.01 ms
'confining_string_solver'  0.01 ms
'confining_string_solver'  0.01 ms
'confining_string_solver'  0.01 ms
'confining_string_solver'  0.01 ms
'confining_string_solver'  0.01 ms
'confining_string_solver'  0.01 ms
'confining_string_solver'  0.01 ms
'confining_string_solver'  0.01 ms
'confining_string_solver'  0.01 ms
'confining_string_solver'  0.01 ms
'confining_string_solver'  0.01 ms
'confining_string_solver'  0.01 ms
'confining_string_solver'  0.01 ms
'confining_string_solver'  0.01 ms
'confining_string_solver'  0.01 ms
'confining_string_solver'  0.01 ms
'confining_string_solver'  0.01 ms
'confining_string_solver'  0.01 ms
'confining_string_solver'  0.01 ms
'confining_string_solver'  0.01 ms
'confining_string_solver'  0.01 ms
'confining_string_solver'  0.01 ms
'confining_string_solver'  0.01 ms
'confining_string_solver'  0.01 ms
'confining_string_solver'  0.01 ms
'confining_string_solver'  0.01 ms
'confining_string_solver'  0.01 ms
'confining_string_solver'  0.01 ms
'confining_string_solver'  0.01 ms
'confining_string_solver'  0.01 ms
'confining_string_solver'  0.01 ms
'confining_string_solver'  0.01 ms
'confining_string_solver'  0.02 ms
'confining_string_solver'  0.01 ms
'confining_string_solver'  0.01 ms
'confining_string_solver'  0.01 ms
'confining_string_solver'  0.01 ms
'confining_string_solver'  0.01 ms
'confining_string_solver'  0.01 ms
'confining_string_solver'  0.01 ms
'confining_string_solver'  0.01 ms
'confining_string_solver'  0.01 ms
'confining_string_solver'  0.01 ms
'confining_string_solver'  0.01 ms
'confining_string_solver'  0.01 ms
'confining_string_solver'  0.01 ms
'confining_string_solver'  0.01 ms
'confining_string_solver'  0.01 ms
'confining_string_solver'  0.01 ms
'confining_string_solver'  0.01 ms
'confining_string_solver'  0.01 ms
'confining_string_solver'  0.01 ms
'confining_string_solver'  0.01 ms
'confining_string_solver'  0.01 ms
'confining_string_solver'  0.01 ms
'confining_string_solver'  0.01 ms
'confining_string_solver'  0.01 ms
'confining_string_solver'  0.01 ms
'confining_string_solver'  0.01 ms
'confining_string_solver'  0.01 ms
'confining_string_solver'  0.01 ms
'confining_string_solver'  0.01 ms
'confining_string_solver'  0.01 ms
'confining_string_solver'  0.01 ms
'confining_string_solver'  0.01 ms
'solve_BPS'  23681.03 ms
'solve_BPS'  13388.93 ms
save checkpoint
restore checkpoint
save checkpoint
restore checkpoint

Attributes:
N = 2
charge_arg = w1
bound_arg = x1
epsilon = 0.09
L = 30
w = 40
h = 0.1
R = 10
use_half_grid = True
sor = 1.96
tolerance = 1e-09
error = 9.92408156359698e-10
max loop = 1045
initial keyword = BPS
gradient energy = 80.00772376033531
potential energy = 36.45658092515484
energy = 116.46430468549013
separation = 3.3000000000000007

'confining_string_solver'  87222.60 ms

Attributes:
N = 2
charge_arg = w1
bound_arg = x1
epsilon = 0.09
L = 30
w = 40
h = 0.1
R = 10
use_half_grid = True
sor = 1.96
tolerance = 1e-09
error = 9.92408156359698e-10
max loop = 1045
initial keyword = BPS
gradient energy = 80.00772376033531
potential energy = 36.45658092515484
energy = 116.46430468549013
separation = 3.3000000000000007

'confining_string_solver'  641552.79 ms

Attributes:
N = 2
charge_arg = w1
bound_arg = x1
epsilon = 0.09
L = 30
w = 40
h = 0.1
R = 10
use_half_grid = True
sor = 1.96
tolerance = 1e-09
error = 9.92408156359698e-10
max loop = 1045
initial keyword = BPS
gradient energy = 80.00772376033531
potential energy = 36.45658092515484
energy = 116.46430468549013
separation = 3.3000000000000007

'confining_string_solver'  1169123.37 ms
'solve_BPS'  22386.57 ms
'solve_BPS'  14831.11 ms
save checkpoint
restore checkpoint
save checkpoint
restore checkpoint

Attributes:
N = 2
charge_arg = w1
bound_arg = x1
epsilon = 0.12
L = 30
w = 40
h = 0.1
R = 10
use_half_grid = True
sor = 1.96
tolerance = 1e-09
error = 9.880098995295211e-10
max loop = 1100
initial keyword = BPS
gradient energy = 90.62607061536883
potential energy = 35.79213690791882
energy = 126.41820752328765
separation = 3.6999999999999993

'confining_string_solver'  142020.46 ms

Attributes:
N = 2
charge_arg = w1
bound_arg = x1
epsilon = 0.12
L = 30
w = 40
h = 0.1
R = 10
use_half_grid = True
sor = 1.96
tolerance = 1e-09
error = 9.880098995295211e-10
max loop = 1100
initial keyword = BPS
gradient energy = 90.62607061536883
potential energy = 35.79213690791882
energy = 126.41820752328765
separation = 3.6999999999999993

'confining_string_solver'  659658.05 ms

Attributes:
N = 2
charge_arg = w1
bound_arg = x1
epsilon = 0.12
L = 30
w = 40
h = 0.1
R = 10
use_half_grid = True
sor = 1.96
tolerance = 1e-09
error = 9.880098995295211e-10
max loop = 1100
initial keyword = BPS
gradient energy = 90.62607061536883
potential energy = 35.79213690791882
energy = 126.41820752328765
separation = 3.6999999999999993

'confining_string_solver'  1174130.79 ms
'solve_BPS'  30231.40 ms
'solve_BPS'  23351.31 ms
save checkpoint
restore checkpoint
save checkpoint
restore checkpoint

Attributes:
N = 3
charge_arg = w1
bound_arg = x1
epsilon = 0.09
L = 30
w = 40
h = 0.1
R = 10
use_half_grid = True
sor = 1.96
tolerance = 1e-09
error = 9.991902081356658e-10
max loop = 1089
initial keyword = BPS
gradient energy = 111.08547812320364
potential energy = 48.57089910964194
energy = 159.65637723284559
separation = 3.099999999999998

'confining_string_solver'  258222.57 ms

Attributes:
N = 3
charge_arg = w1
bound_arg = x1
epsilon = 0.09
L = 30
w = 40
h = 0.1
R = 10
use_half_grid = True
sor = 1.96
tolerance = 1e-09
error = 9.991902081356658e-10
max loop = 1089
initial keyword = BPS
gradient energy = 111.08547812320364
potential energy = 48.57089910964194
energy = 159.65637723284559
separation = 3.099999999999998

'confining_string_solver'  1386455.59 ms

Attributes:
N = 3
charge_arg = w1
bound_arg = x1
epsilon = 0.09
L = 30
w = 40
h = 0.1
R = 10
use_half_grid = True
sor = 1.96
tolerance = 1e-09
error = 9.991902081356658e-10
max loop = 1089
initial keyword = BPS
gradient energy = 111.08547812320364
potential energy = 48.57089910964194
energy = 159.65637723284559
separation = 3.099999999999998

'confining_string_solver'  2520575.19 ms
'solve_BPS'  22688.99 ms
'solve_BPS'  14366.42 ms
save checkpoint
restore checkpoint
save checkpoint
restore checkpoint
save checkpoint
restore checkpoint
save checkpoint
restore checkpoint
save checkpoint
restore checkpoint

Attributes:
N = 2
charge_arg = w1
bound_arg = x1
epsilon = 0.09
L = 30
w = 40
h = 0.1
R = 20
use_half_grid = True
sor = 1.96
tolerance = 1e-09
error = 9.988061682307768e-10
max loop = 2789
initial keyword = BPS
gradient energy = 121.39607979857544
potential energy = 76.01563498850896
energy = 197.4117147870844
separation = 4.300000000000001

'confining_string_solver'  347075.13 ms

Attributes:
N = 2
charge_arg = w1
bound_arg = x1
epsilon = 0.09
L = 30
w = 40
h = 0.1
R = 20
use_half_grid = True
sor = 1.96
tolerance = 1e-09
error = 9.988061682307768e-10
max loop = 2789
initial keyword = BPS
gradient energy = 121.39607979857544
potential energy = 76.01563498850896
energy = 197.4117147870844
separation = 4.300000000000001

'confining_string_solver'  896979.05 ms

Attributes:
N = 2
charge_arg = w1
bound_arg = x1
epsilon = 0.09
L = 30
w = 40
h = 0.1
R = 20
use_half_grid = True
sor = 1.96
tolerance = 1e-09
error = 9.988061682307768e-10
max loop = 2789
initial keyword = BPS
gradient energy = 121.39607979857544
potential energy = 76.01563498850896
energy = 197.4117147870844
separation = 4.300000000000001

'confining_string_solver'  1425754.02 ms

Attributes:
N = 2
charge_arg = w1
bound_arg = x1
epsilon = 0.09
L = 30
w = 40
h = 0.1
R = 20
use_half_grid = True
sor = 1.96
tolerance = 1e-09
error = 9.988061682307768e-10
max loop = 2789
initial keyword = BPS
gradient energy = 121.39607979857544
potential energy = 76.01563498850896
energy = 197.4117147870844
separation = 4.300000000000001

'confining_string_solver'  1977845.05 ms

Attributes:
N = 2
charge_arg = w1
bound_arg = x1
epsilon = 0.09
L = 30
w = 40
h = 0.1
R = 20
use_half_grid = True
sor = 1.96
tolerance = 1e-09
error = 9.988061682307768e-10
max loop = 2789
initial keyword = BPS
gradient energy = 121.39607979857544
potential energy = 76.01563498850896
energy = 197.4117147870844
separation = 4.300000000000001

'confining_string_solver'  2519183.89 ms

Attributes:
N = 2
charge_arg = w1
bound_arg = x1
epsilon = 0.09
L = 30
w = 40
h = 0.1
R = 20
use_half_grid = True
sor = 1.96
tolerance = 1e-09
error = 9.988061682307768e-10
max loop = 2789
initial keyword = BPS
gradient energy = 121.39607979857544
potential energy = 76.01563498850896
energy = 197.4117147870844
separation = 4.300000000000001

'confining_string_solver'  3021387.68 ms
'solve_BPS'  22794.79 ms
'solve_BPS'  15233.79 ms
save checkpoint
restore checkpoint
save checkpoint
restore checkpoint
save checkpoint
restore checkpoint
save checkpoint
restore checkpoint
save checkpoint
restore checkpoint

Attributes:
N = 2
charge_arg = w1
bound_arg = x1
epsilon = 0.12
L = 30
w = 40
h = 0.1
R = 20
use_half_grid = True
sor = 1.96
tolerance = 1e-09
error = 9.98892758519757e-10
max loop = 2853
initial keyword = BPS
gradient energy = 132.65155062726748
potential energy = 75.19293608883473
energy = 207.8444867161022
separation = 5.099999999999998

'confining_string_solver'  421074.31 ms

Attributes:
N = 2
charge_arg = w1
bound_arg = x1
epsilon = 0.12
L = 30
w = 40
h = 0.1
R = 20
use_half_grid = True
sor = 1.96
tolerance = 1e-09
error = 9.98892758519757e-10
max loop = 2853
initial keyword = BPS
gradient energy = 132.65155062726748
potential energy = 75.19293608883473
energy = 207.8444867161022
separation = 5.099999999999998

'confining_string_solver'  1002494.80 ms

Attributes:
N = 2
charge_arg = w1
bound_arg = x1
epsilon = 0.12
L = 30
w = 40
h = 0.1
R = 20
use_half_grid = True
sor = 1.96
tolerance = 1e-09
error = 9.98892758519757e-10
max loop = 2853
initial keyword = BPS
gradient energy = 132.65155062726748
potential energy = 75.19293608883473
energy = 207.8444867161022
separation = 5.099999999999998

'confining_string_solver'  1582664.41 ms

Attributes:
N = 2
charge_arg = w1
bound_arg = x1
epsilon = 0.12
L = 30
w = 40
h = 0.1
R = 20
use_half_grid = True
sor = 1.96
tolerance = 1e-09
error = 9.98892758519757e-10
max loop = 2853
initial keyword = BPS
gradient energy = 132.65155062726748
potential energy = 75.19293608883473
energy = 207.8444867161022
separation = 5.099999999999998

'confining_string_solver'  2138744.34 ms

Attributes:
N = 2
charge_arg = w1
bound_arg = x1
epsilon = 0.12
L = 30
w = 40
h = 0.1
R = 20
use_half_grid = True
sor = 1.96
tolerance = 1e-09
error = 9.98892758519757e-10
max loop = 2853
initial keyword = BPS
gradient energy = 132.65155062726748
potential energy = 75.19293608883473
energy = 207.8444867161022
separation = 5.099999999999998

'confining_string_solver'  2719819.00 ms

Attributes:
N = 2
charge_arg = w1
bound_arg = x1
epsilon = 0.12
L = 30
w = 40
h = 0.1
R = 20
use_half_grid = True
sor = 1.96
tolerance = 1e-09
error = 9.98892758519757e-10
max loop = 2853
initial keyword = BPS
gradient energy = 132.65155062726748
potential energy = 75.19293608883473
energy = 207.8444867161022
separation = 5.099999999999998

'confining_string_solver'  3267501.47 ms
Pseudo-terminal will not be allocated because stdin is not a terminal.
Submitted batch job 3983859

scontrol show jobid 3983821
JobId=3983821 JobName=epsilon
   UserId=wongsun4(3095934) GroupId=epoppitz(6003021) MCS_label=N/A
   Priority=1866256 Nice=0 Account=def-epoppitz QOS=normal
   JobState=COMPLETING Reason=None Dependency=(null)
   Requeue=0 Restarts=0 BatchFlag=1 Reboot=0 ExitCode=0:0
   RunTime=00:59:07 TimeLimit=01:00:00 TimeMin=N/A
   SubmitTime=2020-08-29T01:04:39 EligibleTime=2020-08-29T01:04:39
   AccrueTime=2020-08-29T01:04:39
   StartTime=2020-08-29T01:05:00 EndTime=2020-08-29T02:04:07 Deadline=N/A
   SuspendTime=None SecsPreSuspend=0 LastSchedEval=2020-08-29T01:05:00
   Partition=compute AllocNode:Sid=nia-login06:161932
   ReqNodeList=(null) ExcNodeList=(null)
   NodeList=nia0221
   BatchHost=nia0221
   NumNodes=1 NumCPUs=80 NumTasks=80 CPUs/Task=1 ReqB:S:C:T=0:0:*:*
   TRES=cpu=80,node=1,billing=40
   Socks/Node=* NtasksPerN:B:S:C=80:0:*:* CoreSpec=*
   MinCPUsNode=80 MinMemoryNode=0 MinTmpDiskNode=0
   Features=[skylake|cascade] DelayBoot=00:00:00
   OverSubscribe=NO Contiguous=0 Licenses=(null) Network=(null)
   Command=/gpfs/fs0/scratch/e/epoppitz/wongsun4/Confining-String/Niagara/epsilon_Aug_28/epsilon_script.sh
   WorkDir=/gpfs/fs0/scratch/e/epoppitz/wongsun4/Confining-String/Niagara/epsilon_Aug_28
   StdErr=/gpfs/fs0/scratch/e/epoppitz/wongsun4/Confining-String/Niagara/epsilon_Aug_28/slurm-3983821.out
   StdIn=/dev/null
   StdOut=/gpfs/fs0/scratch/e/epoppitz/wongsun4/Confining-String/Niagara/epsilon_Aug_28/slurm-3983821.out
   Power=
   MailUser=(null) MailType=NONE

sacct -j 3983821
       JobID    JobName    Account    Elapsed  MaxVMSize     MaxRSS  SystemCPU    UserCPU ExitCode 
------------ ---------- ---------- ---------- ---------- ---------- ---------- ---------- -------- 
3983821         epsilon def-epopp+   00:59:07                         03:59:44 3-02:00:34      0:0 
3983821.bat+      batch def-epopp+   00:59:07 306200788K  42740436K   03:59:44 3-02:00:34      0:0 
3983821.ext+     extern def-epopp+   00:59:07    137232K       848K   00:00:00   00:00:00      0:0 
