Restoring modules from user's confine_module
Traceback (most recent call last):
  File "main_script.py", line 20, in <module>
    epsilon = int(sys.argv[4])
ValueError: invalid literal for int() with base 10: '0.12'
Traceback (most recent call last):
  File "main_script.py", line 20, in <module>
    epsilon = int(sys.argv[4])
ValueError: invalid literal for int() with base 10: '0.12'
Traceback (most recent call last):
  File "main_script.py", line 20, in <module>
    epsilon = int(sys.argv[4])
ValueError: invalid literal for int() with base 10: '0.09'
Traceback (most recent call last):
  File "main_script.py", line 20, in <module>
    epsilon = int(sys.argv[4])
ValueError: invalid literal for int() with base 10: '0.09'
Traceback (most recent call last):
  File "main_script.py", line 20, in <module>
    epsilon = int(sys.argv[4])
ValueError: invalid literal for int() with base 10: '0.09'
Traceback (most recent call last):
  File "main_script.py", line 20, in <module>
    epsilon = int(sys.argv[4])
ValueError: invalid literal for int() with base 10: '0.09'
Traceback (most recent call last):
  File "main_script.py", line 20, in <module>
    epsilon = int(sys.argv[4])
ValueError: invalid literal for int() with base 10: '0.09'
Traceback (most recent call last):
  File "main_script.py", line 20, in <module>
    epsilon = int(sys.argv[4])
ValueError: invalid literal for int() with base 10: '0.09'
Traceback (most recent call last):
  File "main_script.py", line 20, in <module>
    epsilon = int(sys.argv[4])
ValueError: invalid literal for int() with base 10: '0.09'
Traceback (most recent call last):
  File "main_script.py", line 20, in <module>
    epsilon = int(sys.argv[4])
ValueError: invalid literal for int() with base 10: '0.09'
Traceback (most recent call last):
  File "main_script.py", line 20, in <module>
    epsilon = int(sys.argv[4])
ValueError: invalid literal for int() with base 10: '0.09'
Traceback (most recent call last):
  File "main_script.py", line 20, in <module>
    epsilon = int(sys.argv[4])
ValueError: invalid literal for int() with base 10: '0.09'
Traceback (most recent call last):
  File "main_script.py", line 20, in <module>
    epsilon = int(sys.argv[4])
ValueError: invalid literal for int() with base 10: '0.12'
Traceback (most recent call last):
  File "main_script.py", line 20, in <module>
    epsilon = int(sys.argv[4])
ValueError: invalid literal for int() with base 10: '0.09'
Traceback (most recent call last):
  File "main_script.py", line 20, in <module>
    epsilon = int(sys.argv[4])
ValueError: invalid literal for int() with base 10: '0.12'
Traceback (most recent call last):
  File "main_script.py", line 20, in <module>
    epsilon = int(sys.argv[4])
ValueError: invalid literal for int() with base 10: '0.09'
Traceback (most recent call last):
  File "main_script.py", line 20, in <module>
    epsilon = int(sys.argv[4])
ValueError: invalid literal for int() with base 10: '0.09'
Traceback (most recent call last):
  File "main_script.py", line 20, in <module>
    epsilon = int(sys.argv[4])
ValueError: invalid literal for int() with base 10: '0.12'
Traceback (most recent call last):
  File "main_script.py", line 20, in <module>
    epsilon = int(sys.argv[4])
ValueError: invalid literal for int() with base 10: '0.09'
Traceback (most recent call last):
  File "main_script.py", line 20, in <module>
    epsilon = int(sys.argv[4])
ValueError: invalid literal for int() with base 10: '0.09'
Traceback (most recent call last):
  File "main_script.py", line 20, in <module>
    epsilon = int(sys.argv[4])
ValueError: invalid literal for int() with base 10: '0.09'
Traceback (most recent call last):
  File "main_script.py", line 20, in <module>
    epsilon = int(sys.argv[4])
ValueError: invalid literal for int() with base 10: '0.09'
Traceback (most recent call last):
  File "main_script.py", line 20, in <module>
    epsilon = int(sys.argv[4])
ValueError: invalid literal for int() with base 10: '0.09'
Traceback (most recent call last):
  File "main_script.py", line 20, in <module>
    epsilon = int(sys.argv[4])
ValueError: invalid literal for int() with base 10: '0.09'
Traceback (most recent call last):
  File "main_script.py", line 20, in <module>
    epsilon = int(sys.argv[4])
ValueError: invalid literal for int() with base 10: '0.12'
Traceback (most recent call last):
  File "main_script.py", line 20, in <module>
    epsilon = int(sys.argv[4])
ValueError: invalid literal for int() with base 10: '0.12'
Traceback (most recent call last):
  File "main_script.py", line 20, in <module>
    epsilon = int(sys.argv[4])
ValueError: invalid literal for int() with base 10: '0.09'
Traceback (most recent call last):
  File "main_script.py", line 20, in <module>
    epsilon = int(sys.argv[4])
ValueError: invalid literal for int() with base 10: '0.09'
Traceback (most recent call last):
  File "main_script.py", line 20, in <module>
    epsilon = int(sys.argv[4])
ValueError: invalid literal for int() with base 10: '0.12'
Traceback (most recent call last):
  File "main_script.py", line 20, in <module>
    epsilon = int(sys.argv[4])
ValueError: invalid literal for int() with base 10: '0.09'
Traceback (most recent call last):
  File "main_script.py", line 20, in <module>
    epsilon = int(sys.argv[4])
ValueError: invalid literal for int() with base 10: '0.09'
Traceback (most recent call last):
  File "main_script.py", line 20, in <module>
    epsilon = int(sys.argv[4])
ValueError: invalid literal for int() with base 10: '0.12'
Traceback (most recent call last):
  File "main_script.py", line 20, in <module>
    epsilon = int(sys.argv[4])
ValueError: invalid literal for int() with base 10: '0.09'
Traceback (most recent call last):
  File "main_script.py", line 20, in <module>
    epsilon = int(sys.argv[4])
ValueError: invalid literal for int() with base 10: '0.09'
Traceback (most recent call last):
  File "main_script.py", line 20, in <module>
    epsilon = int(sys.argv[4])
ValueError: invalid literal for int() with base 10: '0.09'
Traceback (most recent call last):
  File "main_script.py", line 20, in <module>
    epsilon = int(sys.argv[4])
ValueError: invalid literal for int() with base 10: '0.12'
Traceback (most recent call last):
  File "main_script.py", line 20, in <module>
    epsilon = int(sys.argv[4])
ValueError: invalid literal for int() with base 10: '0.12'
Traceback (most recent call last):
  File "main_script.py", line 20, in <module>
    epsilon = int(sys.argv[4])
ValueError: invalid literal for int() with base 10: '0.12'
Traceback (most recent call last):
  File "main_script.py", line 20, in <module>
    epsilon = int(sys.argv[4])
ValueError: invalid literal for int() with base 10: '0.12'
Traceback (most recent call last):
  File "main_script.py", line 20, in <module>
    epsilon = int(sys.argv[4])
ValueError: invalid literal for int() with base 10: '0.09'
Traceback (most recent call last):
  File "main_script.py", line 20, in <module>
    epsilon = int(sys.argv[4])
ValueError: invalid literal for int() with base 10: '0.12'
Traceback (most recent call last):
  File "main_script.py", line 20, in <module>
    epsilon = int(sys.argv[4])
ValueError: invalid literal for int() with base 10: '0.12'
Traceback (most recent call last):
  File "main_script.py", line 20, in <module>
    epsilon = int(sys.argv[4])
ValueError: invalid literal for int() with base 10: '0.12'
Traceback (most recent call last):
  File "main_script.py", line 20, in <module>
    epsilon = int(sys.argv[4])
ValueError: invalid literal for int() with base 10: '0.12'
Traceback (most recent call last):
  File "main_script.py", line 20, in <module>
    epsilon = int(sys.argv[4])
ValueError: invalid literal for int() with base 10: '0.09'
Traceback (most recent call last):
  File "main_script.py", line 20, in <module>
    epsilon = int(sys.argv[4])
ValueError: invalid literal for int() with base 10: '0.12'
Traceback (most recent call last):
  File "main_script.py", line 20, in <module>
    epsilon = int(sys.argv[4])
ValueError: invalid literal for int() with base 10: '0.12'
Traceback (most recent call last):
  File "main_script.py", line 20, in <module>
    epsilon = int(sys.argv[4])
ValueError: invalid literal for int() with base 10: '0.09'
Traceback (most recent call last):
  File "main_script.py", line 20, in <module>
    epsilon = int(sys.argv[4])
ValueError: invalid literal for int() with base 10: '0.09'
Traceback (most recent call last):
  File "main_script.py", line 20, in <module>
    epsilon = int(sys.argv[4])
ValueError: invalid literal for int() with base 10: '0.12'
Traceback (most recent call last):
  File "main_script.py", line 20, in <module>
    epsilon = int(sys.argv[4])
ValueError: invalid literal for int() with base 10: '0.12'
Traceback (most recent call last):
  File "main_script.py", line 20, in <module>
    epsilon = int(sys.argv[4])
ValueError: invalid literal for int() with base 10: '0.12'
Traceback (most recent call last):
  File "main_script.py", line 20, in <module>
    epsilon = int(sys.argv[4])
ValueError: invalid literal for int() with base 10: '0.09'
Traceback (most recent call last):
  File "main_script.py", line 20, in <module>
    epsilon = int(sys.argv[4])
ValueError: invalid literal for int() with base 10: '0.12'
Traceback (most recent call last):
  File "main_script.py", line 20, in <module>
    epsilon = int(sys.argv[4])
ValueError: invalid literal for int() with base 10: '0.09'
Traceback (most recent call last):
  File "main_script.py", line 20, in <module>
    epsilon = int(sys.argv[4])
ValueError: invalid literal for int() with base 10: '0.12'
Traceback (most recent call last):
  File "main_script.py", line 20, in <module>
    epsilon = int(sys.argv[4])
ValueError: invalid literal for int() with base 10: '0.09'
Traceback (most recent call last):
  File "main_script.py", line 20, in <module>
    epsilon = int(sys.argv[4])
ValueError: invalid literal for int() with base 10: '0.12'
Traceback (most recent call last):
  File "main_script.py", line 20, in <module>
    epsilon = int(sys.argv[4])
ValueError: invalid literal for int() with base 10: '0.09'
Traceback (most recent call last):
  File "main_script.py", line 20, in <module>
    epsilon = int(sys.argv[4])
ValueError: invalid literal for int() with base 10: '0.09'
Traceback (most recent call last):
  File "main_script.py", line 20, in <module>
    epsilon = int(sys.argv[4])
ValueError: invalid literal for int() with base 10: '0.09'
Traceback (most recent call last):
  File "main_script.py", line 20, in <module>
    epsilon = int(sys.argv[4])
ValueError: invalid literal for int() with base 10: '0.09'
Traceback (most recent call last):
  File "main_script.py", line 20, in <module>
    epsilon = int(sys.argv[4])
ValueError: invalid literal for int() with base 10: '0.12'
Traceback (most recent call last):
  File "main_script.py", line 20, in <module>
    epsilon = int(sys.argv[4])
ValueError: invalid literal for int() with base 10: '0.12'
Traceback (most recent call last):
  File "main_script.py", line 20, in <module>
    epsilon = int(sys.argv[4])
ValueError: invalid literal for int() with base 10: '0.09'
Traceback (most recent call last):
  File "main_script.py", line 20, in <module>
    epsilon = int(sys.argv[4])
ValueError: invalid literal for int() with base 10: '0.12'
Traceback (most recent call last):
  File "main_script.py", line 20, in <module>
    epsilon = int(sys.argv[4])
ValueError: invalid literal for int() with base 10: '0.12'
Traceback (most recent call last):
  File "main_script.py", line 20, in <module>
    epsilon = int(sys.argv[4])
ValueError: invalid literal for int() with base 10: '0.12'
Traceback (most recent call last):
  File "main_script.py", line 20, in <module>
    epsilon = int(sys.argv[4])
ValueError: invalid literal for int() with base 10: '0.12'
Traceback (most recent call last):
  File "main_script.py", line 20, in <module>
    epsilon = int(sys.argv[4])
ValueError: invalid literal for int() with base 10: '0.12'
Traceback (most recent call last):
  File "main_script.py", line 20, in <module>
    epsilon = int(sys.argv[4])
ValueError: invalid literal for int() with base 10: '0.12'
Traceback (most recent call last):
  File "main_script.py", line 20, in <module>
    epsilon = int(sys.argv[4])
ValueError: invalid literal for int() with base 10: '0.12'
Traceback (most recent call last):
  File "main_script.py", line 20, in <module>
    epsilon = int(sys.argv[4])
ValueError: invalid literal for int() with base 10: '0.12'
Traceback (most recent call last):
  File "main_script.py", line 20, in <module>
    epsilon = int(sys.argv[4])
ValueError: invalid literal for int() with base 10: '0.12'
Traceback (most recent call last):
  File "main_script.py", line 20, in <module>
    epsilon = int(sys.argv[4])
ValueError: invalid literal for int() with base 10: '0.09'
Traceback (most recent call last):
  File "main_script.py", line 20, in <module>
    epsilon = int(sys.argv[4])
ValueError: invalid literal for int() with base 10: '0.09'
Traceback (most recent call last):
  File "main_script.py", line 20, in <module>
    epsilon = int(sys.argv[4])
ValueError: invalid literal for int() with base 10: '0.12'
Traceback (most recent call last):
  File "main_script.py", line 20, in <module>
    epsilon = int(sys.argv[4])
ValueError: invalid literal for int() with base 10: '0.12'
Traceback (most recent call last):
  File "main_script.py", line 20, in <module>
    epsilon = int(sys.argv[4])
ValueError: invalid literal for int() with base 10: '0.12'
Traceback (most recent call last):
  File "main_script.py", line 20, in <module>
    epsilon = int(sys.argv[4])
ValueError: invalid literal for int() with base 10: '0.12'
Traceback (most recent call last):
  File "main_script.py", line 20, in <module>
    epsilon = int(sys.argv[4])
ValueError: invalid literal for int() with base 10: '0.12'
Traceback (most recent call last):
  File "main_script.py", line 20, in <module>
    epsilon = int(sys.argv[4])
ValueError: invalid literal for int() with base 10: '0.09'
Traceback (most recent call last):
  File "main_script.py", line 20, in <module>
    epsilon = int(sys.argv[4])
ValueError: invalid literal for int() with base 10: '0.12'
Traceback (most recent call last):
  File "main_script.py", line 20, in <module>
    epsilon = int(sys.argv[4])
ValueError: invalid literal for int() with base 10: '0.09'
Traceback (most recent call last):
  File "main_script.py", line 20, in <module>
    epsilon = int(sys.argv[4])
ValueError: invalid literal for int() with base 10: '0.09'
Traceback (most recent call last):
  File "main_script.py", line 20, in <module>
    epsilon = int(sys.argv[4])
ValueError: invalid literal for int() with base 10: '0.12'
Traceback (most recent call last):
  File "main_script.py", line 20, in <module>
    epsilon = int(sys.argv[4])
ValueError: invalid literal for int() with base 10: '0.12'
Traceback (most recent call last):
  File "main_script.py", line 20, in <module>
    epsilon = int(sys.argv[4])
ValueError: invalid literal for int() with base 10: '0.09'
Traceback (most recent call last):
  File "main_script.py", line 20, in <module>
    epsilon = int(sys.argv[4])
ValueError: invalid literal for int() with base 10: '0.12'
Traceback (most recent call last):
  File "main_script.py", line 20, in <module>
    epsilon = int(sys.argv[4])
ValueError: invalid literal for int() with base 10: '0.12'
Traceback (most recent call last):
  File "main_script.py", line 20, in <module>
    epsilon = int(sys.argv[4])
ValueError: invalid literal for int() with base 10: '0.12'
Traceback (most recent call last):
  File "main_script.py", line 20, in <module>
    epsilon = int(sys.argv[4])
ValueError: invalid literal for int() with base 10: '0.09'
Traceback (most recent call last):
  File "main_script.py", line 20, in <module>
    epsilon = int(sys.argv[4])
ValueError: invalid literal for int() with base 10: '0.12'
Traceback (most recent call last):
  File "main_script.py", line 20, in <module>
    epsilon = int(sys.argv[4])
ValueError: invalid literal for int() with base 10: '0.09'
Traceback (most recent call last):
  File "main_script.py", line 20, in <module>
    epsilon = int(sys.argv[4])
ValueError: invalid literal for int() with base 10: '0.09'
Traceback (most recent call last):
  File "main_script.py", line 20, in <module>
    epsilon = int(sys.argv[4])
ValueError: invalid literal for int() with base 10: '0.09'
Traceback (most recent call last):
  File "main_script.py", line 20, in <module>
    epsilon = int(sys.argv[4])
ValueError: invalid literal for int() with base 10: '0.09'
Traceback (most recent call last):
  File "main_script.py", line 20, in <module>
    epsilon = int(sys.argv[4])
ValueError: invalid literal for int() with base 10: '0.09'
Traceback (most recent call last):
  File "main_script.py", line 20, in <module>
    epsilon = int(sys.argv[4])
ValueError: invalid literal for int() with base 10: '0.12'
Traceback (most recent call last):
  File "main_script.py", line 20, in <module>
    epsilon = int(sys.argv[4])
ValueError: invalid literal for int() with base 10: '0.09'
Traceback (most recent call last):
  File "main_script.py", line 20, in <module>
    epsilon = int(sys.argv[4])
ValueError: invalid literal for int() with base 10: '0.09'
Traceback (most recent call last):
  File "main_script.py", line 20, in <module>
    epsilon = int(sys.argv[4])
ValueError: invalid literal for int() with base 10: '0.09'
Traceback (most recent call last):
  File "main_script.py", line 20, in <module>
    epsilon = int(sys.argv[4])
ValueError: invalid literal for int() with base 10: '0.12'
Traceback (most recent call last):
  File "main_script.py", line 20, in <module>
    epsilon = int(sys.argv[4])
ValueError: invalid literal for int() with base 10: '0.12'
Traceback (most recent call last):
  File "main_script.py", line 20, in <module>
    epsilon = int(sys.argv[4])
ValueError: invalid literal for int() with base 10: '0.12'
Traceback (most recent call last):
  File "main_script.py", line 20, in <module>
    epsilon = int(sys.argv[4])
ValueError: invalid literal for int() with base 10: '0.12'
Traceback (most recent call last):
  File "main_script.py", line 20, in <module>
    epsilon = int(sys.argv[4])
ValueError: invalid literal for int() with base 10: '0.12'
Traceback (most recent call last):
  File "main_script.py", line 20, in <module>
    epsilon = int(sys.argv[4])
ValueError: invalid literal for int() with base 10: '0.09'
Traceback (most recent call last):
  File "main_script.py", line 20, in <module>
    epsilon = int(sys.argv[4])
ValueError: invalid literal for int() with base 10: '0.09'
Traceback (most recent call last):
  File "main_script.py", line 20, in <module>
    epsilon = int(sys.argv[4])
ValueError: invalid literal for int() with base 10: '0.12'
Traceback (most recent call last):
  File "main_script.py", line 20, in <module>
    epsilon = int(sys.argv[4])
ValueError: invalid literal for int() with base 10: '0.09'
Traceback (most recent call last):
  File "main_script.py", line 20, in <module>
    epsilon = int(sys.argv[4])
ValueError: invalid literal for int() with base 10: '0.09'
Traceback (most recent call last):
  File "main_script.py", line 20, in <module>
    epsilon = int(sys.argv[4])
ValueError: invalid literal for int() with base 10: '0.09'
Traceback (most recent call last):
  File "main_script.py", line 20, in <module>
    epsilon = int(sys.argv[4])
ValueError: invalid literal for int() with base 10: '0.09'
Traceback (most recent call last):
  File "main_script.py", line 20, in <module>
    epsilon = int(sys.argv[4])
ValueError: invalid literal for int() with base 10: '0.09'
Traceback (most recent call last):
  File "main_script.py", line 20, in <module>
    epsilon = int(sys.argv[4])
ValueError: invalid literal for int() with base 10: '0.12'
Traceback (most recent call last):
  File "main_script.py", line 20, in <module>
    epsilon = int(sys.argv[4])
ValueError: invalid literal for int() with base 10: '0.12'
Traceback (most recent call last):
  File "main_script.py", line 20, in <module>
    epsilon = int(sys.argv[4])
ValueError: invalid literal for int() with base 10: '0.12'
Traceback (most recent call last):
  File "main_script.py", line 20, in <module>
    epsilon = int(sys.argv[4])
ValueError: invalid literal for int() with base 10: '0.09'
Traceback (most recent call last):
  File "main_script.py", line 20, in <module>
    epsilon = int(sys.argv[4])
ValueError: invalid literal for int() with base 10: '0.09'
Traceback (most recent call last):
  File "main_script.py", line 20, in <module>
    epsilon = int(sys.argv[4])
ValueError: invalid literal for int() with base 10: '0.12'
Traceback (most recent call last):
  File "main_script.py", line 20, in <module>
    epsilon = int(sys.argv[4])
ValueError: invalid literal for int() with base 10: '0.09'
Traceback (most recent call last):
  File "main_script.py", line 20, in <module>
    epsilon = int(sys.argv[4])
ValueError: invalid literal for int() with base 10: '0.12'
Traceback (most recent call last):
  File "main_script.py", line 20, in <module>
    epsilon = int(sys.argv[4])
ValueError: invalid literal for int() with base 10: '0.09'
Traceback (most recent call last):
  File "main_script.py", line 20, in <module>
    epsilon = int(sys.argv[4])
ValueError: invalid literal for int() with base 10: '0.12'
Traceback (most recent call last):
  File "main_script.py", line 20, in <module>
    epsilon = int(sys.argv[4])
ValueError: invalid literal for int() with base 10: '0.12'
Traceback (most recent call last):
  File "main_script.py", line 20, in <module>
    epsilon = int(sys.argv[4])
ValueError: invalid literal for int() with base 10: '0.09'
Traceback (most recent call last):
  File "main_script.py", line 20, in <module>
    epsilon = int(sys.argv[4])
ValueError: invalid literal for int() with base 10: '0.09'
Traceback (most recent call last):
  File "main_script.py", line 20, in <module>
    epsilon = int(sys.argv[4])
ValueError: invalid literal for int() with base 10: '0.09'
Traceback (most recent call last):
  File "main_script.py", line 20, in <module>
    epsilon = int(sys.argv[4])
ValueError: invalid literal for int() with base 10: '0.12'
Traceback (most recent call last):
  File "main_script.py", line 20, in <module>
    epsilon = int(sys.argv[4])
ValueError: invalid literal for int() with base 10: '0.09'
Traceback (most recent call last):
  File "main_script.py", line 20, in <module>
    epsilon = int(sys.argv[4])
ValueError: invalid literal for int() with base 10: '0.12'
Traceback (most recent call last):
  File "main_script.py", line 20, in <module>
    epsilon = int(sys.argv[4])
ValueError: invalid literal for int() with base 10: '0.09'
Traceback (most recent call last):
  File "main_script.py", line 20, in <module>
    epsilon = int(sys.argv[4])
ValueError: invalid literal for int() with base 10: '0.09'
Traceback (most recent call last):
  File "main_script.py", line 20, in <module>
    epsilon = int(sys.argv[4])
ValueError: invalid literal for int() with base 10: '0.12'
Traceback (most recent call last):
  File "main_script.py", line 20, in <module>
    epsilon = int(sys.argv[4])
ValueError: invalid literal for int() with base 10: '0.12'
Traceback (most recent call last):
  File "main_script.py", line 20, in <module>
    epsilon = int(sys.argv[4])
ValueError: invalid literal for int() with base 10: '0.12'
Traceback (most recent call last):
  File "main_script.py", line 20, in <module>
    epsilon = int(sys.argv[4])
ValueError: invalid literal for int() with base 10: '0.09'
Traceback (most recent call last):
  File "main_script.py", line 20, in <module>
    epsilon = int(sys.argv[4])
ValueError: invalid literal for int() with base 10: '0.09'
Traceback (most recent call last):
  File "main_script.py", line 20, in <module>
    epsilon = int(sys.argv[4])
ValueError: invalid literal for int() with base 10: '0.09'
Traceback (most recent call last):
  File "main_script.py", line 20, in <module>
    epsilon = int(sys.argv[4])
ValueError: invalid literal for int() with base 10: '0.09'
Traceback (most recent call last):
  File "main_script.py", line 20, in <module>
    epsilon = int(sys.argv[4])
ValueError: invalid literal for int() with base 10: '0.12'
Traceback (most recent call last):
  File "main_script.py", line 20, in <module>
    epsilon = int(sys.argv[4])
ValueError: invalid literal for int() with base 10: '0.09'
Traceback (most recent call last):
  File "main_script.py", line 20, in <module>
    epsilon = int(sys.argv[4])
ValueError: invalid literal for int() with base 10: '0.12'
Traceback (most recent call last):
  File "main_script.py", line 20, in <module>
    epsilon = int(sys.argv[4])
ValueError: invalid literal for int() with base 10: '0.12'
Traceback (most recent call last):
  File "main_script.py", line 20, in <module>
    epsilon = int(sys.argv[4])
ValueError: invalid literal for int() with base 10: '0.09'
Traceback (most recent call last):
  File "main_script.py", line 20, in <module>
    epsilon = int(sys.argv[4])
ValueError: invalid literal for int() with base 10: '0.12'
Traceback (most recent call last):
  File "main_script.py", line 20, in <module>
    epsilon = int(sys.argv[4])
ValueError: invalid literal for int() with base 10: '0.09'
Traceback (most recent call last):
  File "main_script.py", line 20, in <module>
    epsilon = int(sys.argv[4])
ValueError: invalid literal for int() with base 10: '0.12'
Traceback (most recent call last):
  File "main_script.py", line 20, in <module>
    epsilon = int(sys.argv[4])
ValueError: invalid literal for int() with base 10: '0.09'
Traceback (most recent call last):
  File "main_script.py", line 20, in <module>
    epsilon = int(sys.argv[4])
ValueError: invalid literal for int() with base 10: '0.12'
Traceback (most recent call last):
  File "main_script.py", line 20, in <module>
    epsilon = int(sys.argv[4])
ValueError: invalid literal for int() with base 10: '0.12'
Traceback (most recent call last):
  File "main_script.py", line 20, in <module>
    epsilon = int(sys.argv[4])
ValueError: invalid literal for int() with base 10: '0.09'
Traceback (most recent call last):
  File "main_script.py", line 20, in <module>
    epsilon = int(sys.argv[4])
ValueError: invalid literal for int() with base 10: '0.12'
Traceback (most recent call last):
  File "main_script.py", line 20, in <module>
    epsilon = int(sys.argv[4])
ValueError: invalid literal for int() with base 10: '0.12'
Traceback (most recent call last):
  File "main_script.py", line 20, in <module>
    epsilon = int(sys.argv[4])
ValueError: invalid literal for int() with base 10: '0.09'
Traceback (most recent call last):
  File "main_script.py", line 20, in <module>
    epsilon = int(sys.argv[4])
ValueError: invalid literal for int() with base 10: '0.12'
Traceback (most recent call last):
  File "main_script.py", line 20, in <module>
    epsilon = int(sys.argv[4])
ValueError: invalid literal for int() with base 10: '0.12'
Traceback (most recent call last):
  File "main_script.py", line 20, in <module>
    epsilon = int(sys.argv[4])
ValueError: invalid literal for int() with base 10: '0.12'
Traceback (most recent call last):
  File "main_script.py", line 20, in <module>
    epsilon = int(sys.argv[4])
ValueError: invalid literal for int() with base 10: '0.12'
Traceback (most recent call last):
  File "main_script.py", line 20, in <module>
    epsilon = int(sys.argv[4])
ValueError: invalid literal for int() with base 10: '0.12'
Traceback (most recent call last):
  File "main_script.py", line 20, in <module>
    epsilon = int(sys.argv[4])
ValueError: invalid literal for int() with base 10: '0.09'
Traceback (most recent call last):
  File "main_script.py", line 20, in <module>
    epsilon = int(sys.argv[4])
ValueError: invalid literal for int() with base 10: '0.12'
Traceback (most recent call last):
  File "main_script.py", line 20, in <module>
    epsilon = int(sys.argv[4])
ValueError: invalid literal for int() with base 10: '0.09'
Traceback (most recent call last):
  File "main_script.py", line 20, in <module>
    epsilon = int(sys.argv[4])
ValueError: invalid literal for int() with base 10: '0.12'
Traceback (most recent call last):
  File "main_script.py", line 20, in <module>
    epsilon = int(sys.argv[4])
ValueError: invalid literal for int() with base 10: '0.09'
Traceback (most recent call last):
  File "main_script.py", line 20, in <module>
    epsilon = int(sys.argv[4])
ValueError: invalid literal for int() with base 10: '0.09'
Traceback (most recent call last):
  File "main_script.py", line 20, in <module>
    epsilon = int(sys.argv[4])
ValueError: invalid literal for int() with base 10: '0.09'
Traceback (most recent call last):
  File "main_script.py", line 20, in <module>
    epsilon = int(sys.argv[4])
ValueError: invalid literal for int() with base 10: '0.12'
Traceback (most recent call last):
  File "main_script.py", line 20, in <module>
    epsilon = int(sys.argv[4])
ValueError: invalid literal for int() with base 10: '0.12'
Traceback (most recent call last):
  File "main_script.py", line 20, in <module>
    epsilon = int(sys.argv[4])
ValueError: invalid literal for int() with base 10: '0.12'
Traceback (most recent call last):
  File "main_script.py", line 20, in <module>
    epsilon = int(sys.argv[4])
ValueError: invalid literal for int() with base 10: '0.09'
Traceback (most recent call last):
  File "main_script.py", line 20, in <module>
    epsilon = int(sys.argv[4])
ValueError: invalid literal for int() with base 10: '0.09'
Traceback (most recent call last):
  File "main_script.py", line 20, in <module>
    epsilon = int(sys.argv[4])
ValueError: invalid literal for int() with base 10: '0.12'
Traceback (most recent call last):
  File "main_script.py", line 20, in <module>
    epsilon = int(sys.argv[4])
ValueError: invalid literal for int() with base 10: '0.12'
Traceback (most recent call last):
  File "main_script.py", line 20, in <module>
    epsilon = int(sys.argv[4])
ValueError: invalid literal for int() with base 10: '0.12'
Traceback (most recent call last):
  File "main_script.py", line 20, in <module>
    epsilon = int(sys.argv[4])
ValueError: invalid literal for int() with base 10: '0.12'
Traceback (most recent call last):
  File "main_script.py", line 20, in <module>
    epsilon = int(sys.argv[4])
ValueError: invalid literal for int() with base 10: '0.12'
Traceback (most recent call last):
  File "main_script.py", line 20, in <module>
    epsilon = int(sys.argv[4])
ValueError: invalid literal for int() with base 10: '0.09'
Traceback (most recent call last):
  File "main_script.py", line 20, in <module>
    epsilon = int(sys.argv[4])
ValueError: invalid literal for int() with base 10: '0.09'
Traceback (most recent call last):
  File "main_script.py", line 20, in <module>
    epsilon = int(sys.argv[4])
ValueError: invalid literal for int() with base 10: '0.12'
Traceback (most recent call last):
  File "main_script.py", line 20, in <module>
    epsilon = int(sys.argv[4])
ValueError: invalid literal for int() with base 10: '0.12'
Traceback (most recent call last):
  File "main_script.py", line 20, in <module>
    epsilon = int(sys.argv[4])
ValueError: invalid literal for int() with base 10: '0.12'
Traceback (most recent call last):
  File "main_script.py", line 20, in <module>
    epsilon = int(sys.argv[4])
ValueError: invalid literal for int() with base 10: '0.09'
Traceback (most recent call last):
  File "main_script.py", line 20, in <module>
    epsilon = int(sys.argv[4])
ValueError: invalid literal for int() with base 10: '0.09'
Traceback (most recent call last):
  File "main_script.py", line 20, in <module>
    epsilon = int(sys.argv[4])
ValueError: invalid literal for int() with base 10: '0.09'
Traceback (most recent call last):
  File "main_script.py", line 20, in <module>
    epsilon = int(sys.argv[4])
ValueError: invalid literal for int() with base 10: '0.09'
Traceback (most recent call last):
  File "main_script.py", line 20, in <module>
    epsilon = int(sys.argv[4])
ValueError: invalid literal for int() with base 10: '0.09'
Traceback (most recent call last):
  File "main_script.py", line 20, in <module>
    epsilon = int(sys.argv[4])
ValueError: invalid literal for int() with base 10: '0.09'
Traceback (most recent call last):
  File "main_script.py", line 20, in <module>
    epsilon = int(sys.argv[4])
ValueError: invalid literal for int() with base 10: '0.12'
Traceback (most recent call last):
  File "main_script.py", line 20, in <module>
    epsilon = int(sys.argv[4])
ValueError: invalid literal for int() with base 10: '0.12'
Traceback (most recent call last):
  File "main_script.py", line 20, in <module>
    epsilon = int(sys.argv[4])
ValueError: invalid literal for int() with base 10: '0.09'
Traceback (most recent call last):
  File "main_script.py", line 20, in <module>
    epsilon = int(sys.argv[4])
ValueError: invalid literal for int() with base 10: '0.12'
Traceback (most recent call last):
  File "main_script.py", line 20, in <module>
    epsilon = int(sys.argv[4])
ValueError: invalid literal for int() with base 10: '0.12'
Traceback (most recent call last):
  File "main_script.py", line 20, in <module>
    epsilon = int(sys.argv[4])
ValueError: invalid literal for int() with base 10: '0.12'
Traceback (most recent call last):
  File "main_script.py", line 20, in <module>
    epsilon = int(sys.argv[4])
ValueError: invalid literal for int() with base 10: '0.12'
Traceback (most recent call last):
  File "main_script.py", line 20, in <module>
    epsilon = int(sys.argv[4])
ValueError: invalid literal for int() with base 10: '0.09'
Traceback (most recent call last):
  File "main_script.py", line 20, in <module>
    epsilon = int(sys.argv[4])
ValueError: invalid literal for int() with base 10: '0.12'
Traceback (most recent call last):
  File "main_script.py", line 20, in <module>
    epsilon = int(sys.argv[4])
ValueError: invalid literal for int() with base 10: '0.09'
Traceback (most recent call last):
  File "main_script.py", line 20, in <module>
    epsilon = int(sys.argv[4])
ValueError: invalid literal for int() with base 10: '0.12'
Traceback (most recent call last):
  File "main_script.py", line 20, in <module>
    epsilon = int(sys.argv[4])
ValueError: invalid literal for int() with base 10: '0.12'
Traceback (most recent call last):
  File "main_script.py", line 20, in <module>
    epsilon = int(sys.argv[4])
ValueError: invalid literal for int() with base 10: '0.09'
Traceback (most recent call last):
  File "main_script.py", line 20, in <module>
    epsilon = int(sys.argv[4])
ValueError: invalid literal for int() with base 10: '0.09'
Traceback (most recent call last):
  File "main_script.py", line 20, in <module>
    epsilon = int(sys.argv[4])
ValueError: invalid literal for int() with base 10: '0.09'
Traceback (most recent call last):
  File "main_script.py", line 20, in <module>
    epsilon = int(sys.argv[4])
ValueError: invalid literal for int() with base 10: '0.12'
Traceback (most recent call last):
  File "main_script.py", line 20, in <module>
    epsilon = int(sys.argv[4])
ValueError: invalid literal for int() with base 10: '0.12'
Traceback (most recent call last):
  File "main_script.py", line 20, in <module>
    epsilon = int(sys.argv[4])
ValueError: invalid literal for int() with base 10: '0.12'
Traceback (most recent call last):
  File "main_script.py", line 20, in <module>
    epsilon = int(sys.argv[4])
ValueError: invalid literal for int() with base 10: '0.12'
Traceback (most recent call last):
  File "main_script.py", line 20, in <module>
    epsilon = int(sys.argv[4])
ValueError: invalid literal for int() with base 10: '0.09'
Traceback (most recent call last):
  File "main_script.py", line 20, in <module>
    epsilon = int(sys.argv[4])
ValueError: invalid literal for int() with base 10: '0.09'
Traceback (most recent call last):
  File "main_script.py", line 20, in <module>
    epsilon = int(sys.argv[4])
ValueError: invalid literal for int() with base 10: '0.12'
Traceback (most recent call last):
  File "main_script.py", line 20, in <module>
    epsilon = int(sys.argv[4])
ValueError: invalid literal for int() with base 10: '0.09'
Traceback (most recent call last):
  File "main_script.py", line 20, in <module>
    epsilon = int(sys.argv[4])
ValueError: invalid literal for int() with base 10: '0.09'
Traceback (most recent call last):
  File "main_script.py", line 20, in <module>
    epsilon = int(sys.argv[4])
ValueError: invalid literal for int() with base 10: '0.09'
Traceback (most recent call last):
  File "main_script.py", line 20, in <module>
    epsilon = int(sys.argv[4])
ValueError: invalid literal for int() with base 10: '0.12'
Traceback (most recent call last):
  File "main_script.py", line 20, in <module>
    epsilon = int(sys.argv[4])
ValueError: invalid literal for int() with base 10: '0.12'
Traceback (most recent call last):
  File "main_script.py", line 20, in <module>
    epsilon = int(sys.argv[4])
ValueError: invalid literal for int() with base 10: '0.09'
Traceback (most recent call last):
  File "main_script.py", line 20, in <module>
    epsilon = int(sys.argv[4])
ValueError: invalid literal for int() with base 10: '0.09'
Traceback (most recent call last):
  File "main_script.py", line 20, in <module>
    epsilon = int(sys.argv[4])
ValueError: invalid literal for int() with base 10: '0.09'
Traceback (most recent call last):
  File "main_script.py", line 20, in <module>
    epsilon = int(sys.argv[4])
ValueError: invalid literal for int() with base 10: '0.09'
Traceback (most recent call last):
  File "main_script.py", line 20, in <module>
    epsilon = int(sys.argv[4])
ValueError: invalid literal for int() with base 10: '0.12'
Traceback (most recent call last):
  File "main_script.py", line 20, in <module>
    epsilon = int(sys.argv[4])
ValueError: invalid literal for int() with base 10: '0.09'
Traceback (most recent call last):
  File "main_script.py", line 20, in <module>
    epsilon = int(sys.argv[4])
ValueError: invalid literal for int() with base 10: '0.12'
Traceback (most recent call last):
  File "main_script.py", line 20, in <module>
    epsilon = int(sys.argv[4])
ValueError: invalid literal for int() with base 10: '0.09'
Traceback (most recent call last):
  File "main_script.py", line 20, in <module>
    epsilon = int(sys.argv[4])
ValueError: invalid literal for int() with base 10: '0.12'
Traceback (most recent call last):
  File "main_script.py", line 20, in <module>
    epsilon = int(sys.argv[4])
ValueError: invalid literal for int() with base 10: '0.12'
Traceback (most recent call last):
  File "main_script.py", line 20, in <module>
    epsilon = int(sys.argv[4])
ValueError: invalid literal for int() with base 10: '0.09'
Traceback (most recent call last):
  File "main_script.py", line 20, in <module>
    epsilon = int(sys.argv[4])
ValueError: invalid literal for int() with base 10: '0.12'
Traceback (most recent call last):
  File "main_script.py", line 20, in <module>
    epsilon = int(sys.argv[4])
ValueError: invalid literal for int() with base 10: '0.12'
Traceback (most recent call last):
  File "main_script.py", line 20, in <module>
    epsilon = int(sys.argv[4])
ValueError: invalid literal for int() with base 10: '0.09'
Traceback (most recent call last):
  File "main_script.py", line 20, in <module>
    epsilon = int(sys.argv[4])
ValueError: invalid literal for int() with base 10: '0.09'
Traceback (most recent call last):
  File "main_script.py", line 20, in <module>
    epsilon = int(sys.argv[4])
ValueError: invalid literal for int() with base 10: '0.12'
Traceback (most recent call last):
  File "main_script.py", line 20, in <module>
    epsilon = int(sys.argv[4])
ValueError: invalid literal for int() with base 10: '0.09'
Traceback (most recent call last):
  File "main_script.py", line 20, in <module>
    epsilon = int(sys.argv[4])
ValueError: invalid literal for int() with base 10: '0.09'
Traceback (most recent call last):
  File "main_script.py", line 20, in <module>
    epsilon = int(sys.argv[4])
ValueError: invalid literal for int() with base 10: '0.12'
Traceback (most recent call last):
  File "main_script.py", line 20, in <module>
    epsilon = int(sys.argv[4])
ValueError: invalid literal for int() with base 10: '0.09'
Traceback (most recent call last):
  File "main_script.py", line 20, in <module>
    epsilon = int(sys.argv[4])
ValueError: invalid literal for int() with base 10: '0.09'
Traceback (most recent call last):
  File "main_script.py", line 20, in <module>
    epsilon = int(sys.argv[4])
ValueError: invalid literal for int() with base 10: '0.12'
Traceback (most recent call last):
  File "main_script.py", line 20, in <module>
    epsilon = int(sys.argv[4])
ValueError: invalid literal for int() with base 10: '0.09'
Traceback (most recent call last):
  File "main_script.py", line 20, in <module>
    epsilon = int(sys.argv[4])
ValueError: invalid literal for int() with base 10: '0.12'
Traceback (most recent call last):
  File "main_script.py", line 20, in <module>
    epsilon = int(sys.argv[4])
ValueError: invalid literal for int() with base 10: '0.12'
Traceback (most recent call last):
  File "main_script.py", line 20, in <module>
    epsilon = int(sys.argv[4])
ValueError: invalid literal for int() with base 10: '0.09'
Traceback (most recent call last):
  File "main_script.py", line 20, in <module>
    epsilon = int(sys.argv[4])
ValueError: invalid literal for int() with base 10: '0.09'
Traceback (most recent call last):
  File "main_script.py", line 20, in <module>
    epsilon = int(sys.argv[4])
ValueError: invalid literal for int() with base 10: '0.12'
Traceback (most recent call last):
  File "main_script.py", line 20, in <module>
    epsilon = int(sys.argv[4])
ValueError: invalid literal for int() with base 10: '0.09'
Traceback (most recent call last):
  File "main_script.py", line 20, in <module>
    epsilon = int(sys.argv[4])
ValueError: invalid literal for int() with base 10: '0.12'
Traceback (most recent call last):
  File "main_script.py", line 20, in <module>
    epsilon = int(sys.argv[4])
ValueError: invalid literal for int() with base 10: '0.12'
Traceback (most recent call last):
  File "main_script.py", line 20, in <module>
    epsilon = int(sys.argv[4])
ValueError: invalid literal for int() with base 10: '0.09'
Traceback (most recent call last):
  File "main_script.py", line 20, in <module>
    epsilon = int(sys.argv[4])
ValueError: invalid literal for int() with base 10: '0.09'
Traceback (most recent call last):
  File "main_script.py", line 20, in <module>
    epsilon = int(sys.argv[4])
ValueError: invalid literal for int() with base 10: '0.09'
Traceback (most recent call last):
  File "main_script.py", line 20, in <module>
    epsilon = int(sys.argv[4])
ValueError: invalid literal for int() with base 10: '0.12'
Traceback (most recent call last):
  File "main_script.py", line 20, in <module>
    epsilon = int(sys.argv[4])
ValueError: invalid literal for int() with base 10: '0.12'
Traceback (most recent call last):
  File "main_script.py", line 20, in <module>
    epsilon = int(sys.argv[4])
ValueError: invalid literal for int() with base 10: '0.12'
Traceback (most recent call last):
  File "main_script.py", line 20, in <module>
    epsilon = int(sys.argv[4])
ValueError: invalid literal for int() with base 10: '0.09'
Traceback (most recent call last):
  File "main_script.py", line 20, in <module>
    epsilon = int(sys.argv[4])
ValueError: invalid literal for int() with base 10: '0.12'
Traceback (most recent call last):
  File "main_script.py", line 20, in <module>
    epsilon = int(sys.argv[4])
ValueError: invalid literal for int() with base 10: '0.09'
Traceback (most recent call last):
  File "main_script.py", line 20, in <module>
    epsilon = int(sys.argv[4])
ValueError: invalid literal for int() with base 10: '0.12'
Traceback (most recent call last):
  File "main_script.py", line 20, in <module>
    epsilon = int(sys.argv[4])
ValueError: invalid literal for int() with base 10: '0.12'
Traceback (most recent call last):
  File "main_script.py", line 20, in <module>
    epsilon = int(sys.argv[4])
ValueError: invalid literal for int() with base 10: '0.09'
Traceback (most recent call last):
  File "main_script.py", line 20, in <module>
    epsilon = int(sys.argv[4])
ValueError: invalid literal for int() with base 10: '0.12'
Traceback (most recent call last):
  File "main_script.py", line 20, in <module>
    epsilon = int(sys.argv[4])
ValueError: invalid literal for int() with base 10: '0.12'
Traceback (most recent call last):
  File "main_script.py", line 20, in <module>
    epsilon = int(sys.argv[4])
ValueError: invalid literal for int() with base 10: '0.09'
Traceback (most recent call last):
  File "main_script.py", line 20, in <module>
    epsilon = int(sys.argv[4])
ValueError: invalid literal for int() with base 10: '0.12'
Traceback (most recent call last):
  File "main_script.py", line 20, in <module>
    epsilon = int(sys.argv[4])
ValueError: invalid literal for int() with base 10: '0.09'
Traceback (most recent call last):
  File "main_script.py", line 20, in <module>
    epsilon = int(sys.argv[4])
ValueError: invalid literal for int() with base 10: '0.09'
Traceback (most recent call last):
  File "main_script.py", line 20, in <module>
    epsilon = int(sys.argv[4])
ValueError: invalid literal for int() with base 10: '0.09'
Traceback (most recent call last):
  File "main_script.py", line 20, in <module>
    epsilon = int(sys.argv[4])
ValueError: invalid literal for int() with base 10: '0.09'
Traceback (most recent call last):
  File "main_script.py", line 20, in <module>
    epsilon = int(sys.argv[4])
ValueError: invalid literal for int() with base 10: '0.12'
Traceback (most recent call last):
  File "main_script.py", line 20, in <module>
    epsilon = int(sys.argv[4])
ValueError: invalid literal for int() with base 10: '0.09'
Traceback (most recent call last):
  File "main_script.py", line 20, in <module>
    epsilon = int(sys.argv[4])
ValueError: invalid literal for int() with base 10: '0.12'
Traceback (most recent call last):
  File "main_script.py", line 20, in <module>
    epsilon = int(sys.argv[4])
ValueError: invalid literal for int() with base 10: '0.12'
Traceback (most recent call last):
  File "main_script.py", line 20, in <module>
    epsilon = int(sys.argv[4])
ValueError: invalid literal for int() with base 10: '0.09'
Traceback (most recent call last):
  File "main_script.py", line 20, in <module>
    epsilon = int(sys.argv[4])
ValueError: invalid literal for int() with base 10: '0.12'
Traceback (most recent call last):
  File "main_script.py", line 20, in <module>
    epsilon = int(sys.argv[4])
ValueError: invalid literal for int() with base 10: '0.09'
Traceback (most recent call last):
  File "main_script.py", line 20, in <module>
    epsilon = int(sys.argv[4])
ValueError: invalid literal for int() with base 10: '0.12'
Traceback (most recent call last):
  File "main_script.py", line 20, in <module>
    epsilon = int(sys.argv[4])
ValueError: invalid literal for int() with base 10: '0.09'
Traceback (most recent call last):
  File "main_script.py", line 20, in <module>
    epsilon = int(sys.argv[4])
ValueError: invalid literal for int() with base 10: '0.12'
Traceback (most recent call last):
  File "main_script.py", line 20, in <module>
    epsilon = int(sys.argv[4])
ValueError: invalid literal for int() with base 10: '0.09'
Traceback (most recent call last):
  File "main_script.py", line 20, in <module>
    epsilon = int(sys.argv[4])
ValueError: invalid literal for int() with base 10: '0.09'
Traceback (most recent call last):
  File "main_script.py", line 20, in <module>
    epsilon = int(sys.argv[4])
ValueError: invalid literal for int() with base 10: '0.09'
Traceback (most recent call last):
  File "main_script.py", line 20, in <module>
    epsilon = int(sys.argv[4])
ValueError: invalid literal for int() with base 10: '0.12'
Traceback (most recent call last):
  File "main_script.py", line 20, in <module>
    epsilon = int(sys.argv[4])
ValueError: invalid literal for int() with base 10: '0.12'
Traceback (most recent call last):
  File "main_script.py", line 20, in <module>
    epsilon = int(sys.argv[4])
ValueError: invalid literal for int() with base 10: '0.12'
Traceback (most recent call last):
  File "main_script.py", line 20, in <module>
    epsilon = int(sys.argv[4])
ValueError: invalid literal for int() with base 10: '0.09'
Traceback (most recent call last):
  File "main_script.py", line 20, in <module>
    epsilon = int(sys.argv[4])
ValueError: invalid literal for int() with base 10: '0.09'
Traceback (most recent call last):
  File "main_script.py", line 20, in <module>
    epsilon = int(sys.argv[4])
ValueError: invalid literal for int() with base 10: '0.12'
Traceback (most recent call last):
  File "main_script.py", line 20, in <module>
    epsilon = int(sys.argv[4])
ValueError: invalid literal for int() with base 10: '0.12'
Traceback (most recent call last):
  File "main_script.py", line 20, in <module>
    epsilon = int(sys.argv[4])
ValueError: invalid literal for int() with base 10: '0.09'
Traceback (most recent call last):
  File "main_script.py", line 20, in <module>
    epsilon = int(sys.argv[4])
ValueError: invalid literal for int() with base 10: '0.09'
Traceback (most recent call last):
  File "main_script.py", line 20, in <module>
    epsilon = int(sys.argv[4])
ValueError: invalid literal for int() with base 10: '0.12'
Traceback (most recent call last):
  File "main_script.py", line 20, in <module>
    epsilon = int(sys.argv[4])
ValueError: invalid literal for int() with base 10: '0.12'
Traceback (most recent call last):
  File "main_script.py", line 20, in <module>
    epsilon = int(sys.argv[4])
ValueError: invalid literal for int() with base 10: '0.12'
Traceback (most recent call last):
  File "main_script.py", line 20, in <module>
    epsilon = int(sys.argv[4])
ValueError: invalid literal for int() with base 10: '0.09'
Traceback (most recent call last):
  File "main_script.py", line 20, in <module>
    epsilon = int(sys.argv[4])
ValueError: invalid literal for int() with base 10: '0.12'
Traceback (most recent call last):
  File "main_script.py", line 20, in <module>
    epsilon = int(sys.argv[4])
ValueError: invalid literal for int() with base 10: '0.09'
Traceback (most recent call last):
  File "main_script.py", line 20, in <module>
    epsilon = int(sys.argv[4])
ValueError: invalid literal for int() with base 10: '0.12'
Traceback (most recent call last):
  File "main_script.py", line 20, in <module>
    epsilon = int(sys.argv[4])
ValueError: invalid literal for int() with base 10: '0.12'
Traceback (most recent call last):
  File "main_script.py", line 20, in <module>
    epsilon = int(sys.argv[4])
ValueError: invalid literal for int() with base 10: '0.09'
Traceback (most recent call last):
  File "main_script.py", line 20, in <module>
    epsilon = int(sys.argv[4])
ValueError: invalid literal for int() with base 10: '0.09'
Traceback (most recent call last):
  File "main_script.py", line 20, in <module>
    epsilon = int(sys.argv[4])
ValueError: invalid literal for int() with base 10: '0.12'
Traceback (most recent call last):
  File "main_script.py", line 20, in <module>
    epsilon = int(sys.argv[4])
ValueError: invalid literal for int() with base 10: '0.09'
Traceback (most recent call last):
  File "main_script.py", line 20, in <module>
    epsilon = int(sys.argv[4])
ValueError: invalid literal for int() with base 10: '0.09'
Traceback (most recent call last):
  File "main_script.py", line 20, in <module>
    epsilon = int(sys.argv[4])
ValueError: invalid literal for int() with base 10: '0.12'
Traceback (most recent call last):
  File "main_script.py", line 20, in <module>
    epsilon = int(sys.argv[4])
ValueError: invalid literal for int() with base 10: '0.12'
Traceback (most recent call last):
  File "main_script.py", line 20, in <module>
    epsilon = int(sys.argv[4])
ValueError: invalid literal for int() with base 10: '0.09'
Traceback (most recent call last):
  File "main_script.py", line 20, in <module>
    epsilon = int(sys.argv[4])
ValueError: invalid literal for int() with base 10: '0.09'
Traceback (most recent call last):
  File "main_script.py", line 20, in <module>
    epsilon = int(sys.argv[4])
ValueError: invalid literal for int() with base 10: '0.12'
Traceback (most recent call last):
  File "main_script.py", line 20, in <module>
    epsilon = int(sys.argv[4])
ValueError: invalid literal for int() with base 10: '0.09'
Traceback (most recent call last):
  File "main_script.py", line 20, in <module>
    epsilon = int(sys.argv[4])
ValueError: invalid literal for int() with base 10: '0.09'
Traceback (most recent call last):
  File "main_script.py", line 20, in <module>
    epsilon = int(sys.argv[4])
ValueError: invalid literal for int() with base 10: '0.12'
Traceback (most recent call last):
  File "main_script.py", line 20, in <module>
    epsilon = int(sys.argv[4])
ValueError: invalid literal for int() with base 10: '0.09'
Traceback (most recent call last):
  File "main_script.py", line 20, in <module>
    epsilon = int(sys.argv[4])
ValueError: invalid literal for int() with base 10: '0.09'
Traceback (most recent call last):
  File "main_script.py", line 20, in <module>
    epsilon = int(sys.argv[4])
ValueError: invalid literal for int() with base 10: '0.12'
Traceback (most recent call last):
  File "main_script.py", line 20, in <module>
    epsilon = int(sys.argv[4])
ValueError: invalid literal for int() with base 10: '0.12'
Traceback (most recent call last):
  File "main_script.py", line 20, in <module>
    epsilon = int(sys.argv[4])
ValueError: invalid literal for int() with base 10: '0.09'
Traceback (most recent call last):
  File "main_script.py", line 20, in <module>
    epsilon = int(sys.argv[4])
ValueError: invalid literal for int() with base 10: '0.12'
Traceback (most recent call last):
  File "main_script.py", line 20, in <module>
    epsilon = int(sys.argv[4])
ValueError: invalid literal for int() with base 10: '0.09'
Traceback (most recent call last):
  File "main_script.py", line 20, in <module>
    epsilon = int(sys.argv[4])
ValueError: invalid literal for int() with base 10: '0.12'
Traceback (most recent call last):
  File "main_script.py", line 20, in <module>
    epsilon = int(sys.argv[4])
ValueError: invalid literal for int() with base 10: '0.09'
Traceback (most recent call last):
  File "main_script.py", line 20, in <module>
    epsilon = int(sys.argv[4])
ValueError: invalid literal for int() with base 10: '0.09'
Traceback (most recent call last):
  File "main_script.py", line 20, in <module>
    epsilon = int(sys.argv[4])
ValueError: invalid literal for int() with base 10: '0.12'
Traceback (most recent call last):
  File "main_script.py", line 20, in <module>
    epsilon = int(sys.argv[4])
ValueError: invalid literal for int() with base 10: '0.12'
Traceback (most recent call last):
  File "main_script.py", line 20, in <module>
    epsilon = int(sys.argv[4])
ValueError: invalid literal for int() with base 10: '0.09'
Traceback (most recent call last):
  File "main_script.py", line 20, in <module>
    epsilon = int(sys.argv[4])
ValueError: invalid literal for int() with base 10: '0.12'
Traceback (most recent call last):
  File "main_script.py", line 20, in <module>
    epsilon = int(sys.argv[4])
ValueError: invalid literal for int() with base 10: '0.09'
Traceback (most recent call last):
  File "main_script.py", line 20, in <module>
    epsilon = int(sys.argv[4])
ValueError: invalid literal for int() with base 10: '0.09'
Traceback (most recent call last):
  File "main_script.py", line 20, in <module>
    epsilon = int(sys.argv[4])
ValueError: invalid literal for int() with base 10: '0.09'
Traceback (most recent call last):
  File "main_script.py", line 20, in <module>
    epsilon = int(sys.argv[4])
ValueError: invalid literal for int() with base 10: '0.12'
Traceback (most recent call last):
  File "main_script.py", line 20, in <module>
    epsilon = int(sys.argv[4])
ValueError: invalid literal for int() with base 10: '0.09'
Traceback (most recent call last):
  File "main_script.py", line 20, in <module>
    epsilon = int(sys.argv[4])
ValueError: invalid literal for int() with base 10: '0.12'
Traceback (most recent call last):
  File "main_script.py", line 20, in <module>
    epsilon = int(sys.argv[4])
ValueError: invalid literal for int() with base 10: '0.09'
Traceback (most recent call last):
  File "main_script.py", line 20, in <module>
    epsilon = int(sys.argv[4])
ValueError: invalid literal for int() with base 10: '0.12'
Traceback (most recent call last):
  File "main_script.py", line 20, in <module>
    epsilon = int(sys.argv[4])
ValueError: invalid literal for int() with base 10: '0.09'
Traceback (most recent call last):
  File "main_script.py", line 20, in <module>
    epsilon = int(sys.argv[4])
ValueError: invalid literal for int() with base 10: '0.12'
Traceback (most recent call last):
  File "main_script.py", line 20, in <module>
    epsilon = int(sys.argv[4])
ValueError: invalid literal for int() with base 10: '0.09'
Traceback (most recent call last):
  File "main_script.py", line 20, in <module>
    epsilon = int(sys.argv[4])
ValueError: invalid literal for int() with base 10: '0.12'
Traceback (most recent call last):
  File "main_script.py", line 20, in <module>
    epsilon = int(sys.argv[4])
ValueError: invalid literal for int() with base 10: '0.09'
Traceback (most recent call last):
  File "main_script.py", line 20, in <module>
    epsilon = int(sys.argv[4])
ValueError: invalid literal for int() with base 10: '0.09'
Traceback (most recent call last):
  File "main_script.py", line 20, in <module>
    epsilon = int(sys.argv[4])
ValueError: invalid literal for int() with base 10: '0.12'
Traceback (most recent call last):
  File "main_script.py", line 20, in <module>
    epsilon = int(sys.argv[4])
ValueError: invalid literal for int() with base 10: '0.12'
Traceback (most recent call last):
  File "main_script.py", line 20, in <module>
    epsilon = int(sys.argv[4])
ValueError: invalid literal for int() with base 10: '0.12'
Traceback (most recent call last):
  File "main_script.py", line 20, in <module>
    epsilon = int(sys.argv[4])
ValueError: invalid literal for int() with base 10: '0.12'
Traceback (most recent call last):
  File "main_script.py", line 20, in <module>
    epsilon = int(sys.argv[4])
ValueError: invalid literal for int() with base 10: '0.09'
Traceback (most recent call last):
  File "main_script.py", line 20, in <module>
    epsilon = int(sys.argv[4])
ValueError: invalid literal for int() with base 10: '0.09'
Traceback (most recent call last):
  File "main_script.py", line 20, in <module>
    epsilon = int(sys.argv[4])
ValueError: invalid literal for int() with base 10: '0.12'
Traceback (most recent call last):
  File "main_script.py", line 20, in <module>
    epsilon = int(sys.argv[4])
ValueError: invalid literal for int() with base 10: '0.12'
Traceback (most recent call last):
  File "main_script.py", line 20, in <module>
    epsilon = int(sys.argv[4])
ValueError: invalid literal for int() with base 10: '0.12'
Traceback (most recent call last):
  File "main_script.py", line 20, in <module>
    epsilon = int(sys.argv[4])
ValueError: invalid literal for int() with base 10: '0.12'
Traceback (most recent call last):
  File "main_script.py", line 20, in <module>
    epsilon = int(sys.argv[4])
ValueError: invalid literal for int() with base 10: '0.09'
Traceback (most recent call last):
  File "main_script.py", line 20, in <module>
    epsilon = int(sys.argv[4])
ValueError: invalid literal for int() with base 10: '0.09'
Traceback (most recent call last):
  File "main_script.py", line 20, in <module>
    epsilon = int(sys.argv[4])
ValueError: invalid literal for int() with base 10: '0.09'
Traceback (most recent call last):
  File "main_script.py", line 20, in <module>
    epsilon = int(sys.argv[4])
ValueError: invalid literal for int() with base 10: '0.09'
Traceback (most recent call last):
  File "main_script.py", line 20, in <module>
    epsilon = int(sys.argv[4])
ValueError: invalid literal for int() with base 10: '0.12'
Traceback (most recent call last):
  File "main_script.py", line 20, in <module>
    epsilon = int(sys.argv[4])
ValueError: invalid literal for int() with base 10: '0.12'
Traceback (most recent call last):
  File "main_script.py", line 20, in <module>
    epsilon = int(sys.argv[4])
ValueError: invalid literal for int() with base 10: '0.12'
Traceback (most recent call last):
  File "main_script.py", line 20, in <module>
    epsilon = int(sys.argv[4])
ValueError: invalid literal for int() with base 10: '0.09'
Traceback (most recent call last):
  File "main_script.py", line 20, in <module>
    epsilon = int(sys.argv[4])
ValueError: invalid literal for int() with base 10: '0.09'
Traceback (most recent call last):
  File "main_script.py", line 20, in <module>
    epsilon = int(sys.argv[4])
ValueError: invalid literal for int() with base 10: '0.12'
Traceback (most recent call last):
  File "main_script.py", line 20, in <module>
    epsilon = int(sys.argv[4])
ValueError: invalid literal for int() with base 10: '0.12'
Traceback (most recent call last):
  File "main_script.py", line 20, in <module>
    epsilon = int(sys.argv[4])
ValueError: invalid literal for int() with base 10: '0.09'
Traceback (most recent call last):
  File "main_script.py", line 20, in <module>
    epsilon = int(sys.argv[4])
ValueError: invalid literal for int() with base 10: '0.12'
Traceback (most recent call last):
  File "main_script.py", line 20, in <module>
    epsilon = int(sys.argv[4])
ValueError: invalid literal for int() with base 10: '0.09'
Traceback (most recent call last):
  File "main_script.py", line 20, in <module>
    epsilon = int(sys.argv[4])
ValueError: invalid literal for int() with base 10: '0.09'
Traceback (most recent call last):
  File "main_script.py", line 20, in <module>
    epsilon = int(sys.argv[4])
ValueError: invalid literal for int() with base 10: '0.12'
Traceback (most recent call last):
  File "main_script.py", line 20, in <module>
    epsilon = int(sys.argv[4])
ValueError: invalid literal for int() with base 10: '0.12'
Traceback (most recent call last):
  File "main_script.py", line 20, in <module>
    epsilon = int(sys.argv[4])
ValueError: invalid literal for int() with base 10: '0.09'
Traceback (most recent call last):
  File "main_script.py", line 20, in <module>
    epsilon = int(sys.argv[4])
ValueError: invalid literal for int() with base 10: '0.12'
Traceback (most recent call last):
  File "main_script.py", line 20, in <module>
    epsilon = int(sys.argv[4])
ValueError: invalid literal for int() with base 10: '0.09'
Traceback (most recent call last):
  File "main_script.py", line 20, in <module>
    epsilon = int(sys.argv[4])
ValueError: invalid literal for int() with base 10: '0.09'
Traceback (most recent call last):
  File "main_script.py", line 20, in <module>
    epsilon = int(sys.argv[4])
ValueError: invalid literal for int() with base 10: '0.12'
Traceback (most recent call last):
  File "main_script.py", line 20, in <module>
    epsilon = int(sys.argv[4])
ValueError: invalid literal for int() with base 10: '0.09'
Traceback (most recent call last):
  File "main_script.py", line 20, in <module>
    epsilon = int(sys.argv[4])
ValueError: invalid literal for int() with base 10: '0.09'
Traceback (most recent call last):
  File "main_script.py", line 20, in <module>
    epsilon = int(sys.argv[4])
ValueError: invalid literal for int() with base 10: '0.09'
Traceback (most recent call last):
  File "main_script.py", line 20, in <module>
    epsilon = int(sys.argv[4])
ValueError: invalid literal for int() with base 10: '0.09'
Traceback (most recent call last):
  File "main_script.py", line 20, in <module>
    epsilon = int(sys.argv[4])
ValueError: invalid literal for int() with base 10: '0.12'
Traceback (most recent call last):
  File "main_script.py", line 20, in <module>
    epsilon = int(sys.argv[4])
ValueError: invalid literal for int() with base 10: '0.12'
Traceback (most recent call last):
  File "main_script.py", line 20, in <module>
    epsilon = int(sys.argv[4])
ValueError: invalid literal for int() with base 10: '0.09'
Traceback (most recent call last):
  File "main_script.py", line 20, in <module>
    epsilon = int(sys.argv[4])
ValueError: invalid literal for int() with base 10: '0.12'
Traceback (most recent call last):
  File "main_script.py", line 20, in <module>
    epsilon = int(sys.argv[4])
ValueError: invalid literal for int() with base 10: '0.12'
Traceback (most recent call last):
  File "main_script.py", line 20, in <module>
    epsilon = int(sys.argv[4])
ValueError: invalid literal for int() with base 10: '0.09'
Traceback (most recent call last):
  File "main_script.py", line 20, in <module>
    epsilon = int(sys.argv[4])
ValueError: invalid literal for int() with base 10: '0.12'
Traceback (most recent call last):
  File "main_script.py", line 20, in <module>
    epsilon = int(sys.argv[4])
ValueError: invalid literal for int() with base 10: '0.12'
Traceback (most recent call last):
  File "main_script.py", line 20, in <module>
    epsilon = int(sys.argv[4])
ValueError: invalid literal for int() with base 10: '0.09'
Traceback (most recent call last):
  File "main_script.py", line 20, in <module>
    epsilon = int(sys.argv[4])
ValueError: invalid literal for int() with base 10: '0.12'
Traceback (most recent call last):
  File "main_script.py", line 20, in <module>
    epsilon = int(sys.argv[4])
ValueError: invalid literal for int() with base 10: '0.09'
Traceback (most recent call last):
  File "main_script.py", line 20, in <module>
    epsilon = int(sys.argv[4])
ValueError: invalid literal for int() with base 10: '0.12'
Traceback (most recent call last):
  File "main_script.py", line 20, in <module>
    epsilon = int(sys.argv[4])
ValueError: invalid literal for int() with base 10: '0.09'
Traceback (most recent call last):
  File "main_script.py", line 20, in <module>
    epsilon = int(sys.argv[4])
ValueError: invalid literal for int() with base 10: '0.12'
Traceback (most recent call last):
  File "main_script.py", line 20, in <module>
    epsilon = int(sys.argv[4])
ValueError: invalid literal for int() with base 10: '0.12'
Traceback (most recent call last):
  File "main_script.py", line 20, in <module>
    epsilon = int(sys.argv[4])
ValueError: invalid literal for int() with base 10: '0.12'
Traceback (most recent call last):
  File "main_script.py", line 20, in <module>
    epsilon = int(sys.argv[4])
ValueError: invalid literal for int() with base 10: '0.09'
Traceback (most recent call last):
  File "main_script.py", line 20, in <module>
    epsilon = int(sys.argv[4])
ValueError: invalid literal for int() with base 10: '0.09'
Traceback (most recent call last):
  File "main_script.py", line 20, in <module>
    epsilon = int(sys.argv[4])
ValueError: invalid literal for int() with base 10: '0.12'
Traceback (most recent call last):
  File "main_script.py", line 20, in <module>
    epsilon = int(sys.argv[4])
ValueError: invalid literal for int() with base 10: '0.12'
Traceback (most recent call last):
  File "main_script.py", line 20, in <module>
    epsilon = int(sys.argv[4])
ValueError: invalid literal for int() with base 10: '0.09'
Traceback (most recent call last):
  File "main_script.py", line 20, in <module>
    epsilon = int(sys.argv[4])
ValueError: invalid literal for int() with base 10: '0.09'
Traceback (most recent call last):
  File "main_script.py", line 20, in <module>
    epsilon = int(sys.argv[4])
ValueError: invalid literal for int() with base 10: '0.09'
Traceback (most recent call last):
  File "main_script.py", line 20, in <module>
    epsilon = int(sys.argv[4])
ValueError: invalid literal for int() with base 10: '0.12'
Traceback (most recent call last):
  File "main_script.py", line 20, in <module>
    epsilon = int(sys.argv[4])
ValueError: invalid literal for int() with base 10: '0.12'
Traceback (most recent call last):
  File "main_script.py", line 20, in <module>
    epsilon = int(sys.argv[4])
ValueError: invalid literal for int() with base 10: '0.09'
Traceback (most recent call last):
  File "main_script.py", line 20, in <module>
    epsilon = int(sys.argv[4])
ValueError: invalid literal for int() with base 10: '0.09'
Traceback (most recent call last):
  File "main_script.py", line 20, in <module>
    epsilon = int(sys.argv[4])
ValueError: invalid literal for int() with base 10: '0.09'
Traceback (most recent call last):
  File "main_script.py", line 20, in <module>
    epsilon = int(sys.argv[4])
ValueError: invalid literal for int() with base 10: '0.09'
Traceback (most recent call last):
  File "main_script.py", line 20, in <module>
    epsilon = int(sys.argv[4])
ValueError: invalid literal for int() with base 10: '0.09'
Traceback (most recent call last):
  File "main_script.py", line 20, in <module>
    epsilon = int(sys.argv[4])
ValueError: invalid literal for int() with base 10: '0.12'
Traceback (most recent call last):
  File "main_script.py", line 20, in <module>
    epsilon = int(sys.argv[4])
ValueError: invalid literal for int() with base 10: '0.12'
Traceback (most recent call last):
  File "main_script.py", line 20, in <module>
    epsilon = int(sys.argv[4])
ValueError: invalid literal for int() with base 10: '0.09'
Traceback (most recent call last):
  File "main_script.py", line 20, in <module>
    epsilon = int(sys.argv[4])
ValueError: invalid literal for int() with base 10: '0.12'
Traceback (most recent call last):
  File "main_script.py", line 20, in <module>
    epsilon = int(sys.argv[4])
ValueError: invalid literal for int() with base 10: '0.12'
Traceback (most recent call last):
  File "main_script.py", line 20, in <module>
    epsilon = int(sys.argv[4])
ValueError: invalid literal for int() with base 10: '0.09'
Traceback (most recent call last):
  File "main_script.py", line 20, in <module>
    epsilon = int(sys.argv[4])
ValueError: invalid literal for int() with base 10: '0.12'
Traceback (most recent call last):
  File "main_script.py", line 20, in <module>
    epsilon = int(sys.argv[4])
ValueError: invalid literal for int() with base 10: '0.12'
Traceback (most recent call last):
  File "main_script.py", line 20, in <module>
    epsilon = int(sys.argv[4])
ValueError: invalid literal for int() with base 10: '0.12'
Traceback (most recent call last):
  File "main_script.py", line 20, in <module>
    epsilon = int(sys.argv[4])
ValueError: invalid literal for int() with base 10: '0.09'
Traceback (most recent call last):
  File "main_script.py", line 20, in <module>
    epsilon = int(sys.argv[4])
ValueError: invalid literal for int() with base 10: '0.09'
Traceback (most recent call last):
  File "main_script.py", line 20, in <module>
    epsilon = int(sys.argv[4])
ValueError: invalid literal for int() with base 10: '0.12'
Traceback (most recent call last):
  File "main_script.py", line 20, in <module>
    epsilon = int(sys.argv[4])
ValueError: invalid literal for int() with base 10: '0.09'
Traceback (most recent call last):
  File "main_script.py", line 20, in <module>
    epsilon = int(sys.argv[4])
ValueError: invalid literal for int() with base 10: '0.12'
Traceback (most recent call last):
  File "main_script.py", line 20, in <module>
    epsilon = int(sys.argv[4])
ValueError: invalid literal for int() with base 10: '0.12'
Traceback (most recent call last):
  File "main_script.py", line 20, in <module>
    epsilon = int(sys.argv[4])
ValueError: invalid literal for int() with base 10: '0.12'
Traceback (most recent call last):
  File "main_script.py", line 20, in <module>
    epsilon = int(sys.argv[4])
ValueError: invalid literal for int() with base 10: '0.12'
Traceback (most recent call last):
  File "main_script.py", line 20, in <module>
    epsilon = int(sys.argv[4])
ValueError: invalid literal for int() with base 10: '0.12'
Traceback (most recent call last):
  File "main_script.py", line 20, in <module>
    epsilon = int(sys.argv[4])
ValueError: invalid literal for int() with base 10: '0.12'
Traceback (most recent call last):
  File "main_script.py", line 20, in <module>
    epsilon = int(sys.argv[4])
ValueError: invalid literal for int() with base 10: '0.09'
Traceback (most recent call last):
  File "main_script.py", line 20, in <module>
    epsilon = int(sys.argv[4])
ValueError: invalid literal for int() with base 10: '0.09'
Traceback (most recent call last):
  File "main_script.py", line 20, in <module>
    epsilon = int(sys.argv[4])
ValueError: invalid literal for int() with base 10: '0.09'
Traceback (most recent call last):
  File "main_script.py", line 20, in <module>
    epsilon = int(sys.argv[4])
ValueError: invalid literal for int() with base 10: '0.09'
Traceback (most recent call last):
  File "main_script.py", line 20, in <module>
    epsilon = int(sys.argv[4])
ValueError: invalid literal for int() with base 10: '0.12'
Traceback (most recent call last):
  File "main_script.py", line 20, in <module>
    epsilon = int(sys.argv[4])
ValueError: invalid literal for int() with base 10: '0.12'
Traceback (most recent call last):
  File "main_script.py", line 20, in <module>
    epsilon = int(sys.argv[4])
ValueError: invalid literal for int() with base 10: '0.09'
Traceback (most recent call last):
  File "main_script.py", line 20, in <module>
    epsilon = int(sys.argv[4])
ValueError: invalid literal for int() with base 10: '0.12'
Traceback (most recent call last):
  File "main_script.py", line 20, in <module>
    epsilon = int(sys.argv[4])
ValueError: invalid literal for int() with base 10: '0.09'
Traceback (most recent call last):
  File "main_script.py", line 20, in <module>
    epsilon = int(sys.argv[4])
ValueError: invalid literal for int() with base 10: '0.12'
Traceback (most recent call last):
  File "main_script.py", line 20, in <module>
    epsilon = int(sys.argv[4])
ValueError: invalid literal for int() with base 10: '0.12'
Traceback (most recent call last):
  File "main_script.py", line 20, in <module>
    epsilon = int(sys.argv[4])
ValueError: invalid literal for int() with base 10: '0.09'
Traceback (most recent call last):
  File "main_script.py", line 20, in <module>
    epsilon = int(sys.argv[4])
ValueError: invalid literal for int() with base 10: '0.09'
Traceback (most recent call last):
  File "main_script.py", line 20, in <module>
    epsilon = int(sys.argv[4])
ValueError: invalid literal for int() with base 10: '0.12'
Traceback (most recent call last):
  File "main_script.py", line 20, in <module>
    epsilon = int(sys.argv[4])
ValueError: invalid literal for int() with base 10: '0.09'
Traceback (most recent call last):
  File "main_script.py", line 20, in <module>
    epsilon = int(sys.argv[4])
ValueError: invalid literal for int() with base 10: '0.12'
Traceback (most recent call last):
  File "main_script.py", line 20, in <module>
    epsilon = int(sys.argv[4])
ValueError: invalid literal for int() with base 10: '0.09'
Traceback (most recent call last):
  File "main_script.py", line 20, in <module>
    epsilon = int(sys.argv[4])
ValueError: invalid literal for int() with base 10: '0.12'
Traceback (most recent call last):
  File "main_script.py", line 20, in <module>
    epsilon = int(sys.argv[4])
ValueError: invalid literal for int() with base 10: '0.09'
Traceback (most recent call last):
  File "main_script.py", line 20, in <module>
    epsilon = int(sys.argv[4])
ValueError: invalid literal for int() with base 10: '0.09'
Traceback (most recent call last):
  File "main_script.py", line 20, in <module>
    epsilon = int(sys.argv[4])
ValueError: invalid literal for int() with base 10: '0.12'
Traceback (most recent call last):
  File "main_script.py", line 20, in <module>
    epsilon = int(sys.argv[4])
ValueError: invalid literal for int() with base 10: '0.09'
Traceback (most recent call last):
  File "main_script.py", line 20, in <module>
    epsilon = int(sys.argv[4])
ValueError: invalid literal for int() with base 10: '0.12'
Traceback (most recent call last):
  File "main_script.py", line 20, in <module>
    epsilon = int(sys.argv[4])
ValueError: invalid literal for int() with base 10: '0.12'
Traceback (most recent call last):
  File "main_script.py", line 20, in <module>
    epsilon = int(sys.argv[4])
ValueError: invalid literal for int() with base 10: '0.09'
Traceback (most recent call last):
  File "main_script.py", line 20, in <module>
    epsilon = int(sys.argv[4])
ValueError: invalid literal for int() with base 10: '0.09'
Traceback (most recent call last):
  File "main_script.py", line 20, in <module>
    epsilon = int(sys.argv[4])
ValueError: invalid literal for int() with base 10: '0.09'

scontrol show jobid 3983781
JobId=3983781 JobName=epsilon
   UserId=wongsun4(3095934) GroupId=epoppitz(6003021) MCS_label=N/A
   Priority=1866256 Nice=0 Account=def-epoppitz QOS=normal
   JobState=COMPLETING Reason=None Dependency=(null)
   Requeue=0 Restarts=0 BatchFlag=1 Reboot=0 ExitCode=0:0
   RunTime=00:00:45 TimeLimit=01:00:00 TimeMin=N/A
   SubmitTime=2020-08-29T00:19:18 EligibleTime=2020-08-29T00:19:18
   AccrueTime=2020-08-29T00:19:18
   StartTime=2020-08-29T00:19:19 EndTime=2020-08-29T00:20:04 Deadline=N/A
   SuspendTime=None SecsPreSuspend=0 LastSchedEval=2020-08-29T00:19:19
   Partition=compute AllocNode:Sid=nia-login02:14528
   ReqNodeList=(null) ExcNodeList=(null)
   NodeList=nia0387
   BatchHost=nia0387
   NumNodes=1 NumCPUs=80 NumTasks=80 CPUs/Task=1 ReqB:S:C:T=0:0:*:*
   TRES=cpu=80,node=1,billing=40
   Socks/Node=* NtasksPerN:B:S:C=80:0:*:* CoreSpec=*
   MinCPUsNode=80 MinMemoryNode=0 MinTmpDiskNode=0
   Features=[skylake|cascade] DelayBoot=00:00:00
   OverSubscribe=NO Contiguous=0 Licenses=(null) Network=(null)
   Command=/gpfs/fs0/scratch/e/epoppitz/wongsun4/Confining-String/Niagara/epsilon_Aug_28/epsilon_script.sh
   WorkDir=/gpfs/fs0/scratch/e/epoppitz/wongsun4/Confining-String/Niagara/epsilon_Aug_28
   StdErr=/gpfs/fs0/scratch/e/epoppitz/wongsun4/Confining-String/Niagara/epsilon_Aug_28/slurm-3983781.out
   StdIn=/dev/null
   StdOut=/gpfs/fs0/scratch/e/epoppitz/wongsun4/Confining-String/Niagara/epsilon_Aug_28/slurm-3983781.out
   Power=
   MailUser=(null) MailType=NONE

sacct -j 3983781
       JobID    JobName    Account    Elapsed  MaxVMSize     MaxRSS  SystemCPU    UserCPU ExitCode 
------------ ---------- ---------- ---------- ---------- ---------- ---------- ---------- -------- 
3983781         epsilon def-epopp+   00:00:45                        06:40.352  26:37.570      0:0 
3983781.bat+      batch def-epopp+   00:00:45  53195336K   4510064K  06:40.352  26:37.569      0:0 
3983781.ext+     extern def-epopp+   00:00:45    137232K       852K   00:00:00   00:00:00      0:0 
