Restoring modules from user's confine_module
'confining_string_solver'  0.01 ms
'confining_string_solver'  0.01 ms
'confining_string_solver'  0.01 ms
'confining_string_solver'  0.01 ms
'confining_string_solver'  0.01 ms
'confining_string_solver'  0.01 ms
'confining_string_solver'  0.01 ms
'confining_string_solver'  0.01 ms
'confining_string_solver'  0.01 ms
'confining_string_solver'  0.01 ms
'confining_string_solver'  0.01 ms
'confining_string_solver'  0.01 ms
'confining_string_solver'  0.01 ms
'confining_string_solver'  0.01 ms
'confining_string_solver'  0.01 ms
'confining_string_solver'  0.01 ms
'confining_string_solver'  0.01 ms
'confining_string_solver'  0.01 ms
'confining_string_solver'  0.01 ms
'confining_string_solver'  0.01 ms
'confining_string_solver'  0.01 ms
'confining_string_solver'  0.01 ms
'confining_string_solver'  0.01 ms
'confining_string_solver'  0.01 ms
'confining_string_solver'  0.01 ms
'confining_string_solver'  0.01 ms
'confining_string_solver'  0.01 ms
'confining_string_solver'  0.01 ms
'confining_string_solver'  0.01 ms
'confining_string_solver'  0.01 ms
'confining_string_solver'  0.01 ms
'confining_string_solver'  0.01 ms
'confining_string_solver'  0.01 ms
'confining_string_solver'  0.01 ms
'confining_string_solver'  0.01 ms
'confining_string_solver'  0.01 ms
'confining_string_solver'  0.01 ms
'confining_string_solver'  0.01 ms
'confining_string_solver'  0.01 ms
'confining_string_solver'  0.01 ms
'confining_string_solver'  0.01 ms
'confining_string_solver'  0.01 ms
'confining_string_solver'  0.01 ms
'confining_string_solver'  0.01 ms
'confining_string_solver'  0.01 ms
'confining_string_solver'  0.01 ms
'confining_string_solver'  0.01 ms
'confining_string_solver'  0.01 ms
'confining_string_solver'  0.01 ms
'confining_string_solver'  0.01 ms
'confining_string_solver'  0.01 ms
'confining_string_solver'  0.01 ms
'confining_string_solver'  0.01 ms
'confining_string_solver'  0.01 ms
'confining_string_solver'  0.01 ms
'confining_string_solver'  0.01 ms
'confining_string_solver'  0.01 ms
'confining_string_solver'  0.01 ms
'confining_string_solver'  0.01 ms
'confining_string_solver'  0.01 ms
'confining_string_solver'  0.01 ms
'confining_string_solver'  0.01 ms
'confining_string_solver'  0.01 ms
'confining_string_solver'  0.01 ms
'confining_string_solver'  0.01 ms
'confining_string_solver'  0.01 ms
'confining_string_solver'  0.01 ms
'confining_string_solver'  0.01 ms
'confining_string_solver'  0.01 ms
'confining_string_solver'  0.01 ms
'confining_string_solver'  0.01 ms
'confining_string_solver'  0.01 ms
'confining_string_solver'  0.01 ms
'confining_string_solver'  0.01 ms
'confining_string_solver'  0.01 ms
'confining_string_solver'  0.01 ms
'confining_string_solver'  0.01 ms
'confining_string_solver'  0.01 ms
'confining_string_solver'  0.01 ms
'confining_string_solver'  0.01 ms
'confining_string_solver'  0.01 ms
'confining_string_solver'  0.02 ms
'confining_string_solver'  0.01 ms
'confining_string_solver'  0.01 ms
'confining_string_solver'  0.01 ms
'confining_string_solver'  0.01 ms
'confining_string_solver'  0.01 ms
'confining_string_solver'  0.01 ms
'confining_string_solver'  0.01 ms
'confining_string_solver'  0.01 ms
'confining_string_solver'  0.01 ms
'confining_string_solver'  0.01 ms
'confining_string_solver'  0.01 ms
'confining_string_solver'  0.01 ms
'confining_string_solver'  0.01 ms
'confining_string_solver'  0.01 ms
'confining_string_solver'  0.01 ms
'confining_string_solver'  0.01 ms
'confining_string_solver'  0.01 ms
'confining_string_solver'  0.01 ms
'confining_string_solver'  0.01 ms
'confining_string_solver'  0.01 ms
'confining_string_solver'  0.01 ms
'confining_string_solver'  0.01 ms
'confining_string_solver'  0.01 ms
'confining_string_solver'  0.01 ms
'confining_string_solver'  0.01 ms
'confining_string_solver'  0.01 ms
'confining_string_solver'  0.01 ms
'confining_string_solver'  0.01 ms
'confining_string_solver'  0.01 ms
'confining_string_solver'  0.01 ms
'confining_string_solver'  0.02 ms
'confining_string_solver'  0.01 ms
'confining_string_solver'  0.01 ms
'confining_string_solver'  0.01 ms
'confining_string_solver'  0.01 ms
'confining_string_solver'  0.01 ms
'confining_string_solver'  0.01 ms
'confining_string_solver'  0.01 ms
'confining_string_solver'  0.01 ms
'confining_string_solver'  0.01 ms
'confining_string_solver'  0.01 ms
'confining_string_solver'  0.01 ms
'confining_string_solver'  0.01 ms
'confining_string_solver'  0.01 ms
'confining_string_solver'  0.01 ms
'confining_string_solver'  0.01 ms
'confining_string_solver'  0.01 ms
'confining_string_solver'  0.01 ms
'confining_string_solver'  0.01 ms
'confining_string_solver'  0.01 ms
'confining_string_solver'  0.02 ms
'confining_string_solver'  0.01 ms
'confining_string_solver'  0.02 ms
'confining_string_solver'  0.01 ms
'confining_string_solver'  0.02 ms
'confining_string_solver'  0.01 ms
'confining_string_solver'  0.01 ms
'confining_string_solver'  0.02 ms

Attributes:
N = 2
charge_arg = w1
bound_arg = x1
epsilon = 0.09
L = 30
w = 40
h = 0.1
R = 10
use_half_grid = True
sor = 1.96
tolerance = 1e-09
error = 9.92408156359698e-10
max loop = 1045
initial keyword = BPS
gradient energy = 80.00772376033531
potential energy = 36.45658092515484
energy = 116.46430468549013
separation = 3.3000000000000007

'confining_string_solver'  33398.54 ms

Attributes:
N = 2
charge_arg = w1
bound_arg = x1
epsilon = 0.09
L = 30
w = 40
h = 0.1
R = 20
use_half_grid = True
sor = 1.96
tolerance = 1e-09
error = 9.988061682307768e-10
max loop = 2789
initial keyword = BPS
gradient energy = 121.39607979857544
potential energy = 76.01563498850896
energy = 197.4117147870844
separation = 4.300000000000001

'confining_string_solver'  33862.21 ms

Attributes:
N = 2
charge_arg = w1
bound_arg = x1
epsilon = 0.12
L = 30
w = 40
h = 0.1
R = 10
use_half_grid = True
sor = 1.96
tolerance = 1e-09
error = 9.880098995295211e-10
max loop = 1100
initial keyword = BPS
gradient energy = 90.62607061536883
potential energy = 35.79213690791882
energy = 126.41820752328765
separation = 3.6999999999999993

'confining_string_solver'  34631.68 ms

Attributes:
N = 2
charge_arg = w1
bound_arg = x1
epsilon = 0.12
L = 30
w = 40
h = 0.1
R = 20
use_half_grid = True
sor = 1.96
tolerance = 1e-09
error = 9.98892758519757e-10
max loop = 2853
initial keyword = BPS
gradient energy = 132.65155062726748
potential energy = 75.19293608883473
energy = 207.8444867161022
separation = 5.099999999999998

'confining_string_solver'  35083.37 ms

Attributes:
N = 3
charge_arg = w1
bound_arg = x1
epsilon = 0.09
L = 30
w = 40
h = 0.1
R = 10
use_half_grid = True
sor = 1.96
tolerance = 1e-09
error = 9.991902081356658e-10
max loop = 1089
initial keyword = BPS
gradient energy = 111.08547812320364
potential energy = 48.57089910964194
energy = 159.65637723284559
separation = 3.099999999999998

'confining_string_solver'  48118.59 ms
restore checkpoint

Attributes:
N = 4
charge_arg = w2
bound_arg = x1
epsilon = 0.09
L = 30
w = 40
h = 0.1
R = 10
use_half_grid = True
sor = 1.96
tolerance = 1e-09
error = 9.985738606203224e-10
max loop = 1325
initial keyword = BPS
gradient energy = 159.62806838919448
potential energy = 52.56208836631387
energy = 212.19015675550833
separation = 4.099999999999998

'confining_string_solver'  1152254.99 ms
restore checkpoint

Attributes:
N = 4
charge_arg = w1
bound_arg = x1
epsilon = 0.09
L = 30
w = 40
h = 0.1
R = 10
use_half_grid = True
sor = 1.96
tolerance = 1e-09
error = 9.91629551098042e-10
max loop = 1432
initial keyword = BPS
gradient energy = 122.19444019084227
potential energy = 50.90899080272621
energy = 173.10343099356845
separation = 0.9000000000000021

'confining_string_solver'  1509306.23 ms
restore checkpoint
save checkpoint
restore checkpoint

Attributes:
N = 3
charge_arg = w1
bound_arg = x1
epsilon = 0.12
L = 30
w = 60
h = 0.1
R = 10
use_half_grid = True
sor = 1.96
tolerance = 1e-09
error = 9.936137789579116e-10
max loop = 1502
initial keyword = BPS
gradient energy = 129.20156939174186
potential energy = 48.58971828940885
energy = 177.7912876811507
separation = 3.099999999999998

'confining_string_solver'  109328.68 ms

Attributes:
N = 3
charge_arg = w1
bound_arg = x1
epsilon = 0.12
L = 30
w = 60
h = 0.1
R = 10
use_half_grid = True
sor = 1.96
tolerance = 1e-09
error = 9.936137789579116e-10
max loop = 1502
initial keyword = BPS
gradient energy = 129.20156939174186
potential energy = 48.58971828940885
energy = 177.7912876811507
separation = 3.099999999999998

'confining_string_solver'  1843741.09 ms
restore checkpoint
save checkpoint
restore checkpoint
save checkpoint
restore checkpoint

Attributes:
N = 3
charge_arg = w1
bound_arg = x1
epsilon = 0.09
L = 30
w = 40
h = 0.1
R = 20
use_half_grid = True
sor = 1.96
tolerance = 1e-09
error = 9.99694219504187e-10
max loop = 2913
initial keyword = BPS
gradient energy = 167.6965078483988
potential energy = 98.99771635103407
energy = 266.6942241994328
separation = 4.699999999999999

'confining_string_solver'  956221.12 ms

Attributes:
N = 3
charge_arg = w1
bound_arg = x1
epsilon = 0.09
L = 30
w = 40
h = 0.1
R = 20
use_half_grid = True
sor = 1.96
tolerance = 1e-09
error = 9.99694219504187e-10
max loop = 2913
initial keyword = BPS
gradient energy = 167.6965078483988
potential energy = 98.99771635103407
energy = 266.6942241994328
separation = 4.699999999999999

'confining_string_solver'  2106443.67 ms

Attributes:
N = 3
charge_arg = w1
bound_arg = x1
epsilon = 0.09
L = 30
w = 40
h = 0.1
R = 20
use_half_grid = True
sor = 1.96
tolerance = 1e-09
error = 9.99694219504187e-10
max loop = 2913
initial keyword = BPS
gradient energy = 167.6965078483988
potential energy = 98.99771635103407
energy = 266.6942241994328
separation = 4.699999999999999

'confining_string_solver'  3219030.30 ms
restore checkpoint
save checkpoint
restore checkpoint

Attributes:
N = 5
charge_arg = w1
bound_arg = x1
epsilon = 0.09
L = 30
w = 40
h = 0.1
R = 10
use_half_grid = True
sor = 1.96
tolerance = 1e-09
error = 9.982013250830553e-10
max loop = 1199
initial keyword = BPS
gradient energy = 132.14351603594716
potential energy = 47.75546572627947
energy = 179.89898176222664
separation = 0.09999999999999787

'confining_string_solver'  1004689.18 ms

Attributes:
N = 5
charge_arg = w1
bound_arg = x1
epsilon = 0.09
L = 30
w = 40
h = 0.1
R = 10
use_half_grid = True
sor = 1.96
tolerance = 1e-09
error = 9.982013250830553e-10
max loop = 1199
initial keyword = BPS
gradient energy = 132.14351603594716
potential energy = 47.75546572627947
energy = 179.89898176222664
separation = 0.09999999999999787

'confining_string_solver'  3381947.44 ms
Pseudo-terminal will not be allocated because stdin is not a terminal.
Submitted batch job 3983905

scontrol show jobid 3983859
JobId=3983859 JobName=epsilon
   UserId=wongsun4(3095934) GroupId=epoppitz(6003021) MCS_label=N/A
   Priority=1866256 Nice=0 Account=def-epoppitz QOS=normal
   JobState=COMPLETING Reason=None Dependency=(null)
   Requeue=0 Restarts=0 BatchFlag=1 Reboot=0 ExitCode=0:0
   RunTime=00:59:05 TimeLimit=01:00:00 TimeMin=N/A
   SubmitTime=2020-08-29T02:04:07 EligibleTime=2020-08-29T02:04:07
   AccrueTime=2020-08-29T02:04:07
   StartTime=2020-08-29T02:04:10 EndTime=2020-08-29T03:03:15 Deadline=N/A
   SuspendTime=None SecsPreSuspend=0 LastSchedEval=2020-08-29T02:04:10
   Partition=compute AllocNode:Sid=nia-login01:211348
   ReqNodeList=(null) ExcNodeList=(null)
   NodeList=nia0221
   BatchHost=nia0221
   NumNodes=1 NumCPUs=80 NumTasks=80 CPUs/Task=1 ReqB:S:C:T=0:0:*:*
   TRES=cpu=80,node=1,billing=40
   Socks/Node=* NtasksPerN:B:S:C=80:0:*:* CoreSpec=*
   MinCPUsNode=80 MinMemoryNode=0 MinTmpDiskNode=0
   Features=[skylake|cascade] DelayBoot=00:00:00
   OverSubscribe=NO Contiguous=0 Licenses=(null) Network=(null)
   Command=/gpfs/fs0/scratch/e/epoppitz/wongsun4/Confining-String/Niagara/epsilon_Aug_28/epsilon_script.sh
   WorkDir=/gpfs/fs0/scratch/e/epoppitz/wongsun4/Confining-String/Niagara/epsilon_Aug_28
   StdErr=/gpfs/fs0/scratch/e/epoppitz/wongsun4/Confining-String/Niagara/epsilon_Aug_28/slurm-3983859.out
   StdIn=/dev/null
   StdOut=/gpfs/fs0/scratch/e/epoppitz/wongsun4/Confining-String/Niagara/epsilon_Aug_28/slurm-3983859.out
   Power=
   MailUser=(null) MailType=NONE

sacct -j 3983859
       JobID    JobName    Account    Elapsed  MaxVMSize     MaxRSS  SystemCPU    UserCPU ExitCode 
------------ ---------- ---------- ---------- ---------- ---------- ---------- ---------- -------- 
3983859         epsilon def-epopp+   00:59:05                         04:07:33 3-02:09:41      0:0 
3983859.bat+      batch def-epopp+   00:59:05 290549316K  39635912K   04:07:33 3-02:09:41      0:0 
3983859.ext+     extern def-epopp+   00:59:05    137232K       852K   00:00:00   00:00:00      0:0 
