
scontrol show jobid 4099836
JobId=4099836 JobName=epsilon
   UserId=wongsun4(3095934) GroupId=epoppitz(6003021) MCS_label=N/A
   Priority=1555993 Nice=0 Account=def-epoppitz QOS=normal
   JobState=COMPLETED Reason=Prolog Dependency=(null)
   Requeue=0 Restarts=0 BatchFlag=1 Reboot=0 ExitCode=0:0
   RunTime=00:00:52 TimeLimit=01:00:00 TimeMin=N/A
   SubmitTime=2020-09-10T03:48:19 EligibleTime=2020-09-10T03:48:19
   AccrueTime=2020-09-10T03:48:19
   StartTime=2020-09-10T03:48:21 EndTime=2020-09-10T03:49:13 Deadline=N/A
   SuspendTime=None SecsPreSuspend=0 LastSchedEval=2020-09-10T03:48:21
   Partition=compute AllocNode:Sid=nia-login01:68741
   ReqNodeList=(null) ExcNodeList=(null)
   NodeList=nia0020
   BatchHost=nia0020
   NumNodes=1 NumCPUs=80 NumTasks=80 CPUs/Task=1 ReqB:S:C:T=0:0:*:*
   TRES=cpu=80,node=1,billing=40
   Socks/Node=* NtasksPerN:B:S:C=80:0:*:* CoreSpec=*
   MinCPUsNode=80 MinMemoryNode=0 MinTmpDiskNode=0
   Features=[skylake|cascade] DelayBoot=00:00:00
   OverSubscribe=NO Contiguous=0 Licenses=(null) Network=(null)
   Command=/gpfs/fs0/scratch/e/epoppitz/wongsun4/Confining-String/Niagara/epsilon_Aug_28/epsilon_script.sh
   WorkDir=/gpfs/fs0/scratch/e/epoppitz/wongsun4/Confining-String/Niagara/epsilon_Aug_28
   StdErr=/gpfs/fs0/scratch/e/epoppitz/wongsun4/Confining-String/Niagara/epsilon_Aug_28/slurm-4099836.out
   StdIn=/dev/null
   StdOut=/gpfs/fs0/scratch/e/epoppitz/wongsun4/Confining-String/Niagara/epsilon_Aug_28/slurm-4099836.out
   Power=
   MailUser=(null) MailType=NONE

sacct -j 4099836
       JobID    JobName    Account    Elapsed  MaxVMSize     MaxRSS  SystemCPU    UserCPU ExitCode 
------------ ---------- ---------- ---------- ---------- ---------- ---------- ---------- -------- 
4099836         epsilon def-epopp+   00:00:52                         00:00:00   00:00:00      0:0 
4099836.bat+      batch def-epopp+   00:00:52                         00:00:00   00:00:00      0:0 
4099836.ext+     extern def-epopp+   00:00:52                         00:00:00   00:00:00      0:0 
