Restoring modules from user's confine_module
'confining_string_solver'  0.01 ms
'confining_string_solver'  0.01 ms
'confining_string_solver'  0.01 ms
'confining_string_solver'  0.01 ms
'confining_string_solver'  0.01 ms
'confining_string_solver'  0.01 ms
'confining_string_solver'  0.01 ms
'confining_string_solver'  0.01 ms
'confining_string_solver'  0.01 ms
'confining_string_solver'  0.01 ms
'confining_string_solver'  0.01 ms
'confining_string_solver'  0.01 ms
'confining_string_solver'  0.01 ms
'confining_string_solver'  0.01 ms
'confining_string_solver'  0.01 ms
'confining_string_solver'  0.01 ms
'confining_string_solver'  0.01 ms
'confining_string_solver'  0.01 ms
'confining_string_solver'  0.01 ms
'confining_string_solver'  0.01 ms
'confining_string_solver'  0.01 ms
'confining_string_solver'  0.01 ms
'confining_string_solver'  0.01 ms
'confining_string_solver'  0.01 ms
'confining_string_solver'  0.01 ms
'confining_string_solver'  0.01 ms
'confining_string_solver'  0.01 ms
'confining_string_solver'  0.01 ms
'confining_string_solver'  0.01 ms
'confining_string_solver'  0.01 ms
'confining_string_solver'  0.03 ms
'confining_string_solver'  0.01 ms
'confining_string_solver'  0.01 ms
'confining_string_solver'  0.01 ms
'confining_string_solver'  0.01 ms
'confining_string_solver'  0.01 ms
'confining_string_solver'  0.01 ms
'confining_string_solver'  0.01 ms
'confining_string_solver'  0.01 ms
'confining_string_solver'  0.01 ms
'confining_string_solver'  0.01 ms
'confining_string_solver'  0.01 ms
'confining_string_solver'  0.01 ms
'confining_string_solver'  0.01 ms
'confining_string_solver'  0.01 ms
'confining_string_solver'  0.02 ms
'confining_string_solver'  0.01 ms
'confining_string_solver'  0.01 ms
'confining_string_solver'  0.01 ms
'confining_string_solver'  0.01 ms
'confining_string_solver'  0.01 ms
'confining_string_solver'  0.01 ms
'confining_string_solver'  0.01 ms
'confining_string_solver'  0.01 ms
'confining_string_solver'  0.01 ms
'confining_string_solver'  0.01 ms
'confining_string_solver'  0.01 ms
'confining_string_solver'  0.01 ms
'confining_string_solver'  0.01 ms
'confining_string_solver'  0.01 ms
'confining_string_solver'  0.01 ms
'confining_string_solver'  0.01 ms
'confining_string_solver'  0.01 ms
'confining_string_solver'  0.01 ms
'confining_string_solver'  0.01 ms
'confining_string_solver'  0.01 ms
'confining_string_solver'  0.01 ms
'confining_string_solver'  0.01 ms
'confining_string_solver'  0.01 ms
'confining_string_solver'  0.01 ms
'confining_string_solver'  0.01 ms
'confining_string_solver'  0.01 ms
'confining_string_solver'  0.01 ms
'confining_string_solver'  0.01 ms
'confining_string_solver'  0.01 ms
'confining_string_solver'  0.01 ms
'confining_string_solver'  0.01 ms
'confining_string_solver'  0.01 ms
'confining_string_solver'  0.01 ms
'confining_string_solver'  0.01 ms
'confining_string_solver'  0.01 ms
'confining_string_solver'  0.01 ms
'confining_string_solver'  0.01 ms
'confining_string_solver'  0.01 ms
'confining_string_solver'  0.01 ms
'confining_string_solver'  0.01 ms
'confining_string_solver'  0.01 ms
'confining_string_solver'  0.01 ms
'confining_string_solver'  0.01 ms
'confining_string_solver'  0.01 ms
'confining_string_solver'  0.01 ms
'confining_string_solver'  0.01 ms
'confining_string_solver'  0.02 ms
'confining_string_solver'  0.01 ms
'confining_string_solver'  0.01 ms
'confining_string_solver'  0.01 ms
'confining_string_solver'  0.01 ms
'confining_string_solver'  0.02 ms
'confining_string_solver'  0.01 ms
'confining_string_solver'  0.01 ms
'confining_string_solver'  0.01 ms
'confining_string_solver'  0.01 ms
'confining_string_solver'  0.01 ms
'confining_string_solver'  0.01 ms
'confining_string_solver'  0.01 ms
'confining_string_solver'  0.02 ms
'confining_string_solver'  0.01 ms
'confining_string_solver'  0.01 ms
'confining_string_solver'  0.01 ms
'confining_string_solver'  0.01 ms
'confining_string_solver'  0.01 ms
'confining_string_solver'  0.01 ms
'confining_string_solver'  0.01 ms
'confining_string_solver'  0.01 ms
'confining_string_solver'  0.01 ms
'confining_string_solver'  0.01 ms
'confining_string_solver'  0.01 ms
'confining_string_solver'  0.01 ms
'confining_string_solver'  0.01 ms
'confining_string_solver'  0.01 ms
'confining_string_solver'  0.01 ms
'confining_string_solver'  0.01 ms
'confining_string_solver'  0.01 ms
'confining_string_solver'  0.01 ms
'confining_string_solver'  0.01 ms
'confining_string_solver'  0.01 ms
'confining_string_solver'  0.01 ms
'confining_string_solver'  0.01 ms
'confining_string_solver'  0.01 ms
'confining_string_solver'  0.01 ms
'confining_string_solver'  0.01 ms
'confining_string_solver'  0.01 ms
'confining_string_solver'  0.01 ms
'confining_string_solver'  0.01 ms
'confining_string_solver'  0.01 ms
'confining_string_solver'  0.01 ms
'confining_string_solver'  0.01 ms
'confining_string_solver'  0.01 ms
'confining_string_solver'  0.01 ms
'confining_string_solver'  0.01 ms

Attributes:
N = 2
charge_arg = w1
bound_arg = x1
epsilon = 0.09
L = 30
w = 40
h = 0.1
R = 10
use_half_grid = True
sor = 1.96
tolerance = 1e-09
error = 9.92408156359698e-10
max loop = 1045
initial keyword = BPS
gradient energy = 80.00772376033531
potential energy = 36.45658092515484
energy = 116.46430468549013
separation = 3.3000000000000007

'confining_string_solver'  34137.55 ms

Attributes:
N = 2
charge_arg = w1
bound_arg = x1
epsilon = 0.12
L = 30
w = 40
h = 0.1
R = 20
use_half_grid = True
sor = 1.96
tolerance = 1e-09
error = 9.98892758519757e-10
max loop = 2853
initial keyword = BPS
gradient energy = 132.65155062726748
potential energy = 75.19293608883473
energy = 207.8444867161022
separation = 5.099999999999998

'confining_string_solver'  36670.70 ms

Attributes:
N = 2
charge_arg = w1
bound_arg = x1
epsilon = 0.12
L = 30
w = 40
h = 0.1
R = 10
use_half_grid = True
sor = 1.96
tolerance = 1e-09
error = 9.880098995295211e-10
max loop = 1100
initial keyword = BPS
gradient energy = 90.62607061536883
potential energy = 35.79213690791882
energy = 126.41820752328765
separation = 3.6999999999999993

'confining_string_solver'  37404.23 ms

Attributes:
N = 2
charge_arg = w1
bound_arg = x1
epsilon = 0.09
L = 30
w = 40
h = 0.1
R = 20
use_half_grid = True
sor = 1.96
tolerance = 1e-09
error = 9.988061682307768e-10
max loop = 2789
initial keyword = BPS
gradient energy = 121.39607979857544
potential energy = 76.01563498850896
energy = 197.4117147870844
separation = 4.300000000000001

'confining_string_solver'  38576.38 ms

Attributes:
N = 2
charge_arg = w1
bound_arg = x1
epsilon = 0.12
L = 40
w = 40
h = 0.1
R = 30
use_half_grid = True
sor = 1.96
tolerance = 1e-09
error = 9.982854377121163e-10
max loop = 5192
initial keyword = BPS
gradient energy = 173.38499909570845
potential energy = 114.94317928935548
energy = 288.3281783850639
separation = 5.699999999999999

'confining_string_solver'  42000.97 ms

Attributes:
N = 2
charge_arg = w1
bound_arg = x1
epsilon = 0.09
L = 40
w = 40
h = 0.1
R = 30
use_half_grid = True
sor = 1.96
tolerance = 1e-09
error = 9.98429176219949e-10
max loop = 5132
initial keyword = BPS
gradient energy = 161.87387207902202
potential energy = 115.82775067407644
energy = 277.70162275309843
separation = 5.099999999999998

'confining_string_solver'  44672.49 ms

Attributes:
N = 2
charge_arg = w1
bound_arg = x1
epsilon = 0.09
L = 50
w = 40
h = 0.1
R = 40
use_half_grid = True
sor = 1.96
tolerance = 1e-09
error = 9.99113237799827e-10
max loop = 8080
initial keyword = BPS
gradient energy = 202.09908889768656
potential energy = 155.71504201752717
energy = 357.81413091521375
separation = 5.5000000000000036

'confining_string_solver'  45611.51 ms

Attributes:
N = 2
charge_arg = w1
bound_arg = x1
epsilon = 0.12
L = 60
w = 40
h = 0.1
R = 50
use_half_grid = True
sor = 1.96
tolerance = 1e-09
error = 9.994553382005322e-10
max loop = 11517
initial keyword = BPS
gradient energy = 253.96674538877122
potential energy = 194.70491926131317
energy = 448.6716646500844
separation = 6.699999999999999

'confining_string_solver'  52174.84 ms

Attributes:
N = 2
charge_arg = w1
bound_arg = x1
epsilon = 0.09
L = 60
w = 40
h = 0.1
R = 50
use_half_grid = True
sor = 1.96
tolerance = 1e-09
error = 9.996630958307456e-10
max loop = 11689
initial keyword = BPS
gradient energy = 242.21883734713697
potential energy = 195.63461085322112
energy = 437.8534482003581
separation = 5.699999999999999

'confining_string_solver'  52836.99 ms

Attributes:
N = 2
charge_arg = w1
bound_arg = x1
epsilon = 0.12
L = 50
w = 40
h = 0.1
R = 40
use_half_grid = True
sor = 1.96
tolerance = 1e-09
error = 9.999449611425022e-10
max loop = 8079
initial keyword = BPS
gradient energy = 213.75285764068457
potential energy = 154.8007011638373
energy = 368.5535588045218
separation = 6.300000000000001

'confining_string_solver'  53075.02 ms

Attributes:
N = 3
charge_arg = w1
bound_arg = x1
epsilon = 0.09
L = 30
w = 40
h = 0.1
R = 20
use_half_grid = True
sor = 1.96
tolerance = 1e-09
error = 9.99694219504187e-10
max loop = 2913
initial keyword = BPS
gradient energy = 167.6965078483988
potential energy = 98.99771635103407
energy = 266.6942241994328
separation = 4.699999999999999

'confining_string_solver'  53268.90 ms

Attributes:
N = 3
charge_arg = w1
bound_arg = x1
epsilon = 0.09
L = 30
w = 40
h = 0.1
R = 10
use_half_grid = True
sor = 1.96
tolerance = 1e-09
error = 9.991902081356658e-10
max loop = 1089
initial keyword = BPS
gradient energy = 111.08547812320364
potential energy = 48.57089910964194
energy = 159.65637723284559
separation = 3.099999999999998

'confining_string_solver'  55083.53 ms
'confining_string_solver'  0.01 ms
'confining_string_solver'  0.01 ms

Attributes:
N = 3
charge_arg = w1
bound_arg = x1
epsilon = 0.12
L = 30
w = 60
h = 0.1
R = 20
use_half_grid = True
sor = 1.96
tolerance = 1e-09
error = 9.981087484894747e-10
max loop = 3111
initial keyword = BPS
gradient energy = 188.84837347966362
potential energy = 98.01779125973536
energy = 286.8661647393989
separation = 5.300000000000001

'confining_string_solver'  65755.61 ms

Attributes:
N = 3
charge_arg = w1
bound_arg = x1
epsilon = 0.09
L = 40
w = 40
h = 0.1
R = 30
use_half_grid = True
sor = 1.96
tolerance = 1e-09
error = 9.9818677437641e-10
max loop = 5215
initial keyword = BPS
gradient energy = 221.2184387272546
potential energy = 150.42763110547799
energy = 371.6460698327326
separation = 5.699999999999999

'confining_string_solver'  67740.81 ms
'confining_string_solver'  0.01 ms
'confining_string_solver'  0.01 ms

Attributes:
N = 3
charge_arg = w1
bound_arg = x1
epsilon = 0.12
L = 30
w = 60
h = 0.1
R = 10
use_half_grid = True
sor = 1.96
tolerance = 1e-09
error = 9.936137789579116e-10
max loop = 1502
initial keyword = BPS
gradient energy = 129.20156939174186
potential energy = 48.58971828940885
energy = 177.7912876811507
separation = 3.099999999999998

'confining_string_solver'  72025.78 ms
'confining_string_solver'  0.01 ms
'confining_string_solver'  0.02 ms
'confining_string_solver'  0.02 ms
'confining_string_solver'  0.01 ms
'confining_string_solver'  0.02 ms

Attributes:
N = 4
charge_arg = w1
bound_arg = x1
epsilon = 0.09
L = 30
w = 40
h = 0.1
R = 20
use_half_grid = True
sor = 1.96
tolerance = 1e-09
error = 9.988339996257564e-10
max loop = 9315
initial keyword = BPS
gradient energy = 181.50904958692973
potential energy = 108.87042686775962
energy = 290.3794764546893
separation = 1.9000000000000021

'confining_string_solver'  75631.43 ms

Attributes:
N = 4
charge_arg = w2
bound_arg = x1
epsilon = 0.09
L = 30
w = 40
h = 0.1
R = 20
use_half_grid = True
sor = 1.96
tolerance = 1e-09
error = 9.966025584540889e-10
max loop = 3340
initial keyword = BPS
gradient energy = 225.58128701695097
potential energy = 106.51859109205347
energy = 332.0998781090044
separation = 6.5000000000000036

'confining_string_solver'  78934.61 ms
'confining_string_solver'  0.01 ms

Attributes:
N = 3
charge_arg = w1
bound_arg = x1
epsilon = 0.12
L = 40
w = 60
h = 0.1
R = 30
use_half_grid = True
sor = 1.96
tolerance = 1e-09
error = 9.98010987375892e-10
max loop = 5639
initial keyword = BPS
gradient energy = 243.40082056136853
potential energy = 149.1241418392703
energy = 392.52496240063886
separation = 6.700000000000003

'confining_string_solver'  83787.82 ms
'confining_string_solver'  0.01 ms
'confining_string_solver'  0.02 ms

Attributes:
N = 3
charge_arg = w1
bound_arg = x1
epsilon = 0.09
L = 50
w = 40
h = 0.1
R = 40
use_half_grid = True
sor = 1.96
tolerance = 1e-09
error = 9.990722041800017e-10
max loop = 7889
initial keyword = BPS
gradient energy = 273.9539030596652
potential energy = 202.1104661828673
energy = 476.06436924253245
separation = 6.5000000000000036

'confining_string_solver'  84160.21 ms

Attributes:
N = 4
charge_arg = w2
bound_arg = x1
epsilon = 0.09
L = 30
w = 40
h = 0.1
R = 10
use_half_grid = True
sor = 1.96
tolerance = 1e-09
error = 9.985738606203224e-10
max loop = 1325
initial keyword = BPS
gradient energy = 159.62806838919448
potential energy = 52.56208836631387
energy = 212.19015675550833
separation = 4.099999999999998

'confining_string_solver'  80092.00 ms

Attributes:
N = 4
charge_arg = w1
bound_arg = x1
epsilon = 0.09
L = 30
w = 40
h = 0.1
R = 10
use_half_grid = True
sor = 1.96
tolerance = 1e-09
error = 9.91629551098042e-10
max loop = 1432
initial keyword = BPS
gradient energy = 122.19444019084227
potential energy = 50.90899080272621
energy = 173.10343099356845
separation = 0.9000000000000021

'confining_string_solver'  75760.49 ms
'confining_string_solver'  0.01 ms

Attributes:
N = 3
charge_arg = w1
bound_arg = x1
epsilon = 0.09
L = 60
w = 40
h = 0.1
R = 50
use_half_grid = True
sor = 1.96
tolerance = 1e-09
error = 9.994348092558715e-10
max loop = 10846
initial keyword = BPS
gradient energy = 326.3704891492838
potential energy = 253.89696276148263
energy = 580.2674519107665
separation = 6.900000000000002

'confining_string_solver'  88146.09 ms
'confining_string_solver'  0.01 ms
'confining_string_solver'  0.01 ms
'confining_string_solver'  0.01 ms
'confining_string_solver'  0.01 ms
'confining_string_solver'  0.01 ms
'confining_string_solver'  0.01 ms
'confining_string_solver'  0.02 ms

Attributes:
N = 3
charge_arg = w1
bound_arg = x1
epsilon = 0.12
L = 50
w = 60
h = 0.1
R = 40
use_half_grid = True
sor = 1.96
tolerance = 1e-09
error = 9.98940836035465e-10
max loop = 8721
initial keyword = BPS
gradient energy = 296.66574789321623
potential energy = 200.64439327908957
energy = 497.31014117230586
separation = 7.5

'confining_string_solver'  94012.06 ms

Attributes:
N = 4
charge_arg = w1
bound_arg = x1
epsilon = 0.09
L = 40
w = 40
h = 0.1
R = 30
use_half_grid = True
sor = 1.96
tolerance = 1e-09
error = 9.994049353741254e-10
max loop = 5557
initial keyword = BPS
gradient energy = 241.81078365979755
potential energy = 163.93742019183202
energy = 405.7482038516296
separation = 4.300000000000001

'confining_string_solver'  92041.83 ms

Attributes:
N = 4
charge_arg = w2
bound_arg = x1
epsilon = 0.09
L = 40
w = 40
h = 0.1
R = 30
use_half_grid = True
sor = 1.96
tolerance = 1e-09
error = 9.993673635535926e-10
max loop = 5954
initial keyword = BPS
gradient energy = 285.73195762636715
potential energy = 161.99756190473704
energy = 447.72951953110424
separation = 7.900000000000002

'confining_string_solver'  94509.74 ms

Attributes:
N = 5
charge_arg = w1
bound_arg = x1
epsilon = 0.09
L = 30
w = 40
h = 0.1
R = 10
use_half_grid = True
sor = 1.96
tolerance = 1e-09
error = 9.982013250830553e-10
max loop = 1199
initial keyword = BPS
gradient energy = 132.14351603594716
potential energy = 47.75546572627947
energy = 179.89898176222664
separation = 0.09999999999999787

'confining_string_solver'  91873.23 ms

Attributes:
N = 5
charge_arg = w2
bound_arg = x1
epsilon = 0.09
L = 30
w = 40
h = 0.1
R = 10
use_half_grid = True
sor = 1.96
tolerance = 1e-09
error = 9.950305821677702e-10
max loop = 1392
initial keyword = BPS
gradient energy = 185.87505673201565
potential energy = 56.77920997144525
energy = 242.65426670346085
separation = 3.3000000000000007

'confining_string_solver'  92329.77 ms

Attributes:
N = 5
charge_arg = w2
bound_arg = x1
epsilon = 0.09
L = 30
w = 40
h = 0.1
R = 20
use_half_grid = True
sor = 1.96
tolerance = 1e-09
error = 9.996798163701282e-10
max loop = 3557
initial keyword = BPS
gradient energy = 261.11156057802646
potential energy = 111.52286716255794
energy = 372.63442774058444
separation = 6.699999999999999

'confining_string_solver'  89888.92 ms

Attributes:
N = 4
charge_arg = w1
bound_arg = x1
epsilon = 0.09
L = 50
w = 40
h = 0.1
R = 40
use_half_grid = True
sor = 1.96
tolerance = 1e-09
error = 9.988067477744985e-10
max loop = 8735
initial keyword = BPS
gradient energy = 300.03583231657774
potential energy = 219.8398482377744
energy = 519.8756805543521
separation = 5.300000000000001

'confining_string_solver'  101180.99 ms

Attributes:
N = 5
charge_arg = w1
bound_arg = x1
epsilon = 0.09
L = 30
w = 40
h = 0.1
R = 20
use_half_grid = True
sor = 1.96
tolerance = 1e-09
error = 9.98810530813193e-10
max loop = 2999
initial keyword = BPS
gradient energy = 189.11746204870965
potential energy = 103.7569266563381
energy = 292.87438870504775
separation = 0.09999999999999787

'confining_string_solver'  96207.85 ms

Attributes:
N = 4
charge_arg = w2
bound_arg = x1
epsilon = 0.09
L = 50
w = 40
h = 0.1
R = 40
use_half_grid = True
sor = 1.96
tolerance = 1e-09
error = 9.997311520472006e-10
max loop = 9160
initial keyword = BPS
gradient energy = 344.18327868955976
potential energy = 217.96430093932216
energy = 562.147579628882
separation = 8.900000000000002

'confining_string_solver'  104648.02 ms

Attributes:
N = 4
charge_arg = w2
bound_arg = x1
epsilon = 0.12
L = 30
w = 80
h = 0.1
R = 20
use_half_grid = True
sor = 1.96
tolerance = 1e-09
error = 9.986189495487007e-10
max loop = 3539
initial keyword = BPS
gradient energy = 263.3210752237378
potential energy = 105.58535345126721
energy = 368.90642867500503
separation = 7.100000000000001

'confining_string_solver'  110994.82 ms

Attributes:
N = 4
charge_arg = w1
bound_arg = x1
epsilon = 0.12
L = 30
w = 80
h = 0.1
R = 10
use_half_grid = True
sor = 1.96
tolerance = 1e-09
error = 9.905776302307998e-10
max loop = 1530
initial keyword = BPS
gradient energy = 151.814708228835
potential energy = 49.10285076144105
energy = 200.91755899027606
separation = 1.0999999999999943

'confining_string_solver'  112656.20 ms

Attributes:
N = 4
charge_arg = w2
bound_arg = x1
epsilon = 0.12
L = 30
w = 80
h = 0.1
R = 10
use_half_grid = True
sor = 1.96
tolerance = 1e-09
error = 9.903477001469946e-10
max loop = 1406
initial keyword = BPS
gradient energy = 191.0136766094727
potential energy = 53.353829646404776
energy = 244.36750625587743
separation = 3.9000000000000057

'confining_string_solver'  112848.52 ms

Attributes:
N = 5
charge_arg = w1
bound_arg = x1
epsilon = 0.09
L = 40
w = 40
h = 0.1
R = 30
use_half_grid = True
sor = 1.96
tolerance = 1e-09
error = 9.988580101730597e-10
max loop = 5552
initial keyword = BPS
gradient energy = 245.511572626524
potential energy = 160.14241358059672
energy = 405.65398620712074
separation = 0.09999999999999787

'confining_string_solver'  106610.43 ms

Attributes:
N = 5
charge_arg = w2
bound_arg = x1
epsilon = 0.09
L = 40
w = 40
h = 0.1
R = 30
use_half_grid = True
sor = 1.96
tolerance = 1e-09
error = 9.985957249452387e-10
max loop = 6322
initial keyword = BPS
gradient energy = 326.7196666845973
potential energy = 168.35466307309392
energy = 495.07432975769126
separation = 8.7

'confining_string_solver'  110891.22 ms

Attributes:
N = 6
charge_arg = w1
bound_arg = x1
epsilon = 0.09
L = 30
w = 40
h = 0.1
R = 20
use_half_grid = True
sor = 1.96
tolerance = 1e-09
error = 9.97813706011233e-10
max loop = 3110
initial keyword = BPS
gradient energy = 196.97286211922795
potential energy = 98.15663670442
energy = 295.12949882364796
separation = 0.09999999999999787

'confining_string_solver'  100251.91 ms

Attributes:
N = 6
charge_arg = w1
bound_arg = x1
epsilon = 0.09
L = 30
w = 40
h = 0.1
R = 10
use_half_grid = True
sor = 1.96
tolerance = 1e-09
error = 9.938923905286222e-10
max loop = 1356
initial keyword = BPS
gradient energy = 141.12476985626844
potential energy = 45.01282283438396
energy = 186.1375926906524
separation = 0.09999999999999787

'confining_string_solver'  102272.18 ms

Attributes:
N = 6
charge_arg = w2
bound_arg = x1
epsilon = 0.09
L = 30
w = 40
h = 0.1
R = 10
use_half_grid = True
sor = 1.96
tolerance = 1e-09
error = 9.931671360298903e-10
max loop = 1701
initial keyword = BPS
gradient energy = 202.97716343880018
potential energy = 58.06573819896519
energy = 261.04290163776534
separation = 0.09999999999999787

'confining_string_solver'  100285.12 ms

Attributes:
N = 6
charge_arg = w2
bound_arg = x1
epsilon = 0.09
L = 30
w = 40
h = 0.1
R = 20
use_half_grid = True
sor = 1.96
tolerance = 1e-09
error = 9.98930045178692e-10
max loop = 3539
initial keyword = BPS
gradient energy = 282.7486087054208
potential energy = 114.71927442987936
energy = 397.4678831353001
separation = 6.099999999999998

'confining_string_solver'  100233.22 ms

Attributes:
N = 5
charge_arg = w1
bound_arg = x1
epsilon = 0.09
L = 50
w = 40
h = 0.1
R = 40
use_half_grid = True
sor = 1.96
tolerance = 1e-09
error = 9.997187734301933e-10
max loop = 8730
initial keyword = BPS
gradient energy = 301.898241204212
potential energy = 216.5328787769696
energy = 518.4311199811816
separation = 0.09999999999999787

'confining_string_solver'  123891.07 ms
'confining_string_solver'  0.01 ms

Attributes:
N = 6
charge_arg = w1
bound_arg = x1
epsilon = 0.09
L = 40
w = 40
h = 0.1
R = 30
use_half_grid = True
sor = 1.96
tolerance = 1e-09
error = 9.986106780283783e-10
max loop = 5615
initial keyword = BPS
gradient energy = 251.22361540216218
potential energy = 152.26724805545112
energy = 403.4908634576133
separation = 0.09999999999999787

'confining_string_solver'  118335.01 ms
'confining_string_solver'  0.01 ms

Attributes:
N = 6
charge_arg = w3
bound_arg = x1
epsilon = 0.09
L = 30
w = 40
h = 0.1
R = 20
use_half_grid = True
sor = 1.96
tolerance = 1e-09
error = 9.977684807066608e-10
max loop = 3734
initial keyword = BPS
gradient energy = 309.8256023958188
potential energy = 115.39236272315539
energy = 425.21796511897423
separation = 7.300000000000001

'confining_string_solver'  93623.68 ms

Attributes:
N = 6
charge_arg = w2
bound_arg = x1
epsilon = 0.09
L = 40
w = 40
h = 0.1
R = 30
use_half_grid = True
sor = 1.96
tolerance = 1e-09
error = 9.990935113118713e-10
max loop = 6312
initial keyword = BPS
gradient energy = 352.4927455302012
potential energy = 172.42638999391244
energy = 524.9191355241137
separation = 8.3

'confining_string_solver'  116945.41 ms
'confining_string_solver'  0.01 ms
'confining_string_solver'  0.01 ms

Attributes:
N = 6
charge_arg = w3
bound_arg = x1
epsilon = 0.09
L = 30
w = 40
h = 0.1
R = 10
use_half_grid = True
sor = 1.96
tolerance = 1e-09
error = 9.977230852018506e-10
max loop = 4914
initial keyword = BPS
gradient energy = 219.2283302530044
potential energy = 63.47815285085977
energy = 282.70648310386423
separation = 0.09999999999999787

'confining_string_solver'  90789.28 ms
'confining_string_solver'  0.01 ms
'confining_string_solver'  0.01 ms
'confining_string_solver'  0.01 ms
'confining_string_solver'  0.01 ms
'confining_string_solver'  0.01 ms
'confining_string_solver'  0.01 ms
'confining_string_solver'  0.02 ms
'confining_string_solver'  0.01 ms

Attributes:
N = 6
charge_arg = w3
bound_arg = x1
epsilon = 0.09
L = 40
w = 40
h = 0.1
R = 30
use_half_grid = True
sor = 1.96
tolerance = 1e-09
error = 9.984041704662327e-10
max loop = 6595
initial keyword = BPS
gradient energy = 382.1384517284878
potential energy = 171.92882298938022
energy = 554.067274717868
separation = 9.900000000000002

'confining_string_solver'  112635.86 ms
'confining_string_solver'  0.01 ms
'confining_string_solver'  0.01 ms
'confining_string_solver'  0.01 ms
'confining_string_solver'  0.01 ms
'confining_string_solver'  0.01 ms
'confining_string_solver'  0.02 ms
'confining_string_solver'  0.01 ms
'confining_string_solver'  0.01 ms
restore checkpoint

Attributes:
N = 3
charge_arg = w1
bound_arg = x1
epsilon = 0.12
L = 60
w = 60
h = 0.1
R = 50
use_half_grid = True
sor = 1.96
tolerance = 1e-09
error = 9.991891843296674e-10
max loop = 12347
initial keyword = BPS
gradient energy = 349.40736052002524
potential energy = 252.33402987963734
energy = 601.7413903996625
separation = 8.099999999999998

'confining_string_solver'  1922860.09 ms
restore checkpoint

Attributes:
N = 4
charge_arg = w1
bound_arg = x1
epsilon = 0.09
L = 60
w = 40
h = 0.1
R = 50
use_half_grid = True
sor = 1.96
tolerance = 1e-09
error = 9.995341900368732e-10
max loop = 12441
initial keyword = BPS
gradient energy = 357.5159067098111
potential energy = 276.03756463008506
energy = 633.5534713398962
separation = 6.0

'confining_string_solver'  2449566.94 ms
Pseudo-terminal will not be allocated because stdin is not a terminal.
Submitted batch job 3986822

scontrol show jobid 3986607
JobId=3986607 JobName=epsilon
   UserId=wongsun4(3095934) GroupId=epoppitz(6003021) MCS_label=N/A
   Priority=1659193 Nice=0 Account=def-epoppitz QOS=normal
   JobState=COMPLETING Reason=None Dependency=(null)
   Requeue=0 Restarts=0 BatchFlag=1 Reboot=0 ExitCode=0:0
   RunTime=00:59:04 TimeLimit=01:00:00 TimeMin=N/A
   SubmitTime=2020-08-30T00:58:41 EligibleTime=2020-08-30T00:58:41
   AccrueTime=2020-08-30T00:58:41
   StartTime=2020-08-30T00:58:44 EndTime=2020-08-30T01:57:48 Deadline=N/A
   SuspendTime=None SecsPreSuspend=0 LastSchedEval=2020-08-30T00:58:44
   Partition=compute AllocNode:Sid=nia-login01:27104
   ReqNodeList=(null) ExcNodeList=(null)
   NodeList=nia0136
   BatchHost=nia0136
   NumNodes=1 NumCPUs=80 NumTasks=80 CPUs/Task=1 ReqB:S:C:T=0:0:*:*
   TRES=cpu=80,node=1,billing=40
   Socks/Node=* NtasksPerN:B:S:C=80:0:*:* CoreSpec=*
   MinCPUsNode=80 MinMemoryNode=0 MinTmpDiskNode=0
   Features=[skylake|cascade] DelayBoot=00:00:00
   OverSubscribe=NO Contiguous=0 Licenses=(null) Network=(null)
   Command=/gpfs/fs0/scratch/e/epoppitz/wongsun4/Confining-String/Niagara/epsilon_Aug_28/epsilon_script.sh
   WorkDir=/gpfs/fs0/scratch/e/epoppitz/wongsun4/Confining-String/Niagara/epsilon_Aug_28
   StdErr=/gpfs/fs0/scratch/e/epoppitz/wongsun4/Confining-String/Niagara/epsilon_Aug_28/slurm-3986607.out
   StdIn=/dev/null
   StdOut=/gpfs/fs0/scratch/e/epoppitz/wongsun4/Confining-String/Niagara/epsilon_Aug_28/slurm-3986607.out
   Power=
   MailUser=(null) MailType=NONE

sacct -j 3986607
       JobID    JobName    Account    Elapsed  MaxVMSize     MaxRSS  SystemCPU    UserCPU ExitCode 
------------ ---------- ---------- ---------- ---------- ---------- ---------- ---------- -------- 
3986607         epsilon def-epopp+   00:59:04                         04:02:06 3-02:09:57      0:0 
3986607.bat+      batch def-epopp+   00:59:04 319079652K  54131532K   04:02:06 3-02:09:57      0:0 
3986607.ext+     extern def-epopp+   00:59:04    137232K       852K   00:00:00   00:00:00      0:0 

kernel messages produced during job executions:
[Aug30 00:40] CIFS PidTable: buckets 64
[  +0.005364] CIFS BufTable: buckets 64
[Aug30 00:43] INFO: task python:307865 blocked for more than 120 seconds.
[  +0.008396] "echo 0 > /proc/sys/kernel/hung_task_timeout_secs" disables this message.
[  +0.009896] python          D ffff99b1547744c0     0 307865 288760 0x00000000
[  +0.008915] Call Trace:
[  +0.003816]  [<ffffffffaad69f19>] schedule+0x29/0x70
[  +0.006532]  [<ffffffffc097d751>] cxiWaitEventWait+0x1d1/0x2f0 [mmfslinux]
[  +0.008716]  [<ffffffffaa6d7c40>] ? wake_up_state+0x20/0x20
[  +0.007127]  [<ffffffffc0c758e0>] _ZN6ThCond12internalWaitEP16KernelSynchStatejPv+0xd0/0x260 [mmfs26]
[  +0.011180]  [<ffffffffc0c76668>] ? _ZN14BaseMutexClass15releaseLockHeldEP16KernelSynchState+0x18/0x130 [mmfs26]
[  +0.012229]  [<ffffffffc0c76fab>] _ZN6ThCond5kWaitEiPKc+0x1db/0x410 [mmfs26]
[  +0.008828]  [<ffffffffc0b98a15>] _ZN13KernelMailbox21sendToDaemonWithReplyEv+0x375/0x410 [mmfs26]
[  +0.010869]  [<ffffffffc0bdf306>] _Z8kSFSOpenP15KernelOperationP10gpfsNode_tiPP12OpenInstanceP10ext_cred_tP13gpfsVfsData_tj13SFS_Open_ModePv+0x1c6/0x3f0 [mmfs26]
[  +0.017702]  [<ffffffffc0c016a4>] _Z8gpfsOpenP13gpfsVfsData_tP9cxiNode_tPviiiPP9MMFSVInfoP10ext_cred_tP15KernelOperation+0x734/0x2570 [mmfs26]
[  +0.015919]  [<ffffffffaa6c8f02>] ? up+0x32/0x50
[  +0.006041]  [<ffffffffc0963187>] ? cxiBlockingMutexRelease+0x87/0xf0 [mmfslinux]
[  +0.009396]  [<ffffffffaa62a621>] ? __switch_to+0x151/0x580
[  +0.007007]  [<ffffffffaa6c8d8e>] ? down+0x2e/0x50
[  +0.006135]  [<ffffffffaa6c8d8e>] ? down+0x2e/0x50
[  +0.006226]  [<ffffffffaa6c8d8e>] ? down+0x2e/0x50
[  +0.006372]  [<ffffffffaa6c8f02>] ? up+0x32/0x50
[  +0.005935]  [<ffffffffc097d128>] ? cxiBlockingMutexAcquire+0x208/0x260 [mmfslinux]
[  +0.009432]  [<ffffffffc0963187>] ? cxiBlockingMutexRelease+0x87/0xf0 [mmfslinux]
[  +0.009173]  [<ffffffffaa6c8f02>] ? up+0x32/0x50
[  +0.006029]  [<ffffffffc0963187>] ? cxiBlockingMutexRelease+0x87/0xf0 [mmfslinux]
[  +0.009164]  [<ffffffffc0c12c12>] ? _Z33gpfsIsCifsBypassTraversalCheckingv+0xe2/0x130 [mmfs26]
[  +0.010380]  [<ffffffffc09781ff>] gpfs_f_open+0x38f/0x660 [mmfslinux]
[  +0.008087]  [<ffffffffc097d128>] ? cxiBlockingMutexAcquire+0x208/0x260 [mmfslinux]
[  +0.009381]  [<ffffffffc0963187>] ? cxiBlockingMutexRelease+0x87/0xf0 [mmfslinux]
[  +0.009255]  [<ffffffffaa83feba>] do_dentry_open+0x1aa/0x2e0
[  +0.007082]  [<ffffffffc0977e70>] ? gpfs_f_mmap+0x420/0x420 [mmfslinux]
[  +0.008163]  [<ffffffffaa84008a>] vfs_open+0x5a/0xb0
[  +0.006395]  [<ffffffffaa84e568>] ? may_open+0x68/0x120
[  +0.006601]  [<ffffffffaa850b6d>] do_last+0x1ed/0x12a0
[  +0.006804]  [<ffffffffaa853a27>] path_openat+0xd7/0x640
[  +0.007061]  [<ffffffffaa7fedf2>] ? pgtable_trans_huge_deposit+0x62/0xc0
[  +0.008298]  [<ffffffffaa85542d>] do_filp_open+0x4d/0xb0
[  +0.006919]  [<ffffffffaa862b77>] ? __alloc_fd+0x47/0x170
[  +0.007197]  [<ffffffffaa841587>] do_sys_open+0x137/0x240
[  +0.006843]  [<ffffffffaa8416ae>] SyS_open+0x1e/0x20
[  +0.006726]  [<ffffffffaad76ddb>] system_call_fastpath+0x22/0x27
[  +0.007671] INFO: task python:308038 blocked for more than 120 seconds.
[  +0.008597] "echo 0 > /proc/sys/kernel/hung_task_timeout_secs" disables this message.
[  +0.009771] python          D ffff99b152ff9900     0 308038 288760 0x00000000
[  +0.009267] Call Trace:
[  +0.003881]  [<ffffffffaad69f19>] schedule+0x29/0x70
[  +0.006595]  [<ffffffffc097d751>] cxiWaitEventWait+0x1d1/0x2f0 [mmfslinux]
[  +0.008976]  [<ffffffffaa6d7c40>] ? wake_up_state+0x20/0x20
[  +0.007317]  [<ffffffffc0c758e0>] _ZN6ThCond12internalWaitEP16KernelSynchStatejPv+0xd0/0x260 [mmfs26]
[  +0.011447]  [<ffffffffc0c76668>] ? _ZN14BaseMutexClass15releaseLockHeldEP16KernelSynchState+0x18/0x130 [mmfs26]
[  +0.012758]  [<ffffffffc0c76fab>] _ZN6ThCond5kWaitEiPKc+0x1db/0x410 [mmfs26]
[  +0.008926]  [<ffffffffc0b98a15>] _ZN13KernelMailbox21sendToDaemonWithReplyEv+0x375/0x410 [mmfs26]
[  +0.011406]  [<ffffffffc0bdf306>] _Z8kSFSOpenP15KernelOperationP10gpfsNode_tiPP12OpenInstanceP10ext_cred_tP13gpfsVfsData_tj13SFS_Open_ModePv+0x1c6/0x3f0 [mmfs26]
[  +0.018400]  [<ffffffffc0c016a4>] _Z8gpfsOpenP13gpfsVfsData_tP9cxiNode_tPviiiPP9MMFSVInfoP10ext_cred_tP15KernelOperation+0x734/0x2570 [mmfs26]
[  +0.016822]  [<ffffffffaa6c8f02>] ? up+0x32/0x50
[  +0.006177]  [<ffffffffc0963187>] ? cxiBlockingMutexRelease+0x87/0xf0 [mmfslinux]
[  +0.009738]  [<ffffffffaa62a621>] ? __switch_to+0x151/0x580
[  +0.007361]  [<ffffffffaa6c8d8e>] ? down+0x2e/0x50
[  +0.006674]  [<ffffffffaa6c8d8e>] ? down+0x2e/0x50
[  +0.006286]  [<ffffffffaa6c8d8e>] ? down+0x2e/0x50
[  +0.006607]  [<ffffffffaa6c8f02>] ? up+0x32/0x50
[  +0.006422]  [<ffffffffc097d128>] ? cxiBlockingMutexAcquire+0x208/0x260 [mmfslinux]
[  +0.009781]  [<ffffffffc0963187>] ? cxiBlockingMutexRelease+0x87/0xf0 [mmfslinux]
[  +0.009350]  [<ffffffffaa6c8f02>] ? up+0x32/0x50
[  +0.006289]  [<ffffffffc0963187>] ? cxiBlockingMutexRelease+0x87/0xf0 [mmfslinux]
[  +0.009718]  [<ffffffffc0c12c12>] ? _Z33gpfsIsCifsBypassTraversalCheckingv+0xe2/0x130 [mmfs26]
[  +0.010730]  [<ffffffffc09781ff>] gpfs_f_open+0x38f/0x660 [mmfslinux]
[  +0.008263]  [<ffffffffc097d128>] ? cxiBlockingMutexAcquire+0x208/0x260 [mmfslinux]
[  +0.009542]  [<ffffffffc0963187>] ? cxiBlockingMutexRelease+0x87/0xf0 [mmfslinux]
[  +0.009477]  [<ffffffffaa83feba>] do_dentry_open+0x1aa/0x2e0
[  +0.007640]  [<ffffffffc0977e70>] ? gpfs_f_mmap+0x420/0x420 [mmfslinux]
[  +0.008507]  [<ffffffffaa84008a>] vfs_open+0x5a/0xb0
[  +0.006839]  [<ffffffffaa84e568>] ? may_open+0x68/0x120
[  +0.006931]  [<ffffffffaa850b6d>] do_last+0x1ed/0x12a0
[  +0.007003]  [<ffffffffaa853a27>] path_openat+0xd7/0x640
[  +0.006818]  [<ffffffffaa855302>] ? user_path_at_empty+0x72/0xc0
[  +0.007921]  [<ffffffffaa83f69a>] ? __check_object_size+0x1ca/0x250
[  +0.008013]  [<ffffffffaa85542d>] do_filp_open+0x4d/0xb0
[  +0.006820]  [<ffffffffaa862b77>] ? __alloc_fd+0x47/0x170
[  +0.006901]  [<ffffffffaa841587>] do_sys_open+0x137/0x240
[  +0.006977]  [<ffffffffaa8416ae>] SyS_open+0x1e/0x20
[  +0.006415]  [<ffffffffaad76ddb>] system_call_fastpath+0x22/0x27
[  +0.007719] INFO: task python:308409 blocked for more than 120 seconds.
[  +0.008254] "echo 0 > /proc/sys/kernel/hung_task_timeout_secs" disables this message.
[  +0.009614] python          D ffff99b14f508c80     0 308409 288760 0x00000000
[  +0.008881] Call Trace:
[  +0.003634]  [<ffffffffaad69f19>] schedule+0x29/0x70
[  +0.006444]  [<ffffffffc097d751>] cxiWaitEventWait+0x1d1/0x2f0 [mmfslinux]
[  +0.008753]  [<ffffffffaa6d7c40>] ? wake_up_state+0x20/0x20
[  +0.007313]  [<ffffffffc0c758e0>] _ZN6ThCond12internalWaitEP16KernelSynchStatejPv+0xd0/0x260 [mmfs26]
[  +0.011367]  [<ffffffffc0c76668>] ? _ZN14BaseMutexClass15releaseLockHeldEP16KernelSynchState+0x18/0x130 [mmfs26]
[  +0.012698]  [<ffffffffc0c76fab>] _ZN6ThCond5kWaitEiPKc+0x1db/0x410 [mmfs26]
[  +0.008811]  [<ffffffffc0c735cd>] ? _ZN3BRL7brLockMERK9ByteRangeN6BRLock10BRLockModeEPPvixPS0_+0x28d/0x13e0 [mmfs26]
[  +0.012727]  [<ffffffffc0b98a15>] _ZN13KernelMailbox21sendToDaemonWithReplyEv+0x375/0x410 [mmfs26]
[  +0.011134]  [<ffffffffc0bc4eee>] _Z12kShHashFetchP15KernelOperationP8CacheObjtsiPvij+0x1fe/0x230 [mmfs26]
[  +0.012152]  [<ffffffffc0bb8e8d>] _Z10lockBufferP15KernelOperation11LocalFileIdN5LkObj12LockModeEnumEiP9BufferReqiPP10BufferDescP23cxiIOBufferAttachment_tPjSB_Pi+0x99d/0x1590 [mmfs26]
[  +0.020145]  [<ffffffffc0bc0c96>] _Z9kSFSWriteP15KernelOperationP13gpfsVfsData_tP10gpfsNode_tP9MMFSVInfoiP8cxiUio_ti7FileUIDP8OpenFileP10ext_cred_tP10WhatLockedj+0x19b6/0x5500 [mmfs26]
[  +0.020380]  [<ffffffffc0c04b77>] _Z9gpfsWriteP13gpfsVfsData_tP15KernelOperationP9cxiNode_tiP8cxiUio_tP9MMFSVInfoP10cxiVattr_tSA_P10ext_cred_tP14cxiPageLists_ti+0x1697/0x4ac0 [mmfs26]
[  +0.020926]  [<ffffffffaa6c8f02>] ? up+0x32/0x50
[  +0.006255]  [<ffffffffc095b777>] ? cxiFreePinned+0x27/0x50 [mmfslinux]
[  +0.008805]  [<ffffffffc0c10454>] ? _Z12gpfsSetXattrP13gpfsVfsData_tP9cxiNode_tiPvP10ext_cred_t+0x124/0x350 [mmfs26]
[  +0.012796]  [<ffffffffaa6c8d8e>] ? down+0x2e/0x50
[  +0.006440]  [<ffffffffaa6c8d8e>] ? down+0x2e/0x50
[  +0.006772]  [<ffffffffaa6c8f02>] ? up+0x32/0x50
[  +0.006583]  [<ffffffffc097d128>] ? cxiBlockingMutexAcquire+0x208/0x260 [mmfslinux]
[  +0.009598]  [<ffffffffc0963187>] ? cxiBlockingMutexRelease+0x87/0xf0 [mmfslinux]
[  +0.009799]  [<ffffffffaa6c8f02>] ? up+0x32/0x50
[  +0.006616]  [<ffffffffc096f4fe>] ? getCred+0x18e/0x350 [mmfslinux]
[  +0.008138]  [<ffffffffc098af7c>] rdwrInternal+0x5ec/0x6c0 [mmfslinux]
[  +0.008467]  [<ffffffffaa7f13c3>] ? __vma_adjust+0x263/0x860
[  +0.007743]  [<ffffffffaad699c8>] ? __schedule+0x338/0x860
[  +0.007274]  [<ffffffffc098b18a>] gpfs_f_write+0x7a/0xc0 [mmfslinux]
[  +0.008389]  [<ffffffffaa8f0000>] ? keyctl_reject_key+0x100/0x110
[  +0.007824]  [<ffffffffaa842700>] vfs_write+0xc0/0x1f0
[  +0.006655]  [<ffffffffaa84351f>] SyS_write+0x7f/0xf0
[  +0.006562]  [<ffffffffaad76ddb>] system_call_fastpath+0x22/0x27
[  +0.007602] INFO: task python:309018 blocked for more than 120 seconds.
[  +0.008380] "echo 0 > /proc/sys/kernel/hung_task_timeout_secs" disables this message.
[  +0.009752] python          D ffff99b152f55140     0 309018 288760 0x00000000
[  +0.008916] Call Trace:
[  +0.003747]  [<ffffffffaad69f19>] schedule+0x29/0x70
[  +0.006597]  [<ffffffffc097d751>] cxiWaitEventWait+0x1d1/0x2f0 [mmfslinux]
[  +0.009102]  [<ffffffffaa6d7c40>] ? wake_up_state+0x20/0x20
[  +0.007249]  [<ffffffffc0c758e0>] _ZN6ThCond12internalWaitEP16KernelSynchStatejPv+0xd0/0x260 [mmfs26]
[  +0.011825]  [<ffffffffc0c76668>] ? _ZN14BaseMutexClass15releaseLockHeldEP16KernelSynchState+0x18/0x130 [mmfs26]
[  +0.012933]  [<ffffffffc0c76fab>] _ZN6ThCond5kWaitEiPKc+0x1db/0x410 [mmfs26]
[  +0.009176]  [<ffffffffc0b98a15>] _ZN13KernelMailbox21sendToDaemonWithReplyEv+0x375/0x410 [mmfs26]
[  +0.011269]  [<ffffffffc0bdf306>] _Z8kSFSOpenP15KernelOperationP10gpfsNode_tiPP12OpenInstanceP10ext_cred_tP13gpfsVfsData_tj13SFS_Open_ModePv+0x1c6/0x3f0 [mmfs26]
[  +0.018359]  [<ffffffffc0c016a4>] _Z8gpfsOpenP13gpfsVfsData_tP9cxiNode_tPviiiPP9MMFSVInfoP10ext_cred_tP15KernelOperation+0x734/0x2570 [mmfs26]
[  +0.016443]  [<ffffffffaa6c8f02>] ? up+0x32/0x50
[  +0.006492]  [<ffffffffc0963187>] ? cxiBlockingMutexRelease+0x87/0xf0 [mmfslinux]
[  +0.009478]  [<ffffffffaa62a621>] ? __switch_to+0x151/0x580
[  +0.007582]  [<ffffffffaa6c8d8e>] ? down+0x2e/0x50
[  +0.006673]  [<ffffffffaa6c8d8e>] ? down+0x2e/0x50
[  +0.006877]  [<ffffffffaa6c8d8e>] ? down+0x2e/0x50
[  +0.006857]  [<ffffffffaa6c8f02>] ? up+0x32/0x50
[  +0.006226]  [<ffffffffc097d128>] ? cxiBlockingMutexAcquire+0x208/0x260 [mmfslinux]
[  +0.009595]  [<ffffffffc0963187>] ? cxiBlockingMutexRelease+0x87/0xf0 [mmfslinux]
[  +0.009419]  [<ffffffffaa6c8f02>] ? up+0x32/0x50
[  +0.006150]  [<ffffffffc0963187>] ? cxiBlockingMutexRelease+0x87/0xf0 [mmfslinux]
[  +0.009401]  [<ffffffffc0c12c12>] ? _Z33gpfsIsCifsBypassTraversalCheckingv+0xe2/0x130 [mmfs26]
[  +0.010786]  [<ffffffffc09781ff>] gpfs_f_open+0x38f/0x660 [mmfslinux]
[  +0.008324]  [<ffffffffc097d128>] ? cxiBlockingMutexAcquire+0x208/0x260 [mmfslinux]
[  +0.009885]  [<ffffffffc0963187>] ? cxiBlockingMutexRelease+0x87/0xf0 [mmfslinux]
[  +0.009484]  [<ffffffffaa83feba>] do_dentry_open+0x1aa/0x2e0
[  +0.007434]  [<ffffffffc0977e70>] ? gpfs_f_mmap+0x420/0x420 [mmfslinux]
[  +0.008699]  [<ffffffffaa84008a>] vfs_open+0x5a/0xb0
[  +0.006494]  [<ffffffffaa84e568>] ? may_open+0x68/0x120
[  +0.006776]  [<ffffffffaa850b6d>] do_last+0x1ed/0x12a0
[  +0.006683]  [<ffffffffaa853a27>] path_openat+0xd7/0x640
[  +0.007221]  [<ffffffffaa855302>] ? user_path_at_empty+0x72/0xc0
[  +0.007663]  [<ffffffffaa83f69a>] ? __check_object_size+0x1ca/0x250
[  +0.008058]  [<ffffffffaa85542d>] do_filp_open+0x4d/0xb0
[  +0.006978]  [<ffffffffaa862b77>] ? __alloc_fd+0x47/0x170
[  +0.007297]  [<ffffffffaa841587>] do_sys_open+0x137/0x240
[  +0.006933]  [<ffffffffaa8416ae>] SyS_open+0x1e/0x20
[  +0.006438]  [<ffffffffaad76ddb>] system_call_fastpath+0x22/0x27
[  +0.007732] INFO: task python:314981 blocked for more than 120 seconds.
[  +0.008588] "echo 0 > /proc/sys/kernel/hung_task_timeout_secs" disables this message.
[  +0.009685] python          D ffff999958b9be80     0 314981 288760 0x00000000
[  +0.009307] Call Trace:
[  +0.003994]  [<ffffffffaad69f19>] schedule+0x29/0x70
[  +0.006876]  [<ffffffffc097d751>] cxiWaitEventWait+0x1d1/0x2f0 [mmfslinux]
[  +0.008644]  [<ffffffffaa6d7c40>] ? wake_up_state+0x20/0x20
[  +0.007580]  [<ffffffffc0c758e0>] _ZN6ThCond12internalWaitEP16KernelSynchStatejPv+0xd0/0x260 [mmfs26]
[  +0.011302]  [<ffffffffc0c76668>] ? _ZN14BaseMutexClass15releaseLockHeldEP16KernelSynchState+0x18/0x130 [mmfs26]
[  +0.012397]  [<ffffffffc0c76fab>] _ZN6ThCond5kWaitEiPKc+0x1db/0x410 [mmfs26]
[  +0.009245]  [<ffffffffc0b98a15>] _ZN13KernelMailbox21sendToDaemonWithReplyEv+0x375/0x410 [mmfs26]
[  +0.011058]  [<ffffffffc0bdf306>] _Z8kSFSOpenP15KernelOperationP10gpfsNode_tiPP12OpenInstanceP10ext_cred_tP13gpfsVfsData_tj13SFS_Open_ModePv+0x1c6/0x3f0 [mmfs26]
[  +0.018020]  [<ffffffffc0c016a4>] _Z8gpfsOpenP13gpfsVfsData_tP9cxiNode_tPviiiPP9MMFSVInfoP10ext_cred_tP15KernelOperation+0x734/0x2570 [mmfs26]
[  +0.016173]  [<ffffffffaa6c8f02>] ? up+0x32/0x50
[  +0.006547]  [<ffffffffc0963187>] ? cxiBlockingMutexRelease+0x87/0xf0 [mmfslinux]
[  +0.009402]  [<ffffffffaa6c8d8e>] ? down+0x2e/0x50
[  +0.006663]  [<ffffffffaa6c8d8e>] ? down+0x2e/0x50
[  +0.006375]  [<ffffffffaa6c8f02>] ? up+0x32/0x50
[  +0.006083]  [<ffffffffc097d128>] ? cxiBlockingMutexAcquire+0x208/0x260 [mmfslinux]
[  +0.009802]  [<ffffffffc0963187>] ? cxiBlockingMutexRelease+0x87/0xf0 [mmfslinux]
[  +0.009617]  [<ffffffffaa6c8f02>] ? up+0x32/0x50
[  +0.006424]  [<ffffffffc0963187>] ? cxiBlockingMutexRelease+0x87/0xf0 [mmfslinux]
[  +0.009695]  [<ffffffffc0c12c12>] ? _Z33gpfsIsCifsBypassTraversalCheckingv+0xe2/0x130 [mmfs26]
[  +0.010748]  [<ffffffffc09781ff>] gpfs_f_open+0x38f/0x660 [mmfslinux]
[  +0.008530]  [<ffffffffc097d128>] ? cxiBlockingMutexAcquire+0x208/0x260 [mmfslinux]
[  +0.009525]  [<ffffffffc0963187>] ? cxiBlockingMutexRelease+0x87/0xf0 [mmfslinux]
[  +0.009710]  [<ffffffffaa81bd89>] ? ___slab_alloc+0x209/0x4f0
[  +0.007545]  [<ffffffffaa83feba>] do_dentry_open+0x1aa/0x2e0
[  +0.007663]  [<ffffffffc0977e70>] ? gpfs_f_mmap+0x420/0x420 [mmfslinux]
[  +0.008355]  [<ffffffffaa84008a>] vfs_open+0x5a/0xb0
[  +0.006874]  [<ffffffffaa84e568>] ? may_open+0x68/0x120
[  +0.007088]  [<ffffffffaa850b6d>] do_last+0x1ed/0x12a0
[  +0.006823]  [<ffffffffaa853a27>] path_openat+0xd7/0x640
[  +0.007221]  [<ffffffffaa855302>] ? user_path_at_empty+0x72/0xc0
[  +0.007782]  [<ffffffffaa85542d>] do_filp_open+0x4d/0xb0
[  +0.007006]  [<ffffffffaa862b77>] ? __alloc_fd+0x47/0x170
[  +0.006981]  [<ffffffffaa841587>] do_sys_open+0x137/0x240
[  +0.006966]  [<ffffffffaa8416ae>] SyS_open+0x1e/0x20
[  +0.006612]  [<ffffffffaad76ddb>] system_call_fastpath+0x22/0x27
