Restoring modules from user's confine_module
Traceback (most recent call last):
  File "main_script.py", line 20, in <module>
    epsilon = int(sys.argv[4])
ValueError: invalid literal for int() with base 10: '0.12'
Traceback (most recent call last):
  File "main_script.py", line 20, in <module>
    epsilon = int(sys.argv[4])
ValueError: invalid literal for int() with base 10: '0.12'
Traceback (most recent call last):
  File "main_script.py", line 20, in <module>
    epsilon = int(sys.argv[4])
ValueError: invalid literal for int() with base 10: '0.09'
Traceback (most recent call last):
  File "main_script.py", line 20, in <module>
    epsilon = int(sys.argv[4])
ValueError: invalid literal for int() with base 10: '0.09'
Traceback (most recent call last):
  File "main_script.py", line 20, in <module>
    epsilon = int(sys.argv[4])
ValueError: invalid literal for int() with base 10: '0.09'
Traceback (most recent call last):
  File "main_script.py", line 20, in <module>
    epsilon = int(sys.argv[4])
ValueError: invalid literal for int() with base 10: '0.09'
Traceback (most recent call last):
  File "main_script.py", line 20, in <module>
    epsilon = int(sys.argv[4])
ValueError: invalid literal for int() with base 10: '0.09'
Traceback (most recent call last):
  File "main_script.py", line 20, in <module>
    epsilon = int(sys.argv[4])
ValueError: invalid literal for int() with base 10: '0.12'
Traceback (most recent call last):
  File "main_script.py", line 20, in <module>
    epsilon = int(sys.argv[4])
ValueError: invalid literal for int() with base 10: '0.09'
Traceback (most recent call last):
  File "main_script.py", line 20, in <module>
    epsilon = int(sys.argv[4])
ValueError: invalid literal for int() with base 10: '0.12'
Traceback (most recent call last):
  File "main_script.py", line 20, in <module>
    epsilon = int(sys.argv[4])
ValueError: invalid literal for int() with base 10: '0.12'
Traceback (most recent call last):
  File "main_script.py", line 20, in <module>
    epsilon = int(sys.argv[4])
ValueError: invalid literal for int() with base 10: '0.09'
Traceback (most recent call last):
  File "main_script.py", line 20, in <module>
    epsilon = int(sys.argv[4])
ValueError: invalid literal for int() with base 10: '0.12'
Traceback (most recent call last):
  File "main_script.py", line 20, in <module>
    epsilon = int(sys.argv[4])
ValueError: invalid literal for int() with base 10: '0.12'
Traceback (most recent call last):
  File "main_script.py", line 20, in <module>
    epsilon = int(sys.argv[4])
ValueError: invalid literal for int() with base 10: '0.12'
Traceback (most recent call last):
  File "main_script.py", line 20, in <module>
    epsilon = int(sys.argv[4])
ValueError: invalid literal for int() with base 10: '0.09'
Traceback (most recent call last):
  File "main_script.py", line 20, in <module>
    epsilon = int(sys.argv[4])
ValueError: invalid literal for int() with base 10: '0.09'
Traceback (most recent call last):
  File "main_script.py", line 20, in <module>
    epsilon = int(sys.argv[4])
ValueError: invalid literal for int() with base 10: '0.12'
Traceback (most recent call last):
  File "main_script.py", line 20, in <module>
    epsilon = int(sys.argv[4])
ValueError: invalid literal for int() with base 10: '0.09'
Traceback (most recent call last):
  File "main_script.py", line 20, in <module>
    epsilon = int(sys.argv[4])
ValueError: invalid literal for int() with base 10: '0.12'
Traceback (most recent call last):
  File "main_script.py", line 20, in <module>
    epsilon = int(sys.argv[4])
ValueError: invalid literal for int() with base 10: '0.12'
Traceback (most recent call last):
  File "main_script.py", line 20, in <module>
    epsilon = int(sys.argv[4])
ValueError: invalid literal for int() with base 10: '0.09'
Traceback (most recent call last):
  File "main_script.py", line 20, in <module>
    epsilon = int(sys.argv[4])
ValueError: invalid literal for int() with base 10: '0.09'
Traceback (most recent call last):
  File "main_script.py", line 20, in <module>
    epsilon = int(sys.argv[4])
ValueError: invalid literal for int() with base 10: '0.09'
Traceback (most recent call last):
  File "main_script.py", line 20, in <module>
    epsilon = int(sys.argv[4])
ValueError: invalid literal for int() with base 10: '0.12'
Traceback (most recent call last):
  File "main_script.py", line 20, in <module>
    epsilon = int(sys.argv[4])
ValueError: invalid literal for int() with base 10: '0.09'
Traceback (most recent call last):
  File "main_script.py", line 20, in <module>
    epsilon = int(sys.argv[4])
ValueError: invalid literal for int() with base 10: '0.12'
Traceback (most recent call last):
  File "main_script.py", line 20, in <module>
    epsilon = int(sys.argv[4])
ValueError: invalid literal for int() with base 10: '0.09'
Traceback (most recent call last):
  File "main_script.py", line 20, in <module>
    epsilon = int(sys.argv[4])
ValueError: invalid literal for int() with base 10: '0.09'
Traceback (most recent call last):
  File "main_script.py", line 20, in <module>
    epsilon = int(sys.argv[4])
ValueError: invalid literal for int() with base 10: '0.09'
Traceback (most recent call last):
  File "main_script.py", line 20, in <module>
    epsilon = int(sys.argv[4])
ValueError: invalid literal for int() with base 10: '0.12'
Traceback (most recent call last):
  File "main_script.py", line 20, in <module>
    epsilon = int(sys.argv[4])
ValueError: invalid literal for int() with base 10: '0.12'
Traceback (most recent call last):
  File "main_script.py", line 20, in <module>
    epsilon = int(sys.argv[4])
ValueError: invalid literal for int() with base 10: '0.09'
Traceback (most recent call last):
  File "main_script.py", line 20, in <module>
    epsilon = int(sys.argv[4])
ValueError: invalid literal for int() with base 10: '0.09'
Traceback (most recent call last):
  File "main_script.py", line 20, in <module>
    epsilon = int(sys.argv[4])
ValueError: invalid literal for int() with base 10: '0.12'
Traceback (most recent call last):
  File "main_script.py", line 20, in <module>
    epsilon = int(sys.argv[4])
ValueError: invalid literal for int() with base 10: '0.09'
Traceback (most recent call last):
  File "main_script.py", line 20, in <module>
    epsilon = int(sys.argv[4])
ValueError: invalid literal for int() with base 10: '0.12'
Traceback (most recent call last):
  File "main_script.py", line 20, in <module>
    epsilon = int(sys.argv[4])
ValueError: invalid literal for int() with base 10: '0.12'
Traceback (most recent call last):
  File "main_script.py", line 20, in <module>
    epsilon = int(sys.argv[4])
ValueError: invalid literal for int() with base 10: '0.12'
Traceback (most recent call last):
  File "main_script.py", line 20, in <module>
    epsilon = int(sys.argv[4])
ValueError: invalid literal for int() with base 10: '0.12'
Traceback (most recent call last):
  File "main_script.py", line 20, in <module>
    epsilon = int(sys.argv[4])
ValueError: invalid literal for int() with base 10: '0.12'
Traceback (most recent call last):
  File "main_script.py", line 20, in <module>
    epsilon = int(sys.argv[4])
ValueError: invalid literal for int() with base 10: '0.12'
Traceback (most recent call last):
  File "main_script.py", line 20, in <module>
    epsilon = int(sys.argv[4])
ValueError: invalid literal for int() with base 10: '0.09'
Traceback (most recent call last):
  File "main_script.py", line 20, in <module>
    epsilon = int(sys.argv[4])
ValueError: invalid literal for int() with base 10: '0.12'
Traceback (most recent call last):
  File "main_script.py", line 20, in <module>
    epsilon = int(sys.argv[4])
ValueError: invalid literal for int() with base 10: '0.09'
Traceback (most recent call last):
  File "main_script.py", line 20, in <module>
    epsilon = int(sys.argv[4])
ValueError: invalid literal for int() with base 10: '0.09'
Traceback (most recent call last):
  File "main_script.py", line 20, in <module>
    epsilon = int(sys.argv[4])
ValueError: invalid literal for int() with base 10: '0.12'
Traceback (most recent call last):
  File "main_script.py", line 20, in <module>
    epsilon = int(sys.argv[4])
ValueError: invalid literal for int() with base 10: '0.12'
Traceback (most recent call last):
  File "main_script.py", line 20, in <module>
    epsilon = int(sys.argv[4])
ValueError: invalid literal for int() with base 10: '0.09'
Traceback (most recent call last):
  File "main_script.py", line 20, in <module>
    epsilon = int(sys.argv[4])
ValueError: invalid literal for int() with base 10: '0.09'
Traceback (most recent call last):
  File "main_script.py", line 20, in <module>
    epsilon = int(sys.argv[4])
ValueError: invalid literal for int() with base 10: '0.12'
Traceback (most recent call last):
  File "main_script.py", line 20, in <module>
    epsilon = int(sys.argv[4])
ValueError: invalid literal for int() with base 10: '0.09'
Traceback (most recent call last):
  File "main_script.py", line 20, in <module>
    epsilon = int(sys.argv[4])
ValueError: invalid literal for int() with base 10: '0.09'
Traceback (most recent call last):
  File "main_script.py", line 20, in <module>
    epsilon = int(sys.argv[4])
ValueError: invalid literal for int() with base 10: '0.12'
Traceback (most recent call last):
  File "main_script.py", line 20, in <module>
    epsilon = int(sys.argv[4])
ValueError: invalid literal for int() with base 10: '0.12'
Traceback (most recent call last):
  File "main_script.py", line 20, in <module>
    epsilon = int(sys.argv[4])
ValueError: invalid literal for int() with base 10: '0.09'
Traceback (most recent call last):
  File "main_script.py", line 20, in <module>
    epsilon = int(sys.argv[4])
ValueError: invalid literal for int() with base 10: '0.09'
Traceback (most recent call last):
  File "main_script.py", line 20, in <module>
    epsilon = int(sys.argv[4])
ValueError: invalid literal for int() with base 10: '0.09'
Traceback (most recent call last):
  File "main_script.py", line 20, in <module>
    epsilon = int(sys.argv[4])
ValueError: invalid literal for int() with base 10: '0.09'
Traceback (most recent call last):
  File "main_script.py", line 20, in <module>
    epsilon = int(sys.argv[4])
ValueError: invalid literal for int() with base 10: '0.09'
Traceback (most recent call last):
  File "main_script.py", line 20, in <module>
    epsilon = int(sys.argv[4])
ValueError: invalid literal for int() with base 10: '0.12'
Traceback (most recent call last):
  File "main_script.py", line 20, in <module>
    epsilon = int(sys.argv[4])
ValueError: invalid literal for int() with base 10: '0.12'
Traceback (most recent call last):
  File "main_script.py", line 20, in <module>
    epsilon = int(sys.argv[4])
ValueError: invalid literal for int() with base 10: '0.12'
Traceback (most recent call last):
  File "main_script.py", line 20, in <module>
    epsilon = int(sys.argv[4])
ValueError: invalid literal for int() with base 10: '0.09'
Traceback (most recent call last):
  File "main_script.py", line 20, in <module>
    epsilon = int(sys.argv[4])
ValueError: invalid literal for int() with base 10: '0.12'
Traceback (most recent call last):
  File "main_script.py", line 20, in <module>
    epsilon = int(sys.argv[4])
ValueError: invalid literal for int() with base 10: '0.12'
Traceback (most recent call last):
  File "main_script.py", line 20, in <module>
    epsilon = int(sys.argv[4])
ValueError: invalid literal for int() with base 10: '0.09'
Traceback (most recent call last):
  File "main_script.py", line 20, in <module>
    epsilon = int(sys.argv[4])
ValueError: invalid literal for int() with base 10: '0.09'
Traceback (most recent call last):
  File "main_script.py", line 20, in <module>
    epsilon = int(sys.argv[4])
ValueError: invalid literal for int() with base 10: '0.12'
Traceback (most recent call last):
  File "main_script.py", line 20, in <module>
    epsilon = int(sys.argv[4])
ValueError: invalid literal for int() with base 10: '0.09'
Traceback (most recent call last):
  File "main_script.py", line 20, in <module>
    epsilon = int(sys.argv[4])
ValueError: invalid literal for int() with base 10: '0.12'
Traceback (most recent call last):
  File "main_script.py", line 20, in <module>
    epsilon = int(sys.argv[4])
ValueError: invalid literal for int() with base 10: '0.09'
Traceback (most recent call last):
  File "main_script.py", line 20, in <module>
    epsilon = int(sys.argv[4])
ValueError: invalid literal for int() with base 10: '0.09'
Traceback (most recent call last):
  File "main_script.py", line 20, in <module>
    epsilon = int(sys.argv[4])
ValueError: invalid literal for int() with base 10: '0.12'
Traceback (most recent call last):
  File "main_script.py", line 20, in <module>
    epsilon = int(sys.argv[4])
ValueError: invalid literal for int() with base 10: '0.12'
Traceback (most recent call last):
  File "main_script.py", line 20, in <module>
    epsilon = int(sys.argv[4])
ValueError: invalid literal for int() with base 10: '0.12'
Traceback (most recent call last):
  File "main_script.py", line 20, in <module>
    epsilon = int(sys.argv[4])
ValueError: invalid literal for int() with base 10: '0.12'
Traceback (most recent call last):
  File "main_script.py", line 20, in <module>
    epsilon = int(sys.argv[4])
ValueError: invalid literal for int() with base 10: '0.09'
Traceback (most recent call last):
  File "main_script.py", line 20, in <module>
    epsilon = int(sys.argv[4])
ValueError: invalid literal for int() with base 10: '0.12'
Traceback (most recent call last):
  File "main_script.py", line 20, in <module>
    epsilon = int(sys.argv[4])
ValueError: invalid literal for int() with base 10: '0.09'
Traceback (most recent call last):
  File "main_script.py", line 20, in <module>
    epsilon = int(sys.argv[4])
ValueError: invalid literal for int() with base 10: '0.09'
Traceback (most recent call last):
  File "main_script.py", line 20, in <module>
    epsilon = int(sys.argv[4])
ValueError: invalid literal for int() with base 10: '0.09'
Traceback (most recent call last):
  File "main_script.py", line 20, in <module>
    epsilon = int(sys.argv[4])
ValueError: invalid literal for int() with base 10: '0.09'
Traceback (most recent call last):
  File "main_script.py", line 20, in <module>
    epsilon = int(sys.argv[4])
ValueError: invalid literal for int() with base 10: '0.09'
Traceback (most recent call last):
  File "main_script.py", line 20, in <module>
    epsilon = int(sys.argv[4])
ValueError: invalid literal for int() with base 10: '0.09'
Traceback (most recent call last):
  File "main_script.py", line 20, in <module>
    epsilon = int(sys.argv[4])
ValueError: invalid literal for int() with base 10: '0.12'
Traceback (most recent call last):
  File "main_script.py", line 20, in <module>
    epsilon = int(sys.argv[4])
ValueError: invalid literal for int() with base 10: '0.09'
Traceback (most recent call last):
  File "main_script.py", line 20, in <module>
    epsilon = int(sys.argv[4])
ValueError: invalid literal for int() with base 10: '0.12'
Traceback (most recent call last):
  File "main_script.py", line 20, in <module>
    epsilon = int(sys.argv[4])
ValueError: invalid literal for int() with base 10: '0.12'
Traceback (most recent call last):
  File "main_script.py", line 20, in <module>
    epsilon = int(sys.argv[4])
ValueError: invalid literal for int() with base 10: '0.12'
Traceback (most recent call last):
  File "main_script.py", line 20, in <module>
    epsilon = int(sys.argv[4])
ValueError: invalid literal for int() with base 10: '0.12'
Traceback (most recent call last):
  File "main_script.py", line 20, in <module>
    epsilon = int(sys.argv[4])
ValueError: invalid literal for int() with base 10: '0.12'
Traceback (most recent call last):
  File "main_script.py", line 20, in <module>
    epsilon = int(sys.argv[4])
ValueError: invalid literal for int() with base 10: '0.12'
Traceback (most recent call last):
  File "main_script.py", line 20, in <module>
    epsilon = int(sys.argv[4])
ValueError: invalid literal for int() with base 10: '0.09'
Traceback (most recent call last):
  File "main_script.py", line 20, in <module>
    epsilon = int(sys.argv[4])
ValueError: invalid literal for int() with base 10: '0.09'
Traceback (most recent call last):
  File "main_script.py", line 20, in <module>
    epsilon = int(sys.argv[4])
ValueError: invalid literal for int() with base 10: '0.12'
Traceback (most recent call last):
  File "main_script.py", line 20, in <module>
    epsilon = int(sys.argv[4])
ValueError: invalid literal for int() with base 10: '0.12'
Traceback (most recent call last):
  File "main_script.py", line 20, in <module>
    epsilon = int(sys.argv[4])
ValueError: invalid literal for int() with base 10: '0.09'
Traceback (most recent call last):
  File "main_script.py", line 20, in <module>
    epsilon = int(sys.argv[4])
ValueError: invalid literal for int() with base 10: '0.09'
Traceback (most recent call last):
  File "main_script.py", line 20, in <module>
    epsilon = int(sys.argv[4])
ValueError: invalid literal for int() with base 10: '0.09'
Traceback (most recent call last):
  File "main_script.py", line 20, in <module>
    epsilon = int(sys.argv[4])
ValueError: invalid literal for int() with base 10: '0.09'
Traceback (most recent call last):
  File "main_script.py", line 20, in <module>
    epsilon = int(sys.argv[4])
ValueError: invalid literal for int() with base 10: '0.12'
Traceback (most recent call last):
  File "main_script.py", line 20, in <module>
    epsilon = int(sys.argv[4])
ValueError: invalid literal for int() with base 10: '0.09'
Traceback (most recent call last):
  File "main_script.py", line 20, in <module>
    epsilon = int(sys.argv[4])
ValueError: invalid literal for int() with base 10: '0.09'
Traceback (most recent call last):
  File "main_script.py", line 20, in <module>
    epsilon = int(sys.argv[4])
ValueError: invalid literal for int() with base 10: '0.12'
Traceback (most recent call last):
  File "main_script.py", line 20, in <module>
    epsilon = int(sys.argv[4])
ValueError: invalid literal for int() with base 10: '0.12'
Traceback (most recent call last):
  File "main_script.py", line 20, in <module>
    epsilon = int(sys.argv[4])
ValueError: invalid literal for int() with base 10: '0.12'
Traceback (most recent call last):
  File "main_script.py", line 20, in <module>
    epsilon = int(sys.argv[4])
ValueError: invalid literal for int() with base 10: '0.12'
Traceback (most recent call last):
  File "main_script.py", line 20, in <module>
    epsilon = int(sys.argv[4])
ValueError: invalid literal for int() with base 10: '0.12'
Traceback (most recent call last):
  File "main_script.py", line 20, in <module>
    epsilon = int(sys.argv[4])
ValueError: invalid literal for int() with base 10: '0.09'
Traceback (most recent call last):
  File "main_script.py", line 20, in <module>
    epsilon = int(sys.argv[4])
ValueError: invalid literal for int() with base 10: '0.09'
Traceback (most recent call last):
  File "main_script.py", line 20, in <module>
    epsilon = int(sys.argv[4])
ValueError: invalid literal for int() with base 10: '0.09'
Traceback (most recent call last):
  File "main_script.py", line 20, in <module>
    epsilon = int(sys.argv[4])
ValueError: invalid literal for int() with base 10: '0.09'
Traceback (most recent call last):
  File "main_script.py", line 20, in <module>
    epsilon = int(sys.argv[4])
ValueError: invalid literal for int() with base 10: '0.09'
Traceback (most recent call last):
  File "main_script.py", line 20, in <module>
    epsilon = int(sys.argv[4])
ValueError: invalid literal for int() with base 10: '0.09'
Traceback (most recent call last):
  File "main_script.py", line 20, in <module>
    epsilon = int(sys.argv[4])
ValueError: invalid literal for int() with base 10: '0.09'
Traceback (most recent call last):
  File "main_script.py", line 20, in <module>
    epsilon = int(sys.argv[4])
ValueError: invalid literal for int() with base 10: '0.12'
Traceback (most recent call last):
  File "main_script.py", line 20, in <module>
    epsilon = int(sys.argv[4])
ValueError: invalid literal for int() with base 10: '0.12'
Traceback (most recent call last):
  File "main_script.py", line 20, in <module>
    epsilon = int(sys.argv[4])
ValueError: invalid literal for int() with base 10: '0.12'
Traceback (most recent call last):
  File "main_script.py", line 20, in <module>
    epsilon = int(sys.argv[4])
ValueError: invalid literal for int() with base 10: '0.09'
Traceback (most recent call last):
  File "main_script.py", line 20, in <module>
    epsilon = int(sys.argv[4])
ValueError: invalid literal for int() with base 10: '0.12'
Traceback (most recent call last):
  File "main_script.py", line 20, in <module>
    epsilon = int(sys.argv[4])
ValueError: invalid literal for int() with base 10: '0.12'
Traceback (most recent call last):
  File "main_script.py", line 20, in <module>
    epsilon = int(sys.argv[4])
ValueError: invalid literal for int() with base 10: '0.09'
Traceback (most recent call last):
  File "main_script.py", line 20, in <module>
    epsilon = int(sys.argv[4])
ValueError: invalid literal for int() with base 10: '0.12'
Traceback (most recent call last):
  File "main_script.py", line 20, in <module>
    epsilon = int(sys.argv[4])
ValueError: invalid literal for int() with base 10: '0.12'
Traceback (most recent call last):
  File "main_script.py", line 20, in <module>
    epsilon = int(sys.argv[4])
ValueError: invalid literal for int() with base 10: '0.09'
Traceback (most recent call last):
  File "main_script.py", line 20, in <module>
    epsilon = int(sys.argv[4])
ValueError: invalid literal for int() with base 10: '0.09'
Traceback (most recent call last):
  File "main_script.py", line 20, in <module>
    epsilon = int(sys.argv[4])
ValueError: invalid literal for int() with base 10: '0.09'
Traceback (most recent call last):
  File "main_script.py", line 20, in <module>
    epsilon = int(sys.argv[4])
ValueError: invalid literal for int() with base 10: '0.09'
Traceback (most recent call last):
  File "main_script.py", line 20, in <module>
    epsilon = int(sys.argv[4])
ValueError: invalid literal for int() with base 10: '0.12'
Traceback (most recent call last):
  File "main_script.py", line 20, in <module>
    epsilon = int(sys.argv[4])
ValueError: invalid literal for int() with base 10: '0.09'
Traceback (most recent call last):
  File "main_script.py", line 20, in <module>
    epsilon = int(sys.argv[4])
ValueError: invalid literal for int() with base 10: '0.12'
Traceback (most recent call last):
  File "main_script.py", line 20, in <module>
    epsilon = int(sys.argv[4])
ValueError: invalid literal for int() with base 10: '0.12'
Traceback (most recent call last):
  File "main_script.py", line 20, in <module>
    epsilon = int(sys.argv[4])
ValueError: invalid literal for int() with base 10: '0.12'
Traceback (most recent call last):
  File "main_script.py", line 20, in <module>
    epsilon = int(sys.argv[4])
ValueError: invalid literal for int() with base 10: '0.09'
Traceback (most recent call last):
  File "main_script.py", line 20, in <module>
    epsilon = int(sys.argv[4])
ValueError: invalid literal for int() with base 10: '0.09'
Traceback (most recent call last):
  File "main_script.py", line 20, in <module>
    epsilon = int(sys.argv[4])
ValueError: invalid literal for int() with base 10: '0.12'
Traceback (most recent call last):
  File "main_script.py", line 20, in <module>
    epsilon = int(sys.argv[4])
ValueError: invalid literal for int() with base 10: '0.09'
Traceback (most recent call last):
  File "main_script.py", line 20, in <module>
    epsilon = int(sys.argv[4])
ValueError: invalid literal for int() with base 10: '0.12'
Traceback (most recent call last):
  File "main_script.py", line 20, in <module>
    epsilon = int(sys.argv[4])
ValueError: invalid literal for int() with base 10: '0.12'
Traceback (most recent call last):
  File "main_script.py", line 20, in <module>
    epsilon = int(sys.argv[4])
ValueError: invalid literal for int() with base 10: '0.12'
Traceback (most recent call last):
  File "main_script.py", line 20, in <module>
    epsilon = int(sys.argv[4])
ValueError: invalid literal for int() with base 10: '0.12'
Traceback (most recent call last):
  File "main_script.py", line 20, in <module>
    epsilon = int(sys.argv[4])
ValueError: invalid literal for int() with base 10: '0.09'
Traceback (most recent call last):
  File "main_script.py", line 20, in <module>
    epsilon = int(sys.argv[4])
ValueError: invalid literal for int() with base 10: '0.12'
Traceback (most recent call last):
  File "main_script.py", line 20, in <module>
    epsilon = int(sys.argv[4])
ValueError: invalid literal for int() with base 10: '0.09'
Traceback (most recent call last):
  File "main_script.py", line 20, in <module>
    epsilon = int(sys.argv[4])
ValueError: invalid literal for int() with base 10: '0.09'
Traceback (most recent call last):
  File "main_script.py", line 20, in <module>
    epsilon = int(sys.argv[4])
ValueError: invalid literal for int() with base 10: '0.09'
Traceback (most recent call last):
  File "main_script.py", line 20, in <module>
    epsilon = int(sys.argv[4])
ValueError: invalid literal for int() with base 10: '0.12'
Traceback (most recent call last):
  File "main_script.py", line 20, in <module>
    epsilon = int(sys.argv[4])
ValueError: invalid literal for int() with base 10: '0.12'
Traceback (most recent call last):
  File "main_script.py", line 20, in <module>
    epsilon = int(sys.argv[4])
ValueError: invalid literal for int() with base 10: '0.12'
Traceback (most recent call last):
  File "main_script.py", line 20, in <module>
    epsilon = int(sys.argv[4])
ValueError: invalid literal for int() with base 10: '0.12'
Traceback (most recent call last):
  File "main_script.py", line 20, in <module>
    epsilon = int(sys.argv[4])
ValueError: invalid literal for int() with base 10: '0.09'
Traceback (most recent call last):
  File "main_script.py", line 20, in <module>
    epsilon = int(sys.argv[4])
ValueError: invalid literal for int() with base 10: '0.09'
Traceback (most recent call last):
  File "main_script.py", line 20, in <module>
    epsilon = int(sys.argv[4])
ValueError: invalid literal for int() with base 10: '0.09'
Traceback (most recent call last):
  File "main_script.py", line 20, in <module>
    epsilon = int(sys.argv[4])
ValueError: invalid literal for int() with base 10: '0.12'
Traceback (most recent call last):
  File "main_script.py", line 20, in <module>
    epsilon = int(sys.argv[4])
ValueError: invalid literal for int() with base 10: '0.12'
Traceback (most recent call last):
  File "main_script.py", line 20, in <module>
    epsilon = int(sys.argv[4])
ValueError: invalid literal for int() with base 10: '0.12'
Traceback (most recent call last):
  File "main_script.py", line 20, in <module>
    epsilon = int(sys.argv[4])
ValueError: invalid literal for int() with base 10: '0.09'
Traceback (most recent call last):
  File "main_script.py", line 20, in <module>
    epsilon = int(sys.argv[4])
ValueError: invalid literal for int() with base 10: '0.09'
Traceback (most recent call last):
  File "main_script.py", line 20, in <module>
    epsilon = int(sys.argv[4])
ValueError: invalid literal for int() with base 10: '0.12'
Traceback (most recent call last):
  File "main_script.py", line 20, in <module>
    epsilon = int(sys.argv[4])
ValueError: invalid literal for int() with base 10: '0.12'
Traceback (most recent call last):
  File "main_script.py", line 20, in <module>
    epsilon = int(sys.argv[4])
ValueError: invalid literal for int() with base 10: '0.09'
Traceback (most recent call last):
  File "main_script.py", line 20, in <module>
    epsilon = int(sys.argv[4])
ValueError: invalid literal for int() with base 10: '0.09'
Traceback (most recent call last):
  File "main_script.py", line 20, in <module>
    epsilon = int(sys.argv[4])
ValueError: invalid literal for int() with base 10: '0.12'
Traceback (most recent call last):
  File "main_script.py", line 20, in <module>
    epsilon = int(sys.argv[4])
ValueError: invalid literal for int() with base 10: '0.12'
Traceback (most recent call last):
  File "main_script.py", line 20, in <module>
    epsilon = int(sys.argv[4])
ValueError: invalid literal for int() with base 10: '0.09'
Traceback (most recent call last):
  File "main_script.py", line 20, in <module>
    epsilon = int(sys.argv[4])
ValueError: invalid literal for int() with base 10: '0.09'
Traceback (most recent call last):
  File "main_script.py", line 20, in <module>
    epsilon = int(sys.argv[4])
ValueError: invalid literal for int() with base 10: '0.12'
Traceback (most recent call last):
  File "main_script.py", line 20, in <module>
    epsilon = int(sys.argv[4])
ValueError: invalid literal for int() with base 10: '0.12'
Traceback (most recent call last):
  File "main_script.py", line 20, in <module>
    epsilon = int(sys.argv[4])
ValueError: invalid literal for int() with base 10: '0.12'
Traceback (most recent call last):
  File "main_script.py", line 20, in <module>
    epsilon = int(sys.argv[4])
ValueError: invalid literal for int() with base 10: '0.09'
Traceback (most recent call last):
  File "main_script.py", line 20, in <module>
    epsilon = int(sys.argv[4])
ValueError: invalid literal for int() with base 10: '0.09'
Traceback (most recent call last):
  File "main_script.py", line 20, in <module>
    epsilon = int(sys.argv[4])
ValueError: invalid literal for int() with base 10: '0.12'
Traceback (most recent call last):
  File "main_script.py", line 20, in <module>
    epsilon = int(sys.argv[4])
ValueError: invalid literal for int() with base 10: '0.09'
Traceback (most recent call last):
  File "main_script.py", line 20, in <module>
    epsilon = int(sys.argv[4])
ValueError: invalid literal for int() with base 10: '0.12'
Traceback (most recent call last):
  File "main_script.py", line 20, in <module>
    epsilon = int(sys.argv[4])
ValueError: invalid literal for int() with base 10: '0.09'
Traceback (most recent call last):
  File "main_script.py", line 20, in <module>
    epsilon = int(sys.argv[4])
ValueError: invalid literal for int() with base 10: '0.09'
Traceback (most recent call last):
  File "main_script.py", line 20, in <module>
    epsilon = int(sys.argv[4])
ValueError: invalid literal for int() with base 10: '0.09'
Traceback (most recent call last):
  File "main_script.py", line 20, in <module>
    epsilon = int(sys.argv[4])
ValueError: invalid literal for int() with base 10: '0.12'
Traceback (most recent call last):
  File "main_script.py", line 20, in <module>
    epsilon = int(sys.argv[4])
ValueError: invalid literal for int() with base 10: '0.09'
Traceback (most recent call last):
  File "main_script.py", line 20, in <module>
    epsilon = int(sys.argv[4])
ValueError: invalid literal for int() with base 10: '0.12'
Traceback (most recent call last):
  File "main_script.py", line 20, in <module>
    epsilon = int(sys.argv[4])
ValueError: invalid literal for int() with base 10: '0.12'
Traceback (most recent call last):
  File "main_script.py", line 20, in <module>
    epsilon = int(sys.argv[4])
ValueError: invalid literal for int() with base 10: '0.12'
Traceback (most recent call last):
  File "main_script.py", line 20, in <module>
    epsilon = int(sys.argv[4])
ValueError: invalid literal for int() with base 10: '0.09'
Traceback (most recent call last):
  File "main_script.py", line 20, in <module>
    epsilon = int(sys.argv[4])
ValueError: invalid literal for int() with base 10: '0.09'
Traceback (most recent call last):
  File "main_script.py", line 20, in <module>
    epsilon = int(sys.argv[4])
ValueError: invalid literal for int() with base 10: '0.12'
Traceback (most recent call last):
  File "main_script.py", line 20, in <module>
    epsilon = int(sys.argv[4])
ValueError: invalid literal for int() with base 10: '0.12'
Traceback (most recent call last):
  File "main_script.py", line 20, in <module>
    epsilon = int(sys.argv[4])
ValueError: invalid literal for int() with base 10: '0.12'
Traceback (most recent call last):
  File "main_script.py", line 20, in <module>
    epsilon = int(sys.argv[4])
ValueError: invalid literal for int() with base 10: '0.12'
Traceback (most recent call last):
  File "main_script.py", line 20, in <module>
    epsilon = int(sys.argv[4])
ValueError: invalid literal for int() with base 10: '0.12'
Traceback (most recent call last):
  File "main_script.py", line 20, in <module>
    epsilon = int(sys.argv[4])
ValueError: invalid literal for int() with base 10: '0.12'
Traceback (most recent call last):
  File "main_script.py", line 20, in <module>
    epsilon = int(sys.argv[4])
ValueError: invalid literal for int() with base 10: '0.09'
Traceback (most recent call last):
  File "main_script.py", line 20, in <module>
    epsilon = int(sys.argv[4])
ValueError: invalid literal for int() with base 10: '0.09'
Traceback (most recent call last):
  File "main_script.py", line 20, in <module>
    epsilon = int(sys.argv[4])
ValueError: invalid literal for int() with base 10: '0.12'
Traceback (most recent call last):
  File "main_script.py", line 20, in <module>
    epsilon = int(sys.argv[4])
ValueError: invalid literal for int() with base 10: '0.09'
Traceback (most recent call last):
  File "main_script.py", line 20, in <module>
    epsilon = int(sys.argv[4])
ValueError: invalid literal for int() with base 10: '0.09'
Traceback (most recent call last):
  File "main_script.py", line 20, in <module>
    epsilon = int(sys.argv[4])
ValueError: invalid literal for int() with base 10: '0.12'
Traceback (most recent call last):
  File "main_script.py", line 20, in <module>
    epsilon = int(sys.argv[4])
ValueError: invalid literal for int() with base 10: '0.09'
Traceback (most recent call last):
  File "main_script.py", line 20, in <module>
    epsilon = int(sys.argv[4])
ValueError: invalid literal for int() with base 10: '0.12'
Traceback (most recent call last):
  File "main_script.py", line 20, in <module>
    epsilon = int(sys.argv[4])
ValueError: invalid literal for int() with base 10: '0.09'
Traceback (most recent call last):
  File "main_script.py", line 20, in <module>
    epsilon = int(sys.argv[4])
ValueError: invalid literal for int() with base 10: '0.12'
Traceback (most recent call last):
  File "main_script.py", line 20, in <module>
    epsilon = int(sys.argv[4])
ValueError: invalid literal for int() with base 10: '0.09'
Traceback (most recent call last):
  File "main_script.py", line 20, in <module>
    epsilon = int(sys.argv[4])
ValueError: invalid literal for int() with base 10: '0.09'
Traceback (most recent call last):
  File "main_script.py", line 20, in <module>
    epsilon = int(sys.argv[4])
ValueError: invalid literal for int() with base 10: '0.09'
Traceback (most recent call last):
  File "main_script.py", line 20, in <module>
    epsilon = int(sys.argv[4])
ValueError: invalid literal for int() with base 10: '0.12'
Traceback (most recent call last):
  File "main_script.py", line 20, in <module>
    epsilon = int(sys.argv[4])
ValueError: invalid literal for int() with base 10: '0.12'
Traceback (most recent call last):
  File "main_script.py", line 20, in <module>
    epsilon = int(sys.argv[4])
ValueError: invalid literal for int() with base 10: '0.12'
Traceback (most recent call last):
  File "main_script.py", line 20, in <module>
    epsilon = int(sys.argv[4])
ValueError: invalid literal for int() with base 10: '0.09'
Traceback (most recent call last):
  File "main_script.py", line 20, in <module>
    epsilon = int(sys.argv[4])
ValueError: invalid literal for int() with base 10: '0.12'
Traceback (most recent call last):
  File "main_script.py", line 20, in <module>
    epsilon = int(sys.argv[4])
ValueError: invalid literal for int() with base 10: '0.12'
Traceback (most recent call last):
  File "main_script.py", line 20, in <module>
    epsilon = int(sys.argv[4])
ValueError: invalid literal for int() with base 10: '0.12'
Traceback (most recent call last):
  File "main_script.py", line 20, in <module>
    epsilon = int(sys.argv[4])
ValueError: invalid literal for int() with base 10: '0.09'
Traceback (most recent call last):
  File "main_script.py", line 20, in <module>
    epsilon = int(sys.argv[4])
ValueError: invalid literal for int() with base 10: '0.09'
Traceback (most recent call last):
  File "main_script.py", line 20, in <module>
    epsilon = int(sys.argv[4])
ValueError: invalid literal for int() with base 10: '0.12'
Traceback (most recent call last):
  File "main_script.py", line 20, in <module>
    epsilon = int(sys.argv[4])
ValueError: invalid literal for int() with base 10: '0.09'
Traceback (most recent call last):
  File "main_script.py", line 20, in <module>
    epsilon = int(sys.argv[4])
ValueError: invalid literal for int() with base 10: '0.09'
Traceback (most recent call last):
  File "main_script.py", line 20, in <module>
    epsilon = int(sys.argv[4])
ValueError: invalid literal for int() with base 10: '0.09'
Traceback (most recent call last):
  File "main_script.py", line 20, in <module>
    epsilon = int(sys.argv[4])
ValueError: invalid literal for int() with base 10: '0.09'
Traceback (most recent call last):
  File "main_script.py", line 20, in <module>
    epsilon = int(sys.argv[4])
ValueError: invalid literal for int() with base 10: '0.12'
Traceback (most recent call last):
  File "main_script.py", line 20, in <module>
    epsilon = int(sys.argv[4])
ValueError: invalid literal for int() with base 10: '0.12'
Traceback (most recent call last):
  File "main_script.py", line 20, in <module>
    epsilon = int(sys.argv[4])
ValueError: invalid literal for int() with base 10: '0.09'
Traceback (most recent call last):
  File "main_script.py", line 20, in <module>
    epsilon = int(sys.argv[4])
ValueError: invalid literal for int() with base 10: '0.12'
Traceback (most recent call last):
  File "main_script.py", line 20, in <module>
    epsilon = int(sys.argv[4])
ValueError: invalid literal for int() with base 10: '0.12'
Traceback (most recent call last):
  File "main_script.py", line 20, in <module>
    epsilon = int(sys.argv[4])
ValueError: invalid literal for int() with base 10: '0.09'
Traceback (most recent call last):
  File "main_script.py", line 20, in <module>
    epsilon = int(sys.argv[4])
ValueError: invalid literal for int() with base 10: '0.12'
Traceback (most recent call last):
  File "main_script.py", line 20, in <module>
    epsilon = int(sys.argv[4])
ValueError: invalid literal for int() with base 10: '0.09'
Traceback (most recent call last):
  File "main_script.py", line 20, in <module>
    epsilon = int(sys.argv[4])
ValueError: invalid literal for int() with base 10: '0.09'
Traceback (most recent call last):
  File "main_script.py", line 20, in <module>
    epsilon = int(sys.argv[4])
ValueError: invalid literal for int() with base 10: '0.09'
Traceback (most recent call last):
  File "main_script.py", line 20, in <module>
    epsilon = int(sys.argv[4])
ValueError: invalid literal for int() with base 10: '0.12'
Traceback (most recent call last):
  File "main_script.py", line 20, in <module>
    epsilon = int(sys.argv[4])
ValueError: invalid literal for int() with base 10: '0.09'
Traceback (most recent call last):
  File "main_script.py", line 20, in <module>
    epsilon = int(sys.argv[4])
ValueError: invalid literal for int() with base 10: '0.09'
Traceback (most recent call last):
  File "main_script.py", line 20, in <module>
    epsilon = int(sys.argv[4])
ValueError: invalid literal for int() with base 10: '0.12'
Traceback (most recent call last):
  File "main_script.py", line 20, in <module>
    epsilon = int(sys.argv[4])
ValueError: invalid literal for int() with base 10: '0.12'
Traceback (most recent call last):
  File "main_script.py", line 20, in <module>
    epsilon = int(sys.argv[4])
ValueError: invalid literal for int() with base 10: '0.09'
Traceback (most recent call last):
  File "main_script.py", line 20, in <module>
    epsilon = int(sys.argv[4])
ValueError: invalid literal for int() with base 10: '0.09'
Traceback (most recent call last):
  File "main_script.py", line 20, in <module>
    epsilon = int(sys.argv[4])
ValueError: invalid literal for int() with base 10: '0.09'
Traceback (most recent call last):
  File "main_script.py", line 20, in <module>
    epsilon = int(sys.argv[4])
ValueError: invalid literal for int() with base 10: '0.09'
Traceback (most recent call last):
  File "main_script.py", line 20, in <module>
    epsilon = int(sys.argv[4])
ValueError: invalid literal for int() with base 10: '0.12'
Traceback (most recent call last):
  File "main_script.py", line 20, in <module>
    epsilon = int(sys.argv[4])
ValueError: invalid literal for int() with base 10: '0.12'
Traceback (most recent call last):
  File "main_script.py", line 20, in <module>
    epsilon = int(sys.argv[4])
ValueError: invalid literal for int() with base 10: '0.12'
Traceback (most recent call last):
  File "main_script.py", line 20, in <module>
    epsilon = int(sys.argv[4])
ValueError: invalid literal for int() with base 10: '0.09'
Traceback (most recent call last):
  File "main_script.py", line 20, in <module>
    epsilon = int(sys.argv[4])
ValueError: invalid literal for int() with base 10: '0.12'
Traceback (most recent call last):
  File "main_script.py", line 20, in <module>
    epsilon = int(sys.argv[4])
ValueError: invalid literal for int() with base 10: '0.09'
Traceback (most recent call last):
  File "main_script.py", line 20, in <module>
    epsilon = int(sys.argv[4])
ValueError: invalid literal for int() with base 10: '0.09'
Traceback (most recent call last):
  File "main_script.py", line 20, in <module>
    epsilon = int(sys.argv[4])
ValueError: invalid literal for int() with base 10: '0.12'
Traceback (most recent call last):
  File "main_script.py", line 20, in <module>
    epsilon = int(sys.argv[4])
ValueError: invalid literal for int() with base 10: '0.12'
Traceback (most recent call last):
  File "main_script.py", line 20, in <module>
    epsilon = int(sys.argv[4])
ValueError: invalid literal for int() with base 10: '0.12'
Traceback (most recent call last):
  File "main_script.py", line 20, in <module>
    epsilon = int(sys.argv[4])
ValueError: invalid literal for int() with base 10: '0.09'
Traceback (most recent call last):
  File "main_script.py", line 20, in <module>
    epsilon = int(sys.argv[4])
ValueError: invalid literal for int() with base 10: '0.09'
Traceback (most recent call last):
  File "main_script.py", line 20, in <module>
    epsilon = int(sys.argv[4])
ValueError: invalid literal for int() with base 10: '0.12'
Traceback (most recent call last):
  File "main_script.py", line 20, in <module>
    epsilon = int(sys.argv[4])
ValueError: invalid literal for int() with base 10: '0.12'
Traceback (most recent call last):
  File "main_script.py", line 20, in <module>
    epsilon = int(sys.argv[4])
ValueError: invalid literal for int() with base 10: '0.09'
Traceback (most recent call last):
  File "main_script.py", line 20, in <module>
    epsilon = int(sys.argv[4])
ValueError: invalid literal for int() with base 10: '0.09'
Traceback (most recent call last):
  File "main_script.py", line 20, in <module>
    epsilon = int(sys.argv[4])
ValueError: invalid literal for int() with base 10: '0.12'
Traceback (most recent call last):
  File "main_script.py", line 20, in <module>
    epsilon = int(sys.argv[4])
ValueError: invalid literal for int() with base 10: '0.09'
Traceback (most recent call last):
  File "main_script.py", line 20, in <module>
    epsilon = int(sys.argv[4])
ValueError: invalid literal for int() with base 10: '0.09'
Traceback (most recent call last):
  File "main_script.py", line 20, in <module>
    epsilon = int(sys.argv[4])
ValueError: invalid literal for int() with base 10: '0.12'
Traceback (most recent call last):
  File "main_script.py", line 20, in <module>
    epsilon = int(sys.argv[4])
ValueError: invalid literal for int() with base 10: '0.09'
Traceback (most recent call last):
  File "main_script.py", line 20, in <module>
    epsilon = int(sys.argv[4])
ValueError: invalid literal for int() with base 10: '0.09'
Traceback (most recent call last):
  File "main_script.py", line 20, in <module>
    epsilon = int(sys.argv[4])
ValueError: invalid literal for int() with base 10: '0.12'
Traceback (most recent call last):
  File "main_script.py", line 20, in <module>
    epsilon = int(sys.argv[4])
ValueError: invalid literal for int() with base 10: '0.09'
Traceback (most recent call last):
  File "main_script.py", line 20, in <module>
    epsilon = int(sys.argv[4])
ValueError: invalid literal for int() with base 10: '0.12'
Traceback (most recent call last):
  File "main_script.py", line 20, in <module>
    epsilon = int(sys.argv[4])
ValueError: invalid literal for int() with base 10: '0.09'
Traceback (most recent call last):
  File "main_script.py", line 20, in <module>
    epsilon = int(sys.argv[4])
ValueError: invalid literal for int() with base 10: '0.09'
Traceback (most recent call last):
  File "main_script.py", line 20, in <module>
    epsilon = int(sys.argv[4])
ValueError: invalid literal for int() with base 10: '0.12'
Traceback (most recent call last):
  File "main_script.py", line 20, in <module>
    epsilon = int(sys.argv[4])
ValueError: invalid literal for int() with base 10: '0.09'
Traceback (most recent call last):
  File "main_script.py", line 20, in <module>
    epsilon = int(sys.argv[4])
ValueError: invalid literal for int() with base 10: '0.12'
Traceback (most recent call last):
  File "main_script.py", line 20, in <module>
    epsilon = int(sys.argv[4])
ValueError: invalid literal for int() with base 10: '0.12'
Traceback (most recent call last):
  File "main_script.py", line 20, in <module>
    epsilon = int(sys.argv[4])
ValueError: invalid literal for int() with base 10: '0.12'
Traceback (most recent call last):
  File "main_script.py", line 20, in <module>
    epsilon = int(sys.argv[4])
ValueError: invalid literal for int() with base 10: '0.09'
Traceback (most recent call last):
  File "main_script.py", line 20, in <module>
    epsilon = int(sys.argv[4])
ValueError: invalid literal for int() with base 10: '0.12'
Traceback (most recent call last):
  File "main_script.py", line 20, in <module>
    epsilon = int(sys.argv[4])
ValueError: invalid literal for int() with base 10: '0.09'
Traceback (most recent call last):
  File "main_script.py", line 20, in <module>
    epsilon = int(sys.argv[4])
ValueError: invalid literal for int() with base 10: '0.12'
Traceback (most recent call last):
  File "main_script.py", line 20, in <module>
    epsilon = int(sys.argv[4])
ValueError: invalid literal for int() with base 10: '0.12'
Traceback (most recent call last):
  File "main_script.py", line 20, in <module>
    epsilon = int(sys.argv[4])
ValueError: invalid literal for int() with base 10: '0.12'
Traceback (most recent call last):
  File "main_script.py", line 20, in <module>
    epsilon = int(sys.argv[4])
ValueError: invalid literal for int() with base 10: '0.09'
Traceback (most recent call last):
  File "main_script.py", line 20, in <module>
    epsilon = int(sys.argv[4])
ValueError: invalid literal for int() with base 10: '0.12'
Traceback (most recent call last):
  File "main_script.py", line 20, in <module>
    epsilon = int(sys.argv[4])
ValueError: invalid literal for int() with base 10: '0.12'
Traceback (most recent call last):
  File "main_script.py", line 20, in <module>
    epsilon = int(sys.argv[4])
ValueError: invalid literal for int() with base 10: '0.09'
Traceback (most recent call last):
  File "main_script.py", line 20, in <module>
    epsilon = int(sys.argv[4])
ValueError: invalid literal for int() with base 10: '0.12'
Traceback (most recent call last):
  File "main_script.py", line 20, in <module>
    epsilon = int(sys.argv[4])
ValueError: invalid literal for int() with base 10: '0.09'
Traceback (most recent call last):
  File "main_script.py", line 20, in <module>
    epsilon = int(sys.argv[4])
ValueError: invalid literal for int() with base 10: '0.09'
Traceback (most recent call last):
  File "main_script.py", line 20, in <module>
    epsilon = int(sys.argv[4])
ValueError: invalid literal for int() with base 10: '0.09'
Traceback (most recent call last):
  File "main_script.py", line 20, in <module>
    epsilon = int(sys.argv[4])
ValueError: invalid literal for int() with base 10: '0.12'
Traceback (most recent call last):
  File "main_script.py", line 20, in <module>
    epsilon = int(sys.argv[4])
ValueError: invalid literal for int() with base 10: '0.12'
Traceback (most recent call last):
  File "main_script.py", line 20, in <module>
    epsilon = int(sys.argv[4])
ValueError: invalid literal for int() with base 10: '0.12'
Traceback (most recent call last):
  File "main_script.py", line 20, in <module>
    epsilon = int(sys.argv[4])
ValueError: invalid literal for int() with base 10: '0.09'
Traceback (most recent call last):
  File "main_script.py", line 20, in <module>
    epsilon = int(sys.argv[4])
ValueError: invalid literal for int() with base 10: '0.09'
Traceback (most recent call last):
  File "main_script.py", line 20, in <module>
    epsilon = int(sys.argv[4])
ValueError: invalid literal for int() with base 10: '0.09'
Traceback (most recent call last):
  File "main_script.py", line 20, in <module>
    epsilon = int(sys.argv[4])
ValueError: invalid literal for int() with base 10: '0.12'
Traceback (most recent call last):
  File "main_script.py", line 20, in <module>
    epsilon = int(sys.argv[4])
ValueError: invalid literal for int() with base 10: '0.12'
Traceback (most recent call last):
  File "main_script.py", line 20, in <module>
    epsilon = int(sys.argv[4])
ValueError: invalid literal for int() with base 10: '0.09'
Traceback (most recent call last):
  File "main_script.py", line 20, in <module>
    epsilon = int(sys.argv[4])
ValueError: invalid literal for int() with base 10: '0.12'
Traceback (most recent call last):
  File "main_script.py", line 20, in <module>
    epsilon = int(sys.argv[4])
ValueError: invalid literal for int() with base 10: '0.12'
Traceback (most recent call last):
  File "main_script.py", line 20, in <module>
    epsilon = int(sys.argv[4])
ValueError: invalid literal for int() with base 10: '0.09'
Traceback (most recent call last):
  File "main_script.py", line 20, in <module>
    epsilon = int(sys.argv[4])
ValueError: invalid literal for int() with base 10: '0.12'
Traceback (most recent call last):
  File "main_script.py", line 20, in <module>
    epsilon = int(sys.argv[4])
ValueError: invalid literal for int() with base 10: '0.09'
Traceback (most recent call last):
  File "main_script.py", line 20, in <module>
    epsilon = int(sys.argv[4])
ValueError: invalid literal for int() with base 10: '0.09'
Traceback (most recent call last):
  File "main_script.py", line 20, in <module>
    epsilon = int(sys.argv[4])
ValueError: invalid literal for int() with base 10: '0.09'
Traceback (most recent call last):
  File "main_script.py", line 20, in <module>
    epsilon = int(sys.argv[4])
ValueError: invalid literal for int() with base 10: '0.12'
Traceback (most recent call last):
  File "main_script.py", line 20, in <module>
    epsilon = int(sys.argv[4])
ValueError: invalid literal for int() with base 10: '0.12'
Traceback (most recent call last):
  File "main_script.py", line 20, in <module>
    epsilon = int(sys.argv[4])
ValueError: invalid literal for int() with base 10: '0.09'
Traceback (most recent call last):
  File "main_script.py", line 20, in <module>
    epsilon = int(sys.argv[4])
ValueError: invalid literal for int() with base 10: '0.09'
Traceback (most recent call last):
  File "main_script.py", line 20, in <module>
    epsilon = int(sys.argv[4])
ValueError: invalid literal for int() with base 10: '0.12'
Traceback (most recent call last):
  File "main_script.py", line 20, in <module>
    epsilon = int(sys.argv[4])
ValueError: invalid literal for int() with base 10: '0.12'
Traceback (most recent call last):
  File "main_script.py", line 20, in <module>
    epsilon = int(sys.argv[4])
ValueError: invalid literal for int() with base 10: '0.12'
Traceback (most recent call last):
  File "main_script.py", line 20, in <module>
    epsilon = int(sys.argv[4])
ValueError: invalid literal for int() with base 10: '0.09'
Traceback (most recent call last):
  File "main_script.py", line 20, in <module>
    epsilon = int(sys.argv[4])
ValueError: invalid literal for int() with base 10: '0.12'
Traceback (most recent call last):
  File "main_script.py", line 20, in <module>
    epsilon = int(sys.argv[4])
ValueError: invalid literal for int() with base 10: '0.09'
Traceback (most recent call last):
  File "main_script.py", line 20, in <module>
    epsilon = int(sys.argv[4])
ValueError: invalid literal for int() with base 10: '0.09'
Traceback (most recent call last):
  File "main_script.py", line 20, in <module>
    epsilon = int(sys.argv[4])
ValueError: invalid literal for int() with base 10: '0.09'
Traceback (most recent call last):
  File "main_script.py", line 20, in <module>
    epsilon = int(sys.argv[4])
ValueError: invalid literal for int() with base 10: '0.12'
Traceback (most recent call last):
  File "main_script.py", line 20, in <module>
    epsilon = int(sys.argv[4])
ValueError: invalid literal for int() with base 10: '0.09'
Traceback (most recent call last):
  File "main_script.py", line 20, in <module>
    epsilon = int(sys.argv[4])
ValueError: invalid literal for int() with base 10: '0.12'
Traceback (most recent call last):
  File "main_script.py", line 20, in <module>
    epsilon = int(sys.argv[4])
ValueError: invalid literal for int() with base 10: '0.12'
Traceback (most recent call last):
  File "main_script.py", line 20, in <module>
    epsilon = int(sys.argv[4])
ValueError: invalid literal for int() with base 10: '0.09'
Traceback (most recent call last):
  File "main_script.py", line 20, in <module>
    epsilon = int(sys.argv[4])
ValueError: invalid literal for int() with base 10: '0.12'
Traceback (most recent call last):
  File "main_script.py", line 20, in <module>
    epsilon = int(sys.argv[4])
ValueError: invalid literal for int() with base 10: '0.09'
Traceback (most recent call last):
  File "main_script.py", line 20, in <module>
    epsilon = int(sys.argv[4])
ValueError: invalid literal for int() with base 10: '0.09'
Traceback (most recent call last):
  File "main_script.py", line 20, in <module>
    epsilon = int(sys.argv[4])
ValueError: invalid literal for int() with base 10: '0.12'
Traceback (most recent call last):
  File "main_script.py", line 20, in <module>
    epsilon = int(sys.argv[4])
ValueError: invalid literal for int() with base 10: '0.09'
Traceback (most recent call last):
  File "main_script.py", line 20, in <module>
    epsilon = int(sys.argv[4])
ValueError: invalid literal for int() with base 10: '0.09'
Traceback (most recent call last):
  File "main_script.py", line 20, in <module>
    epsilon = int(sys.argv[4])
ValueError: invalid literal for int() with base 10: '0.12'
Traceback (most recent call last):
  File "main_script.py", line 20, in <module>
    epsilon = int(sys.argv[4])
ValueError: invalid literal for int() with base 10: '0.12'
Traceback (most recent call last):
  File "main_script.py", line 20, in <module>
    epsilon = int(sys.argv[4])
ValueError: invalid literal for int() with base 10: '0.09'
Traceback (most recent call last):
  File "main_script.py", line 20, in <module>
    epsilon = int(sys.argv[4])
ValueError: invalid literal for int() with base 10: '0.09'
Traceback (most recent call last):
  File "main_script.py", line 20, in <module>
    epsilon = int(sys.argv[4])
ValueError: invalid literal for int() with base 10: '0.12'
Traceback (most recent call last):
  File "main_script.py", line 20, in <module>
    epsilon = int(sys.argv[4])
ValueError: invalid literal for int() with base 10: '0.12'
Traceback (most recent call last):
  File "main_script.py", line 20, in <module>
    epsilon = int(sys.argv[4])
ValueError: invalid literal for int() with base 10: '0.12'
Traceback (most recent call last):
  File "main_script.py", line 20, in <module>
    epsilon = int(sys.argv[4])
ValueError: invalid literal for int() with base 10: '0.12'
Traceback (most recent call last):
  File "main_script.py", line 20, in <module>
    epsilon = int(sys.argv[4])
ValueError: invalid literal for int() with base 10: '0.09'
Traceback (most recent call last):
  File "main_script.py", line 20, in <module>
    epsilon = int(sys.argv[4])
ValueError: invalid literal for int() with base 10: '0.09'
Traceback (most recent call last):
  File "main_script.py", line 20, in <module>
    epsilon = int(sys.argv[4])
ValueError: invalid literal for int() with base 10: '0.12'
Traceback (most recent call last):
  File "main_script.py", line 20, in <module>
    epsilon = int(sys.argv[4])
ValueError: invalid literal for int() with base 10: '0.12'
Traceback (most recent call last):
  File "main_script.py", line 20, in <module>
    epsilon = int(sys.argv[4])
ValueError: invalid literal for int() with base 10: '0.09'
Traceback (most recent call last):
  File "main_script.py", line 20, in <module>
    epsilon = int(sys.argv[4])
ValueError: invalid literal for int() with base 10: '0.12'
Traceback (most recent call last):
  File "main_script.py", line 20, in <module>
    epsilon = int(sys.argv[4])
ValueError: invalid literal for int() with base 10: '0.09'
Traceback (most recent call last):
  File "main_script.py", line 20, in <module>
    epsilon = int(sys.argv[4])
ValueError: invalid literal for int() with base 10: '0.12'
Traceback (most recent call last):
  File "main_script.py", line 20, in <module>
    epsilon = int(sys.argv[4])
ValueError: invalid literal for int() with base 10: '0.09'
Traceback (most recent call last):
  File "main_script.py", line 20, in <module>
    epsilon = int(sys.argv[4])
ValueError: invalid literal for int() with base 10: '0.09'
Traceback (most recent call last):
  File "main_script.py", line 20, in <module>
    epsilon = int(sys.argv[4])
ValueError: invalid literal for int() with base 10: '0.12'
Traceback (most recent call last):
  File "main_script.py", line 20, in <module>
    epsilon = int(sys.argv[4])
ValueError: invalid literal for int() with base 10: '0.09'
Traceback (most recent call last):
  File "main_script.py", line 20, in <module>
    epsilon = int(sys.argv[4])
ValueError: invalid literal for int() with base 10: '0.09'
Traceback (most recent call last):
  File "main_script.py", line 20, in <module>
    epsilon = int(sys.argv[4])
ValueError: invalid literal for int() with base 10: '0.12'
Traceback (most recent call last):
  File "main_script.py", line 20, in <module>
    epsilon = int(sys.argv[4])
ValueError: invalid literal for int() with base 10: '0.09'
Traceback (most recent call last):
  File "main_script.py", line 20, in <module>
    epsilon = int(sys.argv[4])
ValueError: invalid literal for int() with base 10: '0.09'
Traceback (most recent call last):
  File "main_script.py", line 20, in <module>
    epsilon = int(sys.argv[4])
ValueError: invalid literal for int() with base 10: '0.09'
Traceback (most recent call last):
  File "main_script.py", line 20, in <module>
    epsilon = int(sys.argv[4])
ValueError: invalid literal for int() with base 10: '0.12'
Traceback (most recent call last):
  File "main_script.py", line 20, in <module>
    epsilon = int(sys.argv[4])
ValueError: invalid literal for int() with base 10: '0.09'
Traceback (most recent call last):
  File "main_script.py", line 20, in <module>
    epsilon = int(sys.argv[4])
ValueError: invalid literal for int() with base 10: '0.12'
Traceback (most recent call last):
  File "main_script.py", line 20, in <module>
    epsilon = int(sys.argv[4])
ValueError: invalid literal for int() with base 10: '0.12'
Traceback (most recent call last):
  File "main_script.py", line 20, in <module>
    epsilon = int(sys.argv[4])
ValueError: invalid literal for int() with base 10: '0.12'
Traceback (most recent call last):
  File "main_script.py", line 20, in <module>
    epsilon = int(sys.argv[4])
ValueError: invalid literal for int() with base 10: '0.12'
Traceback (most recent call last):
  File "main_script.py", line 20, in <module>
    epsilon = int(sys.argv[4])
ValueError: invalid literal for int() with base 10: '0.12'
Traceback (most recent call last):
  File "main_script.py", line 20, in <module>
    epsilon = int(sys.argv[4])
ValueError: invalid literal for int() with base 10: '0.09'
Traceback (most recent call last):
  File "main_script.py", line 20, in <module>
    epsilon = int(sys.argv[4])
ValueError: invalid literal for int() with base 10: '0.12'
Traceback (most recent call last):
  File "main_script.py", line 20, in <module>
    epsilon = int(sys.argv[4])
ValueError: invalid literal for int() with base 10: '0.09'
Traceback (most recent call last):
  File "main_script.py", line 20, in <module>
    epsilon = int(sys.argv[4])
ValueError: invalid literal for int() with base 10: '0.09'
Traceback (most recent call last):
  File "main_script.py", line 20, in <module>
    epsilon = int(sys.argv[4])
ValueError: invalid literal for int() with base 10: '0.09'
Traceback (most recent call last):
  File "main_script.py", line 20, in <module>
    epsilon = int(sys.argv[4])
ValueError: invalid literal for int() with base 10: '0.09'
Traceback (most recent call last):
  File "main_script.py", line 20, in <module>
    epsilon = int(sys.argv[4])
ValueError: invalid literal for int() with base 10: '0.12'
Traceback (most recent call last):
  File "main_script.py", line 20, in <module>
    epsilon = int(sys.argv[4])
ValueError: invalid literal for int() with base 10: '0.09'
Traceback (most recent call last):
  File "main_script.py", line 20, in <module>
    epsilon = int(sys.argv[4])
ValueError: invalid literal for int() with base 10: '0.12'
Traceback (most recent call last):
  File "main_script.py", line 20, in <module>
    epsilon = int(sys.argv[4])
ValueError: invalid literal for int() with base 10: '0.09'
Traceback (most recent call last):
  File "main_script.py", line 20, in <module>
    epsilon = int(sys.argv[4])
ValueError: invalid literal for int() with base 10: '0.12'
Traceback (most recent call last):
  File "main_script.py", line 20, in <module>
    epsilon = int(sys.argv[4])
ValueError: invalid literal for int() with base 10: '0.09'
Traceback (most recent call last):
  File "main_script.py", line 20, in <module>
    epsilon = int(sys.argv[4])
ValueError: invalid literal for int() with base 10: '0.09'
Traceback (most recent call last):
  File "main_script.py", line 20, in <module>
    epsilon = int(sys.argv[4])
ValueError: invalid literal for int() with base 10: '0.09'
Traceback (most recent call last):
  File "main_script.py", line 20, in <module>
    epsilon = int(sys.argv[4])
ValueError: invalid literal for int() with base 10: '0.12'
Traceback (most recent call last):
  File "main_script.py", line 20, in <module>
    epsilon = int(sys.argv[4])
ValueError: invalid literal for int() with base 10: '0.12'
Traceback (most recent call last):
  File "main_script.py", line 20, in <module>
    epsilon = int(sys.argv[4])
ValueError: invalid literal for int() with base 10: '0.09'
Traceback (most recent call last):
  File "main_script.py", line 20, in <module>
    epsilon = int(sys.argv[4])
ValueError: invalid literal for int() with base 10: '0.12'
Traceback (most recent call last):
  File "main_script.py", line 20, in <module>
    epsilon = int(sys.argv[4])
ValueError: invalid literal for int() with base 10: '0.09'
Traceback (most recent call last):
  File "main_script.py", line 20, in <module>
    epsilon = int(sys.argv[4])
ValueError: invalid literal for int() with base 10: '0.12'
Traceback (most recent call last):
  File "main_script.py", line 20, in <module>
    epsilon = int(sys.argv[4])
ValueError: invalid literal for int() with base 10: '0.09'
Traceback (most recent call last):
  File "main_script.py", line 20, in <module>
    epsilon = int(sys.argv[4])
ValueError: invalid literal for int() with base 10: '0.12'
Traceback (most recent call last):
  File "main_script.py", line 20, in <module>
    epsilon = int(sys.argv[4])
ValueError: invalid literal for int() with base 10: '0.12'
Traceback (most recent call last):
  File "main_script.py", line 20, in <module>
    epsilon = int(sys.argv[4])
ValueError: invalid literal for int() with base 10: '0.09'
Traceback (most recent call last):
  File "main_script.py", line 20, in <module>
    epsilon = int(sys.argv[4])
ValueError: invalid literal for int() with base 10: '0.12'
Traceback (most recent call last):
  File "main_script.py", line 20, in <module>
    epsilon = int(sys.argv[4])
ValueError: invalid literal for int() with base 10: '0.12'
Traceback (most recent call last):
  File "main_script.py", line 20, in <module>
    epsilon = int(sys.argv[4])
ValueError: invalid literal for int() with base 10: '0.12'
Traceback (most recent call last):
  File "main_script.py", line 20, in <module>
    epsilon = int(sys.argv[4])
ValueError: invalid literal for int() with base 10: '0.12'
Traceback (most recent call last):
  File "main_script.py", line 20, in <module>
    epsilon = int(sys.argv[4])
ValueError: invalid literal for int() with base 10: '0.12'
Traceback (most recent call last):
  File "main_script.py", line 20, in <module>
    epsilon = int(sys.argv[4])
ValueError: invalid literal for int() with base 10: '0.09'
Traceback (most recent call last):
  File "main_script.py", line 20, in <module>
    epsilon = int(sys.argv[4])
ValueError: invalid literal for int() with base 10: '0.12'
Traceback (most recent call last):
  File "main_script.py", line 20, in <module>
    epsilon = int(sys.argv[4])
ValueError: invalid literal for int() with base 10: '0.09'
Traceback (most recent call last):
  File "main_script.py", line 20, in <module>
    epsilon = int(sys.argv[4])
ValueError: invalid literal for int() with base 10: '0.09'
Traceback (most recent call last):
  File "main_script.py", line 20, in <module>
    epsilon = int(sys.argv[4])
ValueError: invalid literal for int() with base 10: '0.09'
Traceback (most recent call last):
  File "main_script.py", line 20, in <module>
    epsilon = int(sys.argv[4])
ValueError: invalid literal for int() with base 10: '0.12'
Traceback (most recent call last):
  File "main_script.py", line 20, in <module>
    epsilon = int(sys.argv[4])
ValueError: invalid literal for int() with base 10: '0.09'
Traceback (most recent call last):
  File "main_script.py", line 20, in <module>
    epsilon = int(sys.argv[4])
ValueError: invalid literal for int() with base 10: '0.12'
Traceback (most recent call last):
  File "main_script.py", line 20, in <module>
    epsilon = int(sys.argv[4])
ValueError: invalid literal for int() with base 10: '0.09'
Traceback (most recent call last):
  File "main_script.py", line 20, in <module>
    epsilon = int(sys.argv[4])
ValueError: invalid literal for int() with base 10: '0.09'
Traceback (most recent call last):
  File "main_script.py", line 20, in <module>
    epsilon = int(sys.argv[4])
ValueError: invalid literal for int() with base 10: '0.12'
Traceback (most recent call last):
  File "main_script.py", line 20, in <module>
    epsilon = int(sys.argv[4])
ValueError: invalid literal for int() with base 10: '0.12'
Traceback (most recent call last):
  File "main_script.py", line 20, in <module>
    epsilon = int(sys.argv[4])
ValueError: invalid literal for int() with base 10: '0.12'
Traceback (most recent call last):
  File "main_script.py", line 20, in <module>
    epsilon = int(sys.argv[4])
ValueError: invalid literal for int() with base 10: '0.09'
Traceback (most recent call last):
  File "main_script.py", line 20, in <module>
    epsilon = int(sys.argv[4])
ValueError: invalid literal for int() with base 10: '0.09'
Traceback (most recent call last):
  File "main_script.py", line 20, in <module>
    epsilon = int(sys.argv[4])
ValueError: invalid literal for int() with base 10: '0.09'
Traceback (most recent call last):
  File "main_script.py", line 20, in <module>
    epsilon = int(sys.argv[4])
ValueError: invalid literal for int() with base 10: '0.12'
Traceback (most recent call last):
  File "main_script.py", line 20, in <module>
    epsilon = int(sys.argv[4])
ValueError: invalid literal for int() with base 10: '0.09'
Traceback (most recent call last):
  File "main_script.py", line 20, in <module>
    epsilon = int(sys.argv[4])
ValueError: invalid literal for int() with base 10: '0.12'
Traceback (most recent call last):
  File "main_script.py", line 20, in <module>
    epsilon = int(sys.argv[4])
ValueError: invalid literal for int() with base 10: '0.09'
Traceback (most recent call last):
  File "main_script.py", line 20, in <module>
    epsilon = int(sys.argv[4])
ValueError: invalid literal for int() with base 10: '0.09'
Traceback (most recent call last):
  File "main_script.py", line 20, in <module>
    epsilon = int(sys.argv[4])
ValueError: invalid literal for int() with base 10: '0.12'
Traceback (most recent call last):
  File "main_script.py", line 20, in <module>
    epsilon = int(sys.argv[4])
ValueError: invalid literal for int() with base 10: '0.12'
Traceback (most recent call last):
  File "main_script.py", line 20, in <module>
    epsilon = int(sys.argv[4])
ValueError: invalid literal for int() with base 10: '0.09'
Traceback (most recent call last):
  File "main_script.py", line 20, in <module>
    epsilon = int(sys.argv[4])
ValueError: invalid literal for int() with base 10: '0.09'
Traceback (most recent call last):
  File "main_script.py", line 20, in <module>
    epsilon = int(sys.argv[4])
ValueError: invalid literal for int() with base 10: '0.12'
Traceback (most recent call last):
  File "main_script.py", line 20, in <module>
    epsilon = int(sys.argv[4])
ValueError: invalid literal for int() with base 10: '0.12'
Traceback (most recent call last):
  File "main_script.py", line 20, in <module>
    epsilon = int(sys.argv[4])
ValueError: invalid literal for int() with base 10: '0.09'
Traceback (most recent call last):
  File "main_script.py", line 20, in <module>
    epsilon = int(sys.argv[4])
ValueError: invalid literal for int() with base 10: '0.12'
Traceback (most recent call last):
  File "main_script.py", line 20, in <module>
    epsilon = int(sys.argv[4])
ValueError: invalid literal for int() with base 10: '0.09'
Traceback (most recent call last):
  File "main_script.py", line 20, in <module>
    epsilon = int(sys.argv[4])
ValueError: invalid literal for int() with base 10: '0.09'
Traceback (most recent call last):
  File "main_script.py", line 20, in <module>
    epsilon = int(sys.argv[4])
ValueError: invalid literal for int() with base 10: '0.12'
Traceback (most recent call last):
  File "main_script.py", line 20, in <module>
    epsilon = int(sys.argv[4])
ValueError: invalid literal for int() with base 10: '0.12'
Traceback (most recent call last):
  File "main_script.py", line 20, in <module>
    epsilon = int(sys.argv[4])
ValueError: invalid literal for int() with base 10: '0.09'
Traceback (most recent call last):
  File "main_script.py", line 20, in <module>
    epsilon = int(sys.argv[4])
ValueError: invalid literal for int() with base 10: '0.09'
Traceback (most recent call last):
  File "main_script.py", line 20, in <module>
    epsilon = int(sys.argv[4])
ValueError: invalid literal for int() with base 10: '0.12'
Traceback (most recent call last):
  File "main_script.py", line 20, in <module>
    epsilon = int(sys.argv[4])
ValueError: invalid literal for int() with base 10: '0.09'
Traceback (most recent call last):
  File "main_script.py", line 20, in <module>
    epsilon = int(sys.argv[4])
ValueError: invalid literal for int() with base 10: '0.09'
Traceback (most recent call last):
  File "main_script.py", line 20, in <module>
    epsilon = int(sys.argv[4])
ValueError: invalid literal for int() with base 10: '0.12'
Traceback (most recent call last):
  File "main_script.py", line 20, in <module>
    epsilon = int(sys.argv[4])
ValueError: invalid literal for int() with base 10: '0.09'
Traceback (most recent call last):
  File "main_script.py", line 20, in <module>
    epsilon = int(sys.argv[4])
ValueError: invalid literal for int() with base 10: '0.12'
Traceback (most recent call last):
  File "main_script.py", line 20, in <module>
    epsilon = int(sys.argv[4])
ValueError: invalid literal for int() with base 10: '0.09'
Traceback (most recent call last):
  File "main_script.py", line 20, in <module>
    epsilon = int(sys.argv[4])
ValueError: invalid literal for int() with base 10: '0.12'
Traceback (most recent call last):
  File "main_script.py", line 20, in <module>
    epsilon = int(sys.argv[4])
ValueError: invalid literal for int() with base 10: '0.09'
Traceback (most recent call last):
  File "main_script.py", line 20, in <module>
    epsilon = int(sys.argv[4])
ValueError: invalid literal for int() with base 10: '0.09'
Traceback (most recent call last):
  File "main_script.py", line 20, in <module>
    epsilon = int(sys.argv[4])
ValueError: invalid literal for int() with base 10: '0.12'
Traceback (most recent call last):
  File "main_script.py", line 20, in <module>
    epsilon = int(sys.argv[4])
ValueError: invalid literal for int() with base 10: '0.12'
Traceback (most recent call last):
  File "main_script.py", line 20, in <module>
    epsilon = int(sys.argv[4])
ValueError: invalid literal for int() with base 10: '0.09'
Traceback (most recent call last):
  File "main_script.py", line 20, in <module>
    epsilon = int(sys.argv[4])
ValueError: invalid literal for int() with base 10: '0.12'
Traceback (most recent call last):
  File "main_script.py", line 20, in <module>
    epsilon = int(sys.argv[4])
ValueError: invalid literal for int() with base 10: '0.12'
Traceback (most recent call last):
  File "main_script.py", line 20, in <module>
    epsilon = int(sys.argv[4])
ValueError: invalid literal for int() with base 10: '0.09'
Traceback (most recent call last):
  File "main_script.py", line 20, in <module>
    epsilon = int(sys.argv[4])
ValueError: invalid literal for int() with base 10: '0.12'
Traceback (most recent call last):
  File "main_script.py", line 20, in <module>
    epsilon = int(sys.argv[4])
ValueError: invalid literal for int() with base 10: '0.12'
Traceback (most recent call last):
  File "main_script.py", line 20, in <module>
    epsilon = int(sys.argv[4])
ValueError: invalid literal for int() with base 10: '0.09'
Traceback (most recent call last):
  File "main_script.py", line 20, in <module>
    epsilon = int(sys.argv[4])
ValueError: invalid literal for int() with base 10: '0.09'
Traceback (most recent call last):
  File "main_script.py", line 20, in <module>
    epsilon = int(sys.argv[4])
ValueError: invalid literal for int() with base 10: '0.12'
Traceback (most recent call last):
  File "main_script.py", line 20, in <module>
    epsilon = int(sys.argv[4])
ValueError: invalid literal for int() with base 10: '0.12'
Traceback (most recent call last):
  File "main_script.py", line 20, in <module>
    epsilon = int(sys.argv[4])
ValueError: invalid literal for int() with base 10: '0.12'
Traceback (most recent call last):
  File "main_script.py", line 20, in <module>
    epsilon = int(sys.argv[4])
ValueError: invalid literal for int() with base 10: '0.12'
Traceback (most recent call last):
  File "main_script.py", line 20, in <module>
    epsilon = int(sys.argv[4])
ValueError: invalid literal for int() with base 10: '0.12'
Traceback (most recent call last):
  File "main_script.py", line 20, in <module>
    epsilon = int(sys.argv[4])
ValueError: invalid literal for int() with base 10: '0.12'
Traceback (most recent call last):
  File "main_script.py", line 20, in <module>
    epsilon = int(sys.argv[4])
ValueError: invalid literal for int() with base 10: '0.09'
Traceback (most recent call last):
  File "main_script.py", line 20, in <module>
    epsilon = int(sys.argv[4])
ValueError: invalid literal for int() with base 10: '0.09'
Traceback (most recent call last):
  File "main_script.py", line 20, in <module>
    epsilon = int(sys.argv[4])
ValueError: invalid literal for int() with base 10: '0.09'
Traceback (most recent call last):
  File "main_script.py", line 20, in <module>
    epsilon = int(sys.argv[4])
ValueError: invalid literal for int() with base 10: '0.09'
Traceback (most recent call last):
  File "main_script.py", line 20, in <module>
    epsilon = int(sys.argv[4])
ValueError: invalid literal for int() with base 10: '0.09'
Traceback (most recent call last):
  File "main_script.py", line 20, in <module>
    epsilon = int(sys.argv[4])
ValueError: invalid literal for int() with base 10: '0.12'

scontrol show jobid 3983776
JobId=3983776 JobName=epsilon
   UserId=wongsun4(3095934) GroupId=epoppitz(6003021) MCS_label=N/A
   Priority=1866256 Nice=0 Account=def-epoppitz QOS=normal
   JobState=COMPLETING Reason=None Dependency=(null)
   Requeue=0 Restarts=0 BatchFlag=1 Reboot=0 ExitCode=0:0
   RunTime=00:00:57 TimeLimit=01:00:00 TimeMin=N/A
   SubmitTime=2020-08-29T00:15:09 EligibleTime=2020-08-29T00:15:09
   AccrueTime=2020-08-29T00:15:09
   StartTime=2020-08-29T00:15:12 EndTime=2020-08-29T00:16:09 Deadline=N/A
   SuspendTime=None SecsPreSuspend=0 LastSchedEval=2020-08-29T00:15:12
   Partition=compute AllocNode:Sid=nia-login02:14528
   ReqNodeList=(null) ExcNodeList=(null)
   NodeList=nia0735
   BatchHost=nia0735
   NumNodes=1 NumCPUs=80 NumTasks=80 CPUs/Task=1 ReqB:S:C:T=0:0:*:*
   TRES=cpu=80,node=1,billing=40
   Socks/Node=* NtasksPerN:B:S:C=80:0:*:* CoreSpec=*
   MinCPUsNode=80 MinMemoryNode=0 MinTmpDiskNode=0
   Features=[skylake|cascade] DelayBoot=00:00:00
   OverSubscribe=NO Contiguous=0 Licenses=(null) Network=(null)
   Command=/gpfs/fs0/scratch/e/epoppitz/wongsun4/Confining-String/Niagara/epsilon_Aug_28/epsilon_script.sh
   WorkDir=/gpfs/fs0/scratch/e/epoppitz/wongsun4/Confining-String/Niagara/epsilon_Aug_28
   StdErr=/gpfs/fs0/scratch/e/epoppitz/wongsun4/Confining-String/Niagara/epsilon_Aug_28/slurm-3983776.out
   StdIn=/dev/null
   StdOut=/gpfs/fs0/scratch/e/epoppitz/wongsun4/Confining-String/Niagara/epsilon_Aug_28/slurm-3983776.out
   Power=
   MailUser=(null) MailType=NONE

sacct -j 3983776
       JobID    JobName    Account    Elapsed  MaxVMSize     MaxRSS  SystemCPU    UserCPU ExitCode 
------------ ---------- ---------- ---------- ---------- ---------- ---------- ---------- -------- 
3983776         epsilon def-epopp+   00:00:57                        07:41.481  26:38.753      0:0 
3983776.bat+      batch def-epopp+   00:00:57  69577600K   8117664K  07:41.481  26:38.752      0:0 
3983776.ext+     extern def-epopp+   00:00:57    137232K       852K   00:00:00   00:00:00      0:0 
