Restoring modules from user's confine_module
'confining_string_solver'  0.01 ms
'confining_string_solver'  0.01 ms
'confining_string_solver'  0.01 ms
'confining_string_solver'  0.01 ms
'confining_string_solver'  0.01 ms
'confining_string_solver'  0.01 ms
'confining_string_solver'  0.01 ms
'confining_string_solver'  0.01 ms
'confining_string_solver'  0.01 ms
'confining_string_solver'  0.01 ms
'confining_string_solver'  0.01 ms
'confining_string_solver'  0.01 ms
'confining_string_solver'  0.01 ms
'confining_string_solver'  0.01 ms
'confining_string_solver'  0.01 ms
'confining_string_solver'  0.01 ms
'confining_string_solver'  0.01 ms
'confining_string_solver'  0.01 ms
'confining_string_solver'  0.01 ms
'confining_string_solver'  0.01 ms
'confining_string_solver'  0.01 ms
'confining_string_solver'  0.01 ms
'confining_string_solver'  0.01 ms
'confining_string_solver'  0.01 ms
'confining_string_solver'  0.01 ms
'confining_string_solver'  0.01 ms
'confining_string_solver'  0.01 ms
'confining_string_solver'  0.01 ms
'confining_string_solver'  0.01 ms
'confining_string_solver'  0.01 ms
'confining_string_solver'  0.01 ms
'confining_string_solver'  0.01 ms
'confining_string_solver'  0.01 ms
'confining_string_solver'  0.01 ms
'confining_string_solver'  0.01 ms
'confining_string_solver'  0.01 ms
'confining_string_solver'  0.01 ms
'confining_string_solver'  0.01 ms
'confining_string_solver'  0.01 ms
'confining_string_solver'  0.01 ms
'confining_string_solver'  0.01 ms
'confining_string_solver'  0.01 ms
'confining_string_solver'  0.01 ms
'confining_string_solver'  0.01 ms
'confining_string_solver'  0.01 ms
'confining_string_solver'  0.01 ms
'confining_string_solver'  0.01 ms
'confining_string_solver'  0.01 ms
'confining_string_solver'  0.01 ms
'confining_string_solver'  0.01 ms
'confining_string_solver'  0.01 ms
'confining_string_solver'  0.01 ms
'confining_string_solver'  0.01 ms
'confining_string_solver'  0.01 ms
'confining_string_solver'  0.01 ms
'confining_string_solver'  0.01 ms
'confining_string_solver'  0.01 ms
'confining_string_solver'  0.01 ms
'confining_string_solver'  0.01 ms
'confining_string_solver'  0.01 ms
'confining_string_solver'  0.01 ms
'confining_string_solver'  0.01 ms
'confining_string_solver'  0.01 ms
'confining_string_solver'  0.01 ms
'confining_string_solver'  0.01 ms
'confining_string_solver'  0.01 ms
'confining_string_solver'  0.01 ms
'confining_string_solver'  0.01 ms
'confining_string_solver'  0.01 ms
'confining_string_solver'  0.02 ms
'confining_string_solver'  0.01 ms
'confining_string_solver'  0.01 ms
'confining_string_solver'  0.01 ms
'confining_string_solver'  0.01 ms
'confining_string_solver'  0.01 ms
'confining_string_solver'  0.01 ms
'confining_string_solver'  0.01 ms
'confining_string_solver'  0.01 ms
'confining_string_solver'  0.01 ms
'confining_string_solver'  0.01 ms
'confining_string_solver'  0.01 ms
'confining_string_solver'  0.01 ms
'confining_string_solver'  0.01 ms
'confining_string_solver'  0.01 ms
'confining_string_solver'  0.01 ms
'confining_string_solver'  0.01 ms
'confining_string_solver'  0.01 ms
'confining_string_solver'  0.01 ms
'confining_string_solver'  0.01 ms
'confining_string_solver'  0.01 ms
'confining_string_solver'  0.01 ms
'confining_string_solver'  0.01 ms
'confining_string_solver'  0.01 ms
'confining_string_solver'  0.02 ms
'confining_string_solver'  0.01 ms
'confining_string_solver'  0.01 ms
'confining_string_solver'  0.01 ms
'confining_string_solver'  0.01 ms
'confining_string_solver'  0.01 ms
'confining_string_solver'  0.01 ms
'confining_string_solver'  0.01 ms
'confining_string_solver'  0.01 ms
'confining_string_solver'  0.02 ms
'confining_string_solver'  0.01 ms
'confining_string_solver'  0.01 ms
'confining_string_solver'  0.02 ms
'confining_string_solver'  0.01 ms
'confining_string_solver'  0.01 ms
'confining_string_solver'  0.01 ms
'confining_string_solver'  0.01 ms
'confining_string_solver'  0.01 ms
'confining_string_solver'  0.02 ms
'confining_string_solver'  0.01 ms
'confining_string_solver'  0.01 ms
'confining_string_solver'  0.01 ms
'confining_string_solver'  0.01 ms
'confining_string_solver'  0.01 ms
'confining_string_solver'  0.01 ms
'confining_string_solver'  0.01 ms
'confining_string_solver'  0.01 ms
'confining_string_solver'  0.01 ms
'confining_string_solver'  0.01 ms
'confining_string_solver'  0.01 ms
'confining_string_solver'  0.01 ms
'confining_string_solver'  0.01 ms
'confining_string_solver'  0.01 ms
'confining_string_solver'  0.01 ms
'confining_string_solver'  0.01 ms
'confining_string_solver'  0.01 ms
'confining_string_solver'  0.01 ms
'confining_string_solver'  0.01 ms
'confining_string_solver'  0.01 ms
'confining_string_solver'  0.01 ms
'confining_string_solver'  0.01 ms
'confining_string_solver'  0.01 ms
'confining_string_solver'  0.01 ms
'confining_string_solver'  0.01 ms
'confining_string_solver'  0.01 ms
'confining_string_solver'  0.01 ms
'confining_string_solver'  0.01 ms

Attributes:
N = 2
charge_arg = w1
bound_arg = x1
epsilon = 0.12
L = 30
w = 40
h = 0.1
R = 10
use_half_grid = True
sor = 1.96
tolerance = 1e-09
error = 9.880098995295211e-10
max loop = 1100
initial keyword = BPS
gradient energy = 90.62607061536883
potential energy = 35.79213690791882
energy = 126.41820752328765
separation = 3.6999999999999993

'confining_string_solver'  33115.05 ms

Attributes:
N = 2
charge_arg = w1
bound_arg = x1
epsilon = 0.09
L = 30
w = 40
h = 0.1
R = 10
use_half_grid = True
sor = 1.96
tolerance = 1e-09
error = 9.92408156359698e-10
max loop = 1045
initial keyword = BPS
gradient energy = 80.00772376033531
potential energy = 36.45658092515484
energy = 116.46430468549013
separation = 3.3000000000000007

'confining_string_solver'  37075.80 ms

Attributes:
N = 2
charge_arg = w1
bound_arg = x1
epsilon = 0.09
L = 30
w = 40
h = 0.1
R = 20
use_half_grid = True
sor = 1.96
tolerance = 1e-09
error = 9.988061682307768e-10
max loop = 2789
initial keyword = BPS
gradient energy = 121.39607979857544
potential energy = 76.01563498850896
energy = 197.4117147870844
separation = 4.300000000000001

'confining_string_solver'  37215.05 ms

Attributes:
N = 2
charge_arg = w1
bound_arg = x1
epsilon = 0.12
L = 40
w = 40
h = 0.1
R = 30
use_half_grid = True
sor = 1.96
tolerance = 1e-09
error = 9.982854377121163e-10
max loop = 5192
initial keyword = BPS
gradient energy = 173.38499909570845
potential energy = 114.94317928935548
energy = 288.3281783850639
separation = 5.699999999999999

'confining_string_solver'  38535.40 ms

Attributes:
N = 2
charge_arg = w1
bound_arg = x1
epsilon = 0.12
L = 30
w = 40
h = 0.1
R = 20
use_half_grid = True
sor = 1.96
tolerance = 1e-09
error = 9.98892758519757e-10
max loop = 2853
initial keyword = BPS
gradient energy = 132.65155062726748
potential energy = 75.19293608883473
energy = 207.8444867161022
separation = 5.099999999999998

'confining_string_solver'  39052.95 ms

Attributes:
N = 2
charge_arg = w1
bound_arg = x1
epsilon = 0.09
L = 40
w = 40
h = 0.1
R = 30
use_half_grid = True
sor = 1.96
tolerance = 1e-09
error = 9.98429176219949e-10
max loop = 5132
initial keyword = BPS
gradient energy = 161.87387207902202
potential energy = 115.82775067407644
energy = 277.70162275309843
separation = 5.099999999999998

'confining_string_solver'  39824.56 ms

Attributes:
N = 2
charge_arg = w1
bound_arg = x1
epsilon = 0.12
L = 50
w = 40
h = 0.1
R = 40
use_half_grid = True
sor = 1.96
tolerance = 1e-09
error = 9.999449611425022e-10
max loop = 8079
initial keyword = BPS
gradient energy = 213.75285764068457
potential energy = 154.8007011638373
energy = 368.5535588045218
separation = 6.300000000000001

'confining_string_solver'  44680.15 ms

Attributes:
N = 2
charge_arg = w1
bound_arg = x1
epsilon = 0.09
L = 50
w = 40
h = 0.1
R = 40
use_half_grid = True
sor = 1.96
tolerance = 1e-09
error = 9.99113237799827e-10
max loop = 8080
initial keyword = BPS
gradient energy = 202.09908889768656
potential energy = 155.71504201752717
energy = 357.81413091521375
separation = 5.5000000000000036

'confining_string_solver'  45694.94 ms

Attributes:
N = 3
charge_arg = w1
bound_arg = x1
epsilon = 0.09
L = 30
w = 40
h = 0.1
R = 10
use_half_grid = True
sor = 1.96
tolerance = 1e-09
error = 9.991902081356658e-10
max loop = 1089
initial keyword = BPS
gradient energy = 111.08547812320364
potential energy = 48.57089910964194
energy = 159.65637723284559
separation = 3.099999999999998

'confining_string_solver'  53264.11 ms

Attributes:
N = 3
charge_arg = w1
bound_arg = x1
epsilon = 0.09
L = 30
w = 40
h = 0.1
R = 20
use_half_grid = True
sor = 1.96
tolerance = 1e-09
error = 9.99694219504187e-10
max loop = 2913
initial keyword = BPS
gradient energy = 167.6965078483988
potential energy = 98.99771635103407
energy = 266.6942241994328
separation = 4.699999999999999

'confining_string_solver'  54750.21 ms

Attributes:
N = 3
charge_arg = w1
bound_arg = x1
epsilon = 0.09
L = 40
w = 40
h = 0.1
R = 30
use_half_grid = True
sor = 1.96
tolerance = 1e-09
error = 9.9818677437641e-10
max loop = 5215
initial keyword = BPS
gradient energy = 221.2184387272546
potential energy = 150.42763110547799
energy = 371.6460698327326
separation = 5.699999999999999

'confining_string_solver'  64428.15 ms

Attributes:
N = 3
charge_arg = w1
bound_arg = x1
epsilon = 0.12
L = 30
w = 60
h = 0.1
R = 10
use_half_grid = True
sor = 1.96
tolerance = 1e-09
error = 9.936137789579116e-10
max loop = 1502
initial keyword = BPS
gradient energy = 129.20156939174186
potential energy = 48.58971828940885
energy = 177.7912876811507
separation = 3.099999999999998

'confining_string_solver'  65108.61 ms

Attributes:
N = 3
charge_arg = w1
bound_arg = x1
epsilon = 0.12
L = 30
w = 60
h = 0.1
R = 20
use_half_grid = True
sor = 1.96
tolerance = 1e-09
error = 9.981087484894747e-10
max loop = 3111
initial keyword = BPS
gradient energy = 188.84837347966362
potential energy = 98.01779125973536
energy = 286.8661647393989
separation = 5.300000000000001

'confining_string_solver'  66207.08 ms
'confining_string_solver'  0.01 ms
'confining_string_solver'  0.01 ms
'confining_string_solver'  0.01 ms
'confining_string_solver'  0.01 ms

Attributes:
N = 4
charge_arg = w1
bound_arg = x1
epsilon = 0.09
L = 30
w = 40
h = 0.1
R = 10
use_half_grid = True
sor = 1.96
tolerance = 1e-09
error = 9.91629551098042e-10
max loop = 1432
initial keyword = BPS
gradient energy = 122.19444019084227
potential energy = 50.90899080272621
energy = 173.10343099356845
separation = 0.9000000000000021

'confining_string_solver'  77064.14 ms
'confining_string_solver'  0.01 ms
'confining_string_solver'  0.01 ms

Attributes:
N = 4
charge_arg = w2
bound_arg = x1
epsilon = 0.09
L = 30
w = 40
h = 0.1
R = 10
use_half_grid = True
sor = 1.96
tolerance = 1e-09
error = 9.985738606203224e-10
max loop = 1325
initial keyword = BPS
gradient energy = 159.62806838919448
potential energy = 52.56208836631387
energy = 212.19015675550833
separation = 4.099999999999998

'confining_string_solver'  77182.65 ms

Attributes:
N = 4
charge_arg = w2
bound_arg = x1
epsilon = 0.09
L = 30
w = 40
h = 0.1
R = 20
use_half_grid = True
sor = 1.96
tolerance = 1e-09
error = 9.966025584540889e-10
max loop = 3340
initial keyword = BPS
gradient energy = 225.58128701695097
potential energy = 106.51859109205347
energy = 332.0998781090044
separation = 6.5000000000000036

'confining_string_solver'  78730.07 ms
'confining_string_solver'  0.01 ms
'confining_string_solver'  0.01 ms
'confining_string_solver'  0.01 ms
'confining_string_solver'  0.01 ms
'confining_string_solver'  0.01 ms
'confining_string_solver'  0.01 ms
'confining_string_solver'  0.01 ms
'confining_string_solver'  0.01 ms
'confining_string_solver'  0.02 ms
'confining_string_solver'  0.01 ms
'confining_string_solver'  0.01 ms
'confining_string_solver'  0.01 ms

Attributes:
N = 5
charge_arg = w1
bound_arg = x1
epsilon = 0.09
L = 30
w = 40
h = 0.1
R = 20
use_half_grid = True
sor = 1.96
tolerance = 1e-09
error = 9.98810530813193e-10
max loop = 2999
initial keyword = BPS
gradient energy = 189.11746204870965
potential energy = 103.7569266563381
energy = 292.87438870504775
separation = 0.09999999999999787

'confining_string_solver'  91360.57 ms
'confining_string_solver'  0.01 ms
'confining_string_solver'  0.01 ms

Attributes:
N = 5
charge_arg = w2
bound_arg = x1
epsilon = 0.09
L = 30
w = 40
h = 0.1
R = 10
use_half_grid = True
sor = 1.96
tolerance = 1e-09
error = 9.950305821677702e-10
max loop = 1392
initial keyword = BPS
gradient energy = 185.87505673201565
potential energy = 56.77920997144525
energy = 242.65426670346085
separation = 3.3000000000000007

'confining_string_solver'  93094.86 ms

Attributes:
N = 5
charge_arg = w1
bound_arg = x1
epsilon = 0.09
L = 30
w = 40
h = 0.1
R = 10
use_half_grid = True
sor = 1.96
tolerance = 1e-09
error = 9.982013250830553e-10
max loop = 1199
initial keyword = BPS
gradient energy = 132.14351603594716
potential energy = 47.75546572627947
energy = 179.89898176222664
separation = 0.09999999999999787

'confining_string_solver'  95975.55 ms

Attributes:
N = 4
charge_arg = w2
bound_arg = x1
epsilon = 0.12
L = 30
w = 80
h = 0.1
R = 10
use_half_grid = True
sor = 1.96
tolerance = 1e-09
error = 9.903477001469946e-10
max loop = 1406
initial keyword = BPS
gradient energy = 191.0136766094727
potential energy = 53.353829646404776
energy = 244.36750625587743
separation = 3.9000000000000057

'confining_string_solver'  111043.86 ms

Attributes:
N = 4
charge_arg = w1
bound_arg = x1
epsilon = 0.12
L = 30
w = 80
h = 0.1
R = 10
use_half_grid = True
sor = 1.96
tolerance = 1e-09
error = 9.905776302307998e-10
max loop = 1530
initial keyword = BPS
gradient energy = 151.814708228835
potential energy = 49.10285076144105
energy = 200.91755899027606
separation = 1.0999999999999943

'confining_string_solver'  116933.87 ms

Attributes:
N = 6
charge_arg = w2
bound_arg = x1
epsilon = 0.09
L = 30
w = 40
h = 0.1
R = 10
use_half_grid = True
sor = 1.96
tolerance = 1e-09
error = 9.931671360298903e-10
max loop = 1701
initial keyword = BPS
gradient energy = 202.97716343880018
potential energy = 58.06573819896519
energy = 261.04290163776534
separation = 0.09999999999999787

'confining_string_solver'  106973.61 ms

Attributes:
N = 6
charge_arg = w1
bound_arg = x1
epsilon = 0.09
L = 30
w = 40
h = 0.1
R = 20
use_half_grid = True
sor = 1.96
tolerance = 1e-09
error = 9.97813706011233e-10
max loop = 3110
initial keyword = BPS
gradient energy = 196.97286211922795
potential energy = 98.15663670442
energy = 295.12949882364796
separation = 0.09999999999999787

'confining_string_solver'  113500.20 ms

Attributes:
N = 6
charge_arg = w1
bound_arg = x1
epsilon = 0.09
L = 30
w = 40
h = 0.1
R = 10
use_half_grid = True
sor = 1.96
tolerance = 1e-09
error = 9.938923905286222e-10
max loop = 1356
initial keyword = BPS
gradient energy = 141.12476985626844
potential energy = 45.01282283438396
energy = 186.1375926906524
separation = 0.09999999999999787

'confining_string_solver'  112229.51 ms
restore checkpoint
save checkpoint
restore checkpoint

Attributes:
N = 5
charge_arg = w2
bound_arg = x1
epsilon = 0.09
L = 30
w = 40
h = 0.1
R = 20
use_half_grid = True
sor = 1.96
tolerance = 1e-09
error = 9.996798163701282e-10
max loop = 3557
initial keyword = BPS
gradient energy = 261.11156057802646
potential energy = 111.52286716255794
energy = 372.63442774058444
separation = 6.699999999999999

'confining_string_solver'  374941.59 ms

Attributes:
N = 5
charge_arg = w2
bound_arg = x1
epsilon = 0.09
L = 30
w = 40
h = 0.1
R = 20
use_half_grid = True
sor = 1.96
tolerance = 1e-09
error = 9.996798163701282e-10
max loop = 3557
initial keyword = BPS
gradient energy = 261.11156057802646
potential energy = 111.52286716255794
energy = 372.63442774058444
separation = 6.699999999999999

'confining_string_solver'  2494835.93 ms
restore checkpoint
save checkpoint
restore checkpoint

Attributes:
N = 6
charge_arg = w2
bound_arg = x1
epsilon = 0.09
L = 30
w = 40
h = 0.1
R = 20
use_half_grid = True
sor = 1.96
tolerance = 1e-09
error = 9.98930045178692e-10
max loop = 3539
initial keyword = BPS
gradient energy = 282.7486087054208
potential energy = 114.71927442987936
energy = 397.4678831353001
separation = 6.099999999999998

'confining_string_solver'  376476.81 ms

Attributes:
N = 6
charge_arg = w2
bound_arg = x1
epsilon = 0.09
L = 30
w = 40
h = 0.1
R = 20
use_half_grid = True
sor = 1.96
tolerance = 1e-09
error = 9.98930045178692e-10
max loop = 3539
initial keyword = BPS
gradient energy = 282.7486087054208
potential energy = 114.71927442987936
energy = 397.4678831353001
separation = 6.099999999999998

'confining_string_solver'  3108617.89 ms
restore checkpoint
save checkpoint
restore checkpoint

Attributes:
N = 4
charge_arg = w2
bound_arg = x1
epsilon = 0.12
L = 30
w = 80
h = 0.1
R = 20
use_half_grid = True
sor = 1.96
tolerance = 1e-09
error = 9.986189495487007e-10
max loop = 3539
initial keyword = BPS
gradient energy = 263.3210752237378
potential energy = 105.58535345126721
energy = 368.90642867500503
separation = 7.100000000000001

'confining_string_solver'  403467.46 ms

Attributes:
N = 4
charge_arg = w2
bound_arg = x1
epsilon = 0.12
L = 30
w = 80
h = 0.1
R = 20
use_half_grid = True
sor = 1.96
tolerance = 1e-09
error = 9.986189495487007e-10
max loop = 3539
initial keyword = BPS
gradient energy = 263.3210752237378
potential energy = 105.58535345126721
energy = 368.90642867500503
separation = 7.100000000000001

'confining_string_solver'  3427574.56 ms
Pseudo-terminal will not be allocated because stdin is not a terminal.
Submitted batch job 3984096

scontrol show jobid 3984054
JobId=3984054 JobName=epsilon
   UserId=wongsun4(3095934) GroupId=epoppitz(6003021) MCS_label=N/A
   Priority=1778367 Nice=0 Account=def-epoppitz QOS=normal
   JobState=COMPLETING Reason=None Dependency=(null)
   Requeue=0 Restarts=0 BatchFlag=1 Reboot=0 ExitCode=0:0
   RunTime=00:59:02 TimeLimit=01:00:00 TimeMin=N/A
   SubmitTime=2020-08-29T06:59:44 EligibleTime=2020-08-29T06:59:44
   AccrueTime=2020-08-29T06:59:44
   StartTime=2020-08-29T06:59:46 EndTime=2020-08-29T07:58:48 Deadline=N/A
   SuspendTime=None SecsPreSuspend=0 LastSchedEval=2020-08-29T06:59:46
   Partition=compute AllocNode:Sid=nia-login01:106586
   ReqNodeList=(null) ExcNodeList=(null)
   NodeList=nia0221
   BatchHost=nia0221
   NumNodes=1 NumCPUs=80 NumTasks=80 CPUs/Task=1 ReqB:S:C:T=0:0:*:*
   TRES=cpu=80,node=1,billing=40
   Socks/Node=* NtasksPerN:B:S:C=80:0:*:* CoreSpec=*
   MinCPUsNode=80 MinMemoryNode=0 MinTmpDiskNode=0
   Features=[skylake|cascade] DelayBoot=00:00:00
   OverSubscribe=NO Contiguous=0 Licenses=(null) Network=(null)
   Command=/gpfs/fs0/scratch/e/epoppitz/wongsun4/Confining-String/Niagara/epsilon_Aug_28/epsilon_script.sh
   WorkDir=/gpfs/fs0/scratch/e/epoppitz/wongsun4/Confining-String/Niagara/epsilon_Aug_28
   StdErr=/gpfs/fs0/scratch/e/epoppitz/wongsun4/Confining-String/Niagara/epsilon_Aug_28/slurm-3984054.out
   StdIn=/dev/null
   StdOut=/gpfs/fs0/scratch/e/epoppitz/wongsun4/Confining-String/Niagara/epsilon_Aug_28/slurm-3984054.out
   Power=
   MailUser=(null) MailType=NONE

sacct -j 3984054
       JobID    JobName    Account    Elapsed  MaxVMSize     MaxRSS  SystemCPU    UserCPU ExitCode 
------------ ---------- ---------- ---------- ---------- ---------- ---------- ---------- -------- 
3984054         epsilon def-epopp+   00:59:02                         04:08:32 3-02:08:04      0:0 
3984054.bat+      batch def-epopp+   00:59:02 307001612K  45210396K   04:08:32 3-02:08:04      0:0 
3984054.ext+     extern def-epopp+   00:59:02    137232K       852K   00:00:00   00:00:00      0:0 
