Seq	Host	Starttime	JobRuntime	Send	Receive	Exitval	Signal	Command
37	:	1596874018.328	    28.202	0	35	0	0	python main_script.py 7 4 20
40	:	1596874018.335	    28.233	0	35	0	0	python main_script.py 7 4 5
49	:	1596874018.360	    28.224	0	35	0	0	python main_script.py 7 5 10
39	:	1596874018.333	    28.263	0	35	0	0	python main_script.py 7 4 10
41	:	1596874018.338	    28.267	0	35	0	0	python main_script.py 7 5 50
32	:	1596874018.312	    28.293	0	35	0	0	python main_script.py 7 4 45
44	:	1596874018.346	    28.265	0	35	0	0	python main_script.py 7 5 35
45	:	1596874018.349	    28.275	0	35	0	0	python main_script.py 7 5 30
47	:	1596874018.355	    28.273	0	35	0	0	python main_script.py 7 5 20
38	:	1596874018.330	    28.300	0	35	0	0	python main_script.py 7 4 15
34	:	1596874018.318	    28.314	0	35	0	0	python main_script.py 7 4 35
48	:	1596874018.358	    28.276	0	35	0	0	python main_script.py 7 5 15
50	:	1596874018.363	    28.271	0	35	0	0	python main_script.py 7 5 5
33	:	1596874018.315	    28.323	0	35	0	0	python main_script.py 7 4 40
31	:	1596874018.309	    28.342	0	35	0	0	python main_script.py 7 4 50
42	:	1596874018.341	    28.320	0	35	0	0	python main_script.py 7 5 45
46	:	1596874018.353	    28.325	0	35	0	0	python main_script.py 7 5 25
36	:	1596874018.324	    28.358	0	35	0	0	python main_script.py 7 4 25
35	:	1596874018.321	    28.363	0	35	0	0	python main_script.py 7 4 30
43	:	1596874018.343	    28.343	0	35	0	0	python main_script.py 7 5 40
20	:	1596874018.281	   118.851	0	371	0	0	python main_script.py 7 2 5
28	:	1596874018.300	   120.914	0	363	0	0	python main_script.py 7 3 15
7	:	1596874018.256	   125.930	0	371	0	0	python main_script.py 7 1 20
29	:	1596874018.303	   126.437	0	371	0	0	python main_script.py 7 3 10
17	:	1596874018.275	   126.634	0	370	0	0	python main_script.py 7 2 20
8	:	1596874018.258	   126.683	0	372	0	0	python main_script.py 7 1 15
9	:	1596874018.260	   126.783	0	371	0	0	python main_script.py 7 1 10
10	:	1596874018.261	   127.023	0	352	0	0	python main_script.py 7 1 5
18	:	1596874018.277	   127.197	0	370	0	0	python main_script.py 7 2 15
19	:	1596874018.279	   128.118	0	371	0	0	python main_script.py 7 2 10
30	:	1596874018.305	   128.609	0	371	0	0	python main_script.py 7 3 5
27	:	1596874018.299	   128.921	0	371	0	0	python main_script.py 7 3 20
6	:	1596874018.254	   135.726	0	373	0	0	python main_script.py 7 1 25
16	:	1596874018.273	   135.766	0	371	0	0	python main_script.py 7 2 25
26	:	1596874018.295	   136.688	0	371	0	0	python main_script.py 7 3 25
15	:	1596874018.271	   144.809	0	368	0	0	python main_script.py 7 2 30
25	:	1596874018.293	   144.986	0	369	0	0	python main_script.py 7 3 30
5	:	1596874018.252	   147.406	0	373	0	0	python main_script.py 7 1 30
24	:	1596874018.291	   156.614	0	355	0	0	python main_script.py 7 3 35
14	:	1596874018.269	   158.983	0	369	0	0	python main_script.py 7 2 35
67	:	1596874018.412	   160.324	0	373	0	0	python main_script.py 10 2 20
4	:	1596874018.250	   162.098	0	373	0	0	python main_script.py 7 1 35
60	:	1596874018.392	   162.916	0	370	0	0	python main_script.py 10 1 5
13	:	1596874018.267	   163.059	0	370	0	0	python main_script.py 7 2 40
68	:	1596874018.415	   163.101	0	372	0	0	python main_script.py 10 2 15
58	:	1596874018.387	   164.235	0	373	0	0	python main_script.py 10 1 15
78	:	1596874018.449	   164.441	0	370	0	0	python main_script.py 10 3 15
59	:	1596874018.389	   164.917	0	358	0	0	python main_script.py 10 1 10
23	:	1596874018.289	   165.066	0	371	0	0	python main_script.py 7 3 40
79	:	1596874018.453	   165.128	0	372	0	0	python main_script.py 10 3 10
70	:	1596874018.422	   165.180	0	373	0	0	python main_script.py 10 2 5
80	:	1596874018.456	   165.560	0	373	0	0	python main_script.py 10 3 5
77	:	1596874018.446	   165.578	0	356	0	0	python main_script.py 10 3 20
57	:	1596874018.384	   165.707	0	373	0	0	python main_script.py 10 1 20
88	:	1596874046.629	   137.664	0	372	0	0	python main_script.py 10 4 15
100	:	1596874046.693	   138.368	0	373	0	0	python main_script.py 10 5 5
99	:	1596874046.689	   138.421	0	370	0	0	python main_script.py 10 5 10
69	:	1596874018.418	   167.180	0	357	0	0	python main_script.py 10 2 10
87	:	1596874046.623	   139.142	0	369	0	0	python main_script.py 10 4 20
90	:	1596874046.639	   139.161	0	371	0	0	python main_script.py 10 4 5
89	:	1596874046.633	   139.918	0	373	0	0	python main_script.py 10 4 10
97	:	1596874046.681	   140.250	0	372	0	0	python main_script.py 10 5 20
12	:	1596874018.265	   168.673	0	370	0	0	python main_script.py 7 2 45
22	:	1596874018.286	   170.088	0	358	0	0	python main_script.py 7 3 45
56	:	1596874018.381	   171.382	0	373	0	0	python main_script.py 10 1 25
66	:	1596874018.409	   173.383	0	358	0	0	python main_script.py 10 2 25
76	:	1596874018.442	   174.138	0	358	0	0	python main_script.py 10 3 25
21	:	1596874018.284	   174.575	0	372	0	0	python main_script.py 7 3 50
86	:	1596874046.618	   147.023	0	371	0	0	python main_script.py 10 4 25
11	:	1596874018.264	   175.614	0	370	0	0	python main_script.py 7 2 50
96	:	1596874046.666	   148.075	0	371	0	0	python main_script.py 10 5 25
98	:	1596874046.685	  1744.873	0	803	0	0	python main_script.py 10 5 15
