Seq	Host	Starttime	JobRuntime	Send	Receive	Exitval	Signal	Command
33	:	1596884653.054	     4.598	0	35	0	0	python main_script.py 7 4 40
32	:	1596884653.052	     4.812	0	35	0	0	python main_script.py 7 4 45
31	:	1596884653.051	     4.854	0	35	0	0	python main_script.py 7 4 50
37	:	1596884653.062	     4.853	0	35	0	0	python main_script.py 7 4 20
40	:	1596884653.068	     4.872	0	35	0	0	python main_script.py 7 4 5
46	:	1596884653.081	     4.865	0	35	0	0	python main_script.py 7 5 25
49	:	1596884653.087	     4.871	0	35	0	0	python main_script.py 7 5 10
36	:	1596884653.060	     4.904	0	35	0	0	python main_script.py 7 4 25
42	:	1596884653.072	     4.898	0	35	0	0	python main_script.py 7 5 45
41	:	1596884653.070	     4.907	0	35	0	0	python main_script.py 7 5 50
34	:	1596884653.056	     4.953	0	35	0	0	python main_script.py 7 4 35
38	:	1596884653.064	     4.966	0	35	0	0	python main_script.py 7 4 15
43	:	1596884653.074	     4.962	0	35	0	0	python main_script.py 7 5 40
47	:	1596884653.083	     4.978	0	35	0	0	python main_script.py 7 5 20
44	:	1596884653.077	     5.009	0	35	0	0	python main_script.py 7 5 35
39	:	1596884653.066	     5.052	0	35	0	0	python main_script.py 7 4 10
50	:	1596884653.089	     5.049	0	35	0	0	python main_script.py 7 5 5
48	:	1596884653.085	     5.059	0	35	0	0	python main_script.py 7 5 15
35	:	1596884653.058	     5.138	0	35	0	0	python main_script.py 7 4 30
45	:	1596884653.079	     5.302	0	35	0	0	python main_script.py 7 5 30
8	:	1596884653.005	    94.085	0	372	0	0	python main_script.py 7 1 15
28	:	1596884653.045	    95.174	0	363	0	0	python main_script.py 7 3 15
19	:	1596884653.026	    96.114	0	371	0	0	python main_script.py 7 2 10
30	:	1596884653.049	    96.135	0	371	0	0	python main_script.py 7 3 5
27	:	1596884653.043	    96.151	0	370	0	0	python main_script.py 7 3 20
7	:	1596884653.004	    99.098	0	371	0	0	python main_script.py 7 1 20
18	:	1596884653.024	   100.486	0	370	0	0	python main_script.py 7 2 15
9	:	1596884653.007	   101.299	0	371	0	0	python main_script.py 7 1 10
17	:	1596884653.022	   102.470	0	370	0	0	python main_script.py 7 2 20
10	:	1596884653.009	   103.136	0	352	0	0	python main_script.py 7 1 5
29	:	1596884653.047	   103.986	0	371	0	0	python main_script.py 7 3 10
20	:	1596884653.028	   105.859	0	372	0	0	python main_script.py 7 2 5
6	:	1596884653.002	   110.394	0	373	0	0	python main_script.py 7 1 25
26	:	1596884653.041	   110.386	0	371	0	0	python main_script.py 7 3 25
16	:	1596884653.020	   111.700	0	371	0	0	python main_script.py 7 2 25
5	:	1596884653.000	   123.194	0	373	0	0	python main_script.py 7 1 30
15	:	1596884653.018	   123.437	0	368	0	0	python main_script.py 7 2 30
25	:	1596884653.038	   124.422	0	369	0	0	python main_script.py 7 3 30
4	:	1596884652.998	   133.121	0	373	0	0	python main_script.py 7 1 35
14	:	1596884653.016	   135.793	0	369	0	0	python main_script.py 7 2 35
24	:	1596884653.036	   136.096	0	355	0	0	python main_script.py 7 3 35
13	:	1596884653.015	   139.113	0	370	0	0	python main_script.py 7 2 40
78	:	1596884653.167	   140.398	0	370	0	0	python main_script.py 10 3 15
67	:	1596884653.125	   141.582	0	373	0	0	python main_script.py 10 2 20
60	:	1596884653.110	   141.868	0	370	0	0	python main_script.py 10 1 5
68	:	1596884653.127	   142.806	0	372	0	0	python main_script.py 10 2 15
80	:	1596884653.203	   143.567	0	373	0	0	python main_script.py 10 3 5
3	:	1596884652.996	   143.996	0	372	0	0	python main_script.py 7 1 40
57	:	1596884653.104	   143.911	0	373	0	0	python main_script.py 10 1 20
79	:	1596884653.184	   143.911	0	372	0	0	python main_script.py 10 3 10
58	:	1596884653.106	   144.048	0	373	0	0	python main_script.py 10 1 15
98	:	1596884658.152	   139.107	0	374	0	0	python main_script.py 10 5 15
69	:	1596884653.130	   144.482	0	357	0	0	python main_script.py 10 2 10
100	:	1596884658.399	   139.389	0	373	0	0	python main_script.py 10 5 5
23	:	1596884653.034	   145.357	0	371	0	0	python main_script.py 7 3 40
59	:	1596884653.108	   145.303	0	358	0	0	python main_script.py 10 1 10
70	:	1596884653.132	   145.328	0	373	0	0	python main_script.py 10 2 5
87	:	1596884657.964	   140.561	0	369	0	0	python main_script.py 10 4 20
88	:	1596884657.969	   140.697	0	372	0	0	python main_script.py 10 4 15
77	:	1596884653.150	   145.935	0	356	0	0	python main_script.py 10 3 20
99	:	1596884658.203	   140.924	0	370	0	0	python main_script.py 10 5 10
90	:	1596884657.982	   141.264	0	371	0	0	python main_script.py 10 4 5
89	:	1596884657.975	   141.834	0	373	0	0	python main_script.py 10 4 10
22	:	1596884653.032	   147.922	0	358	0	0	python main_script.py 7 3 45
97	:	1596884658.142	   143.953	0	372	0	0	python main_script.py 10 5 20
12	:	1596884653.013	   149.082	0	370	0	0	python main_script.py 7 2 45
11	:	1596884653.011	   151.652	0	370	0	0	python main_script.py 7 2 50
96	:	1596884658.124	   146.972	0	371	0	0	python main_script.py 10 5 25
86	:	1596884657.951	   147.207	0	371	0	0	python main_script.py 10 4 25
56	:	1596884653.102	   152.177	0	373	0	0	python main_script.py 10 1 25
66	:	1596884653.123	   152.976	0	358	0	0	python main_script.py 10 2 25
21	:	1596884653.030	   153.316	0	372	0	0	python main_script.py 7 3 50
76	:	1596884653.147	   153.605	0	358	0	0	python main_script.py 10 3 25
55	:	1596884653.099	   157.035	0	374	0	0	python main_script.py 10 1 30
65	:	1596884653.121	   157.032	0	370	0	0	python main_script.py 10 2 30
95	:	1596884658.091	   152.333	0	357	0	0	python main_script.py 10 5 30
75	:	1596884653.144	   158.080	0	371	0	0	python main_script.py 10 3 30
85	:	1596884657.946	   153.659	0	358	0	0	python main_script.py 10 4 30
54	:	1596884653.097	  2392.522	0	801	0	0	python main_script.py 10 1 35
64	:	1596884653.119	  2444.005	0	799	0	0	python main_script.py 10 2 35
74	:	1596884653.140	  3224.027	0	794	0	0	python main_script.py 10 3 35
