Seq	Host	Starttime	JobRuntime	Send	Receive	Exitval	Signal	Command
43	:	1596870440.753	     4.362	0	35	0	0	python main_script.py 7 5 40
33	:	1596870440.734	     4.444	0	35	0	0	python main_script.py 7 4 40
47	:	1596870440.762	     4.457	0	35	0	0	python main_script.py 7 5 20
35	:	1596870440.737	     4.495	0	35	0	0	python main_script.py 7 4 30
46	:	1596870440.760	     4.515	0	35	0	0	python main_script.py 7 5 25
40	:	1596870440.747	     4.539	0	35	0	0	python main_script.py 7 4 5
44	:	1596870440.755	     4.544	0	35	0	0	python main_script.py 7 5 35
48	:	1596870440.765	     4.573	0	35	0	0	python main_script.py 7 5 15
41	:	1596870440.749	     4.595	0	35	0	0	python main_script.py 7 5 50
42	:	1596870440.751	     4.601	0	35	0	0	python main_script.py 7 5 45
36	:	1596870440.739	     4.625	0	35	0	0	python main_script.py 7 4 25
31	:	1596870440.729	     4.663	0	35	0	0	python main_script.py 7 4 50
32	:	1596870440.731	     4.700	0	35	0	0	python main_script.py 7 4 45
34	:	1596870440.736	     4.720	0	35	0	0	python main_script.py 7 4 35
49	:	1596870440.768	     4.725	0	35	0	0	python main_script.py 7 5 10
45	:	1596870440.757	     4.768	0	35	0	0	python main_script.py 7 5 30
38	:	1596870440.743	     4.789	0	35	0	0	python main_script.py 7 4 15
50	:	1596870440.771	     4.771	0	35	0	0	python main_script.py 7 5 5
39	:	1596870440.745	     4.813	0	35	0	0	python main_script.py 7 4 10
37	:	1596870440.741	     4.942	0	35	0	0	python main_script.py 7 4 20
20	:	1596870440.708	    96.661	0	371	0	0	python main_script.py 7 2 5
27	:	1596870440.721	    97.292	0	370	0	0	python main_script.py 7 3 20
8	:	1596870440.686	    98.276	0	372	0	0	python main_script.py 7 1 15
9	:	1596870440.688	    98.394	0	371	0	0	python main_script.py 7 1 10
18	:	1596870440.704	    99.234	0	370	0	0	python main_script.py 7 2 15
19	:	1596870440.706	    99.883	0	371	0	0	python main_script.py 7 2 10
29	:	1596870440.725	    99.971	0	371	0	0	python main_script.py 7 3 10
7	:	1596870440.684	   100.072	0	371	0	0	python main_script.py 7 1 20
30	:	1596870440.727	   100.053	0	371	0	0	python main_script.py 7 3 5
10	:	1596870440.689	   100.770	0	352	0	0	python main_script.py 7 1 5
28	:	1596870440.723	   101.098	0	363	0	0	python main_script.py 7 3 15
17	:	1596870440.702	   103.367	0	370	0	0	python main_script.py 7 2 20
16	:	1596870440.701	   110.134	0	371	0	0	python main_script.py 7 2 25
6	:	1596870440.682	   113.982	0	373	0	0	python main_script.py 7 1 25
26	:	1596870440.719	   115.751	0	371	0	0	python main_script.py 7 3 25
15	:	1596870440.699	   120.618	0	368	0	0	python main_script.py 7 2 30
5	:	1596870440.680	   121.483	0	373	0	0	python main_script.py 7 1 30
25	:	1596870440.717	   123.259	0	369	0	0	python main_script.py 7 3 30
24	:	1596870440.715	   131.394	0	355	0	0	python main_script.py 7 3 35
14	:	1596870440.697	   135.595	0	369	0	0	python main_script.py 7 2 35
69	:	1596870440.818	   136.332	0	357	0	0	python main_script.py 10 2 10
58	:	1596870440.790	   137.008	0	373	0	0	python main_script.py 10 1 15
13	:	1596870440.695	   137.231	0	370	0	0	python main_script.py 7 2 40
80	:	1596870440.852	   137.204	0	373	0	0	python main_script.py 10 3 5
67	:	1596870440.812	   137.417	0	373	0	0	python main_script.py 10 2 20
23	:	1596870440.713	   137.832	0	371	0	0	python main_script.py 7 3 40
99	:	1596870445.562	   133.233	0	370	0	0	python main_script.py 10 5 10
70	:	1596870440.820	   138.130	0	373	0	0	python main_script.py 10 2 5
77	:	1596870440.842	   138.210	0	356	0	0	python main_script.py 10 3 20
60	:	1596870440.794	   138.380	0	370	0	0	python main_script.py 10 1 5
79	:	1596870440.848	   138.517	0	372	0	0	python main_script.py 10 3 10
68	:	1596870440.814	   138.730	0	372	0	0	python main_script.py 10 2 15
78	:	1596870440.845	   139.513	0	370	0	0	python main_script.py 10 3 15
89	:	1596870445.349	   135.091	0	373	0	0	python main_script.py 10 4 10
100	:	1596870445.688	   135.256	0	373	0	0	python main_script.py 10 5 5
57	:	1596870440.787	   140.272	0	373	0	0	python main_script.py 10 1 20
87	:	1596870445.305	   135.868	0	369	0	0	python main_script.py 10 4 20
59	:	1596870440.792	   140.435	0	358	0	0	python main_script.py 10 1 10
88	:	1596870445.344	   136.244	0	372	0	0	python main_script.py 10 4 15
97	:	1596870445.537	   136.143	0	372	0	0	python main_script.py 10 5 20
90	:	1596870445.357	   136.957	0	371	0	0	python main_script.py 10 4 5
22	:	1596870440.711	   142.348	0	358	0	0	python main_script.py 7 3 45
12	:	1596870440.693	   143.541	0	370	0	0	python main_script.py 7 2 45
56	:	1596870440.785	   146.523	0	373	0	0	python main_script.py 10 1 25
66	:	1596870440.809	   146.691	0	358	0	0	python main_script.py 10 2 25
96	:	1596870445.530	   142.634	0	371	0	0	python main_script.py 10 5 25
11	:	1596870440.691	   148.210	0	370	0	0	python main_script.py 7 2 50
21	:	1596870440.710	   149.500	0	372	0	0	python main_script.py 7 3 50
76	:	1596870440.839	   777.888	0	377	0	0	python main_script.py 10 3 25
86	:	1596870445.299	  1333.901	0	391	0	0	python main_script.py 10 4 25
