Seq	Host	Starttime	JobRuntime	Send	Receive	Exitval	Signal	Command
45	:	1596913536.978	    29.914	0	35	0	0	python main_script.py 7 5 30
33	:	1596913536.957	    29.947	0	35	0	0	python main_script.py 7 4 40
36	:	1596913536.962	    29.943	0	35	0	0	python main_script.py 7 4 25
40	:	1596913536.969	    29.936	0	35	0	0	python main_script.py 7 4 5
49	:	1596913536.987	    29.918	0	35	0	0	python main_script.py 7 5 10
37	:	1596913536.964	    29.953	0	35	0	0	python main_script.py 7 4 20
44	:	1596913536.977	    29.940	0	35	0	0	python main_script.py 7 5 35
46	:	1596913536.980	    29.953	0	35	0	0	python main_script.py 7 5 25
42	:	1596913536.973	    29.984	0	35	0	0	python main_script.py 7 5 45
38	:	1596913536.966	    29.995	0	35	0	0	python main_script.py 7 4 15
47	:	1596913536.983	    29.983	0	35	0	0	python main_script.py 7 5 20
48	:	1596913536.985	    29.982	0	35	0	0	python main_script.py 7 5 15
34	:	1596913536.958	    30.013	0	35	0	0	python main_script.py 7 4 35
41	:	1596913536.971	    30.002	0	35	0	0	python main_script.py 7 5 50
50	:	1596913536.989	    29.996	0	35	0	0	python main_script.py 7 5 5
35	:	1596913536.960	    30.029	0	35	0	0	python main_script.py 7 4 30
43	:	1596913536.975	    30.019	0	35	0	0	python main_script.py 7 5 40
32	:	1596913536.954	    30.065	0	35	0	0	python main_script.py 7 4 45
31	:	1596913536.952	    30.071	0	35	0	0	python main_script.py 7 4 50
39	:	1596913536.967	    30.081	0	35	0	0	python main_script.py 7 4 10
8	:	1596913536.913	   113.227	0	372	0	0	python main_script.py 7 1 15
30	:	1596913536.950	   113.388	0	371	0	0	python main_script.py 7 3 5
18	:	1596913536.929	   113.766	0	370	0	0	python main_script.py 7 2 15
7	:	1596913536.912	   113.917	0	371	0	0	python main_script.py 7 1 20
29	:	1596913536.949	   116.470	0	371	0	0	python main_script.py 7 3 10
10	:	1596913536.917	   116.899	0	352	0	0	python main_script.py 7 1 5
20	:	1596913536.932	   117.310	0	371	0	0	python main_script.py 7 2 5
19	:	1596913536.931	   119.796	0	371	0	0	python main_script.py 7 2 10
9	:	1596913536.915	   121.118	0	371	0	0	python main_script.py 7 1 10
27	:	1596913536.945	   121.421	0	370	0	0	python main_script.py 7 3 20
17	:	1596913536.928	   121.697	0	370	0	0	python main_script.py 7 2 20
28	:	1596913536.947	   122.513	0	363	0	0	python main_script.py 7 3 15
16	:	1596913536.926	   128.029	0	370	0	0	python main_script.py 7 2 25
6	:	1596913536.910	   130.937	0	373	0	0	python main_script.py 7 1 25
26	:	1596913536.944	   133.944	0	371	0	0	python main_script.py 7 3 25
15	:	1596913536.925	   135.621	0	368	0	0	python main_script.py 7 2 30
25	:	1596913536.942	   141.999	0	369	0	0	python main_script.py 7 3 30
5	:	1596913536.908	   142.234	0	373	0	0	python main_script.py 7 1 30
14	:	1596913536.923	   154.763	0	369	0	0	python main_script.py 7 2 35
13	:	1596913536.922	   154.875	0	370	0	0	python main_script.py 7 2 40
4	:	1596913536.906	   155.024	0	373	0	0	python main_script.py 7 1 35
70	:	1596913537.035	   155.122	0	373	0	0	python main_script.py 10 2 5
24	:	1596913536.941	   155.421	0	355	0	0	python main_script.py 7 3 35
79	:	1596913537.058	   158.156	0	372	0	0	python main_script.py 10 3 10
3	:	1596913536.905	   158.417	0	372	0	0	python main_script.py 7 1 40
23	:	1596913536.939	   159.731	0	371	0	0	python main_script.py 7 3 40
78	:	1596913537.053	   161.157	0	370	0	0	python main_script.py 10 3 15
2	:	1596913536.903	   161.691	0	373	0	0	python main_script.py 7 1 45
67	:	1596913537.029	   161.625	0	373	0	0	python main_script.py 10 2 20
22	:	1596913536.937	   161.838	0	358	0	0	python main_script.py 7 3 45
60	:	1596913537.010	   161.960	0	370	0	0	python main_script.py 10 1 5
90	:	1596913566.966	   132.016	0	371	0	0	python main_script.py 10 4 5
59	:	1596913537.007	   162.187	0	358	0	0	python main_script.py 10 1 10
80	:	1596913537.061	   162.503	0	373	0	0	python main_script.py 10 3 5
77	:	1596913537.050	   163.338	0	356	0	0	python main_script.py 10 3 20
57	:	1596913537.003	   163.694	0	373	0	0	python main_script.py 10 1 20
98	:	1596913567.023	   133.973	0	374	0	0	python main_script.py 10 5 15
87	:	1596913566.942	   134.147	0	369	0	0	python main_script.py 10 4 20
69	:	1596913537.033	   164.122	0	357	0	0	python main_script.py 10 2 10
68	:	1596913537.031	   164.733	0	372	0	0	python main_script.py 10 2 15
58	:	1596913537.005	   165.317	0	373	0	0	python main_script.py 10 1 15
88	:	1596913566.945	   136.470	0	372	0	0	python main_script.py 10 4 15
97	:	1596913566.998	   136.443	0	372	0	0	python main_script.py 10 5 20
100	:	1596913567.052	   137.161	0	373	0	0	python main_script.py 10 5 5
89	:	1596913566.961	   138.075	0	373	0	0	python main_script.py 10 4 10
56	:	1596913537.001	   168.944	0	373	0	0	python main_script.py 10 1 25
99	:	1596913567.026	   139.286	0	370	0	0	python main_script.py 10 5 10
96	:	1596913566.992	   139.367	0	371	0	0	python main_script.py 10 5 25
12	:	1596913536.920	   169.566	0	370	0	0	python main_script.py 7 2 45
21	:	1596913536.934	   170.381	0	372	0	0	python main_script.py 7 3 50
1	:	1596913536.901	   171.364	0	371	0	0	python main_script.py 7 1 50
76	:	1596913537.048	   171.281	0	358	0	0	python main_script.py 10 3 25
86	:	1596913566.936	   141.619	0	371	0	0	python main_script.py 10 4 25
11	:	1596913536.919	   171.782	0	370	0	0	python main_script.py 7 2 50
66	:	1596913537.027	   172.035	0	358	0	0	python main_script.py 10 2 25
95	:	1596913566.989	   143.726	0	357	0	0	python main_script.py 10 5 30
85	:	1596913566.933	   144.995	0	358	0	0	python main_script.py 10 4 30
65	:	1596913537.025	   175.023	0	370	0	0	python main_script.py 10 2 30
55	:	1596913536.999	   175.773	0	374	0	0	python main_script.py 10 1 30
75	:	1596913537.045	   176.122	0	371	0	0	python main_script.py 10 3 30
64	:	1596913537.023	   178.030	0	372	0	0	python main_script.py 10 2 35
54	:	1596913536.997	   179.012	0	373	0	0	python main_script.py 10 1 35
94	:	1596913566.980	   149.144	0	370	0	0	python main_script.py 10 5 35
74	:	1596913537.043	   180.108	0	369	0	0	python main_script.py 10 3 35
84	:	1596913566.920	   150.284	0	372	0	0	python main_script.py 10 4 35
63	:	1596913537.020	   181.608	0	371	0	0	python main_script.py 10 2 40
83	:	1596913566.916	   152.476	0	372	0	0	python main_script.py 10 4 40
53	:	1596913536.995	   183.553	0	375	0	0	python main_script.py 10 1 40
73	:	1596913537.041	   184.046	0	372	0	0	python main_script.py 10 3 40
82	:	1596913566.909	   155.868	0	374	0	0	python main_script.py 10 4 45
52	:	1596913536.993	   185.815	0	374	0	0	python main_script.py 10 1 45
93	:	1596913566.975	   155.935	0	358	0	0	python main_script.py 10 5 40
62	:	1596913537.015	   187.156	0	373	0	0	python main_script.py 10 2 45
92	:	1596913566.972	   157.758	0	357	0	0	python main_script.py 10 5 45
72	:	1596913537.039	   187.810	0	372	0	0	python main_script.py 10 3 45
