Seq	Host	Starttime	JobRuntime	Send	Receive	Exitval	Signal	Command
1	:	1598677504.820	   621.094	0	1264	0	0	python main_script.py 10 30
3	:	1598677504.824	   688.330	0	1271	0	0	python main_script.py 11 30
5	:	1598677504.828	   774.861	0	1262	0	0	python main_script.py 12 30
7	:	1598677504.831	   861.646	0	1268	0	0	python main_script.py 13 30
9	:	1598677504.835	   980.059	0	1690	0	0	python main_script.py 14 30
11	:	1598677504.839	  1056.635	0	1687	0	0	python main_script.py 15 30
13	:	1598677504.842	  1184.657	0	2104	0	0	python main_script.py 16 30
15	:	1598677504.846	  1246.332	0	2105	0	0	python main_script.py 17 30
17	:	1598677504.850	  1344.674	0	2101	0	0	python main_script.py 18 30
19	:	1598677504.853	  1442.073	0	2511	0	0	python main_script.py 19 30
21	:	1598677504.857	  1575.646	0	2524	0	0	python main_script.py 20 30
23	:	1598677504.860	  1691.652	0	2942	0	0	python main_script.py 21 30
25	:	1598677504.864	  1792.358	0	2950	0	0	python main_script.py 22 30
27	:	1598677504.870	  1923.212	0	2958	0	0	python main_script.py 23 30
29	:	1598677504.876	  2033.000	0	3353	0	0	python main_script.py 24 30
31	:	1598677504.882	  2111.992	0	3354	0	0	python main_script.py 25 30
2	:	1598677504.822	  2302.405	0	1270	0	0	python main_script.py 10 60
33	:	1598677504.887	  2313.236	0	3771	0	0	python main_script.py 26 30
35	:	1598677504.892	  2391.327	0	3646	0	0	python main_script.py 27 30
37	:	1598677504.898	  2482.210	0	4049	0	0	python main_script.py 28 30
4	:	1598677504.826	  2618.101	0	1274	0	0	python main_script.py 11 60
6	:	1598677504.829	  2900.979	0	1268	0	0	python main_script.py 12 60
8	:	1598677504.833	  3203.483	0	1271	0	0	python main_script.py 13 60
