Restoring modules from user's confine_module
Traceback (most recent call last):
  File "main_script.py", line 14, in <module>
    R = int(sys.argv[1])
ValueError: invalid literal for int() with base 10: '{10::28}'
Traceback (most recent call last):
  File "main_script.py", line 14, in <module>
    R = int(sys.argv[1])
ValueError: invalid literal for int() with base 10: '{10::28}'

scontrol show jobid 3983756
JobId=3983756 JobName=boundary
   UserId=wongsun4(3095934) GroupId=epoppitz(6003021) MCS_label=N/A
   Priority=1866248 Nice=0 Account=def-epoppitz QOS=normal
   JobState=COMPLETING Reason=None Dependency=(null)
   Requeue=0 Restarts=0 BatchFlag=1 Reboot=0 ExitCode=0:0
   RunTime=00:00:18 TimeLimit=01:00:00 TimeMin=N/A
   SubmitTime=2020-08-28T23:53:57 EligibleTime=2020-08-28T23:53:57
   AccrueTime=2020-08-28T23:53:57
   StartTime=2020-08-28T23:54:00 EndTime=2020-08-28T23:54:18 Deadline=N/A
   SuspendTime=None SecsPreSuspend=0 LastSchedEval=2020-08-28T23:54:00
   Partition=compute AllocNode:Sid=nia-login03:322638
   ReqNodeList=(null) ExcNodeList=(null)
   NodeList=nia1030
   BatchHost=nia1030
   NumNodes=1 NumCPUs=80 NumTasks=40 CPUs/Task=1 ReqB:S:C:T=0:0:*:*
   TRES=cpu=80,node=1,billing=40
   Socks/Node=* NtasksPerN:B:S:C=40:0:*:* CoreSpec=*
   MinCPUsNode=40 MinMemoryNode=0 MinTmpDiskNode=0
   Features=[skylake|cascade] DelayBoot=00:00:00
   OverSubscribe=NO Contiguous=0 Licenses=(null) Network=(null)
   Command=/gpfs/fs0/scratch/e/epoppitz/wongsun4/Confining-String/Niagara/boundary_effect_study_Aug_18/boundary_effect_study_Aug_18.sh
   WorkDir=/gpfs/fs0/scratch/e/epoppitz/wongsun4/Confining-String/Niagara/boundary_effect_study_Aug_18
   StdErr=/gpfs/fs0/scratch/e/epoppitz/wongsun4/Confining-String/Niagara/boundary_effect_study_Aug_18/slurm-3983756.out
   StdIn=/dev/null
   StdOut=/gpfs/fs0/scratch/e/epoppitz/wongsun4/Confining-String/Niagara/boundary_effect_study_Aug_18/slurm-3983756.out
   Power=
   MailUser=(null) MailType=NONE

sacct -j 3983756
       JobID    JobName    Account    Elapsed  MaxVMSize     MaxRSS  SystemCPU    UserCPU ExitCode 
------------ ---------- ---------- ---------- ---------- ---------- ---------- ---------- -------- 
3983756        boundary def-epopp+   00:00:18                        00:01.472  00:04.224      0:0 
3983756.bat+      batch def-epopp+   00:00:18    137400K      1228K  00:01.472  00:04.224      0:0 
3983756.ext+     extern def-epopp+   00:00:18    137232K       848K   00:00:00   00:00:00      0:0 
